0.4690 	WARNING 	We strongly recommend you activate the PTB sound engine in PsychoPy prefs as the preferred audio engine. Its timing is vastly superior. Your prefs are currently set to use ['sounddevice', 'PTB', 'pyo', 'pygame'] (in that order).
11.6284 	INFO 	Loaded monitor calibration from ['2020_09_20 15:42']
13.9807 	WARNING 	Couldn't measure a consistent frame rate.
  - Is your graphics card set to sync to vertical blank?
  - Are you running other processes on your computer?

13.9813 	EXP 	Created window1 = Window(allowGUI=False, allowStencil=False, args=UNKNOWN, autoLog=True, bitsMode=UNKNOWN, blendMode='avg', bpc=(8, 8, 8), color=array([0., 0., 0.]), colorSpace='rgb', depthBits=8, fullscr=<method-wrapper '__getattribute__' of attributeSetter object at 0x157358a58>, gamma=None, gammaErrorPolicy='raise', kwargs=UNKNOWN, lms=UNKNOWN, monitor=<psychopy.monitors.calibTools.Monitor object at 0x1572b1ef0>, multiSample=False, name='window1', numSamples=2, pos=[448.0, 280.0], screen=0, size=array([3584, 2240]), stencilBits=0, stereo=False, units='height', useFBO=True, useRetina=True, viewOri=0.0, viewPos=None, viewScale=None, waitBlanking=True, winType='pyglet')
13.9815 	EXP 	window1: mouseVisible = True
13.9815 	EXP 	window1: recordFrameIntervals = False
14.1470 	EXP 	window1: recordFrameIntervals = True
15.8155 	WARNING 	Couldn't measure a consistent frame rate.
  - Is your graphics card set to sync to vertical blank?
  - Are you running other processes on your computer?

16.3304 	EXP 	Created text_top = TextStim(__class__=<class 'psychopy.visual.text.TextStim'>, alignHoriz=method-wrapper(...), alignText='center', alignVert=method-wrapper(...), anchorHoriz='center', anchorVert='center', antialias=True, autoLog=True, bold=False, color='white', colorSpace='named', contrast=1.0, depth=-2.0, flipHoriz=False, flipVert=False, font='Arial', fontFiles=[], height=0.05, italic=False, languageStyle='LTR', name='text_top', opacity=1.0, ori=0, pos=array([0. , 0.3]), rgb=array([255., 255., 255.]), text=str(...), units='height', win=Window(...), wrapWidth=1)
16.3373 	EXP 	Created text_bottom = TextStim(__class__=<class 'psychopy.visual.text.TextStim'>, alignHoriz=method-wrapper(...), alignText='center', alignVert=method-wrapper(...), anchorHoriz='center', anchorVert='center', antialias=True, autoLog=True, bold=False, color='white', colorSpace='named', contrast=1.0, depth=-3.0, flipHoriz=False, flipVert=False, font='Arial', fontFiles=[], height=0.05, italic=False, languageStyle='LTR', name='text_bottom', opacity=1.0, ori=0, pos=array([ 0. , -0.3]), rgb=array([255., 255., 255.]), text='Press Space when you’re finished', units='height', win=Window(...), wrapWidth=1)
16.3579 	EXP 	Created ccimage = ImageStim(__class__=<class 'psychopy.visual.image.ImageStim'>, autoLog=True, color=array([1., 1., 1.]), colorSpace='rgb', contrast=1.0, depth=-4.0, flipHoriz=False, flipVert=False, image='bankcard.png', interpolate=True, mask=None, maskParams=None, name='ccimage', opacity=1.0, ori=0.0, pos=array([0., 0.]), size=array([0.428 , 0.2699]), texRes=512, units='height', win=Window(...))
16.3697 	EXP 	Created start_exp_text = TextStim(__class__=<class 'psychopy.visual.text.TextStim'>, alignHoriz=method-wrapper(...), alignText='center', alignVert=method-wrapper(...), anchorHoriz='center', anchorVert='center', antialias=True, autoLog=True, bold=False, color='black', colorSpace='named', contrast=1.0, depth=-1.0, flipHoriz=False, flipVert=False, font='Arial', fontFiles=[], height=0.05, italic=False, languageStyle='LTR', name='start_exp_text', opacity=1.0, ori=0, pos=array([0., 0.]), rgb=array([0., 0., 0.]), text=str(...), units='height', win=Window(...), wrapWidth=1)
16.7724 	EXP 	Created Pinstructions_imageR1 = ImageStim(__class__=<class 'psychopy.visual.image.ImageStim'>, autoLog=True, color=array([1., 1., 1.]), colorSpace='rgb', contrast=1.0, depth=-1.0, flipHoriz=False, flipVert=False, image='sin', interpolate=True, mask=None, maskParams=None, name='Pinstructions_imageR1', opacity=1.0, ori=0.0, pos=array([0., 0.]), size=array([1.125, 0.75 ]), texRes=512, units='height', win=Window(...))
17.1749 	EXP 	Created text = TextStim(__class__=<class 'psychopy.visual.text.TextStim'>, alignHoriz=method-wrapper(...), alignText='center', alignVert=method-wrapper(...), anchorHoriz='center', anchorVert='center', antialias=True, autoLog=True, bold=False, color='white', colorSpace='named', contrast=1.0, depth=-1.0, flipHoriz=False, flipVert=False, font='Arial', fontFiles=[], height=0.05, italic=False, languageStyle='LTR', name='text', opacity=1.0, ori=0, pos=array([0., 0.]), rgb=array([255., 255., 255.]), text='+', units='height', win=Window(...), wrapWidth=1)
17.5692 	EXP 	Created text_5 = TextStim(__class__=<class 'psychopy.visual.text.TextStim'>, alignHoriz=method-wrapper(...), alignText='center', alignVert=method-wrapper(...), anchorHoriz='center', anchorVert='center', antialias=True, autoLog=True, bold=False, color='white', colorSpace='named', contrast=1.0, depth=0.0, flipHoriz=False, flipVert=False, font='Arial', fontFiles=[], height=0.05, italic=False, languageStyle='LTR', name='text_5', opacity=1.0, ori=0, pos=array([0., 0.]), rgb=array([255., 255., 255.]), text='+', units='height', win=Window(...), wrapWidth=1)
17.5705 	EXP 	Created prac_image = ImageStim(__class__=<class 'psychopy.visual.image.ImageStim'>, autoLog=True, color=array([1., 1., 1.]), colorSpace='rgb', contrast=1.0, depth=-1.0, flipHoriz=False, flipVert=False, image='sin', interpolate=True, mask=None, maskParams=None, name='prac_image', opacity=1.0, ori=0.0, pos=array([0., 0.]), size=array([1., 1.]), texRes=512, units='height', win=Window(...))
18.3509 	EXP 	Created imFeedback = ImageStim(__class__=<class 'psychopy.visual.image.ImageStim'>, autoLog=True, color=array([1., 1., 1.]), colorSpace='rgb', contrast=1.0, depth=-1.0, flipHoriz=False, flipVert=False, image='sin', interpolate=True, mask=None, maskParams=None, name='imFeedback', opacity=1.0, ori=0.0, pos=array([0., 0.]), size=array([0.5, 0.5]), texRes=512, units='height', win=Window(...))
18.3520 	EXP 	Created instructions_imageR1 = ImageStim(__class__=<class 'psychopy.visual.image.ImageStim'>, autoLog=True, color=array([1., 1., 1.]), colorSpace='rgb', contrast=1.0, depth=-1.0, flipHoriz=False, flipVert=False, image='sin', interpolate=True, mask=None, maskParams=None, name='instructions_imageR1', opacity=1.0, ori=0.0, pos=array([0., 0.]), size=array([1.125, 0.75 ]), texRes=512, units='height', win=Window(...))
18.7460 	EXP 	Created text_2 = TextStim(__class__=<class 'psychopy.visual.text.TextStim'>, alignHoriz=method-wrapper(...), alignText='center', alignVert=method-wrapper(...), anchorHoriz='center', anchorVert='center', antialias=True, autoLog=True, bold=False, color='white', colorSpace='named', contrast=1.0, depth=-1.0, flipHoriz=False, flipVert=False, font='Arial', fontFiles=[], height=0.05, italic=False, languageStyle='LTR', name='text_2', opacity=1.0, ori=0, pos=array([0., 0.]), rgb=array([255., 255., 255.]), text='+', units='height', win=Window(...), wrapWidth=1)
19.1370 	EXP 	Created text_6 = TextStim(__class__=<class 'psychopy.visual.text.TextStim'>, alignHoriz=method-wrapper(...), alignText='center', alignVert=method-wrapper(...), anchorHoriz='center', anchorVert='center', antialias=True, autoLog=True, bold=False, color='white', colorSpace='named', contrast=1.0, depth=0.0, flipHoriz=False, flipVert=False, font='Arial', fontFiles=[], height=0.05, italic=False, languageStyle='LTR', name='text_6', opacity=1.0, ori=0, pos=array([0., 0.]), rgb=array([255., 255., 255.]), text='+', units='height', win=Window(...), wrapWidth=1)
19.1383 	EXP 	Created trial_image = ImageStim(__class__=<class 'psychopy.visual.image.ImageStim'>, autoLog=True, color=array([1., 1., 1.]), colorSpace='rgb', contrast=1.0, depth=-1.0, flipHoriz=False, flipVert=False, image='sin', interpolate=True, mask=None, maskParams=None, name='trial_image', opacity=1.0, ori=0.0, pos=array([0., 0.]), size=array([1., 1.]), texRes=512, units='height', win=Window(...))
19.9333 	EXP 	Created Pinstructions_imageR2 = ImageStim(__class__=<class 'psychopy.visual.image.ImageStim'>, autoLog=True, color=array([1., 1., 1.]), colorSpace='rgb', contrast=1.0, depth=-1.0, flipHoriz=False, flipVert=False, image='sin', interpolate=True, mask=None, maskParams=None, name='Pinstructions_imageR2', opacity=1.0, ori=0.0, pos=array([0., 0.]), size=array([1.125, 0.75 ]), texRes=512, units='height', win=Window(...))
20.3471 	EXP 	Created text_3 = TextStim(__class__=<class 'psychopy.visual.text.TextStim'>, alignHoriz=method-wrapper(...), alignText='center', alignVert=method-wrapper(...), anchorHoriz='center', anchorVert='center', antialias=True, autoLog=True, bold=False, color='white', colorSpace='named', contrast=1.0, depth=-1.0, flipHoriz=False, flipVert=False, font='Arial', fontFiles=[], height=0.05, italic=False, languageStyle='LTR', name='text_3', opacity=1.0, ori=0, pos=array([0., 0.]), rgb=array([255., 255., 255.]), text='+', units='height', win=Window(...), wrapWidth=1)
20.7403 	EXP 	Created text_5 = TextStim(__class__=<class 'psychopy.visual.text.TextStim'>, alignHoriz=method-wrapper(...), alignText='center', alignVert=method-wrapper(...), anchorHoriz='center', anchorVert='center', antialias=True, autoLog=True, bold=False, color='white', colorSpace='named', contrast=1.0, depth=0.0, flipHoriz=False, flipVert=False, font='Arial', fontFiles=[], height=0.05, italic=False, languageStyle='LTR', name='text_5', opacity=1.0, ori=0, pos=array([0., 0.]), rgb=array([255., 255., 255.]), text='+', units='height', win=Window(...), wrapWidth=1)
20.7425 	EXP 	Created prac_image = ImageStim(__class__=<class 'psychopy.visual.image.ImageStim'>, autoLog=True, color=array([1., 1., 1.]), colorSpace='rgb', contrast=1.0, depth=-1.0, flipHoriz=False, flipVert=False, image='sin', interpolate=True, mask=None, maskParams=None, name='prac_image', opacity=1.0, ori=0.0, pos=array([0., 0.]), size=array([1., 1.]), texRes=512, units='height', win=Window(...))
21.5304 	EXP 	Created imFeedback = ImageStim(__class__=<class 'psychopy.visual.image.ImageStim'>, autoLog=True, color=array([1., 1., 1.]), colorSpace='rgb', contrast=1.0, depth=-1.0, flipHoriz=False, flipVert=False, image='sin', interpolate=True, mask=None, maskParams=None, name='imFeedback', opacity=1.0, ori=0.0, pos=array([0., 0.]), size=array([0.5, 0.5]), texRes=512, units='height', win=Window(...))
21.5325 	EXP 	Created instructions_imageR2 = ImageStim(__class__=<class 'psychopy.visual.image.ImageStim'>, autoLog=True, color=array([1., 1., 1.]), colorSpace='rgb', contrast=1.0, depth=-1.0, flipHoriz=False, flipVert=False, image='sin', interpolate=True, mask=None, maskParams=None, name='instructions_imageR2', opacity=1.0, ori=0.0, pos=array([0., 0.]), size=array([1.125, 0.75 ]), texRes=512, units='height', win=Window(...))
21.9417 	EXP 	Created text_4 = TextStim(__class__=<class 'psychopy.visual.text.TextStim'>, alignHoriz=method-wrapper(...), alignText='center', alignVert=method-wrapper(...), anchorHoriz='center', anchorVert='center', antialias=True, autoLog=True, bold=False, color='white', colorSpace='named', contrast=1.0, depth=-1.0, flipHoriz=False, flipVert=False, font='Arial', fontFiles=[], height=0.05, italic=False, languageStyle='LTR', name='text_4', opacity=1.0, ori=0, pos=array([0., 0.]), rgb=array([255., 255., 255.]), text='+', units='height', win=Window(...), wrapWidth=1)
22.3504 	EXP 	Created text_6 = TextStim(__class__=<class 'psychopy.visual.text.TextStim'>, alignHoriz=method-wrapper(...), alignText='center', alignVert=method-wrapper(...), anchorHoriz='center', anchorVert='center', antialias=True, autoLog=True, bold=False, color='white', colorSpace='named', contrast=1.0, depth=0.0, flipHoriz=False, flipVert=False, font='Arial', fontFiles=[], height=0.05, italic=False, languageStyle='LTR', name='text_6', opacity=1.0, ori=0, pos=array([0., 0.]), rgb=array([255., 255., 255.]), text='+', units='height', win=Window(...), wrapWidth=1)
22.3517 	EXP 	Created trial_image = ImageStim(__class__=<class 'psychopy.visual.image.ImageStim'>, autoLog=True, color=array([1., 1., 1.]), colorSpace='rgb', contrast=1.0, depth=-1.0, flipHoriz=False, flipVert=False, image='sin', interpolate=True, mask=None, maskParams=None, name='trial_image', opacity=1.0, ori=0.0, pos=array([0., 0.]), size=array([1., 1.]), texRes=512, units='height', win=Window(...))
23.1370 	EXP 	Created allDone = TextStim(__class__=<class 'psychopy.visual.text.TextStim'>, alignHoriz=method-wrapper(...), alignText='center', alignVert=method-wrapper(...), anchorHoriz='center', anchorVert='center', antialias=True, autoLog=True, bold=False, color='black', colorSpace='named', contrast=1.0, depth=0.0, flipHoriz=False, flipVert=False, font='Arial', fontFiles=[], height=0.1, italic=False, languageStyle='LTR', name='allDone', opacity=1.0, ori=0, pos=array([0., 0.]), rgb=array([0., 0., 0.]), text='You are all done. Thank you!', units='height', win=Window(...), wrapWidth=1)
23.1722 	WARNING 	t of last frame was 7356.83ms (=1/0)
23.1722 	EXP 	text_top: autoDraw = True
23.1722 	EXP 	text_bottom: autoDraw = True
23.1722 	EXP 	ccimage: autoDraw = True
23.1947 	WARNING 	t of last frame was 22.54ms (=1/44)
23.2153 	WARNING 	t of last frame was 20.60ms (=1/48)
24.3666 	DATA 	Keypress: space
24.3806 	WARNING 	t of last frame was 33.77ms (=1/29)
24.3970 	EXP 	ccimage: size = [0.42800000000000005, 0.2699]
24.3970 	EXP 	text_top: autoDraw = False
24.3970 	EXP 	text_bottom: autoDraw = False
24.3970 	EXP 	ccimage: autoDraw = False
24.3970 	EXP 	start_exp_text: autoDraw = True
26.7656 	WARNING 	Multiple dropped frames have occurred - I'll stop bothering you about them!
26.9241 	DATA 	Keypress: space
26.9444 	EXP 	start_exp_text: autoDraw = False
26.9444 	EXP 	Pinstructions_imageR1: image = 'Designs/design1_run1.png'
26.9444 	EXP 	Pinstructions_imageR1: autoDraw = True
28.4032 	DEBUG 	Read csv file with pandas: Designs/design1_run1.csv
28.4058 	DEBUG 	Clearing unnamed columns from Designs/design1_run1.csv
28.4067 	EXP 	Imported Designs/design1_run1.csv as conditions, 4 conditions, 6 params
28.4071 	EXP 	Created sequence: random, trialTypes=4, nReps=1, seed=None
28.4075 	EXP 	New trial (rep=0, index=0): OrderedDict([('runID', 1), ('imgID', 8), ('stimLabel', 'smallSincon'), ('imFile', 'Stimuli/HofS2.bmp'), ('corr', 'j'), ('side', 'right')])
28.4096 	DATA 	Keypress: space
28.4152 	EXP 	Pinstructions_imageR1: autoDraw = False
28.4152 	EXP 	text: color = 'pink (named)'
28.4152 	EXP 	text: autoDraw = True
29.8633 	EXP 	text: autoDraw = False
29.8633 	EXP 	text: autoDraw = False
29.8633 	EXP 	text_5: color = 'pink (named)'
29.8633 	EXP 	prac_image: pos = array([0.17295, 0.     ])
29.8633 	EXP 	prac_image: size = array([0.17295, 0.17295])
29.8633 	EXP 	prac_image: image = 'Stimuli/HofS2.bmp'
29.8633 	EXP 	text_5: autoDraw = True
29.8633 	EXP 	prac_image: autoDraw = True
30.5770 	DATA 	Keypress: j
30.5989 	EXP 	text_5: autoDraw = False
30.5989 	EXP 	prac_image: autoDraw = False
30.5989 	EXP 	imFeedback: image = 'Stimuli/greenCheck.png'
30.5989 	EXP 	imFeedback: autoDraw = True
31.5813 	EXP 	New trial (rep=0, index=1): OrderedDict([('runID', 1), ('imgID', 6), ('stimLabel', 'smallScongr'), ('imFile', 'Stimuli/SofS2.bmp'), ('corr', 'j'), ('side', 'right')])
31.5998 	EXP 	imFeedback: autoDraw = False
31.5998 	EXP 	text: color = 'pink (named)'
31.5998 	EXP 	text: autoDraw = True
32.9472 	EXP 	text: autoDraw = False
32.9472 	EXP 	text: autoDraw = False
32.9472 	EXP 	text_5: color = 'pink (named)'
32.9472 	EXP 	prac_image: pos = array([0.17295, 0.     ])
32.9472 	EXP 	prac_image: size = array([0.17295, 0.17295])
32.9472 	EXP 	prac_image: image = 'Stimuli/SofS2.bmp'
32.9472 	EXP 	text_5: autoDraw = True
32.9472 	EXP 	prac_image: autoDraw = True
33.6049 	DATA 	Keypress: j
33.6138 	EXP 	text_5: autoDraw = False
33.6138 	EXP 	prac_image: autoDraw = False
33.6138 	EXP 	imFeedback: image = 'Stimuli/greenCheck.png'
33.6138 	EXP 	imFeedback: autoDraw = True
34.5985 	EXP 	New trial (rep=0, index=2): OrderedDict([('runID', 1), ('imgID', 4), ('stimLabel', 'smallHincon'), ('imFile', 'Stimuli/SofH2.bmp'), ('corr', 'f'), ('side', 'right')])
34.6136 	EXP 	imFeedback: autoDraw = False
34.6136 	EXP 	imFeedback: autoDraw = False
34.6136 	EXP 	text: color = 'pink (named)'
34.6136 	EXP 	text: autoDraw = True
36.0806 	EXP 	text: autoDraw = False
36.0806 	EXP 	text: autoDraw = False
36.0806 	EXP 	text_5: color = 'pink (named)'
36.0806 	EXP 	prac_image: pos = array([0.17295, 0.     ])
36.0806 	EXP 	prac_image: size = array([0.17295, 0.17295])
36.0806 	EXP 	prac_image: image = 'Stimuli/SofH2.bmp'
36.0806 	EXP 	text_5: autoDraw = True
36.0806 	EXP 	prac_image: autoDraw = True
36.8019 	DATA 	Keypress: f
36.8135 	EXP 	text_5: autoDraw = False
36.8135 	EXP 	prac_image: autoDraw = False
36.8135 	EXP 	imFeedback: image = 'Stimuli/greenCheck.png'
36.8135 	EXP 	imFeedback: autoDraw = True
37.8007 	EXP 	New trial (rep=0, index=3): OrderedDict([('runID', 1), ('imgID', 2), ('stimLabel', 'smallHcongr'), ('imFile', 'Stimuli/HofH2.bmp'), ('corr', 'f'), ('side', 'right')])
37.8137 	EXP 	imFeedback: autoDraw = False
37.8137 	EXP 	text: color = 'pink (named)'
37.8137 	EXP 	text: autoDraw = True
39.5467 	EXP 	text: autoDraw = False
39.5467 	EXP 	text: autoDraw = False
39.5467 	EXP 	text_5: color = 'pink (named)'
39.5467 	EXP 	prac_image: pos = array([0.17295, 0.     ])
39.5467 	EXP 	prac_image: size = array([0.17295, 0.17295])
39.5467 	EXP 	prac_image: image = 'Stimuli/HofH2.bmp'
39.5467 	EXP 	text_5: autoDraw = True
39.5467 	EXP 	prac_image: autoDraw = True
40.3687 	DATA 	Keypress: f
40.3806 	EXP 	text_5: autoDraw = False
40.3806 	EXP 	prac_image: autoDraw = False
40.3806 	EXP 	imFeedback: image = 'Stimuli/greenCheck.png'
40.3806 	EXP 	imFeedback: autoDraw = True
41.3970 	EXP 	imFeedback: autoDraw = False
41.3970 	EXP 	instructions_imageR1: image = 'Designs/design1_run1.png'
41.3970 	EXP 	instructions_imageR1: autoDraw = True
42.0653 	DATA 	Keypress: space
42.7670 	DEBUG 	Read csv file with pandas: Designs/design1_run1.csv
42.7683 	DEBUG 	Clearing unnamed columns from Designs/design1_run1.csv
42.7692 	EXP 	Imported Designs/design1_run1.csv as conditions, 8 conditions, 6 params
42.7695 	EXP 	Created sequence: fullRandom, trialTypes=8, nReps=12, seed=None
42.7699 	EXP 	New trial (rep=0, index=0): OrderedDict([('runID', 1), ('imgID', 2), ('stimLabel', 'smallHcongr'), ('imFile', 'Stimuli/HofH2.bmp'), ('corr', 'f'), ('side', 'right')])
42.7721 	DATA 	Keypress: space
42.7805 	EXP 	instructions_imageR1: autoDraw = False
42.7805 	EXP 	text_2: color = 'pink (named)'
42.7805 	EXP 	text_2: autoDraw = True
44.2805 	EXP 	text_2: autoDraw = False
44.2805 	EXP 	text_2: autoDraw = False
44.2805 	EXP 	text_6: color = 'pink (named)'
44.2805 	EXP 	trial_image: pos = array([0.17295, 0.     ])
44.2805 	EXP 	trial_image: size = array([0.17295, 0.17295])
44.2805 	EXP 	trial_image: image = 'Stimuli/HofH2.bmp'
44.2805 	EXP 	text_6: autoDraw = True
44.2805 	EXP 	trial_image: autoDraw = True
45.1834 	EXP 	New trial (rep=0, index=1): OrderedDict([('runID', 1), ('imgID', 3), ('stimLabel', 'smallHincon'), ('imFile', 'Stimuli/SofH2.bmp'), ('corr', 'f'), ('side', 'left')])
45.1855 	DATA 	Keypress: f
45.1972 	EXP 	text_6: autoDraw = False
45.1972 	EXP 	trial_image: autoDraw = False
45.1972 	EXP 	text_2: color = 'pink (named)'
45.1972 	EXP 	text_2: autoDraw = True
46.8475 	EXP 	text_2: autoDraw = False
46.8475 	EXP 	text_2: autoDraw = False
46.8475 	EXP 	text_6: color = 'pink (named)'
46.8475 	EXP 	trial_image: pos = array([-0.17295,  0.     ])
46.8475 	EXP 	trial_image: size = array([0.17295, 0.17295])
46.8475 	EXP 	trial_image: image = 'Stimuli/SofH2.bmp'
46.8475 	EXP 	text_6: autoDraw = True
46.8475 	EXP 	trial_image: autoDraw = True
47.2830 	EXP 	New trial (rep=0, index=2): OrderedDict([('runID', 1), ('imgID', 2), ('stimLabel', 'smallHcongr'), ('imFile', 'Stimuli/HofH2.bmp'), ('corr', 'f'), ('side', 'right')])
47.2850 	DATA 	Keypress: j
47.2975 	EXP 	text_6: autoDraw = False
47.2975 	EXP 	trial_image: autoDraw = False
47.2975 	EXP 	text_2: color = 'pink (named)'
47.2975 	EXP 	text_2: autoDraw = True
48.6974 	EXP 	text_2: autoDraw = False
48.6974 	EXP 	text_2: autoDraw = False
48.6974 	EXP 	text_6: color = 'pink (named)'
48.6974 	EXP 	trial_image: pos = array([0.17295, 0.     ])
48.6974 	EXP 	trial_image: size = array([0.17295, 0.17295])
48.6974 	EXP 	trial_image: image = 'Stimuli/HofH2.bmp'
48.6974 	EXP 	text_6: autoDraw = True
48.6974 	EXP 	trial_image: autoDraw = True
49.2175 	DATA 	Keypress: escape
49.6436 	EXP 	window1: mouseVisible = True
49.6437 	DEBUG 	Saving data for global_local ExperimentHandler
49.6449 	INFO 	saved data to /Users/sophia/Documents/PycharmProjects/Global_Local_Study/data/_global_local_2020_Oct_25_0001.psydat
49.6461 	INFO 	saved data to '/Users/sophia/Documents/PycharmProjects/Global_Local_Study/data/_global_local_2020_Oct_25_0001.csv'
