324.4861 	INFO 	Loaded monitor calibration from ['2020_09_20 15:42']
326.7374 	WARNING 	Couldn't measure a consistent frame rate.
  - Is your graphics card set to sync to vertical blank?
  - Are you running other processes on your computer?

326.7382 	EXP 	Created window1 = Window(allowGUI=False, allowStencil=False, args=UNKNOWN, autoLog=True, bitsMode=UNKNOWN, blendMode='avg', bpc=(8, 8, 8), color=array([0., 0., 0.]), colorSpace='rgb', depthBits=8, fullscr=<method-wrapper '__getattribute__' of attributeSetter object at 0x11fbe1b38>, gamma=None, gammaErrorPolicy='raise', kwargs=UNKNOWN, lms=UNKNOWN, monitor=<psychopy.monitors.calibTools.Monitor object at 0x11fb25d68>, multiSample=False, name='window1', numSamples=2, pos=[448.0, 280.0], screen=0, size=array([3584, 2240]), stencilBits=0, stereo=False, units='height', useFBO=True, useRetina=True, viewOri=0.0, viewPos=None, viewScale=None, waitBlanking=True, winType='pyglet')
326.7384 	EXP 	window1: mouseVisible = True
326.7384 	EXP 	window1: recordFrameIntervals = False
326.9033 	EXP 	window1: recordFrameIntervals = True
328.5704 	WARNING 	Couldn't measure a consistent frame rate.
  - Is your graphics card set to sync to vertical blank?
  - Are you running other processes on your computer?

329.2445 	EXP 	Created text_top = TextStim(__class__=<class 'psychopy.visual.text.TextStim'>, alignHoriz=method-wrapper(...), alignText='center', alignVert=method-wrapper(...), anchorHoriz='center', anchorVert='center', antialias=True, autoLog=True, bold=False, color='black', colorSpace='named', contrast=1.0, depth=-2.0, flipHoriz=False, flipVert=False, font='Arial', fontFiles=[], height=0.05, italic=False, languageStyle='LTR', name='text_top', opacity=1.0, ori=0, pos=array([0. , 0.3]), rgb=array([0., 0., 0.]), text=str(...), units='height', win=Window(...), wrapWidth=1)
329.2507 	EXP 	Created text_bottom = TextStim(__class__=<class 'psychopy.visual.text.TextStim'>, alignHoriz=method-wrapper(...), alignText='center', alignVert=method-wrapper(...), anchorHoriz='center', anchorVert='center', antialias=True, autoLog=True, bold=False, color='black', colorSpace='named', contrast=1.0, depth=-3.0, flipHoriz=False, flipVert=False, font='Arial', fontFiles=[], height=0.05, italic=False, languageStyle='LTR', name='text_bottom', opacity=1.0, ori=0, pos=array([ 0. , -0.3]), rgb=array([0., 0., 0.]), text='Press Space when you’re finished', units='height', win=Window(...), wrapWidth=1)
329.2709 	EXP 	Created ccimage = ImageStim(__class__=<class 'psychopy.visual.image.ImageStim'>, autoLog=True, color=array([1., 1., 1.]), colorSpace='rgb', contrast=1.0, depth=-4.0, flipHoriz=False, flipVert=False, image='bankcard.png', interpolate=True, mask=None, maskParams=None, name='ccimage', opacity=1.0, ori=0.0, pos=array([0., 0.]), size=array([0.428 , 0.2699]), texRes=512, units='height', win=Window(...))
329.2894 	EXP 	Created prac_instr1 = ImageStim(__class__=<class 'psychopy.visual.image.ImageStim'>, autoLog=True, color=array([1., 1., 1.]), colorSpace='rgb', contrast=1.0, depth=-1.0, flipHoriz=False, flipVert=False, image='Designs/prac_instr1.png', interpolate=True, mask=None, maskParams=None, name='prac_instr1', opacity=1.0, ori=0.0, pos=array([0., 0.]), size=array([1.125, 0.75 ]), texRes=512, units='height', win=Window(...))
329.8579 	EXP 	Created prac_instr2 = ImageStim(__class__=<class 'psychopy.visual.image.ImageStim'>, autoLog=True, color=array([1., 1., 1.]), colorSpace='rgb', contrast=1.0, depth=0.0, flipHoriz=False, flipVert=False, image='Designs/prac_instr2.png', interpolate=True, mask=None, maskParams=None, name='prac_instr2', opacity=1.0, ori=0.0, pos=array([0., 0.]), size=array([1.125, 0.75 ]), texRes=512, units='height', win=Window(...))
330.4176 	EXP 	Created prac_instr3 = ImageStim(__class__=<class 'psychopy.visual.image.ImageStim'>, autoLog=True, color=array([1., 1., 1.]), colorSpace='rgb', contrast=1.0, depth=0.0, flipHoriz=False, flipVert=False, image='Designs/prac_instr3.png', interpolate=True, mask=None, maskParams=None, name='prac_instr3', opacity=1.0, ori=0.0, pos=array([0., 0.]), size=array([1.125, 0.75 ]), texRes=512, units='height', win=Window(...))
330.9552 	EXP 	Created Pinstructions_imageR1 = ImageStim(__class__=<class 'psychopy.visual.image.ImageStim'>, autoLog=True, color=array([1., 1., 1.]), colorSpace='rgb', contrast=1.0, depth=-2.0, flipHoriz=False, flipVert=False, image='sin', interpolate=True, mask=None, maskParams=None, name='Pinstructions_imageR1', opacity=1.0, ori=0.0, pos=array([0., 0.]), size=array([1.3125, 0.75  ]), texRes=512, units='height', win=Window(...))
331.4945 	EXP 	Created text = TextStim(__class__=<class 'psychopy.visual.text.TextStim'>, alignHoriz=method-wrapper(...), alignText='center', alignVert=method-wrapper(...), anchorHoriz='center', anchorVert='center', antialias=True, autoLog=True, bold=False, color='white', colorSpace='named', contrast=1.0, depth=-1.0, flipHoriz=False, flipVert=False, font='Arial', fontFiles=[], height=0.05, italic=False, languageStyle='LTR', name='text', opacity=1.0, ori=0, pos=array([0., 0.]), rgb=array([255., 255., 255.]), text='+', units='height', win=Window(...), wrapWidth=1)
331.4957 	EXP 	Created text_5 = TextStim(__class__=<class 'psychopy.visual.text.TextStim'>, alignHoriz=method-wrapper(...), alignText='center', alignVert=method-wrapper(...), anchorHoriz='center', anchorVert='center', antialias=True, autoLog=True, bold=False, color='white', colorSpace='named', contrast=1.0, depth=-1.0, flipHoriz=False, flipVert=False, font='Arial', fontFiles=[], height=0.05, italic=False, languageStyle='LTR', name='text_5', opacity=1.0, ori=0, pos=array([0., 0.]), rgb=array([255., 255., 255.]), text='+', units='height', win=Window(...), wrapWidth=1)
331.4968 	EXP 	Created prac_image = ImageStim(__class__=<class 'psychopy.visual.image.ImageStim'>, autoLog=True, color=array([1., 1., 1.]), colorSpace='rgb', contrast=1.0, depth=-2.0, flipHoriz=False, flipVert=False, image='sin', interpolate=True, mask=None, maskParams=None, name='prac_image', opacity=1.0, ori=0.0, pos=array([0., 0.]), size=array([1., 1.]), texRes=512, units='height', win=Window(...))
332.5636 	EXP 	Created imFeedback = ImageStim(__class__=<class 'psychopy.visual.image.ImageStim'>, autoLog=True, color=array([1., 1., 1.]), colorSpace='rgb', contrast=1.0, depth=-1.0, flipHoriz=False, flipVert=False, image='sin', interpolate=True, mask=None, maskParams=None, name='imFeedback', opacity=1.0, ori=0.0, pos=array([0., 0.]), size=array([0.25, 0.25]), texRes=512, units='height', win=Window(...))
332.5675 	EXP 	Created feedback_msg = TextStim(__class__=<class 'psychopy.visual.text.TextStim'>, alignHoriz=method-wrapper(...), alignText='center', alignVert=method-wrapper(...), anchorHoriz='center', anchorVert='center', antialias=True, autoLog=True, bold=False, color='black', colorSpace='named', contrast=1.0, depth=-2.0, flipHoriz=False, flipVert=False, font='Arial', fontFiles=[], height=0.05, italic=False, languageStyle='LTR', name='feedback_msg', opacity=1.0, ori=0, pos=array([ 0.  , -0.25]), rgb=array([0., 0., 0.]), text='default text', units='height', win=Window(...), wrapWidth=1)
332.5758 	EXP 	Created text_7 = TextStim(__class__=<class 'psychopy.visual.text.TextStim'>, alignHoriz=method-wrapper(...), alignText='center', alignVert=method-wrapper(...), anchorHoriz='center', anchorVert='center', antialias=True, autoLog=True, bold=False, color='black', colorSpace='named', contrast=1.0, depth=0.0, flipHoriz=False, flipVert=False, font='Arial', fontFiles=[], height=0.05, italic=False, languageStyle='LTR', name='text_7', opacity=1.0, ori=0, pos=array([0., 0.]), rgb=array([0., 0., 0.]), text=str(...), units='height', win=Window(...), wrapWidth=1)
333.1038 	EXP 	Created instructions_imageR1 = ImageStim(__class__=<class 'psychopy.visual.image.ImageStim'>, autoLog=True, color=array([1., 1., 1.]), colorSpace='rgb', contrast=1.0, depth=-1.0, flipHoriz=False, flipVert=False, image='sin', interpolate=True, mask=None, maskParams=None, name='instructions_imageR1', opacity=1.0, ori=0.0, pos=array([0., 0.]), size=array([1.125, 0.75 ]), texRes=512, units='height', win=Window(...))
333.6434 	EXP 	Created text_2 = TextStim(__class__=<class 'psychopy.visual.text.TextStim'>, alignHoriz=method-wrapper(...), alignText='center', alignVert=method-wrapper(...), anchorHoriz='center', anchorVert='center', antialias=True, autoLog=True, bold=False, color='white', colorSpace='named', contrast=1.0, depth=-1.0, flipHoriz=False, flipVert=False, font='Arial', fontFiles=[], height=0.05, italic=False, languageStyle='LTR', name='text_2', opacity=1.0, ori=0, pos=array([0., 0.]), rgb=array([255., 255., 255.]), text='+', units='height', win=Window(...), wrapWidth=1)
334.1699 	EXP 	Created text_6 = TextStim(__class__=<class 'psychopy.visual.text.TextStim'>, alignHoriz=method-wrapper(...), alignText='center', alignVert=method-wrapper(...), anchorHoriz='center', anchorVert='center', antialias=True, autoLog=True, bold=False, color='white', colorSpace='named', contrast=1.0, depth=0.0, flipHoriz=False, flipVert=False, font='Arial', fontFiles=[], height=0.05, italic=False, languageStyle='LTR', name='text_6', opacity=1.0, ori=0, pos=array([0., 0.]), rgb=array([255., 255., 255.]), text='+', units='height', win=Window(...), wrapWidth=1)
334.1711 	EXP 	Created trial_image = ImageStim(__class__=<class 'psychopy.visual.image.ImageStim'>, autoLog=True, color=array([1., 1., 1.]), colorSpace='rgb', contrast=1.0, depth=-1.0, flipHoriz=False, flipVert=False, image='sin', interpolate=True, mask=None, maskParams=None, name='trial_image', opacity=1.0, ori=0.0, pos=array([0., 0.]), size=array([1., 1.]), texRes=512, units='height', win=Window(...))
335.2314 	EXP 	Created Pinstructions_imageR2 = ImageStim(__class__=<class 'psychopy.visual.image.ImageStim'>, autoLog=True, color=array([1., 1., 1.]), colorSpace='rgb', contrast=1.0, depth=-1.0, flipHoriz=False, flipVert=False, image='sin', interpolate=True, mask=None, maskParams=None, name='Pinstructions_imageR2', opacity=1.0, ori=0.0, pos=array([0., 0.]), size=array([1.3125, 0.75  ]), texRes=512, units='height', win=Window(...))
335.7656 	EXP 	Created text_3 = TextStim(__class__=<class 'psychopy.visual.text.TextStim'>, alignHoriz=method-wrapper(...), alignText='center', alignVert=method-wrapper(...), anchorHoriz='center', anchorVert='center', antialias=True, autoLog=True, bold=False, color='white', colorSpace='named', contrast=1.0, depth=-1.0, flipHoriz=False, flipVert=False, font='Arial', fontFiles=[], height=0.05, italic=False, languageStyle='LTR', name='text_3', opacity=1.0, ori=0, pos=array([0., 0.]), rgb=array([255., 255., 255.]), text='+', units='height', win=Window(...), wrapWidth=1)
336.3222 	EXP 	Created text_5 = TextStim(__class__=<class 'psychopy.visual.text.TextStim'>, alignHoriz=method-wrapper(...), alignText='center', alignVert=method-wrapper(...), anchorHoriz='center', anchorVert='center', antialias=True, autoLog=True, bold=False, color='white', colorSpace='named', contrast=1.0, depth=-1.0, flipHoriz=False, flipVert=False, font='Arial', fontFiles=[], height=0.05, italic=False, languageStyle='LTR', name='text_5', opacity=1.0, ori=0, pos=array([0., 0.]), rgb=array([255., 255., 255.]), text='+', units='height', win=Window(...), wrapWidth=1)
336.3233 	EXP 	Created prac_image = ImageStim(__class__=<class 'psychopy.visual.image.ImageStim'>, autoLog=True, color=array([1., 1., 1.]), colorSpace='rgb', contrast=1.0, depth=-2.0, flipHoriz=False, flipVert=False, image='sin', interpolate=True, mask=None, maskParams=None, name='prac_image', opacity=1.0, ori=0.0, pos=array([0., 0.]), size=array([1., 1.]), texRes=512, units='height', win=Window(...))
337.3793 	EXP 	Created imFeedback = ImageStim(__class__=<class 'psychopy.visual.image.ImageStim'>, autoLog=True, color=array([1., 1., 1.]), colorSpace='rgb', contrast=1.0, depth=-1.0, flipHoriz=False, flipVert=False, image='sin', interpolate=True, mask=None, maskParams=None, name='imFeedback', opacity=1.0, ori=0.0, pos=array([0., 0.]), size=array([0.25, 0.25]), texRes=512, units='height', win=Window(...))
337.3813 	EXP 	Created feedback_msg = TextStim(__class__=<class 'psychopy.visual.text.TextStim'>, alignHoriz=method-wrapper(...), alignText='center', alignVert=method-wrapper(...), anchorHoriz='center', anchorVert='center', antialias=True, autoLog=True, bold=False, color='black', colorSpace='named', contrast=1.0, depth=-2.0, flipHoriz=False, flipVert=False, font='Arial', fontFiles=[], height=0.05, italic=False, languageStyle='LTR', name='feedback_msg', opacity=1.0, ori=0, pos=array([ 0.  , -0.25]), rgb=array([0., 0., 0.]), text='default text', units='height', win=Window(...), wrapWidth=1)
337.3853 	EXP 	Created text_7 = TextStim(__class__=<class 'psychopy.visual.text.TextStim'>, alignHoriz=method-wrapper(...), alignText='center', alignVert=method-wrapper(...), anchorHoriz='center', anchorVert='center', antialias=True, autoLog=True, bold=False, color='black', colorSpace='named', contrast=1.0, depth=0.0, flipHoriz=False, flipVert=False, font='Arial', fontFiles=[], height=0.05, italic=False, languageStyle='LTR', name='text_7', opacity=1.0, ori=0, pos=array([0., 0.]), rgb=array([0., 0., 0.]), text=str(...), units='height', win=Window(...), wrapWidth=1)
337.9149 	EXP 	Created instructions_imageR2 = ImageStim(__class__=<class 'psychopy.visual.image.ImageStim'>, autoLog=True, color=array([1., 1., 1.]), colorSpace='rgb', contrast=1.0, depth=-1.0, flipHoriz=False, flipVert=False, image='sin', interpolate=True, mask=None, maskParams=None, name='instructions_imageR2', opacity=1.0, ori=0.0, pos=array([0., 0.]), size=array([1.125, 0.75 ]), texRes=512, units='height', win=Window(...))
338.4537 	EXP 	Created text_4 = TextStim(__class__=<class 'psychopy.visual.text.TextStim'>, alignHoriz=method-wrapper(...), alignText='center', alignVert=method-wrapper(...), anchorHoriz='center', anchorVert='center', antialias=True, autoLog=True, bold=False, color='white', colorSpace='named', contrast=1.0, depth=-1.0, flipHoriz=False, flipVert=False, font='Arial', fontFiles=[], height=0.05, italic=False, languageStyle='LTR', name='text_4', opacity=1.0, ori=0, pos=array([0., 0.]), rgb=array([255., 255., 255.]), text='+', units='height', win=Window(...), wrapWidth=1)
338.9820 	EXP 	Created text_6 = TextStim(__class__=<class 'psychopy.visual.text.TextStim'>, alignHoriz=method-wrapper(...), alignText='center', alignVert=method-wrapper(...), anchorHoriz='center', anchorVert='center', antialias=True, autoLog=True, bold=False, color='white', colorSpace='named', contrast=1.0, depth=0.0, flipHoriz=False, flipVert=False, font='Arial', fontFiles=[], height=0.05, italic=False, languageStyle='LTR', name='text_6', opacity=1.0, ori=0, pos=array([0., 0.]), rgb=array([255., 255., 255.]), text='+', units='height', win=Window(...), wrapWidth=1)
338.9832 	EXP 	Created trial_image = ImageStim(__class__=<class 'psychopy.visual.image.ImageStim'>, autoLog=True, color=array([1., 1., 1.]), colorSpace='rgb', contrast=1.0, depth=-1.0, flipHoriz=False, flipVert=False, image='sin', interpolate=True, mask=None, maskParams=None, name='trial_image', opacity=1.0, ori=0.0, pos=array([0., 0.]), size=array([1., 1.]), texRes=512, units='height', win=Window(...))
340.0767 	EXP 	Created allDone = TextStim(__class__=<class 'psychopy.visual.text.TextStim'>, alignHoriz=method-wrapper(...), alignText='center', alignVert=method-wrapper(...), anchorHoriz='center', anchorVert='center', antialias=True, autoLog=True, bold=False, color='black', colorSpace='named', contrast=1.0, depth=0.0, flipHoriz=False, flipVert=False, font='Arial', fontFiles=[], height=0.1, italic=False, languageStyle='LTR', name='allDone', opacity=1.0, ori=0, pos=array([0., 0.]), rgb=array([0., 0., 0.]), text='You are all done. Thank you!', units='height', win=Window(...), wrapWidth=1)
340.1103 	WARNING 	t of last frame was 11540.13ms (=1/0)
340.1103 	EXP 	text_top: autoDraw = True
340.1103 	EXP 	text_bottom: autoDraw = True
340.1103 	EXP 	ccimage: autoDraw = True
340.1327 	WARNING 	t of last frame was 22.39ms (=1/44)
340.1535 	WARNING 	t of last frame was 20.79ms (=1/48)
341.3381 	DATA 	Keypress: space
341.3521 	EXP 	ccimage: size = [0.42800000000000005, 0.2699]
341.3521 	EXP 	text_top: autoDraw = False
341.3521 	EXP 	text_bottom: autoDraw = False
341.3521 	EXP 	ccimage: autoDraw = False
341.3521 	EXP 	prac_instr1: autoDraw = True
349.6020 	EXP 	prac_instr1: autoDraw = False
349.6020 	EXP 	prac_instr2: autoDraw = True
349.6105 	DATA 	Keypress: space
353.1245 	DATA 	Keypress: space
353.1354 	EXP 	prac_instr2: autoDraw = False
353.1354 	EXP 	prac_instr3: autoDraw = True
354.2763 	DATA 	Keypress: space
354.2937 	WARNING 	t of last frame was 41.83ms (=1/23)
354.2937 	EXP 	prac_instr3: autoDraw = False
354.2937 	EXP 	Pinstructions_imageR1: image = 'Designs/design1_run1.png'
354.2937 	EXP 	Pinstructions_imageR1: autoDraw = True
354.3172 	WARNING 	Multiple dropped frames have occurred - I'll stop bothering you about them!
356.2916 	DEBUG 	Read csv file with pandas: Designs/design1_run1.csv
356.2941 	DEBUG 	Clearing unnamed columns from Designs/design1_run1.csv
356.2950 	EXP 	Imported Designs/design1_run1.csv as conditions, 4 conditions, 6 params
356.2953 	EXP 	Created sequence: random, trialTypes=4, nReps=1, seed=None
356.2956 	EXP 	New trial (rep=0, index=0): OrderedDict([('runID', 1), ('imgID', 1), ('stimLabel', 'smallHcongr'), ('imFile', 'Stimuli/HofH2.jpg'), ('corr', 'f'), ('side', 'left')])
356.2978 	DATA 	Keypress: space
356.3038 	EXP 	Pinstructions_imageR1: autoDraw = False
356.3038 	EXP 	text: color = 'white (named)'
356.3038 	EXP 	text: autoDraw = True
357.7521 	EXP 	text: autoDraw = False
357.7521 	EXP 	text: autoDraw = False
357.7521 	EXP 	text_5: color = 'white (named)'
357.7521 	EXP 	prac_image: pos = array([-0.17296,  0.     ])
357.7521 	EXP 	prac_image: size = array([0.17296, 0.17296])
357.7521 	EXP 	prac_image: image = 'Stimuli/HofH2.jpg'
357.7521 	EXP 	text_5: autoDraw = True
357.7521 	EXP 	prac_image: autoDraw = True
359.9536 	DATA 	Keypress: f
361.7705 	EXP 	text_5: autoDraw = False
361.7705 	EXP 	prac_image: autoDraw = False
361.7705 	EXP 	text_5: autoDraw = False
361.7705 	EXP 	prac_image: autoDraw = False
361.7705 	EXP 	imFeedback: image = 'Stimuli/greenCheck.png'
361.7705 	EXP 	feedback_msg: text = 'Well done!'
361.7705 	EXP 	imFeedback: autoDraw = True
361.7705 	EXP 	feedback_msg: autoDraw = True
363.7386 	EXP 	New trial (rep=0, index=1): OrderedDict([('runID', 1), ('imgID', 8), ('stimLabel', 'smallSincon'), ('imFile', 'Stimuli/HofS2.jpg'), ('corr', 'j'), ('side', 'right')])
363.7522 	EXP 	imFeedback: autoDraw = False
363.7522 	EXP 	feedback_msg: autoDraw = False
363.7522 	EXP 	text: color = 'white (named)'
363.7522 	EXP 	text: autoDraw = True
365.4353 	EXP 	text: autoDraw = False
365.4353 	EXP 	text: autoDraw = False
365.4353 	EXP 	text_5: color = 'white (named)'
365.4353 	EXP 	prac_image: pos = array([0.17296, 0.     ])
365.4353 	EXP 	prac_image: size = array([0.17296, 0.17296])
365.4353 	EXP 	prac_image: image = 'Stimuli/HofS2.jpg'
365.4353 	EXP 	text_5: autoDraw = True
365.4353 	EXP 	prac_image: autoDraw = True
366.9728 	DATA 	Keypress: j
369.4356 	EXP 	text_5: autoDraw = False
369.4356 	EXP 	prac_image: autoDraw = False
369.4356 	EXP 	text_5: autoDraw = False
369.4356 	EXP 	prac_image: autoDraw = False
369.4356 	EXP 	imFeedback: image = 'Stimuli/greenCheck.png'
369.4356 	EXP 	feedback_msg: text = 'Well done!'
369.4356 	EXP 	imFeedback: autoDraw = True
369.4356 	EXP 	feedback_msg: autoDraw = True
371.4199 	EXP 	New trial (rep=0, index=2): OrderedDict([('runID', 1), ('imgID', 7), ('stimLabel', 'smallSincon'), ('imFile', 'Stimuli/HofS2.jpg'), ('corr', 'j'), ('side', 'left')])
371.7014 	EXP 	window1: mouseVisible = True
371.7030 	DEBUG 	Saving data for global_local ExperimentHandler
371.7037 	INFO 	saved data to /Users/sophia/Documents/PycharmProjects/Global_Local_Study/data/_global_local_2020_Nov_07_1445.psydat
371.7042 	INFO 	saved data to '/Users/sophia/Documents/PycharmProjects/Global_Local_Study/data/_global_local_2020_Nov_07_1445.csv'
