68.5634 	INFO 	Loaded monitor calibration from ['2020_09_20 15:42']
70.7886 	WARNING 	Couldn't measure a consistent frame rate.
  - Is your graphics card set to sync to vertical blank?
  - Are you running other processes on your computer?

70.7891 	EXP 	Created window1 = Window(allowGUI=False, allowStencil=False, args=UNKNOWN, autoLog=True, bitsMode=UNKNOWN, blendMode='avg', bpc=(8, 8, 8), color=array([0., 0., 0.]), colorSpace='rgb', depthBits=8, fullscr=<method-wrapper '__getattribute__' of attributeSetter object at 0x145f96cc0>, gamma=None, gammaErrorPolicy='raise', kwargs=UNKNOWN, lms=UNKNOWN, monitor=<psychopy.monitors.calibTools.Monitor object at 0x1570c2208>, multiSample=False, name='window1', numSamples=2, pos=[448.0, 280.0], screen=0, size=array([3584, 2240]), stencilBits=0, stereo=False, units='height', useFBO=True, useRetina=True, viewOri=0.0, viewPos=None, viewScale=None, waitBlanking=True, winType='pyglet')
70.7894 	EXP 	window1: mouseVisible = True
70.7894 	EXP 	window1: recordFrameIntervals = False
70.9554 	EXP 	window1: recordFrameIntervals = True
71.7237 	WARNING 	t of last frame was 35.13ms (=1/28)
72.6387 	WARNING 	Couldn't measure a consistent frame rate.
  - Is your graphics card set to sync to vertical blank?
  - Are you running other processes on your computer?

73.1189 	EXP 	Created text_top = TextStim(__class__=<class 'psychopy.visual.text.TextStim'>, alignHoriz=method-wrapper(...), alignText='center', alignVert=method-wrapper(...), anchorHoriz='center', anchorVert='center', antialias=True, autoLog=True, bold=False, color='black', colorSpace='named', contrast=1.0, depth=-2.0, flipHoriz=False, flipVert=False, font='Arial', fontFiles=[], height=0.05, italic=False, languageStyle='LTR', name='text_top', opacity=1.0, ori=0, pos=array([0. , 0.3]), rgb=array([0., 0., 0.]), text=str(...), units='height', win=Window(...), wrapWidth=1)
73.1245 	EXP 	Created text_bottom = TextStim(__class__=<class 'psychopy.visual.text.TextStim'>, alignHoriz=method-wrapper(...), alignText='center', alignVert=method-wrapper(...), anchorHoriz='center', anchorVert='center', antialias=True, autoLog=True, bold=False, color='black', colorSpace='named', contrast=1.0, depth=-3.0, flipHoriz=False, flipVert=False, font='Arial', fontFiles=[], height=0.05, italic=False, languageStyle='LTR', name='text_bottom', opacity=1.0, ori=0, pos=array([ 0. , -0.3]), rgb=array([0., 0., 0.]), text='Press Space when you’re finished', units='height', win=Window(...), wrapWidth=1)
73.1349 	EXP 	Created ccimage = ImageStim(__class__=<class 'psychopy.visual.image.ImageStim'>, autoLog=True, color=array([1., 1., 1.]), colorSpace='rgb', contrast=1.0, depth=-4.0, flipHoriz=False, flipVert=False, image='bankcard.png', interpolate=True, mask=None, maskParams=None, name='ccimage', opacity=1.0, ori=0.0, pos=array([0., 0.]), size=array([0.428 , 0.2699]), texRes=512, units='height', win=Window(...))
73.1363 	EXP 	Created prac_instr1 = ImageStim(__class__=<class 'psychopy.visual.image.ImageStim'>, autoLog=True, color=array([1., 1., 1.]), colorSpace='rgb', contrast=1.0, depth=-1.0, flipHoriz=False, flipVert=False, image='sin', interpolate=True, mask=None, maskParams=None, name='prac_instr1', opacity=1.0, ori=0.0, pos=array([0., 0.]), size=array([1.3275, 0.75  ]), texRes=512, units='height', win=Window(...))
73.5909 	EXP 	Created prac_instr2 = ImageStim(__class__=<class 'psychopy.visual.image.ImageStim'>, autoLog=True, color=array([1., 1., 1.]), colorSpace='rgb', contrast=1.0, depth=0.0, flipHoriz=False, flipVert=False, image='Designs/prac_instr2.png', interpolate=True, mask=None, maskParams=None, name='prac_instr2', opacity=1.0, ori=0.0, pos=array([0., 0.]), size=array([1.3275, 0.75  ]), texRes=512, units='height', win=Window(...))
74.0263 	EXP 	Created prac_instr3 = ImageStim(__class__=<class 'psychopy.visual.image.ImageStim'>, autoLog=True, color=array([1., 1., 1.]), colorSpace='rgb', contrast=1.0, depth=0.0, flipHoriz=False, flipVert=False, image='Designs/prac_instr3.png', interpolate=True, mask=None, maskParams=None, name='prac_instr3', opacity=1.0, ori=0.0, pos=array([0., 0.]), size=array([1.3275, 0.75  ]), texRes=512, units='height', win=Window(...))
74.4151 	EXP 	Created image_2 = ImageStim(__class__=<class 'psychopy.visual.image.ImageStim'>, autoLog=True, color=array([1., 1., 1.]), colorSpace='rgb', contrast=1.0, depth=-1.0, flipHoriz=False, flipVert=False, image='sin', interpolate=True, mask=None, maskParams=None, name='image_2', opacity=1.0, ori=0.0, pos=array([0., 0.]), size=array([1.3275, 0.75  ]), texRes=512, units='height', win=Window(...))
74.8027 	EXP 	Created text_8 = TextStim(__class__=<class 'psychopy.visual.text.TextStim'>, alignHoriz=method-wrapper(...), alignText='center', alignVert=method-wrapper(...), anchorHoriz='center', anchorVert='center', antialias=True, autoLog=True, bold=False, color='white', colorSpace='named', contrast=1.0, depth=0.0, flipHoriz=False, flipVert=False, font='Arial', fontFiles=[], height=0.05, italic=False, languageStyle='LTR', name='text_8', opacity=1.0, ori=0, pos=array([0., 0.]), rgb=array([255., 255., 255.]), text='+', units='height', win=Window(...), wrapWidth=1)
74.8040 	EXP 	Created image = ImageStim(__class__=<class 'psychopy.visual.image.ImageStim'>, autoLog=True, color=array([1., 1., 1.]), colorSpace='rgb', contrast=1.0, depth=-1.0, flipHoriz=False, flipVert=False, image='sin', interpolate=True, mask=None, maskParams=None, name='image', opacity=1.0, ori=0.0, pos=array([0., 0.]), size=array([1., 1.]), texRes=512, units='height', win=Window(...))
75.1927 	EXP 	Created image_3 = ImageStim(__class__=<class 'psychopy.visual.image.ImageStim'>, autoLog=True, color=array([1., 1., 1.]), colorSpace='rgb', contrast=1.0, depth=-1.0, flipHoriz=False, flipVert=False, image='sin', interpolate=True, mask=None, maskParams=None, name='image_3', opacity=1.0, ori=0.0, pos=array([0., 0.]), size=array([1.3275, 0.75  ]), texRes=512, units='height', win=Window(...))
75.5737 	EXP 	Created Pinstructions_imageR1 = ImageStim(__class__=<class 'psychopy.visual.image.ImageStim'>, autoLog=True, color=array([1., 1., 1.]), colorSpace='rgb', contrast=1.0, depth=-1.0, flipHoriz=False, flipVert=False, image='sin', interpolate=True, mask=None, maskParams=None, name='Pinstructions_imageR1', opacity=1.0, ori=0.0, pos=array([0., 0.]), size=array([1.3125, 0.75  ]), texRes=512, units='height', win=Window(...))
75.9555 	EXP 	Created text = TextStim(__class__=<class 'psychopy.visual.text.TextStim'>, alignHoriz=method-wrapper(...), alignText='center', alignVert=method-wrapper(...), anchorHoriz='center', anchorVert='center', antialias=True, autoLog=True, bold=False, color='white', colorSpace='named', contrast=1.0, depth=-1.0, flipHoriz=False, flipVert=False, font='Arial', fontFiles=[], height=0.05, italic=False, languageStyle='LTR', name='text', opacity=1.0, ori=0, pos=array([0., 0.]), rgb=array([255., 255., 255.]), text='+', units='height', win=Window(...), wrapWidth=1)
75.9565 	EXP 	Created text_5 = TextStim(__class__=<class 'psychopy.visual.text.TextStim'>, alignHoriz=method-wrapper(...), alignText='center', alignVert=method-wrapper(...), anchorHoriz='center', anchorVert='center', antialias=True, autoLog=True, bold=False, color='white', colorSpace='named', contrast=1.0, depth=0.0, flipHoriz=False, flipVert=False, font='Arial', fontFiles=[], height=0.05, italic=False, languageStyle='LTR', name='text_5', opacity=1.0, ori=0, pos=array([0., 0.]), rgb=array([255., 255., 255.]), text='+', units='height', win=Window(...), wrapWidth=1)
75.9578 	EXP 	Created prac_image = ImageStim(__class__=<class 'psychopy.visual.image.ImageStim'>, autoLog=True, color=array([1., 1., 1.]), colorSpace='rgb', contrast=1.0, depth=-1.0, flipHoriz=False, flipVert=False, image='sin', interpolate=True, mask=None, maskParams=None, name='prac_image', opacity=1.0, ori=0.0, pos=array([0., 0.]), size=array([1., 1.]), texRes=512, units='height', win=Window(...))
76.7270 	EXP 	Created imFeedback = ImageStim(__class__=<class 'psychopy.visual.image.ImageStim'>, autoLog=True, color=array([1., 1., 1.]), colorSpace='rgb', contrast=1.0, depth=-1.0, flipHoriz=False, flipVert=False, image='sin', interpolate=True, mask=None, maskParams=None, name='imFeedback', opacity=1.0, ori=0.0, pos=array([0., 0.]), size=array([0.25, 0.25]), texRes=512, units='height', win=Window(...))
76.7307 	EXP 	Created feedback_msg = TextStim(__class__=<class 'psychopy.visual.text.TextStim'>, alignHoriz=method-wrapper(...), alignText='center', alignVert=method-wrapper(...), anchorHoriz='center', anchorVert='center', antialias=True, autoLog=True, bold=False, color='black', colorSpace='named', contrast=1.0, depth=-2.0, flipHoriz=False, flipVert=False, font='Arial', fontFiles=[], height=0.05, italic=False, languageStyle='LTR', name='feedback_msg', opacity=1.0, ori=0, pos=array([ 0.  , -0.25]), rgb=array([0., 0., 0.]), text='default text', units='height', win=Window(...), wrapWidth=1)
76.7325 	EXP 	Created text_7 = TextStim(__class__=<class 'psychopy.visual.text.TextStim'>, alignHoriz=method-wrapper(...), alignText='center', alignVert=method-wrapper(...), anchorHoriz='center', anchorVert='center', antialias=True, autoLog=True, bold=False, color='black', colorSpace='named', contrast=1.0, depth=-1.0, flipHoriz=False, flipVert=False, font='Arial', fontFiles=[], height=0.05, italic=False, languageStyle='LTR', name='text_7', opacity=1.0, ori=0, pos=array([0., 0.]), rgb=array([0., 0., 0.]), text='default text', units='height', win=Window(...), wrapWidth=1)
77.1177 	EXP 	Created instructions_imageR1 = ImageStim(__class__=<class 'psychopy.visual.image.ImageStim'>, autoLog=True, color=array([1., 1., 1.]), colorSpace='rgb', contrast=1.0, depth=-1.0, flipHoriz=False, flipVert=False, image='sin', interpolate=True, mask=None, maskParams=None, name='instructions_imageR1', opacity=1.0, ori=0.0, pos=array([0., 0.]), size=array([1.3275, 0.75  ]), texRes=512, units='height', win=Window(...))
77.4975 	EXP 	Created text_2 = TextStim(__class__=<class 'psychopy.visual.text.TextStim'>, alignHoriz=method-wrapper(...), alignText='center', alignVert=method-wrapper(...), anchorHoriz='center', anchorVert='center', antialias=True, autoLog=True, bold=False, color='white', colorSpace='named', contrast=1.0, depth=-1.0, flipHoriz=False, flipVert=False, font='Arial', fontFiles=[], height=0.05, italic=False, languageStyle='LTR', name='text_2', opacity=1.0, ori=0, pos=array([0., 0.]), rgb=array([255., 255., 255.]), text='+', units='height', win=Window(...), wrapWidth=1)
77.8865 	EXP 	Created text_6 = TextStim(__class__=<class 'psychopy.visual.text.TextStim'>, alignHoriz=method-wrapper(...), alignText='center', alignVert=method-wrapper(...), anchorHoriz='center', anchorVert='center', antialias=True, autoLog=True, bold=False, color='white', colorSpace='named', contrast=1.0, depth=0.0, flipHoriz=False, flipVert=False, font='Arial', fontFiles=[], height=0.05, italic=False, languageStyle='LTR', name='text_6', opacity=1.0, ori=0, pos=array([0., 0.]), rgb=array([255., 255., 255.]), text='+', units='height', win=Window(...), wrapWidth=1)
77.8877 	EXP 	Created trial_image = ImageStim(__class__=<class 'psychopy.visual.image.ImageStim'>, autoLog=True, color=array([1., 1., 1.]), colorSpace='rgb', contrast=1.0, depth=-1.0, flipHoriz=False, flipVert=False, image='sin', interpolate=True, mask=None, maskParams=None, name='trial_image', opacity=1.0, ori=0.0, pos=array([0., 0.]), size=array([1., 1.]), texRes=512, units='height', win=Window(...))
78.6919 	EXP 	Created image_4 = ImageStim(__class__=<class 'psychopy.visual.image.ImageStim'>, autoLog=True, color=array([1., 1., 1.]), colorSpace='rgb', contrast=1.0, depth=-1.0, flipHoriz=False, flipVert=False, image='Designs/baby_dory_GJ.png', interpolate=True, mask=None, maskParams=None, name='image_4', opacity=1.0, ori=0.0, pos=array([0., 0.]), size=array([0.4  , 0.732]), texRes=512, units='height', win=Window(...))
78.6932 	EXP 	Created image_2 = ImageStim(__class__=<class 'psychopy.visual.image.ImageStim'>, autoLog=True, color=array([1., 1., 1.]), colorSpace='rgb', contrast=1.0, depth=-1.0, flipHoriz=False, flipVert=False, image='sin', interpolate=True, mask=None, maskParams=None, name='image_2', opacity=1.0, ori=0.0, pos=array([0., 0.]), size=array([1.3275, 0.75  ]), texRes=512, units='height', win=Window(...))
79.0737 	EXP 	Created text_8 = TextStim(__class__=<class 'psychopy.visual.text.TextStim'>, alignHoriz=method-wrapper(...), alignText='center', alignVert=method-wrapper(...), anchorHoriz='center', anchorVert='center', antialias=True, autoLog=True, bold=False, color='white', colorSpace='named', contrast=1.0, depth=0.0, flipHoriz=False, flipVert=False, font='Arial', fontFiles=[], height=0.05, italic=False, languageStyle='LTR', name='text_8', opacity=1.0, ori=0, pos=array([0., 0.]), rgb=array([255., 255., 255.]), text='+', units='height', win=Window(...), wrapWidth=1)
79.0748 	EXP 	Created image = ImageStim(__class__=<class 'psychopy.visual.image.ImageStim'>, autoLog=True, color=array([1., 1., 1.]), colorSpace='rgb', contrast=1.0, depth=-1.0, flipHoriz=False, flipVert=False, image='sin', interpolate=True, mask=None, maskParams=None, name='image', opacity=1.0, ori=0.0, pos=array([0., 0.]), size=array([1., 1.]), texRes=512, units='height', win=Window(...))
79.4533 	EXP 	Created image_3 = ImageStim(__class__=<class 'psychopy.visual.image.ImageStim'>, autoLog=True, color=array([1., 1., 1.]), colorSpace='rgb', contrast=1.0, depth=-1.0, flipHoriz=False, flipVert=False, image='sin', interpolate=True, mask=None, maskParams=None, name='image_3', opacity=1.0, ori=0.0, pos=array([0., 0.]), size=array([1.3275, 0.75  ]), texRes=512, units='height', win=Window(...))
79.8400 	EXP 	Created Pinstructions_imageR2 = ImageStim(__class__=<class 'psychopy.visual.image.ImageStim'>, autoLog=True, color=array([1., 1., 1.]), colorSpace='rgb', contrast=1.0, depth=-1.0, flipHoriz=False, flipVert=False, image='sin', interpolate=True, mask=None, maskParams=None, name='Pinstructions_imageR2', opacity=1.0, ori=0.0, pos=array([0., 0.]), size=array([1.3275, 0.75  ]), texRes=512, units='height', win=Window(...))
80.2204 	EXP 	Created text_3 = TextStim(__class__=<class 'psychopy.visual.text.TextStim'>, alignHoriz=method-wrapper(...), alignText='center', alignVert=method-wrapper(...), anchorHoriz='center', anchorVert='center', antialias=True, autoLog=True, bold=False, color='white', colorSpace='named', contrast=1.0, depth=-1.0, flipHoriz=False, flipVert=False, font='Arial', fontFiles=[], height=0.05, italic=False, languageStyle='LTR', name='text_3', opacity=1.0, ori=0, pos=array([0., 0.]), rgb=array([255., 255., 255.]), text='+', units='height', win=Window(...), wrapWidth=1)
80.5997 	EXP 	Created text_5 = TextStim(__class__=<class 'psychopy.visual.text.TextStim'>, alignHoriz=method-wrapper(...), alignText='center', alignVert=method-wrapper(...), anchorHoriz='center', anchorVert='center', antialias=True, autoLog=True, bold=False, color='white', colorSpace='named', contrast=1.0, depth=0.0, flipHoriz=False, flipVert=False, font='Arial', fontFiles=[], height=0.05, italic=False, languageStyle='LTR', name='text_5', opacity=1.0, ori=0, pos=array([0., 0.]), rgb=array([255., 255., 255.]), text='+', units='height', win=Window(...), wrapWidth=1)
80.6009 	EXP 	Created prac_image = ImageStim(__class__=<class 'psychopy.visual.image.ImageStim'>, autoLog=True, color=array([1., 1., 1.]), colorSpace='rgb', contrast=1.0, depth=-1.0, flipHoriz=False, flipVert=False, image='sin', interpolate=True, mask=None, maskParams=None, name='prac_image', opacity=1.0, ori=0.0, pos=array([0., 0.]), size=array([1., 1.]), texRes=512, units='height', win=Window(...))
81.3855 	EXP 	Created imFeedback = ImageStim(__class__=<class 'psychopy.visual.image.ImageStim'>, autoLog=True, color=array([1., 1., 1.]), colorSpace='rgb', contrast=1.0, depth=-1.0, flipHoriz=False, flipVert=False, image='sin', interpolate=True, mask=None, maskParams=None, name='imFeedback', opacity=1.0, ori=0.0, pos=array([0., 0.]), size=array([0.25, 0.25]), texRes=512, units='height', win=Window(...))
81.3883 	EXP 	Created feedback_msg = TextStim(__class__=<class 'psychopy.visual.text.TextStim'>, alignHoriz=method-wrapper(...), alignText='center', alignVert=method-wrapper(...), anchorHoriz='center', anchorVert='center', antialias=True, autoLog=True, bold=False, color='black', colorSpace='named', contrast=1.0, depth=-2.0, flipHoriz=False, flipVert=False, font='Arial', fontFiles=[], height=0.05, italic=False, languageStyle='LTR', name='feedback_msg', opacity=1.0, ori=0, pos=array([ 0.  , -0.25]), rgb=array([0., 0., 0.]), text='default text', units='height', win=Window(...), wrapWidth=1)
81.3906 	EXP 	Created text_9 = TextStim(__class__=<class 'psychopy.visual.text.TextStim'>, alignHoriz=method-wrapper(...), alignText='center', alignVert=method-wrapper(...), anchorHoriz='center', anchorVert='center', antialias=True, autoLog=True, bold=False, color='black', colorSpace='named', contrast=1.0, depth=-1.0, flipHoriz=False, flipVert=False, font='Arial', fontFiles=[], height=0.05, italic=False, languageStyle='LTR', name='text_9', opacity=1.0, ori=0, pos=array([0., 0.]), rgb=array([0., 0., 0.]), text='default text', units='height', win=Window(...), wrapWidth=1)
81.8003 	EXP 	Created instructions_imageR2 = ImageStim(__class__=<class 'psychopy.visual.image.ImageStim'>, autoLog=True, color=array([1., 1., 1.]), colorSpace='rgb', contrast=1.0, depth=-1.0, flipHoriz=False, flipVert=False, image='sin', interpolate=True, mask=None, maskParams=None, name='instructions_imageR2', opacity=1.0, ori=0.0, pos=array([0., 0.]), size=array([1.3275, 0.75  ]), texRes=512, units='height', win=Window(...))
82.1978 	EXP 	Created text_4 = TextStim(__class__=<class 'psychopy.visual.text.TextStim'>, alignHoriz=method-wrapper(...), alignText='center', alignVert=method-wrapper(...), anchorHoriz='center', anchorVert='center', antialias=True, autoLog=True, bold=False, color='white', colorSpace='named', contrast=1.0, depth=-1.0, flipHoriz=False, flipVert=False, font='Arial', fontFiles=[], height=0.05, italic=False, languageStyle='LTR', name='text_4', opacity=1.0, ori=0, pos=array([0., 0.]), rgb=array([255., 255., 255.]), text='+', units='height', win=Window(...), wrapWidth=1)
82.5996 	EXP 	Created text_6 = TextStim(__class__=<class 'psychopy.visual.text.TextStim'>, alignHoriz=method-wrapper(...), alignText='center', alignVert=method-wrapper(...), anchorHoriz='center', anchorVert='center', antialias=True, autoLog=True, bold=False, color='white', colorSpace='named', contrast=1.0, depth=0.0, flipHoriz=False, flipVert=False, font='Arial', fontFiles=[], height=0.05, italic=False, languageStyle='LTR', name='text_6', opacity=1.0, ori=0, pos=array([0., 0.]), rgb=array([255., 255., 255.]), text='+', units='height', win=Window(...), wrapWidth=1)
82.6009 	EXP 	Created trial_image = ImageStim(__class__=<class 'psychopy.visual.image.ImageStim'>, autoLog=True, color=array([1., 1., 1.]), colorSpace='rgb', contrast=1.0, depth=-1.0, flipHoriz=False, flipVert=False, image='sin', interpolate=True, mask=None, maskParams=None, name='trial_image', opacity=1.0, ori=0.0, pos=array([0., 0.]), size=array([1., 1.]), texRes=512, units='height', win=Window(...))
83.4322 	EXP 	Created image_4 = ImageStim(__class__=<class 'psychopy.visual.image.ImageStim'>, autoLog=True, color=array([1., 1., 1.]), colorSpace='rgb', contrast=1.0, depth=-1.0, flipHoriz=False, flipVert=False, image='Designs/baby_dory_GJ.png', interpolate=True, mask=None, maskParams=None, name='image_4', opacity=1.0, ori=0.0, pos=array([0., 0.]), size=array([0.4  , 0.732]), texRes=512, units='height', win=Window(...))
83.4340 	EXP 	Created instructions_imageR1 = ImageStim(__class__=<class 'psychopy.visual.image.ImageStim'>, autoLog=True, color=array([1., 1., 1.]), colorSpace='rgb', contrast=1.0, depth=-1.0, flipHoriz=False, flipVert=False, image='sin', interpolate=True, mask=None, maskParams=None, name='instructions_imageR1', opacity=1.0, ori=0.0, pos=array([0., 0.]), size=array([1.3275, 0.75  ]), texRes=512, units='height', win=Window(...))
83.8346 	EXP 	Created text_2 = TextStim(__class__=<class 'psychopy.visual.text.TextStim'>, alignHoriz=method-wrapper(...), alignText='center', alignVert=method-wrapper(...), anchorHoriz='center', anchorVert='center', antialias=True, autoLog=True, bold=False, color='white', colorSpace='named', contrast=1.0, depth=-1.0, flipHoriz=False, flipVert=False, font='Arial', fontFiles=[], height=0.05, italic=False, languageStyle='LTR', name='text_2', opacity=1.0, ori=0, pos=array([0., 0.]), rgb=array([255., 255., 255.]), text='+', units='height', win=Window(...), wrapWidth=1)
84.2435 	EXP 	Created text_6 = TextStim(__class__=<class 'psychopy.visual.text.TextStim'>, alignHoriz=method-wrapper(...), alignText='center', alignVert=method-wrapper(...), anchorHoriz='center', anchorVert='center', antialias=True, autoLog=True, bold=False, color='white', colorSpace='named', contrast=1.0, depth=0.0, flipHoriz=False, flipVert=False, font='Arial', fontFiles=[], height=0.05, italic=False, languageStyle='LTR', name='text_6', opacity=1.0, ori=0, pos=array([0., 0.]), rgb=array([255., 255., 255.]), text='+', units='height', win=Window(...), wrapWidth=1)
84.2447 	EXP 	Created trial_image = ImageStim(__class__=<class 'psychopy.visual.image.ImageStim'>, autoLog=True, color=array([1., 1., 1.]), colorSpace='rgb', contrast=1.0, depth=-1.0, flipHoriz=False, flipVert=False, image='sin', interpolate=True, mask=None, maskParams=None, name='trial_image', opacity=1.0, ori=0.0, pos=array([0., 0.]), size=array([1., 1.]), texRes=512, units='height', win=Window(...))
85.0803 	EXP 	Created image_4 = ImageStim(__class__=<class 'psychopy.visual.image.ImageStim'>, autoLog=True, color=array([1., 1., 1.]), colorSpace='rgb', contrast=1.0, depth=-1.0, flipHoriz=False, flipVert=False, image='Designs/baby_dory_GJ.png', interpolate=True, mask=None, maskParams=None, name='image_4', opacity=1.0, ori=0.0, pos=array([0., 0.]), size=array([0.4  , 0.732]), texRes=512, units='height', win=Window(...))
85.0819 	EXP 	Created instructions_imageR2 = ImageStim(__class__=<class 'psychopy.visual.image.ImageStim'>, autoLog=True, color=array([1., 1., 1.]), colorSpace='rgb', contrast=1.0, depth=-1.0, flipHoriz=False, flipVert=False, image='sin', interpolate=True, mask=None, maskParams=None, name='instructions_imageR2', opacity=1.0, ori=0.0, pos=array([0., 0.]), size=array([1.3275, 0.75  ]), texRes=512, units='height', win=Window(...))
85.4775 	EXP 	Created text_4 = TextStim(__class__=<class 'psychopy.visual.text.TextStim'>, alignHoriz=method-wrapper(...), alignText='center', alignVert=method-wrapper(...), anchorHoriz='center', anchorVert='center', antialias=True, autoLog=True, bold=False, color='white', colorSpace='named', contrast=1.0, depth=-1.0, flipHoriz=False, flipVert=False, font='Arial', fontFiles=[], height=0.05, italic=False, languageStyle='LTR', name='text_4', opacity=1.0, ori=0, pos=array([0., 0.]), rgb=array([255., 255., 255.]), text='+', units='height', win=Window(...), wrapWidth=1)
85.8731 	EXP 	Created text_6 = TextStim(__class__=<class 'psychopy.visual.text.TextStim'>, alignHoriz=method-wrapper(...), alignText='center', alignVert=method-wrapper(...), anchorHoriz='center', anchorVert='center', antialias=True, autoLog=True, bold=False, color='white', colorSpace='named', contrast=1.0, depth=0.0, flipHoriz=False, flipVert=False, font='Arial', fontFiles=[], height=0.05, italic=False, languageStyle='LTR', name='text_6', opacity=1.0, ori=0, pos=array([0., 0.]), rgb=array([255., 255., 255.]), text='+', units='height', win=Window(...), wrapWidth=1)
85.8744 	EXP 	Created trial_image = ImageStim(__class__=<class 'psychopy.visual.image.ImageStim'>, autoLog=True, color=array([1., 1., 1.]), colorSpace='rgb', contrast=1.0, depth=-1.0, flipHoriz=False, flipVert=False, image='sin', interpolate=True, mask=None, maskParams=None, name='trial_image', opacity=1.0, ori=0.0, pos=array([0., 0.]), size=array([1., 1.]), texRes=512, units='height', win=Window(...))
86.6952 	EXP 	Created image_5 = ImageStim(__class__=<class 'psychopy.visual.image.ImageStim'>, autoLog=True, color=array([1., 1., 1.]), colorSpace='rgb', contrast=1.0, depth=0.0, flipHoriz=False, flipVert=False, image='Designs/baby_squirt_GJ.png', interpolate=True, mask=None, maskParams=None, name='image_5', opacity=1.0, ori=0.0, pos=array([0., 0.]), size=array([0.8, 0.5]), texRes=512, units='height', win=Window(...))
86.7352 	WARNING 	t of last frame was 14096.78ms (=1/0)
86.7352 	EXP 	text_top: autoDraw = True
86.7352 	EXP 	text_bottom: autoDraw = True
86.7352 	EXP 	ccimage: autoDraw = True
86.7570 	WARNING 	t of last frame was 21.79ms (=1/45)
88.7243 	DATA 	Keypress: space
88.7663 	WARNING 	t of last frame was 45.28ms (=1/22)
88.7663 	EXP 	ccimage: size = [0.42800000000000005, 0.2699]
88.7663 	EXP 	text_top: autoDraw = False
88.7663 	EXP 	text_bottom: autoDraw = False
88.7663 	EXP 	ccimage: autoDraw = False
88.7663 	EXP 	prac_instr1: image = 'Designs/prac_instr1.png'
88.7663 	EXP 	prac_instr1: autoDraw = True
89.2779 	DATA 	Keypress: space
89.2884 	EXP 	prac_instr1: autoDraw = False
89.2884 	EXP 	prac_instr2: autoDraw = True
89.7413 	DATA 	Keypress: space
89.7552 	EXP 	prac_instr2: autoDraw = False
89.7552 	EXP 	prac_instr3: autoDraw = True
89.9227 	DATA 	Keypress: space
90.1453 	DATA 	Keypress: space
90.1556 	WARNING 	Multiple dropped frames have occurred - I'll stop bothering you about them!
90.1553 	EXP 	prac_instr3: autoDraw = False
90.1553 	EXP 	image_2: image = 'Designs/design1_run1_ex.png'
90.1553 	EXP 	image_2: autoDraw = True
90.3628 	DATA 	Keypress: space
90.3718 	EXP 	image_2: autoDraw = False
90.3718 	EXP 	image: pos = array([0.17380935, 0.        ])
90.3718 	EXP 	image: size = array([0.17296, 0.17296])
90.3718 	EXP 	image: image = 'Stimuli/HofS2.jpg'
90.3718 	EXP 	text_8: autoDraw = True
90.3718 	EXP 	image: autoDraw = True
90.6063 	DATA 	Keypress: space
91.5478 	DATA 	Keypress: j
91.5686 	EXP 	text_8: autoDraw = False
91.5686 	EXP 	image: autoDraw = False
91.5686 	EXP 	image_3: image = 'Designs/hand_hold_local_corr.png'
91.5686 	EXP 	image_3: autoDraw = True
91.6600 	DATA 	Keypress: space
91.9401 	DATA 	Keypress: space
92.1743 	DATA 	Keypress: space
92.4242 	DATA 	Keypress: space
92.6982 	DATA 	Keypress: space
92.7191 	EXP 	image_3: autoDraw = False
92.7191 	EXP 	Pinstructions_imageR1: image = 'Designs/design1_run1.png'
92.7191 	EXP 	Pinstructions_imageR1: autoDraw = True
92.8903 	DATA 	Keypress: space
93.7893 	EXP 	Created sequence: sequential, trialTypes=1, nReps=5, seed=None
93.7897 	EXP 	New trial (rep=0, index=0): None
93.7949 	DEBUG 	Read csv file with pandas: Designs/design1_run1.csv
93.7973 	DEBUG 	Clearing unnamed columns from Designs/design1_run1.csv
93.7983 	EXP 	Imported Designs/design1_run1.csv as conditions, 6 conditions, 6 params
93.7986 	EXP 	Created sequence: random, trialTypes=6, nReps=1, seed=None
93.7990 	EXP 	New trial (rep=0, index=0): OrderedDict([('runID', 1), ('imgID', 8), ('stimLabel', 'smallSincon'), ('imFile', 'Stimuli/HofS2.jpg'), ('corr', 'j'), ('side', 'right')])
93.8012 	DATA 	Keypress: space
93.8238 	EXP 	Pinstructions_imageR1: autoDraw = False
93.8238 	EXP 	text: color = 'white (named)'
93.8238 	EXP 	text: autoDraw = True
95.2554 	EXP 	text: autoDraw = False
95.2554 	EXP 	text: autoDraw = False
95.2554 	EXP 	text_5: color = 'white (named)'
95.2554 	EXP 	prac_image: pos = array([0.17380935, 0.        ])
95.2554 	EXP 	prac_image: size = array([0.17296, 0.17296])
95.2554 	EXP 	prac_image: image = 'Stimuli/HofS2.jpg'
95.2554 	EXP 	text_5: autoDraw = True
95.2554 	EXP 	prac_image: autoDraw = True
96.8771 	DATA 	Keypress: j
99.2739 	EXP 	text_5: autoDraw = False
99.2739 	EXP 	prac_image: autoDraw = False
99.2739 	EXP 	imFeedback: image = 'Stimuli/greenCheck.png'
99.2739 	EXP 	feedback_msg: text = 'Well done!'
99.2739 	EXP 	imFeedback: autoDraw = True
99.2739 	EXP 	feedback_msg: autoDraw = True
101.2418 	EXP 	New trial (rep=0, index=1): OrderedDict([('runID', 1), ('imgID', 7), ('stimLabel', 'smallSincon'), ('imFile', 'Stimuli/HofS2.jpg'), ('corr', 'j'), ('side', 'left')])
101.2554 	EXP 	imFeedback: autoDraw = False
101.2554 	EXP 	feedback_msg: autoDraw = False
101.2554 	EXP 	text: color = 'black (named)'
101.2554 	EXP 	text: autoDraw = True
102.6889 	EXP 	text: autoDraw = False
102.6889 	EXP 	text: autoDraw = False
102.6889 	EXP 	text_5: color = 'black (named)'
102.6889 	EXP 	prac_image: pos = array([-0.17380935,  0.        ])
102.6889 	EXP 	prac_image: size = array([0.17296, 0.17296])
102.6889 	EXP 	prac_image: image = 'Stimuli/HofS2.jpg'
102.6889 	EXP 	text_5: autoDraw = True
102.6889 	EXP 	prac_image: autoDraw = True
105.2104 	DATA 	Keypress: j
106.7073 	EXP 	text_5: autoDraw = False
106.7073 	EXP 	prac_image: autoDraw = False
106.7073 	EXP 	imFeedback: image = 'Stimuli/redWrong.png'
106.7073 	EXP 	feedback_msg: text = 'Oops, you missed the cross response.'
106.7073 	EXP 	imFeedback: autoDraw = True
106.7073 	EXP 	feedback_msg: autoDraw = True
108.6752 	EXP 	New trial (rep=0, index=2): OrderedDict([('runID', 1), ('imgID', 1), ('stimLabel', 'smallHcongr'), ('imFile', 'Stimuli/HofH2.jpg'), ('corr', 'f'), ('side', 'left')])
108.6888 	EXP 	imFeedback: autoDraw = False
108.6888 	EXP 	feedback_msg: autoDraw = False
108.6888 	EXP 	text: color = 'white (named)'
108.6888 	EXP 	text: autoDraw = True
110.2221 	EXP 	text: autoDraw = False
110.2221 	EXP 	text: autoDraw = False
110.2221 	EXP 	text_5: color = 'white (named)'
110.2221 	EXP 	prac_image: pos = array([-0.17380935,  0.        ])
110.2221 	EXP 	prac_image: size = array([0.17296, 0.17296])
110.2221 	EXP 	prac_image: image = 'Stimuli/HofH2.jpg'
110.2221 	EXP 	text_5: autoDraw = True
110.2221 	EXP 	prac_image: autoDraw = True
111.8592 	DATA 	Keypress: f
114.2221 	EXP 	text_5: autoDraw = False
114.2221 	EXP 	prac_image: autoDraw = False
114.2221 	EXP 	text_5: autoDraw = False
114.2221 	EXP 	prac_image: autoDraw = False
114.2221 	EXP 	imFeedback: image = 'Stimuli/redWrong.png'
114.2221 	EXP 	feedback_msg: text = 'Oops, you missed the cross response.'
114.2221 	EXP 	imFeedback: autoDraw = True
114.2221 	EXP 	feedback_msg: autoDraw = True
116.2085 	EXP 	New trial (rep=0, index=3): OrderedDict([('runID', 1), ('imgID', 6), ('stimLabel', 'smallScongr'), ('imFile', 'Stimuli/SofS2.jpg'), ('corr', 'j'), ('side', 'right')])
116.2221 	EXP 	imFeedback: autoDraw = False
116.2221 	EXP 	feedback_msg: autoDraw = False
116.2221 	EXP 	text: color = 'white (named)'
116.2221 	EXP 	text: autoDraw = True
117.6722 	EXP 	text: autoDraw = False
117.6722 	EXP 	text: autoDraw = False
117.6722 	EXP 	text_5: color = 'white (named)'
117.6722 	EXP 	prac_image: pos = array([0.17380935, 0.        ])
117.6722 	EXP 	prac_image: size = array([0.17296, 0.17296])
117.6722 	EXP 	prac_image: image = 'Stimuli/SofS2.jpg'
117.6722 	EXP 	text_5: autoDraw = True
117.6722 	EXP 	prac_image: autoDraw = True
119.7102 	DATA 	Keypress: j
121.6720 	EXP 	text_5: autoDraw = False
121.6720 	EXP 	prac_image: autoDraw = False
121.6720 	EXP 	text_5: autoDraw = False
121.6720 	EXP 	prac_image: autoDraw = False
121.6720 	EXP 	imFeedback: image = 'Stimuli/greenCheck.png'
121.6720 	EXP 	feedback_msg: text = 'Well done!'
121.6720 	EXP 	imFeedback: autoDraw = True
121.6720 	EXP 	feedback_msg: autoDraw = True
123.6586 	EXP 	New trial (rep=0, index=4): OrderedDict([('runID', 1), ('imgID', 4), ('stimLabel', 'smallHincon'), ('imFile', 'Stimuli/SofH2.jpg'), ('corr', 'f'), ('side', 'right')])
123.6722 	EXP 	imFeedback: autoDraw = False
123.6722 	EXP 	feedback_msg: autoDraw = False
123.6722 	EXP 	text: color = 'white (named)'
123.6722 	EXP 	text: autoDraw = True
124.9723 	EXP 	text: autoDraw = False
124.9723 	EXP 	text: autoDraw = False
124.9723 	EXP 	text_5: color = 'white (named)'
124.9723 	EXP 	prac_image: pos = array([0.17380935, 0.        ])
124.9723 	EXP 	prac_image: size = array([0.17296, 0.17296])
124.9723 	EXP 	prac_image: image = 'Stimuli/SofH2.jpg'
124.9723 	EXP 	text_5: autoDraw = True
124.9723 	EXP 	prac_image: autoDraw = True
126.3236 	DATA 	Keypress: f
128.9722 	EXP 	text_5: autoDraw = False
128.9722 	EXP 	prac_image: autoDraw = False
128.9722 	EXP 	text_5: autoDraw = False
128.9722 	EXP 	prac_image: autoDraw = False
128.9722 	EXP 	imFeedback: image = 'Stimuli/greenCheck.png'
128.9722 	EXP 	feedback_msg: text = 'Well done!'
128.9722 	EXP 	imFeedback: autoDraw = True
128.9722 	EXP 	feedback_msg: autoDraw = True
130.9586 	EXP 	New trial (rep=0, index=5): OrderedDict([('runID', 1), ('imgID', 5), ('stimLabel', 'smallScongr'), ('imFile', 'Stimuli/SofS2.jpg'), ('corr', 'j'), ('side', 'left')])
130.9722 	EXP 	imFeedback: autoDraw = False
130.9722 	EXP 	feedback_msg: autoDraw = False
130.9722 	EXP 	text: color = 'white (named)'
130.9722 	EXP 	text: autoDraw = True
132.4224 	EXP 	text: autoDraw = False
132.4224 	EXP 	text: autoDraw = False
132.4224 	EXP 	text_5: color = 'white (named)'
132.4224 	EXP 	prac_image: pos = array([-0.17380935,  0.        ])
132.4224 	EXP 	prac_image: size = array([0.17296, 0.17296])
132.4224 	EXP 	prac_image: image = 'Stimuli/SofS2.jpg'
132.4224 	EXP 	text_5: autoDraw = True
132.4224 	EXP 	prac_image: autoDraw = True
133.5574 	DATA 	Keypress: j
136.4224 	EXP 	text_5: autoDraw = False
136.4224 	EXP 	prac_image: autoDraw = False
136.4224 	EXP 	text_5: autoDraw = False
136.4224 	EXP 	prac_image: autoDraw = False
136.4224 	EXP 	imFeedback: image = 'Stimuli/greenCheck.png'
136.4224 	EXP 	feedback_msg: text = 'Well done!'
136.4224 	EXP 	imFeedback: autoDraw = True
136.4224 	EXP 	feedback_msg: autoDraw = True
138.4391 	EXP 	imFeedback: autoDraw = False
138.4391 	EXP 	feedback_msg: autoDraw = False
138.4391 	EXP 	imFeedback: autoDraw = False
138.4391 	EXP 	feedback_msg: autoDraw = False
138.4391 	EXP 	text_7: text = "Good job! \nYou missed 2 of the fix changes. \n In the real game, make sure you press Space as soon as you see it change!\n\n Let's try some more practice. \n Press Space to start."
138.4391 	EXP 	text_7: autoDraw = True
153.6178 	DATA 	Keypress: escape
153.9823 	EXP 	window1: mouseVisible = True
153.9824 	DEBUG 	Saving data for global_local ExperimentHandler
153.9831 	INFO 	saved data to /Users/sophia/Documents/PycharmProjects/Global_Local_Study/data/_global_local_2020_Dec_21_1507.psydat
153.9838 	INFO 	saved data to '/Users/sophia/Documents/PycharmProjects/Global_Local_Study/data/_global_local_2020_Dec_21_1507.csv'
