164.3849 	INFO 	Loaded monitor calibration from ['2020_09_20 15:42']
166.7086 	WARNING 	Couldn't measure a consistent frame rate.
  - Is your graphics card set to sync to vertical blank?
  - Are you running other processes on your computer?

166.7091 	EXP 	Created window1 = Window(allowGUI=False, allowStencil=False, args=UNKNOWN, autoLog=True, bitsMode=UNKNOWN, blendMode='avg', bpc=(8, 8, 8), color=array([0., 0., 0.]), colorSpace='rgb', depthBits=8, fullscr=<method-wrapper '__getattribute__' of attributeSetter object at 0x1552ff9e8>, gamma=None, gammaErrorPolicy='raise', kwargs=UNKNOWN, lms=UNKNOWN, monitor=<psychopy.monitors.calibTools.Monitor object at 0x155f039b0>, multiSample=False, name='window1', numSamples=2, pos=[448.0, 280.0], screen=0, size=array([3584, 2240]), stencilBits=0, stereo=False, units='height', useFBO=True, useRetina=True, viewOri=0.0, viewPos=None, viewScale=None, waitBlanking=True, winType='pyglet')
166.7094 	EXP 	window1: mouseVisible = True
166.7094 	EXP 	window1: recordFrameIntervals = False
166.8755 	EXP 	window1: recordFrameIntervals = True
168.5399 	WARNING 	Couldn't measure a consistent frame rate.
  - Is your graphics card set to sync to vertical blank?
  - Are you running other processes on your computer?

169.0091 	EXP 	Created text_top = TextStim(__class__=<class 'psychopy.visual.text.TextStim'>, alignHoriz=method-wrapper(...), alignText='center', alignVert=method-wrapper(...), anchorHoriz='center', anchorVert='center', antialias=True, autoLog=True, bold=False, color='black', colorSpace='named', contrast=1.0, depth=-2.0, flipHoriz=False, flipVert=False, font='Arial', fontFiles=[], height=0.05, italic=False, languageStyle='LTR', name='text_top', opacity=1.0, ori=0, pos=array([0. , 0.3]), rgb=array([0., 0., 0.]), text=str(...), units='height', win=Window(...), wrapWidth=1)
169.0153 	EXP 	Created text_bottom = TextStim(__class__=<class 'psychopy.visual.text.TextStim'>, alignHoriz=method-wrapper(...), alignText='center', alignVert=method-wrapper(...), anchorHoriz='center', anchorVert='center', antialias=True, autoLog=True, bold=False, color='black', colorSpace='named', contrast=1.0, depth=-3.0, flipHoriz=False, flipVert=False, font='Arial', fontFiles=[], height=0.05, italic=False, languageStyle='LTR', name='text_bottom', opacity=1.0, ori=0, pos=array([ 0. , -0.3]), rgb=array([0., 0., 0.]), text='Press Space when you’re finished', units='height', win=Window(...), wrapWidth=1)
169.0385 	EXP 	Created ccimage = ImageStim(__class__=<class 'psychopy.visual.image.ImageStim'>, autoLog=True, color=array([1., 1., 1.]), colorSpace='rgb', contrast=1.0, depth=-4.0, flipHoriz=False, flipVert=False, image='bankcard.png', interpolate=True, mask=None, maskParams=None, name='ccimage', opacity=1.0, ori=0.0, pos=array([0., 0.]), size=array([0.428 , 0.2699]), texRes=512, units='height', win=Window(...))
169.0401 	EXP 	Created prac_instr1 = ImageStim(__class__=<class 'psychopy.visual.image.ImageStim'>, autoLog=True, color=array([1., 1., 1.]), colorSpace='rgb', contrast=1.0, depth=-1.0, flipHoriz=False, flipVert=False, image='sin', interpolate=True, mask=None, maskParams=None, name='prac_instr1', opacity=1.0, ori=0.0, pos=array([0., 0.]), size=array([1.3275, 0.75  ]), texRes=512, units='height', win=Window(...))
169.4535 	EXP 	Created prac_instr2 = ImageStim(__class__=<class 'psychopy.visual.image.ImageStim'>, autoLog=True, color=array([1., 1., 1.]), colorSpace='rgb', contrast=1.0, depth=0.0, flipHoriz=False, flipVert=False, image='Designs/prac_instr2.png', interpolate=True, mask=None, maskParams=None, name='prac_instr2', opacity=1.0, ori=0.0, pos=array([0., 0.]), size=array([1.3275, 0.75  ]), texRes=512, units='height', win=Window(...))
169.8486 	EXP 	Created prac_instr3 = ImageStim(__class__=<class 'psychopy.visual.image.ImageStim'>, autoLog=True, color=array([1., 1., 1.]), colorSpace='rgb', contrast=1.0, depth=0.0, flipHoriz=False, flipVert=False, image='Designs/prac_instr3.png', interpolate=True, mask=None, maskParams=None, name='prac_instr3', opacity=1.0, ori=0.0, pos=array([0., 0.]), size=array([1.3275, 0.75  ]), texRes=512, units='height', win=Window(...))
170.2234 	EXP 	Created image_2 = ImageStim(__class__=<class 'psychopy.visual.image.ImageStim'>, autoLog=True, color=array([1., 1., 1.]), colorSpace='rgb', contrast=1.0, depth=-1.0, flipHoriz=False, flipVert=False, image='sin', interpolate=True, mask=None, maskParams=None, name='image_2', opacity=1.0, ori=0.0, pos=array([0., 0.]), size=array([1.3275, 0.75  ]), texRes=512, units='height', win=Window(...))
170.6256 	EXP 	Created text_8 = TextStim(__class__=<class 'psychopy.visual.text.TextStim'>, alignHoriz=method-wrapper(...), alignText='center', alignVert=method-wrapper(...), anchorHoriz='center', anchorVert='center', antialias=True, autoLog=True, bold=False, color='white', colorSpace='named', contrast=1.0, depth=0.0, flipHoriz=False, flipVert=False, font='Arial', fontFiles=[], height=0.05, italic=False, languageStyle='LTR', name='text_8', opacity=1.0, ori=0, pos=array([0., 0.]), rgb=array([255., 255., 255.]), text='+', units='height', win=Window(...), wrapWidth=1)
170.6269 	EXP 	Created image = ImageStim(__class__=<class 'psychopy.visual.image.ImageStim'>, autoLog=True, color=array([1., 1., 1.]), colorSpace='rgb', contrast=1.0, depth=-1.0, flipHoriz=False, flipVert=False, image='sin', interpolate=True, mask=None, maskParams=None, name='image', opacity=1.0, ori=0.0, pos=array([0., 0.]), size=array([1., 1.]), texRes=512, units='height', win=Window(...))
171.0004 	EXP 	Created image_3 = ImageStim(__class__=<class 'psychopy.visual.image.ImageStim'>, autoLog=True, color=array([1., 1., 1.]), colorSpace='rgb', contrast=1.0, depth=-1.0, flipHoriz=False, flipVert=False, image='sin', interpolate=True, mask=None, maskParams=None, name='image_3', opacity=1.0, ori=0.0, pos=array([0., 0.]), size=array([1.3275, 0.75  ]), texRes=512, units='height', win=Window(...))
171.3693 	EXP 	Created Pinstructions_imageR1 = ImageStim(__class__=<class 'psychopy.visual.image.ImageStim'>, autoLog=True, color=array([1., 1., 1.]), colorSpace='rgb', contrast=1.0, depth=-1.0, flipHoriz=False, flipVert=False, image='sin', interpolate=True, mask=None, maskParams=None, name='Pinstructions_imageR1', opacity=1.0, ori=0.0, pos=array([0., 0.]), size=array([1.3125, 0.75  ]), texRes=512, units='height', win=Window(...))
171.7383 	EXP 	Created text = TextStim(__class__=<class 'psychopy.visual.text.TextStim'>, alignHoriz=method-wrapper(...), alignText='center', alignVert=method-wrapper(...), anchorHoriz='center', anchorVert='center', antialias=True, autoLog=True, bold=False, color='white', colorSpace='named', contrast=1.0, depth=-1.0, flipHoriz=False, flipVert=False, font='Arial', fontFiles=[], height=0.05, italic=False, languageStyle='LTR', name='text', opacity=1.0, ori=0, pos=array([0., 0.]), rgb=array([255., 255., 255.]), text='+', units='height', win=Window(...), wrapWidth=1)
171.7393 	EXP 	Created text_5 = TextStim(__class__=<class 'psychopy.visual.text.TextStim'>, alignHoriz=method-wrapper(...), alignText='center', alignVert=method-wrapper(...), anchorHoriz='center', anchorVert='center', antialias=True, autoLog=True, bold=False, color='white', colorSpace='named', contrast=1.0, depth=0.0, flipHoriz=False, flipVert=False, font='Arial', fontFiles=[], height=0.05, italic=False, languageStyle='LTR', name='text_5', opacity=1.0, ori=0, pos=array([0., 0.]), rgb=array([255., 255., 255.]), text='+', units='height', win=Window(...), wrapWidth=1)
171.7404 	EXP 	Created prac_image = ImageStim(__class__=<class 'psychopy.visual.image.ImageStim'>, autoLog=True, color=array([1., 1., 1.]), colorSpace='rgb', contrast=1.0, depth=-1.0, flipHoriz=False, flipVert=False, image='sin', interpolate=True, mask=None, maskParams=None, name='prac_image', opacity=1.0, ori=0.0, pos=array([0., 0.]), size=array([1., 1.]), texRes=512, units='height', win=Window(...))
172.4812 	EXP 	Created imFeedback = ImageStim(__class__=<class 'psychopy.visual.image.ImageStim'>, autoLog=True, color=array([1., 1., 1.]), colorSpace='rgb', contrast=1.0, depth=-1.0, flipHoriz=False, flipVert=False, image='sin', interpolate=True, mask=None, maskParams=None, name='imFeedback', opacity=1.0, ori=0.0, pos=array([0., 0.]), size=array([0.25, 0.25]), texRes=512, units='height', win=Window(...))
172.4851 	EXP 	Created feedback_msg = TextStim(__class__=<class 'psychopy.visual.text.TextStim'>, alignHoriz=method-wrapper(...), alignText='center', alignVert=method-wrapper(...), anchorHoriz='center', anchorVert='center', antialias=True, autoLog=True, bold=False, color='black', colorSpace='named', contrast=1.0, depth=-2.0, flipHoriz=False, flipVert=False, font='Arial', fontFiles=[], height=0.05, italic=False, languageStyle='LTR', name='feedback_msg', opacity=1.0, ori=0, pos=array([ 0.  , -0.25]), rgb=array([0., 0., 0.]), text='default text', units='height', win=Window(...), wrapWidth=1)
172.4868 	EXP 	Created text_7 = TextStim(__class__=<class 'psychopy.visual.text.TextStim'>, alignHoriz=method-wrapper(...), alignText='center', alignVert=method-wrapper(...), anchorHoriz='center', anchorVert='center', antialias=True, autoLog=True, bold=False, color='black', colorSpace='named', contrast=1.0, depth=-1.0, flipHoriz=False, flipVert=False, font='Arial', fontFiles=[], height=0.05, italic=False, languageStyle='LTR', name='text_7', opacity=1.0, ori=0, pos=array([0., 0.]), rgb=array([0., 0., 0.]), text='default text', units='height', win=Window(...), wrapWidth=1)
172.8630 	EXP 	Created instructions_imageR1 = ImageStim(__class__=<class 'psychopy.visual.image.ImageStim'>, autoLog=True, color=array([1., 1., 1.]), colorSpace='rgb', contrast=1.0, depth=-1.0, flipHoriz=False, flipVert=False, image='sin', interpolate=True, mask=None, maskParams=None, name='instructions_imageR1', opacity=1.0, ori=0.0, pos=array([0., 0.]), size=array([1.3275, 0.75  ]), texRes=512, units='height', win=Window(...))
173.2435 	EXP 	Created text_2 = TextStim(__class__=<class 'psychopy.visual.text.TextStim'>, alignHoriz=method-wrapper(...), alignText='center', alignVert=method-wrapper(...), anchorHoriz='center', anchorVert='center', antialias=True, autoLog=True, bold=False, color='white', colorSpace='named', contrast=1.0, depth=-1.0, flipHoriz=False, flipVert=False, font='Arial', fontFiles=[], height=0.05, italic=False, languageStyle='LTR', name='text_2', opacity=1.0, ori=0, pos=array([0., 0.]), rgb=array([255., 255., 255.]), text='+', units='height', win=Window(...), wrapWidth=1)
173.6162 	EXP 	Created text_6 = TextStim(__class__=<class 'psychopy.visual.text.TextStim'>, alignHoriz=method-wrapper(...), alignText='center', alignVert=method-wrapper(...), anchorHoriz='center', anchorVert='center', antialias=True, autoLog=True, bold=False, color='white', colorSpace='named', contrast=1.0, depth=0.0, flipHoriz=False, flipVert=False, font='Arial', fontFiles=[], height=0.05, italic=False, languageStyle='LTR', name='text_6', opacity=1.0, ori=0, pos=array([0., 0.]), rgb=array([255., 255., 255.]), text='+', units='height', win=Window(...), wrapWidth=1)
173.6173 	EXP 	Created trial_image = ImageStim(__class__=<class 'psychopy.visual.image.ImageStim'>, autoLog=True, color=array([1., 1., 1.]), colorSpace='rgb', contrast=1.0, depth=-1.0, flipHoriz=False, flipVert=False, image='sin', interpolate=True, mask=None, maskParams=None, name='trial_image', opacity=1.0, ori=0.0, pos=array([0., 0.]), size=array([1., 1.]), texRes=512, units='height', win=Window(...))
174.3925 	EXP 	Created image_4 = ImageStim(__class__=<class 'psychopy.visual.image.ImageStim'>, autoLog=True, color=array([1., 1., 1.]), colorSpace='rgb', contrast=1.0, depth=-1.0, flipHoriz=False, flipVert=False, image='Designs/baby_dory_GJ.png', interpolate=True, mask=None, maskParams=None, name='image_4', opacity=1.0, ori=0.0, pos=array([0. , 0.5]), size=array([0.4  , 0.732]), texRes=512, units='height', win=Window(...))
174.3942 	EXP 	Created text_10 = TextStim(__class__=<class 'psychopy.visual.text.TextStim'>, alignHoriz=method-wrapper(...), alignText='center', alignVert=method-wrapper(...), anchorHoriz='center', anchorVert='center', antialias=True, autoLog=True, bold=False, color='black', colorSpace='named', contrast=1.0, depth=-2.0, flipHoriz=False, flipVert=False, font='Arial', fontFiles=[], height=0.05, italic=False, languageStyle='LTR', name='text_10', opacity=1.0, ori=0, pos=array([ 0., -1.]), rgb=array([0., 0., 0.]), text='default text', units='height', win=Window(...), wrapWidth=1)
174.3955 	EXP 	Created image_2 = ImageStim(__class__=<class 'psychopy.visual.image.ImageStim'>, autoLog=True, color=array([1., 1., 1.]), colorSpace='rgb', contrast=1.0, depth=-1.0, flipHoriz=False, flipVert=False, image='sin', interpolate=True, mask=None, maskParams=None, name='image_2', opacity=1.0, ori=0.0, pos=array([0., 0.]), size=array([1.3275, 0.75  ]), texRes=512, units='height', win=Window(...))
174.7744 	EXP 	Created text_8 = TextStim(__class__=<class 'psychopy.visual.text.TextStim'>, alignHoriz=method-wrapper(...), alignText='center', alignVert=method-wrapper(...), anchorHoriz='center', anchorVert='center', antialias=True, autoLog=True, bold=False, color='white', colorSpace='named', contrast=1.0, depth=0.0, flipHoriz=False, flipVert=False, font='Arial', fontFiles=[], height=0.05, italic=False, languageStyle='LTR', name='text_8', opacity=1.0, ori=0, pos=array([0., 0.]), rgb=array([255., 255., 255.]), text='+', units='height', win=Window(...), wrapWidth=1)
174.7756 	EXP 	Created image = ImageStim(__class__=<class 'psychopy.visual.image.ImageStim'>, autoLog=True, color=array([1., 1., 1.]), colorSpace='rgb', contrast=1.0, depth=-1.0, flipHoriz=False, flipVert=False, image='sin', interpolate=True, mask=None, maskParams=None, name='image', opacity=1.0, ori=0.0, pos=array([0., 0.]), size=array([1., 1.]), texRes=512, units='height', win=Window(...))
175.1543 	EXP 	Created image_3 = ImageStim(__class__=<class 'psychopy.visual.image.ImageStim'>, autoLog=True, color=array([1., 1., 1.]), colorSpace='rgb', contrast=1.0, depth=-1.0, flipHoriz=False, flipVert=False, image='sin', interpolate=True, mask=None, maskParams=None, name='image_3', opacity=1.0, ori=0.0, pos=array([0., 0.]), size=array([1.3275, 0.75  ]), texRes=512, units='height', win=Window(...))
175.5309 	EXP 	Created Pinstructions_imageR2 = ImageStim(__class__=<class 'psychopy.visual.image.ImageStim'>, autoLog=True, color=array([1., 1., 1.]), colorSpace='rgb', contrast=1.0, depth=-1.0, flipHoriz=False, flipVert=False, image='sin', interpolate=True, mask=None, maskParams=None, name='Pinstructions_imageR2', opacity=1.0, ori=0.0, pos=array([0., 0.]), size=array([1.3275, 0.75  ]), texRes=512, units='height', win=Window(...))
175.9074 	EXP 	Created text_3 = TextStim(__class__=<class 'psychopy.visual.text.TextStim'>, alignHoriz=method-wrapper(...), alignText='center', alignVert=method-wrapper(...), anchorHoriz='center', anchorVert='center', antialias=True, autoLog=True, bold=False, color='white', colorSpace='named', contrast=1.0, depth=-1.0, flipHoriz=False, flipVert=False, font='Arial', fontFiles=[], height=0.05, italic=False, languageStyle='LTR', name='text_3', opacity=1.0, ori=0, pos=array([0., 0.]), rgb=array([255., 255., 255.]), text='+', units='height', win=Window(...), wrapWidth=1)
176.2798 	EXP 	Created text_5 = TextStim(__class__=<class 'psychopy.visual.text.TextStim'>, alignHoriz=method-wrapper(...), alignText='center', alignVert=method-wrapper(...), anchorHoriz='center', anchorVert='center', antialias=True, autoLog=True, bold=False, color='white', colorSpace='named', contrast=1.0, depth=0.0, flipHoriz=False, flipVert=False, font='Arial', fontFiles=[], height=0.05, italic=False, languageStyle='LTR', name='text_5', opacity=1.0, ori=0, pos=array([0., 0.]), rgb=array([255., 255., 255.]), text='+', units='height', win=Window(...), wrapWidth=1)
176.2810 	EXP 	Created prac_image = ImageStim(__class__=<class 'psychopy.visual.image.ImageStim'>, autoLog=True, color=array([1., 1., 1.]), colorSpace='rgb', contrast=1.0, depth=-1.0, flipHoriz=False, flipVert=False, image='sin', interpolate=True, mask=None, maskParams=None, name='prac_image', opacity=1.0, ori=0.0, pos=array([0., 0.]), size=array([1., 1.]), texRes=512, units='height', win=Window(...))
177.0170 	EXP 	Created imFeedback = ImageStim(__class__=<class 'psychopy.visual.image.ImageStim'>, autoLog=True, color=array([1., 1., 1.]), colorSpace='rgb', contrast=1.0, depth=-1.0, flipHoriz=False, flipVert=False, image='sin', interpolate=True, mask=None, maskParams=None, name='imFeedback', opacity=1.0, ori=0.0, pos=array([0., 0.]), size=array([0.25, 0.25]), texRes=512, units='height', win=Window(...))
177.0194 	EXP 	Created feedback_msg = TextStim(__class__=<class 'psychopy.visual.text.TextStim'>, alignHoriz=method-wrapper(...), alignText='center', alignVert=method-wrapper(...), anchorHoriz='center', anchorVert='center', antialias=True, autoLog=True, bold=False, color='black', colorSpace='named', contrast=1.0, depth=-2.0, flipHoriz=False, flipVert=False, font='Arial', fontFiles=[], height=0.05, italic=False, languageStyle='LTR', name='feedback_msg', opacity=1.0, ori=0, pos=array([ 0.  , -0.25]), rgb=array([0., 0., 0.]), text='default text', units='height', win=Window(...), wrapWidth=1)
177.0211 	EXP 	Created text_9 = TextStim(__class__=<class 'psychopy.visual.text.TextStim'>, alignHoriz=method-wrapper(...), alignText='center', alignVert=method-wrapper(...), anchorHoriz='center', anchorVert='center', antialias=True, autoLog=True, bold=False, color='black', colorSpace='named', contrast=1.0, depth=-1.0, flipHoriz=False, flipVert=False, font='Arial', fontFiles=[], height=0.05, italic=False, languageStyle='LTR', name='text_9', opacity=1.0, ori=0, pos=array([0., 0.]), rgb=array([0., 0., 0.]), text='default text', units='height', win=Window(...), wrapWidth=1)
177.3907 	EXP 	Created instructions_imageR2 = ImageStim(__class__=<class 'psychopy.visual.image.ImageStim'>, autoLog=True, color=array([1., 1., 1.]), colorSpace='rgb', contrast=1.0, depth=-1.0, flipHoriz=False, flipVert=False, image='sin', interpolate=True, mask=None, maskParams=None, name='instructions_imageR2', opacity=1.0, ori=0.0, pos=array([0., 0.]), size=array([1.3275, 0.75  ]), texRes=512, units='height', win=Window(...))
177.7594 	EXP 	Created text_4 = TextStim(__class__=<class 'psychopy.visual.text.TextStim'>, alignHoriz=method-wrapper(...), alignText='center', alignVert=method-wrapper(...), anchorHoriz='center', anchorVert='center', antialias=True, autoLog=True, bold=False, color='white', colorSpace='named', contrast=1.0, depth=-1.0, flipHoriz=False, flipVert=False, font='Arial', fontFiles=[], height=0.05, italic=False, languageStyle='LTR', name='text_4', opacity=1.0, ori=0, pos=array([0., 0.]), rgb=array([255., 255., 255.]), text='+', units='height', win=Window(...), wrapWidth=1)
178.1272 	EXP 	Created text_6 = TextStim(__class__=<class 'psychopy.visual.text.TextStim'>, alignHoriz=method-wrapper(...), alignText='center', alignVert=method-wrapper(...), anchorHoriz='center', anchorVert='center', antialias=True, autoLog=True, bold=False, color='white', colorSpace='named', contrast=1.0, depth=0.0, flipHoriz=False, flipVert=False, font='Arial', fontFiles=[], height=0.05, italic=False, languageStyle='LTR', name='text_6', opacity=1.0, ori=0, pos=array([0., 0.]), rgb=array([255., 255., 255.]), text='+', units='height', win=Window(...), wrapWidth=1)
178.1284 	EXP 	Created trial_image = ImageStim(__class__=<class 'psychopy.visual.image.ImageStim'>, autoLog=True, color=array([1., 1., 1.]), colorSpace='rgb', contrast=1.0, depth=-1.0, flipHoriz=False, flipVert=False, image='sin', interpolate=True, mask=None, maskParams=None, name='trial_image', opacity=1.0, ori=0.0, pos=array([0., 0.]), size=array([1., 1.]), texRes=512, units='height', win=Window(...))
178.8955 	EXP 	Created image_4 = ImageStim(__class__=<class 'psychopy.visual.image.ImageStim'>, autoLog=True, color=array([1., 1., 1.]), colorSpace='rgb', contrast=1.0, depth=-1.0, flipHoriz=False, flipVert=False, image='Designs/baby_dory_GJ.png', interpolate=True, mask=None, maskParams=None, name='image_4', opacity=1.0, ori=0.0, pos=array([0. , 0.5]), size=array([0.4  , 0.732]), texRes=512, units='height', win=Window(...))
178.8976 	EXP 	Created text_10 = TextStim(__class__=<class 'psychopy.visual.text.TextStim'>, alignHoriz=method-wrapper(...), alignText='center', alignVert=method-wrapper(...), anchorHoriz='center', anchorVert='center', antialias=True, autoLog=True, bold=False, color='black', colorSpace='named', contrast=1.0, depth=-2.0, flipHoriz=False, flipVert=False, font='Arial', fontFiles=[], height=0.05, italic=False, languageStyle='LTR', name='text_10', opacity=1.0, ori=0, pos=array([ 0., -1.]), rgb=array([0., 0., 0.]), text='default text', units='height', win=Window(...), wrapWidth=1)
178.8989 	EXP 	Created instructions_imageR1 = ImageStim(__class__=<class 'psychopy.visual.image.ImageStim'>, autoLog=True, color=array([1., 1., 1.]), colorSpace='rgb', contrast=1.0, depth=-1.0, flipHoriz=False, flipVert=False, image='sin', interpolate=True, mask=None, maskParams=None, name='instructions_imageR1', opacity=1.0, ori=0.0, pos=array([0., 0.]), size=array([1.3275, 0.75  ]), texRes=512, units='height', win=Window(...))
179.2693 	EXP 	Created text_2 = TextStim(__class__=<class 'psychopy.visual.text.TextStim'>, alignHoriz=method-wrapper(...), alignText='center', alignVert=method-wrapper(...), anchorHoriz='center', anchorVert='center', antialias=True, autoLog=True, bold=False, color='white', colorSpace='named', contrast=1.0, depth=-1.0, flipHoriz=False, flipVert=False, font='Arial', fontFiles=[], height=0.05, italic=False, languageStyle='LTR', name='text_2', opacity=1.0, ori=0, pos=array([0., 0.]), rgb=array([255., 255., 255.]), text='+', units='height', win=Window(...), wrapWidth=1)
179.6382 	EXP 	Created text_6 = TextStim(__class__=<class 'psychopy.visual.text.TextStim'>, alignHoriz=method-wrapper(...), alignText='center', alignVert=method-wrapper(...), anchorHoriz='center', anchorVert='center', antialias=True, autoLog=True, bold=False, color='white', colorSpace='named', contrast=1.0, depth=0.0, flipHoriz=False, flipVert=False, font='Arial', fontFiles=[], height=0.05, italic=False, languageStyle='LTR', name='text_6', opacity=1.0, ori=0, pos=array([0., 0.]), rgb=array([255., 255., 255.]), text='+', units='height', win=Window(...), wrapWidth=1)
179.6393 	EXP 	Created trial_image = ImageStim(__class__=<class 'psychopy.visual.image.ImageStim'>, autoLog=True, color=array([1., 1., 1.]), colorSpace='rgb', contrast=1.0, depth=-1.0, flipHoriz=False, flipVert=False, image='sin', interpolate=True, mask=None, maskParams=None, name='trial_image', opacity=1.0, ori=0.0, pos=array([0., 0.]), size=array([1., 1.]), texRes=512, units='height', win=Window(...))
180.4154 	EXP 	Created image_4 = ImageStim(__class__=<class 'psychopy.visual.image.ImageStim'>, autoLog=True, color=array([1., 1., 1.]), colorSpace='rgb', contrast=1.0, depth=-1.0, flipHoriz=False, flipVert=False, image='Designs/baby_dory_GJ.png', interpolate=True, mask=None, maskParams=None, name='image_4', opacity=1.0, ori=0.0, pos=array([0. , 0.5]), size=array([0.4  , 0.732]), texRes=512, units='height', win=Window(...))
180.4175 	EXP 	Created text_10 = TextStim(__class__=<class 'psychopy.visual.text.TextStim'>, alignHoriz=method-wrapper(...), alignText='center', alignVert=method-wrapper(...), anchorHoriz='center', anchorVert='center', antialias=True, autoLog=True, bold=False, color='black', colorSpace='named', contrast=1.0, depth=-2.0, flipHoriz=False, flipVert=False, font='Arial', fontFiles=[], height=0.05, italic=False, languageStyle='LTR', name='text_10', opacity=1.0, ori=0, pos=array([ 0., -1.]), rgb=array([0., 0., 0.]), text='default text', units='height', win=Window(...), wrapWidth=1)
180.4188 	EXP 	Created instructions_imageR2 = ImageStim(__class__=<class 'psychopy.visual.image.ImageStim'>, autoLog=True, color=array([1., 1., 1.]), colorSpace='rgb', contrast=1.0, depth=-1.0, flipHoriz=False, flipVert=False, image='sin', interpolate=True, mask=None, maskParams=None, name='instructions_imageR2', opacity=1.0, ori=0.0, pos=array([0., 0.]), size=array([1.3275, 0.75  ]), texRes=512, units='height', win=Window(...))
180.7898 	EXP 	Created text_4 = TextStim(__class__=<class 'psychopy.visual.text.TextStim'>, alignHoriz=method-wrapper(...), alignText='center', alignVert=method-wrapper(...), anchorHoriz='center', anchorVert='center', antialias=True, autoLog=True, bold=False, color='white', colorSpace='named', contrast=1.0, depth=-1.0, flipHoriz=False, flipVert=False, font='Arial', fontFiles=[], height=0.05, italic=False, languageStyle='LTR', name='text_4', opacity=1.0, ori=0, pos=array([0., 0.]), rgb=array([255., 255., 255.]), text='+', units='height', win=Window(...), wrapWidth=1)
181.1593 	EXP 	Created text_6 = TextStim(__class__=<class 'psychopy.visual.text.TextStim'>, alignHoriz=method-wrapper(...), alignText='center', alignVert=method-wrapper(...), anchorHoriz='center', anchorVert='center', antialias=True, autoLog=True, bold=False, color='white', colorSpace='named', contrast=1.0, depth=0.0, flipHoriz=False, flipVert=False, font='Arial', fontFiles=[], height=0.05, italic=False, languageStyle='LTR', name='text_6', opacity=1.0, ori=0, pos=array([0., 0.]), rgb=array([255., 255., 255.]), text='+', units='height', win=Window(...), wrapWidth=1)
181.1605 	EXP 	Created trial_image = ImageStim(__class__=<class 'psychopy.visual.image.ImageStim'>, autoLog=True, color=array([1., 1., 1.]), colorSpace='rgb', contrast=1.0, depth=-1.0, flipHoriz=False, flipVert=False, image='sin', interpolate=True, mask=None, maskParams=None, name='trial_image', opacity=1.0, ori=0.0, pos=array([0., 0.]), size=array([1., 1.]), texRes=512, units='height', win=Window(...))
181.9323 	EXP 	Created image_5 = ImageStim(__class__=<class 'psychopy.visual.image.ImageStim'>, autoLog=True, color=array([1., 1., 1.]), colorSpace='rgb', contrast=1.0, depth=0.0, flipHoriz=False, flipVert=False, image='Designs/baby_squirt_GJ.png', interpolate=True, mask=None, maskParams=None, name='image_5', opacity=1.0, ori=0.0, pos=array([0., 0.]), size=array([0.8, 0.5]), texRes=512, units='height', win=Window(...))
181.9687 	WARNING 	t of last frame was 13429.03ms (=1/0)
181.9687 	EXP 	text_top: autoDraw = True
181.9687 	EXP 	text_bottom: autoDraw = True
181.9687 	EXP 	ccimage: autoDraw = True
181.9920 	WARNING 	t of last frame was 23.26ms (=1/42)
183.8106 	WARNING 	t of last frame was 20.15ms (=1/49)
184.5078 	WARNING 	t of last frame was 31.90ms (=1/31)
187.1105 	WARNING 	Multiple dropped frames have occurred - I'll stop bothering you about them!
207.1784 	DATA 	Keypress: space
207.2375 	EXP 	ccimage: size = [0.42800000000000005, 0.2699]
207.2375 	EXP 	text_top: autoDraw = False
207.2375 	EXP 	text_bottom: autoDraw = False
207.2375 	EXP 	ccimage: autoDraw = False
207.2375 	EXP 	prac_instr1: image = 'Designs/prac_instr1.png'
207.2375 	EXP 	prac_instr1: autoDraw = True
207.6951 	DATA 	Keypress: space
207.7071 	EXP 	prac_instr1: autoDraw = False
207.7071 	EXP 	prac_instr2: autoDraw = True
207.9262 	DATA 	Keypress: space
208.1100 	DATA 	Keypress: space
208.1239 	EXP 	prac_instr2: autoDraw = False
208.1239 	EXP 	prac_instr3: autoDraw = True
208.2588 	DATA 	Keypress: space
208.4643 	DATA 	Keypress: space
208.4741 	EXP 	prac_instr3: autoDraw = False
208.4741 	EXP 	image_2: image = 'Designs/design1_run1_ex.png'
208.4741 	EXP 	image_2: autoDraw = True
208.6494 	DATA 	Keypress: space
208.6567 	EXP 	image_2: autoDraw = False
208.6567 	EXP 	image: pos = array([0.17380935, 0.        ])
208.6567 	EXP 	image: size = array([0.17296, 0.17296])
208.6567 	EXP 	image: image = 'Stimuli/HofS2.jpg'
208.6567 	EXP 	text_8: autoDraw = True
208.6567 	EXP 	image: autoDraw = True
209.5167 	DATA 	Keypress: j
209.5374 	EXP 	text_8: autoDraw = False
209.5374 	EXP 	image: autoDraw = False
209.5374 	EXP 	image_3: image = 'Designs/hand_hold_local_corr.png'
209.5374 	EXP 	image_3: autoDraw = True
209.7585 	DATA 	Keypress: space
210.6974 	DATA 	Keypress: space
210.7074 	EXP 	image_3: autoDraw = False
210.7074 	EXP 	Pinstructions_imageR1: image = 'Designs/design1_run1.png'
210.7074 	EXP 	Pinstructions_imageR1: autoDraw = True
211.4582 	DATA 	Keypress: space
212.2905 	EXP 	Created sequence: sequential, trialTypes=1, nReps=4, seed=None
212.2908 	EXP 	New trial (rep=0, index=0): None
212.2967 	DEBUG 	Read csv file with pandas: Designs/design1_run1.csv
212.2992 	DEBUG 	Clearing unnamed columns from Designs/design1_run1.csv
212.3001 	EXP 	Imported Designs/design1_run1.csv as conditions, 6 conditions, 6 params
212.3004 	EXP 	Created sequence: random, trialTypes=6, nReps=1, seed=None
212.3007 	EXP 	New trial (rep=0, index=0): OrderedDict([('runID', 1), ('imgID', 1), ('stimLabel', 'smallHcongr'), ('imFile', 'Stimuli/HofH2.jpg'), ('corr', 'f'), ('side', 'left')])
212.3029 	DATA 	Keypress: space
212.3088 	EXP 	Pinstructions_imageR1: autoDraw = False
212.3088 	EXP 	text: color = 'black (named)'
212.3088 	EXP 	text: autoDraw = True
213.7906 	EXP 	text: autoDraw = False
213.7906 	EXP 	text: autoDraw = False
213.7906 	EXP 	text_5: color = 'black (named)'
213.7906 	EXP 	prac_image: pos = array([-0.17380935,  0.        ])
213.7906 	EXP 	prac_image: size = array([0.17296, 0.17296])
213.7906 	EXP 	prac_image: image = 'Stimuli/HofH2.jpg'
213.7906 	EXP 	text_5: autoDraw = True
213.7906 	EXP 	prac_image: autoDraw = True
214.5111 	DATA 	Keypress: f
217.8092 	EXP 	text_5: autoDraw = False
217.8092 	EXP 	prac_image: autoDraw = False
217.8092 	EXP 	text_5: autoDraw = False
217.8092 	EXP 	prac_image: autoDraw = False
217.8092 	EXP 	imFeedback: image = 'Stimuli/greenCheck.png'
217.8092 	EXP 	feedback_msg: text = 'Well done!'
217.8092 	EXP 	imFeedback: autoDraw = True
217.8092 	EXP 	feedback_msg: autoDraw = True
219.7937 	EXP 	New trial (rep=0, index=1): OrderedDict([('runID', 1), ('imgID', 8), ('stimLabel', 'smallSincon'), ('imFile', 'Stimuli/HofS2.jpg'), ('corr', 'j'), ('side', 'right')])
219.8074 	EXP 	imFeedback: autoDraw = False
219.8074 	EXP 	feedback_msg: autoDraw = False
219.8074 	EXP 	text: color = 'white (named)'
219.8074 	EXP 	text: autoDraw = True
221.0907 	EXP 	text: autoDraw = False
221.0907 	EXP 	text: autoDraw = False
221.0907 	EXP 	text_5: color = 'white (named)'
221.0907 	EXP 	prac_image: pos = array([0.17380935, 0.        ])
221.0907 	EXP 	prac_image: size = array([0.17296, 0.17296])
221.0907 	EXP 	prac_image: image = 'Stimuli/HofS2.jpg'
221.0907 	EXP 	text_5: autoDraw = True
221.0907 	EXP 	prac_image: autoDraw = True
221.7588 	DATA 	Keypress: j
223.6279 	DATA 	Keypress: space
225.0909 	EXP 	text_5: autoDraw = False
225.0909 	EXP 	prac_image: autoDraw = False
225.0909 	EXP 	imFeedback: image = 'Stimuli/greenCheck.png'
225.0909 	EXP 	feedback_msg: text = 'Well done!'
225.0909 	EXP 	imFeedback: autoDraw = True
225.0909 	EXP 	feedback_msg: autoDraw = True
227.0752 	EXP 	New trial (rep=0, index=2): OrderedDict([('runID', 1), ('imgID', 3), ('stimLabel', 'smallHincon'), ('imFile', 'Stimuli/SofH2.jpg'), ('corr', 'f'), ('side', 'left')])
227.0909 	EXP 	imFeedback: autoDraw = False
227.0909 	EXP 	feedback_msg: autoDraw = False
227.0909 	EXP 	imFeedback: autoDraw = False
227.0909 	EXP 	feedback_msg: autoDraw = False
227.0909 	EXP 	text: color = 'black (named)'
227.0909 	EXP 	text: autoDraw = True
228.4574 	EXP 	text: autoDraw = False
228.4574 	EXP 	text: autoDraw = False
228.4574 	EXP 	text_5: color = 'black (named)'
228.4574 	EXP 	prac_image: pos = array([-0.17380935,  0.        ])
228.4574 	EXP 	prac_image: size = array([0.17296, 0.17296])
228.4574 	EXP 	prac_image: image = 'Stimuli/SofH2.jpg'
228.4574 	EXP 	text_5: autoDraw = True
228.4574 	EXP 	prac_image: autoDraw = True
229.3088 	DATA 	Keypress: j
230.0614 	DATA 	Keypress: f
230.2948 	DATA 	Keypress: f
232.0590 	DATA 	Keypress: space
232.4575 	EXP 	text_5: autoDraw = False
232.4575 	EXP 	prac_image: autoDraw = False
232.4575 	EXP 	imFeedback: image = 'Stimuli/greenCheck.png'
232.4575 	EXP 	feedback_msg: text = 'Well done!'
232.4575 	EXP 	imFeedback: autoDraw = True
232.4575 	EXP 	feedback_msg: autoDraw = True
234.4437 	EXP 	New trial (rep=0, index=3): OrderedDict([('runID', 1), ('imgID', 5), ('stimLabel', 'smallScongr'), ('imFile', 'Stimuli/SofS2.jpg'), ('corr', 'j'), ('side', 'left')])
234.4572 	EXP 	imFeedback: autoDraw = False
234.4572 	EXP 	feedback_msg: autoDraw = False
234.4572 	EXP 	text: color = 'black (named)'
234.4572 	EXP 	text: autoDraw = True
235.8075 	EXP 	text: autoDraw = False
235.8075 	EXP 	text: autoDraw = False
235.8075 	EXP 	text_5: color = 'black (named)'
235.8075 	EXP 	prac_image: pos = array([-0.17380935,  0.        ])
235.8075 	EXP 	prac_image: size = array([0.17296, 0.17296])
235.8075 	EXP 	prac_image: image = 'Stimuli/SofS2.jpg'
235.8075 	EXP 	text_5: autoDraw = True
235.8075 	EXP 	prac_image: autoDraw = True
237.0439 	DATA 	Keypress: j
239.8075 	EXP 	text_5: autoDraw = False
239.8075 	EXP 	prac_image: autoDraw = False
239.8075 	EXP 	text_5: autoDraw = False
239.8075 	EXP 	prac_image: autoDraw = False
239.8075 	EXP 	imFeedback: image = 'Stimuli/greenCheck.png'
239.8075 	EXP 	feedback_msg: text = 'Well done!'
239.8075 	EXP 	imFeedback: autoDraw = True
239.8075 	EXP 	feedback_msg: autoDraw = True
241.7939 	EXP 	New trial (rep=0, index=4): OrderedDict([('runID', 1), ('imgID', 7), ('stimLabel', 'smallSincon'), ('imFile', 'Stimuli/HofS2.jpg'), ('corr', 'j'), ('side', 'left')])
241.8076 	EXP 	imFeedback: autoDraw = False
241.8076 	EXP 	feedback_msg: autoDraw = False
241.8076 	EXP 	text: color = 'black (named)'
241.8076 	EXP 	text: autoDraw = True
243.5411 	EXP 	text: autoDraw = False
243.5411 	EXP 	text: autoDraw = False
243.5411 	EXP 	text_5: color = 'black (named)'
243.5411 	EXP 	prac_image: pos = array([-0.17380935,  0.        ])
243.5411 	EXP 	prac_image: size = array([0.17296, 0.17296])
243.5411 	EXP 	prac_image: image = 'Stimuli/HofS2.jpg'
243.5411 	EXP 	text_5: autoDraw = True
243.5411 	EXP 	prac_image: autoDraw = True
244.4425 	DATA 	Keypress: j
247.5408 	EXP 	text_5: autoDraw = False
247.5408 	EXP 	prac_image: autoDraw = False
247.5408 	EXP 	text_5: autoDraw = False
247.5408 	EXP 	prac_image: autoDraw = False
247.5408 	EXP 	imFeedback: image = 'Stimuli/greenCheck.png'
247.5408 	EXP 	feedback_msg: text = 'Well done!'
247.5408 	EXP 	imFeedback: autoDraw = True
247.5408 	EXP 	feedback_msg: autoDraw = True
249.5272 	EXP 	New trial (rep=0, index=5): OrderedDict([('runID', 1), ('imgID', 2), ('stimLabel', 'smallHcongr'), ('imFile', 'Stimuli/HofH2.jpg'), ('corr', 'f'), ('side', 'right')])
249.5408 	EXP 	imFeedback: autoDraw = False
249.5408 	EXP 	feedback_msg: autoDraw = False
249.5408 	EXP 	imFeedback: autoDraw = False
249.5408 	EXP 	feedback_msg: autoDraw = False
249.5408 	EXP 	text: color = 'black (named)'
249.5408 	EXP 	text: autoDraw = True
250.9244 	EXP 	text: autoDraw = False
250.9244 	EXP 	text: autoDraw = False
250.9244 	EXP 	text_5: color = 'black (named)'
250.9244 	EXP 	prac_image: pos = array([0.17380935, 0.        ])
250.9244 	EXP 	prac_image: size = array([0.17296, 0.17296])
250.9244 	EXP 	prac_image: image = 'Stimuli/HofH2.jpg'
250.9244 	EXP 	text_5: autoDraw = True
250.9244 	EXP 	prac_image: autoDraw = True
251.8588 	DATA 	Keypress: f
254.9245 	EXP 	text_5: autoDraw = False
254.9245 	EXP 	prac_image: autoDraw = False
254.9245 	EXP 	text_5: autoDraw = False
254.9245 	EXP 	prac_image: autoDraw = False
254.9245 	EXP 	imFeedback: image = 'Stimuli/greenCheck.png'
254.9245 	EXP 	feedback_msg: text = 'Well done!'
254.9245 	EXP 	imFeedback: autoDraw = True
254.9245 	EXP 	feedback_msg: autoDraw = True
256.9429 	EXP 	imFeedback: autoDraw = False
256.9429 	EXP 	feedback_msg: autoDraw = False
256.9429 	EXP 	text_7: text = 'Great job! You are now ready for the real game. \nPress Space to see the instructions again.'
256.9429 	EXP 	text_7: autoDraw = True
257.7270 	DATA 	Keypress: space
258.2014 	DATA 	Keypress: space
258.2226 	EXP 	text_7: autoDraw = False
258.2226 	EXP 	instructions_imageR1: image = 'Designs/design1_run1.png'
258.2226 	EXP 	instructions_imageR1: autoDraw = True
258.6593 	DATA 	Keypress: space
259.0766 	DATA 	Keypress: space
259.5280 	DEBUG 	Read csv file with pandas: Designs/design1_run1.csv
259.5294 	DEBUG 	Clearing unnamed columns from Designs/design1_run1.csv
259.5303 	EXP 	Imported Designs/design1_run1.csv as conditions, 8 conditions, 6 params
259.5306 	EXP 	Created sequence: fullRandom, trialTypes=8, nReps=6, seed=None
259.5310 	EXP 	New trial (rep=0, index=0): OrderedDict([('runID', 1), ('imgID', 5), ('stimLabel', 'smallScongr'), ('imFile', 'Stimuli/SofS2.jpg'), ('corr', 'j'), ('side', 'left')])
259.5330 	DATA 	Keypress: space
259.5408 	EXP 	instructions_imageR1: autoDraw = False
259.5408 	EXP 	text_2: color = 'black (named)'
259.5408 	EXP 	text_2: autoDraw = True
260.8577 	EXP 	text_2: autoDraw = False
260.8577 	EXP 	text_2: autoDraw = False
260.8577 	EXP 	text_6: color = 'black (named)'
260.8577 	EXP 	trial_image: pos = array([-0.17380935,  0.        ])
260.8577 	EXP 	trial_image: size = array([0.17296, 0.17296])
260.8577 	EXP 	trial_image: image = 'Stimuli/SofS2.jpg'
260.8577 	EXP 	text_6: autoDraw = True
260.8577 	EXP 	trial_image: autoDraw = True
262.4601 	EXP 	New trial (rep=0, index=1): OrderedDict([('runID', 1), ('imgID', 6), ('stimLabel', 'smallScongr'), ('imFile', 'Stimuli/SofS2.jpg'), ('corr', 'j'), ('side', 'right')])
262.4621 	DATA 	Keypress: j
262.4744 	EXP 	text_6: autoDraw = False
262.4744 	EXP 	trial_image: autoDraw = False
262.4744 	EXP 	text_2: color = 'black (named)'
262.4744 	EXP 	text_2: autoDraw = True
264.0744 	EXP 	text_2: autoDraw = False
264.0744 	EXP 	text_2: autoDraw = False
264.0744 	EXP 	text_6: color = 'black (named)'
264.0744 	EXP 	trial_image: pos = array([0.17380935, 0.        ])
264.0744 	EXP 	trial_image: size = array([0.17296, 0.17296])
264.0744 	EXP 	trial_image: image = 'Stimuli/SofS2.jpg'
264.0744 	EXP 	text_6: autoDraw = True
264.0744 	EXP 	trial_image: autoDraw = True
264.9271 	EXP 	New trial (rep=0, index=2): OrderedDict([('runID', 1), ('imgID', 1), ('stimLabel', 'smallHcongr'), ('imFile', 'Stimuli/HofH2.jpg'), ('corr', 'f'), ('side', 'left')])
264.9294 	DATA 	Keypress: f
264.9414 	EXP 	text_6: autoDraw = False
264.9414 	EXP 	trial_image: autoDraw = False
264.9414 	EXP 	text_2: color = 'white (named)'
264.9414 	EXP 	text_2: autoDraw = True
265.7622 	DATA 	Keypress: space
266.2081 	EXP 	text_2: autoDraw = False
266.2081 	EXP 	text_2: autoDraw = False
266.2081 	EXP 	text_6: color = 'white (named)'
266.2081 	EXP 	trial_image: pos = array([-0.17380935,  0.        ])
266.2081 	EXP 	trial_image: size = array([0.17296, 0.17296])
266.2081 	EXP 	trial_image: image = 'Stimuli/HofH2.jpg'
266.2081 	EXP 	text_6: autoDraw = True
266.2081 	EXP 	trial_image: autoDraw = True
267.0790 	EXP 	New trial (rep=0, index=3): OrderedDict([('runID', 1), ('imgID', 6), ('stimLabel', 'smallScongr'), ('imFile', 'Stimuli/SofS2.jpg'), ('corr', 'j'), ('side', 'right')])
267.0813 	DATA 	Keypress: f
267.0912 	EXP 	text_6: autoDraw = False
267.0912 	EXP 	trial_image: autoDraw = False
267.0912 	EXP 	text_2: color = 'black (named)'
267.0912 	EXP 	text_2: autoDraw = True
267.7789 	DATA 	Keypress: space
268.4243 	EXP 	text_2: autoDraw = False
268.4243 	EXP 	text_2: autoDraw = False
268.4243 	EXP 	text_6: color = 'black (named)'
268.4243 	EXP 	trial_image: pos = array([0.17380935, 0.        ])
268.4243 	EXP 	trial_image: size = array([0.17296, 0.17296])
268.4243 	EXP 	trial_image: image = 'Stimuli/SofS2.jpg'
268.4243 	EXP 	text_6: autoDraw = True
268.4243 	EXP 	trial_image: autoDraw = True
268.9762 	EXP 	New trial (rep=0, index=4): OrderedDict([('runID', 1), ('imgID', 2), ('stimLabel', 'smallHcongr'), ('imFile', 'Stimuli/HofH2.jpg'), ('corr', 'f'), ('side', 'right')])
268.9781 	DATA 	Keypress: j
268.9910 	EXP 	text_6: autoDraw = False
268.9910 	EXP 	trial_image: autoDraw = False
268.9910 	EXP 	text_2: color = 'black (named)'
268.9910 	EXP 	text_2: autoDraw = True
270.7411 	EXP 	text_2: autoDraw = False
270.7411 	EXP 	text_2: autoDraw = False
270.7411 	EXP 	text_6: color = 'black (named)'
270.7411 	EXP 	trial_image: pos = array([0.17380935, 0.        ])
270.7411 	EXP 	trial_image: size = array([0.17296, 0.17296])
270.7411 	EXP 	trial_image: image = 'Stimuli/HofH2.jpg'
270.7411 	EXP 	text_6: autoDraw = True
270.7411 	EXP 	trial_image: autoDraw = True
271.5626 	DATA 	Keypress: space
271.7437 	EXP 	New trial (rep=0, index=5): OrderedDict([('runID', 1), ('imgID', 7), ('stimLabel', 'smallSincon'), ('imFile', 'Stimuli/HofS2.jpg'), ('corr', 'j'), ('side', 'left')])
271.7460 	DATA 	Keypress: f
271.7578 	EXP 	text_6: autoDraw = False
271.7578 	EXP 	trial_image: autoDraw = False
271.7578 	EXP 	text_2: color = 'black (named)'
271.7578 	EXP 	text_2: autoDraw = True
273.0747 	EXP 	text_2: autoDraw = False
273.0747 	EXP 	text_2: autoDraw = False
273.0747 	EXP 	text_6: color = 'black (named)'
273.0747 	EXP 	trial_image: pos = array([-0.17380935,  0.        ])
273.0747 	EXP 	trial_image: size = array([0.17296, 0.17296])
273.0747 	EXP 	trial_image: image = 'Stimuli/HofS2.jpg'
273.0747 	EXP 	text_6: autoDraw = True
273.0747 	EXP 	trial_image: autoDraw = True
273.9936 	EXP 	New trial (rep=0, index=6): OrderedDict([('runID', 1), ('imgID', 6), ('stimLabel', 'smallScongr'), ('imFile', 'Stimuli/SofS2.jpg'), ('corr', 'j'), ('side', 'right')])
273.9959 	DATA 	Keypress: j
274.0077 	EXP 	text_6: autoDraw = False
274.0077 	EXP 	trial_image: autoDraw = False
274.0077 	EXP 	text_2: color = 'black (named)'
274.0077 	EXP 	text_2: autoDraw = True
275.3746 	EXP 	text_2: autoDraw = False
275.3746 	EXP 	text_2: autoDraw = False
275.3746 	EXP 	text_6: color = 'black (named)'
275.3746 	EXP 	trial_image: pos = array([0.17380935, 0.        ])
275.3746 	EXP 	trial_image: size = array([0.17296, 0.17296])
275.3746 	EXP 	trial_image: image = 'Stimuli/SofS2.jpg'
275.3746 	EXP 	text_6: autoDraw = True
275.3746 	EXP 	trial_image: autoDraw = True
276.2793 	EXP 	New trial (rep=0, index=7): OrderedDict([('runID', 1), ('imgID', 5), ('stimLabel', 'smallScongr'), ('imFile', 'Stimuli/SofS2.jpg'), ('corr', 'j'), ('side', 'left')])
276.2816 	DATA 	Keypress: j
276.2914 	EXP 	text_6: autoDraw = False
276.2914 	EXP 	trial_image: autoDraw = False
276.2914 	EXP 	text_2: color = 'black (named)'
276.2914 	EXP 	text_2: autoDraw = True
277.6244 	EXP 	text_2: autoDraw = False
277.6244 	EXP 	text_2: autoDraw = False
277.6244 	EXP 	text_6: color = 'black (named)'
277.6244 	EXP 	trial_image: pos = array([-0.17380935,  0.        ])
277.6244 	EXP 	trial_image: size = array([0.17296, 0.17296])
277.6244 	EXP 	trial_image: image = 'Stimuli/SofS2.jpg'
277.6244 	EXP 	text_6: autoDraw = True
277.6244 	EXP 	trial_image: autoDraw = True
278.4759 	EXP 	New trial (rep=1, index=0): OrderedDict([('runID', 1), ('imgID', 2), ('stimLabel', 'smallHcongr'), ('imFile', 'Stimuli/HofH2.jpg'), ('corr', 'f'), ('side', 'right')])
278.4779 	DATA 	Keypress: j
278.4912 	EXP 	text_6: autoDraw = False
278.4912 	EXP 	trial_image: autoDraw = False
278.4912 	EXP 	text_2: color = 'black (named)'
278.4912 	EXP 	text_2: autoDraw = True
279.9745 	EXP 	text_2: autoDraw = False
279.9745 	EXP 	text_2: autoDraw = False
279.9745 	EXP 	text_6: color = 'black (named)'
279.9745 	EXP 	trial_image: pos = array([0.17380935, 0.        ])
279.9745 	EXP 	trial_image: size = array([0.17296, 0.17296])
279.9745 	EXP 	trial_image: image = 'Stimuli/HofH2.jpg'
279.9745 	EXP 	text_6: autoDraw = True
279.9745 	EXP 	trial_image: autoDraw = True
280.5422 	EXP 	New trial (rep=1, index=1): OrderedDict([('runID', 1), ('imgID', 3), ('stimLabel', 'smallHincon'), ('imFile', 'Stimuli/SofH2.jpg'), ('corr', 'f'), ('side', 'left')])
280.5442 	DATA 	Keypress: f
280.5579 	EXP 	text_6: autoDraw = False
280.5579 	EXP 	trial_image: autoDraw = False
280.5579 	EXP 	text_2: color = 'black (named)'
280.5579 	EXP 	text_2: autoDraw = True
281.9579 	EXP 	text_2: autoDraw = False
281.9579 	EXP 	text_2: autoDraw = False
281.9579 	EXP 	text_6: color = 'black (named)'
281.9579 	EXP 	trial_image: pos = array([-0.17380935,  0.        ])
281.9579 	EXP 	trial_image: size = array([0.17296, 0.17296])
281.9579 	EXP 	trial_image: image = 'Stimuli/SofH2.jpg'
281.9579 	EXP 	text_6: autoDraw = True
281.9579 	EXP 	trial_image: autoDraw = True
282.5949 	EXP 	New trial (rep=1, index=2): OrderedDict([('runID', 1), ('imgID', 4), ('stimLabel', 'smallHincon'), ('imFile', 'Stimuli/SofH2.jpg'), ('corr', 'f'), ('side', 'right')])
282.5969 	DATA 	Keypress: f
282.6080 	EXP 	text_6: autoDraw = False
282.6080 	EXP 	trial_image: autoDraw = False
282.6080 	EXP 	text_2: color = 'white (named)'
282.6080 	EXP 	text_2: autoDraw = True
283.2113 	DATA 	Keypress: space
283.9414 	EXP 	text_2: autoDraw = False
283.9414 	EXP 	text_2: autoDraw = False
283.9414 	EXP 	text_6: color = 'white (named)'
283.9414 	EXP 	trial_image: pos = array([0.17380935, 0.        ])
283.9414 	EXP 	trial_image: size = array([0.17296, 0.17296])
283.9414 	EXP 	trial_image: image = 'Stimuli/SofH2.jpg'
283.9414 	EXP 	text_6: autoDraw = True
283.9414 	EXP 	trial_image: autoDraw = True
284.6126 	EXP 	New trial (rep=1, index=3): OrderedDict([('runID', 1), ('imgID', 2), ('stimLabel', 'smallHcongr'), ('imFile', 'Stimuli/HofH2.jpg'), ('corr', 'f'), ('side', 'right')])
284.6150 	DATA 	Keypress: j
284.6247 	EXP 	text_6: autoDraw = False
284.6247 	EXP 	trial_image: autoDraw = False
284.6247 	EXP 	text_2: color = 'white (named)'
284.6247 	EXP 	text_2: autoDraw = True
285.0926 	DATA 	Keypress: f
286.3081 	EXP 	text_2: autoDraw = False
286.3081 	EXP 	text_2: autoDraw = False
286.3081 	EXP 	text_6: color = 'white (named)'
286.3081 	EXP 	trial_image: pos = array([0.17380935, 0.        ])
286.3081 	EXP 	trial_image: size = array([0.17296, 0.17296])
286.3081 	EXP 	trial_image: image = 'Stimuli/HofH2.jpg'
286.3081 	EXP 	text_6: autoDraw = True
286.3081 	EXP 	trial_image: autoDraw = True
286.8958 	EXP 	New trial (rep=1, index=4): OrderedDict([('runID', 1), ('imgID', 8), ('stimLabel', 'smallSincon'), ('imFile', 'Stimuli/HofS2.jpg'), ('corr', 'j'), ('side', 'right')])
286.8981 	DATA 	Keypress: f
286.9081 	EXP 	text_6: autoDraw = False
286.9081 	EXP 	trial_image: autoDraw = False
286.9081 	EXP 	text_2: color = 'black (named)'
286.9081 	EXP 	text_2: autoDraw = True
287.6112 	DATA 	Keypress: space
288.3412 	EXP 	text_2: autoDraw = False
288.3412 	EXP 	text_2: autoDraw = False
288.3412 	EXP 	text_6: color = 'black (named)'
288.3412 	EXP 	trial_image: pos = array([0.17380935, 0.        ])
288.3412 	EXP 	trial_image: size = array([0.17296, 0.17296])
288.3412 	EXP 	trial_image: image = 'Stimuli/HofS2.jpg'
288.3412 	EXP 	text_6: autoDraw = True
288.3412 	EXP 	trial_image: autoDraw = True
289.0756 	EXP 	New trial (rep=1, index=5): OrderedDict([('runID', 1), ('imgID', 7), ('stimLabel', 'smallSincon'), ('imFile', 'Stimuli/HofS2.jpg'), ('corr', 'j'), ('side', 'left')])
289.0776 	DATA 	Keypress: j
289.0913 	EXP 	text_6: autoDraw = False
289.0913 	EXP 	trial_image: autoDraw = False
289.0913 	EXP 	text_2: color = 'black (named)'
289.0913 	EXP 	text_2: autoDraw = True
290.5078 	EXP 	text_2: autoDraw = False
290.5078 	EXP 	text_2: autoDraw = False
290.5078 	EXP 	text_6: color = 'black (named)'
290.5078 	EXP 	trial_image: pos = array([-0.17380935,  0.        ])
290.5078 	EXP 	trial_image: size = array([0.17296, 0.17296])
290.5078 	EXP 	trial_image: image = 'Stimuli/HofS2.jpg'
290.5078 	EXP 	text_6: autoDraw = True
290.5078 	EXP 	trial_image: autoDraw = True
291.5770 	EXP 	New trial (rep=1, index=6): OrderedDict([('runID', 1), ('imgID', 5), ('stimLabel', 'smallScongr'), ('imFile', 'Stimuli/SofS2.jpg'), ('corr', 'j'), ('side', 'left')])
291.5794 	DATA 	Keypress: j
291.5913 	EXP 	text_6: autoDraw = False
291.5913 	EXP 	trial_image: autoDraw = False
291.5913 	EXP 	text_2: color = 'white (named)'
291.5913 	EXP 	text_2: autoDraw = True
292.1124 	DATA 	Keypress: space
292.9748 	EXP 	text_2: autoDraw = False
292.9748 	EXP 	text_2: autoDraw = False
292.9748 	EXP 	text_6: color = 'white (named)'
292.9748 	EXP 	trial_image: pos = array([-0.17380935,  0.        ])
292.9748 	EXP 	trial_image: size = array([0.17296, 0.17296])
292.9748 	EXP 	trial_image: image = 'Stimuli/SofS2.jpg'
292.9748 	EXP 	text_6: autoDraw = True
292.9748 	EXP 	trial_image: autoDraw = True
293.7117 	EXP 	New trial (rep=1, index=7): OrderedDict([('runID', 1), ('imgID', 4), ('stimLabel', 'smallHincon'), ('imFile', 'Stimuli/SofH2.jpg'), ('corr', 'f'), ('side', 'right')])
293.7137 	DATA 	Keypress: j
293.7246 	EXP 	text_6: autoDraw = False
293.7246 	EXP 	trial_image: autoDraw = False
293.7246 	EXP 	text_2: color = 'white (named)'
293.7246 	EXP 	text_2: autoDraw = True
295.4083 	EXP 	text_2: autoDraw = False
295.4083 	EXP 	text_2: autoDraw = False
295.4083 	EXP 	text_6: color = 'white (named)'
295.4083 	EXP 	trial_image: pos = array([0.17380935, 0.        ])
295.4083 	EXP 	trial_image: size = array([0.17296, 0.17296])
295.4083 	EXP 	trial_image: image = 'Stimuli/SofH2.jpg'
295.4083 	EXP 	text_6: autoDraw = True
295.4083 	EXP 	trial_image: autoDraw = True
296.1628 	EXP 	New trial (rep=2, index=0): OrderedDict([('runID', 1), ('imgID', 8), ('stimLabel', 'smallSincon'), ('imFile', 'Stimuli/HofS2.jpg'), ('corr', 'j'), ('side', 'right')])
296.1651 	DATA 	Keypress: f
296.1747 	EXP 	text_6: autoDraw = False
296.1747 	EXP 	trial_image: autoDraw = False
296.1747 	EXP 	text_2: color = 'white (named)'
296.1747 	EXP 	text_2: autoDraw = True
297.4913 	EXP 	text_2: autoDraw = False
297.4913 	EXP 	text_2: autoDraw = False
297.4913 	EXP 	text_6: color = 'white (named)'
297.4913 	EXP 	trial_image: pos = array([0.17380935, 0.        ])
297.4913 	EXP 	trial_image: size = array([0.17296, 0.17296])
297.4913 	EXP 	trial_image: image = 'Stimuli/HofS2.jpg'
297.4913 	EXP 	text_6: autoDraw = True
297.4913 	EXP 	trial_image: autoDraw = True
298.1124 	EXP 	New trial (rep=2, index=1): OrderedDict([('runID', 1), ('imgID', 7), ('stimLabel', 'smallSincon'), ('imFile', 'Stimuli/HofS2.jpg'), ('corr', 'j'), ('side', 'left')])
298.1147 	DATA 	Keypress: j
298.1247 	EXP 	text_6: autoDraw = False
298.1247 	EXP 	trial_image: autoDraw = False
298.1247 	EXP 	text_2: color = 'white (named)'
298.1247 	EXP 	text_2: autoDraw = True
299.8748 	EXP 	text_2: autoDraw = False
299.8748 	EXP 	text_2: autoDraw = False
299.8748 	EXP 	text_6: color = 'white (named)'
299.8748 	EXP 	trial_image: pos = array([-0.17380935,  0.        ])
299.8748 	EXP 	trial_image: size = array([0.17296, 0.17296])
299.8748 	EXP 	trial_image: image = 'Stimuli/HofS2.jpg'
299.8748 	EXP 	text_6: autoDraw = True
299.8748 	EXP 	trial_image: autoDraw = True
300.4612 	EXP 	New trial (rep=2, index=2): OrderedDict([('runID', 1), ('imgID', 3), ('stimLabel', 'smallHincon'), ('imFile', 'Stimuli/SofH2.jpg'), ('corr', 'f'), ('side', 'left')])
300.4632 	DATA 	Keypress: j
300.4748 	EXP 	text_6: autoDraw = False
300.4748 	EXP 	trial_image: autoDraw = False
300.4748 	EXP 	text_2: color = 'white (named)'
300.4748 	EXP 	text_2: autoDraw = True
302.1914 	EXP 	text_2: autoDraw = False
302.1914 	EXP 	text_2: autoDraw = False
302.1914 	EXP 	text_6: color = 'white (named)'
302.1914 	EXP 	trial_image: pos = array([-0.17380935,  0.        ])
302.1914 	EXP 	trial_image: size = array([0.17296, 0.17296])
302.1914 	EXP 	trial_image: image = 'Stimuli/SofH2.jpg'
302.1914 	EXP 	text_6: autoDraw = True
302.1914 	EXP 	trial_image: autoDraw = True
302.7272 	EXP 	New trial (rep=2, index=3): OrderedDict([('runID', 1), ('imgID', 2), ('stimLabel', 'smallHcongr'), ('imFile', 'Stimuli/HofH2.jpg'), ('corr', 'f'), ('side', 'right')])
302.7294 	DATA 	Keypress: j
302.7418 	EXP 	text_6: autoDraw = False
302.7418 	EXP 	trial_image: autoDraw = False
302.7418 	EXP 	text_2: color = 'black (named)'
302.7418 	EXP 	text_2: autoDraw = True
303.3624 	DATA 	Keypress: f
303.5761 	DATA 	Keypress: space
304.2080 	EXP 	text_2: autoDraw = False
304.2080 	EXP 	text_2: autoDraw = False
304.2080 	EXP 	text_6: color = 'black (named)'
304.2080 	EXP 	trial_image: pos = array([0.17380935, 0.        ])
304.2080 	EXP 	trial_image: size = array([0.17296, 0.17296])
304.2080 	EXP 	trial_image: image = 'Stimuli/HofH2.jpg'
304.2080 	EXP 	text_6: autoDraw = True
304.2080 	EXP 	trial_image: autoDraw = True
305.1264 	EXP 	New trial (rep=2, index=4): OrderedDict([('runID', 1), ('imgID', 8), ('stimLabel', 'smallSincon'), ('imFile', 'Stimuli/HofS2.jpg'), ('corr', 'j'), ('side', 'right')])
305.1284 	DATA 	Keypress: f
305.1416 	EXP 	text_6: autoDraw = False
305.1416 	EXP 	trial_image: autoDraw = False
305.1416 	EXP 	text_2: color = 'white (named)'
305.1416 	EXP 	text_2: autoDraw = True
305.9458 	DATA 	Keypress: space
306.4248 	EXP 	text_2: autoDraw = False
306.4248 	EXP 	text_2: autoDraw = False
306.4248 	EXP 	text_6: color = 'white (named)'
306.4248 	EXP 	trial_image: pos = array([0.17380935, 0.        ])
306.4248 	EXP 	trial_image: size = array([0.17296, 0.17296])
306.4248 	EXP 	trial_image: image = 'Stimuli/HofS2.jpg'
306.4248 	EXP 	text_6: autoDraw = True
306.4248 	EXP 	trial_image: autoDraw = True
307.1463 	EXP 	New trial (rep=2, index=5): OrderedDict([('runID', 1), ('imgID', 1), ('stimLabel', 'smallHcongr'), ('imFile', 'Stimuli/HofH2.jpg'), ('corr', 'f'), ('side', 'left')])
307.1488 	DATA 	Keypress: j
307.1581 	EXP 	text_6: autoDraw = False
307.1581 	EXP 	trial_image: autoDraw = False
307.1581 	EXP 	text_2: color = 'black (named)'
307.1581 	EXP 	text_2: autoDraw = True
308.1107 	DATA 	Keypress: space
308.7914 	EXP 	text_2: autoDraw = False
308.7914 	EXP 	text_2: autoDraw = False
308.7914 	EXP 	text_6: color = 'black (named)'
308.7914 	EXP 	trial_image: pos = array([-0.17380935,  0.        ])
308.7914 	EXP 	trial_image: size = array([0.17296, 0.17296])
308.7914 	EXP 	trial_image: image = 'Stimuli/HofH2.jpg'
308.7914 	EXP 	text_6: autoDraw = True
308.7914 	EXP 	trial_image: autoDraw = True
309.6455 	EXP 	New trial (rep=2, index=6): OrderedDict([('runID', 1), ('imgID', 7), ('stimLabel', 'smallSincon'), ('imFile', 'Stimuli/HofS2.jpg'), ('corr', 'j'), ('side', 'left')])
309.6475 	DATA 	Keypress: f
309.6580 	EXP 	text_6: autoDraw = False
309.6580 	EXP 	trial_image: autoDraw = False
309.6580 	EXP 	text_2: color = 'black (named)'
309.6580 	EXP 	text_2: autoDraw = True
311.3245 	EXP 	text_2: autoDraw = False
311.3245 	EXP 	text_2: autoDraw = False
311.3245 	EXP 	text_6: color = 'black (named)'
311.3245 	EXP 	trial_image: pos = array([-0.17380935,  0.        ])
311.3245 	EXP 	trial_image: size = array([0.17296, 0.17296])
311.3245 	EXP 	trial_image: image = 'Stimuli/HofS2.jpg'
311.3245 	EXP 	text_6: autoDraw = True
311.3245 	EXP 	trial_image: autoDraw = True
311.8925 	EXP 	New trial (rep=2, index=7): OrderedDict([('runID', 1), ('imgID', 7), ('stimLabel', 'smallSincon'), ('imFile', 'Stimuli/HofS2.jpg'), ('corr', 'j'), ('side', 'left')])
311.8946 	DATA 	Keypress: j
311.9074 	EXP 	text_6: autoDraw = False
311.9074 	EXP 	trial_image: autoDraw = False
311.9074 	EXP 	text_2: color = 'black (named)'
311.9074 	EXP 	text_2: autoDraw = True
313.5250 	EXP 	text_2: autoDraw = False
313.5250 	EXP 	text_2: autoDraw = False
313.5250 	EXP 	text_6: color = 'black (named)'
313.5250 	EXP 	trial_image: pos = array([-0.17380935,  0.        ])
313.5250 	EXP 	trial_image: size = array([0.17296, 0.17296])
313.5250 	EXP 	trial_image: image = 'Stimuli/HofS2.jpg'
313.5250 	EXP 	text_6: autoDraw = True
313.5250 	EXP 	trial_image: autoDraw = True
314.2595 	EXP 	New trial (rep=3, index=0): OrderedDict([('runID', 1), ('imgID', 2), ('stimLabel', 'smallHcongr'), ('imFile', 'Stimuli/HofH2.jpg'), ('corr', 'f'), ('side', 'right')])
314.2615 	DATA 	Keypress: j
314.2748 	EXP 	text_6: autoDraw = False
314.2748 	EXP 	trial_image: autoDraw = False
314.2748 	EXP 	text_2: color = 'black (named)'
314.2748 	EXP 	text_2: autoDraw = True
315.8414 	EXP 	text_2: autoDraw = False
315.8414 	EXP 	text_2: autoDraw = False
315.8414 	EXP 	text_6: color = 'black (named)'
315.8414 	EXP 	trial_image: pos = array([0.17380935, 0.        ])
315.8414 	EXP 	trial_image: size = array([0.17296, 0.17296])
315.8414 	EXP 	trial_image: image = 'Stimuli/HofH2.jpg'
315.8414 	EXP 	text_6: autoDraw = True
315.8414 	EXP 	trial_image: autoDraw = True
316.4961 	EXP 	New trial (rep=3, index=1): OrderedDict([('runID', 1), ('imgID', 3), ('stimLabel', 'smallHincon'), ('imFile', 'Stimuli/SofH2.jpg'), ('corr', 'f'), ('side', 'left')])
316.4985 	DATA 	Keypress: f
316.5082 	EXP 	text_6: autoDraw = False
316.5082 	EXP 	trial_image: autoDraw = False
316.5082 	EXP 	text_2: color = 'black (named)'
316.5082 	EXP 	text_2: autoDraw = True
318.2082 	EXP 	text_2: autoDraw = False
318.2082 	EXP 	text_2: autoDraw = False
318.2082 	EXP 	text_6: color = 'black (named)'
318.2082 	EXP 	trial_image: pos = array([-0.17380935,  0.        ])
318.2082 	EXP 	trial_image: size = array([0.17296, 0.17296])
318.2082 	EXP 	trial_image: image = 'Stimuli/SofH2.jpg'
318.2082 	EXP 	text_6: autoDraw = True
318.2082 	EXP 	trial_image: autoDraw = True
319.0768 	EXP 	New trial (rep=3, index=2): OrderedDict([('runID', 1), ('imgID', 3), ('stimLabel', 'smallHincon'), ('imFile', 'Stimuli/SofH2.jpg'), ('corr', 'f'), ('side', 'left')])
319.0791 	DATA 	Keypress: f
319.0915 	EXP 	text_6: autoDraw = False
319.0915 	EXP 	trial_image: autoDraw = False
319.0915 	EXP 	text_2: color = 'black (named)'
319.0915 	EXP 	text_2: autoDraw = True
320.3576 	EXP 	text_2: autoDraw = False
320.3576 	EXP 	text_2: autoDraw = False
320.3576 	EXP 	text_6: color = 'black (named)'
320.3576 	EXP 	trial_image: pos = array([-0.17380935,  0.        ])
320.3576 	EXP 	trial_image: size = array([0.17296, 0.17296])
320.3576 	EXP 	trial_image: image = 'Stimuli/SofH2.jpg'
320.3576 	EXP 	text_6: autoDraw = True
320.3576 	EXP 	trial_image: autoDraw = True
321.0791 	EXP 	New trial (rep=3, index=3): OrderedDict([('runID', 1), ('imgID', 4), ('stimLabel', 'smallHincon'), ('imFile', 'Stimuli/SofH2.jpg'), ('corr', 'f'), ('side', 'right')])
321.0814 	DATA 	Keypress: f
321.0916 	EXP 	text_6: autoDraw = False
321.0916 	EXP 	trial_image: autoDraw = False
321.0916 	EXP 	text_2: color = 'black (named)'
321.0916 	EXP 	text_2: autoDraw = True
322.5249 	EXP 	text_2: autoDraw = False
322.5249 	EXP 	text_2: autoDraw = False
322.5249 	EXP 	text_6: color = 'black (named)'
322.5249 	EXP 	trial_image: pos = array([0.17380935, 0.        ])
322.5249 	EXP 	trial_image: size = array([0.17296, 0.17296])
322.5249 	EXP 	trial_image: image = 'Stimuli/SofH2.jpg'
322.5249 	EXP 	text_6: autoDraw = True
322.5249 	EXP 	trial_image: autoDraw = True
323.0276 	EXP 	New trial (rep=3, index=4): OrderedDict([('runID', 1), ('imgID', 1), ('stimLabel', 'smallHcongr'), ('imFile', 'Stimuli/HofH2.jpg'), ('corr', 'f'), ('side', 'left')])
323.0300 	DATA 	Keypress: f
323.0417 	EXP 	text_6: autoDraw = False
323.0417 	EXP 	trial_image: autoDraw = False
323.0417 	EXP 	text_2: color = 'white (named)'
323.0417 	EXP 	text_2: autoDraw = True
323.5783 	DATA 	Keypress: space
324.4248 	EXP 	text_2: autoDraw = False
324.4248 	EXP 	text_2: autoDraw = False
324.4248 	EXP 	text_6: color = 'white (named)'
324.4248 	EXP 	trial_image: pos = array([-0.17380935,  0.        ])
324.4248 	EXP 	trial_image: size = array([0.17296, 0.17296])
324.4248 	EXP 	trial_image: image = 'Stimuli/HofH2.jpg'
324.4248 	EXP 	text_6: autoDraw = True
324.4248 	EXP 	trial_image: autoDraw = True
325.3777 	EXP 	New trial (rep=3, index=5): OrderedDict([('runID', 1), ('imgID', 3), ('stimLabel', 'smallHincon'), ('imFile', 'Stimuli/SofH2.jpg'), ('corr', 'f'), ('side', 'left')])
325.3800 	DATA 	Keypress: f
325.3918 	EXP 	text_6: autoDraw = False
325.3918 	EXP 	trial_image: autoDraw = False
325.3918 	EXP 	text_2: color = 'white (named)'
325.3918 	EXP 	text_2: autoDraw = True
326.9752 	EXP 	text_2: autoDraw = False
326.9752 	EXP 	text_2: autoDraw = False
326.9752 	EXP 	text_6: color = 'white (named)'
326.9752 	EXP 	trial_image: pos = array([-0.17380935,  0.        ])
326.9752 	EXP 	trial_image: size = array([0.17296, 0.17296])
326.9752 	EXP 	trial_image: image = 'Stimuli/SofH2.jpg'
326.9752 	EXP 	text_6: autoDraw = True
326.9752 	EXP 	trial_image: autoDraw = True
327.6282 	EXP 	New trial (rep=3, index=6): OrderedDict([('runID', 1), ('imgID', 3), ('stimLabel', 'smallHincon'), ('imFile', 'Stimuli/SofH2.jpg'), ('corr', 'f'), ('side', 'left')])
327.6302 	DATA 	Keypress: f
327.6415 	EXP 	text_6: autoDraw = False
327.6415 	EXP 	trial_image: autoDraw = False
327.6415 	EXP 	text_2: color = 'white (named)'
327.6415 	EXP 	text_2: autoDraw = True
329.2582 	EXP 	text_2: autoDraw = False
329.2582 	EXP 	text_2: autoDraw = False
329.2582 	EXP 	text_6: color = 'white (named)'
329.2582 	EXP 	trial_image: pos = array([-0.17380935,  0.        ])
329.2582 	EXP 	trial_image: size = array([0.17296, 0.17296])
329.2582 	EXP 	trial_image: image = 'Stimuli/SofH2.jpg'
329.2582 	EXP 	text_6: autoDraw = True
329.2582 	EXP 	trial_image: autoDraw = True
329.9294 	EXP 	New trial (rep=3, index=7): OrderedDict([('runID', 1), ('imgID', 1), ('stimLabel', 'smallHcongr'), ('imFile', 'Stimuli/HofH2.jpg'), ('corr', 'f'), ('side', 'left')])
329.9317 	DATA 	Keypress: f
329.9416 	EXP 	text_6: autoDraw = False
329.9416 	EXP 	trial_image: autoDraw = False
329.9416 	EXP 	text_2: color = 'white (named)'
329.9416 	EXP 	text_2: autoDraw = True
331.3581 	EXP 	text_2: autoDraw = False
331.3581 	EXP 	text_2: autoDraw = False
331.3581 	EXP 	text_6: color = 'white (named)'
331.3581 	EXP 	trial_image: pos = array([-0.17380935,  0.        ])
331.3581 	EXP 	trial_image: size = array([0.17296, 0.17296])
331.3581 	EXP 	trial_image: image = 'Stimuli/HofH2.jpg'
331.3581 	EXP 	text_6: autoDraw = True
331.3581 	EXP 	trial_image: autoDraw = True
331.8450 	EXP 	New trial (rep=4, index=0): OrderedDict([('runID', 1), ('imgID', 6), ('stimLabel', 'smallScongr'), ('imFile', 'Stimuli/SofS2.jpg'), ('corr', 'j'), ('side', 'right')])
331.8470 	DATA 	Keypress: f
331.8580 	EXP 	text_6: autoDraw = False
331.8580 	EXP 	trial_image: autoDraw = False
331.8580 	EXP 	text_2: color = 'white (named)'
331.8580 	EXP 	text_2: autoDraw = True
333.1414 	EXP 	text_2: autoDraw = False
333.1414 	EXP 	text_2: autoDraw = False
333.1414 	EXP 	text_6: color = 'white (named)'
333.1414 	EXP 	trial_image: pos = array([0.17380935, 0.        ])
333.1414 	EXP 	trial_image: size = array([0.17296, 0.17296])
333.1414 	EXP 	trial_image: image = 'Stimuli/SofS2.jpg'
333.1414 	EXP 	text_6: autoDraw = True
333.1414 	EXP 	trial_image: autoDraw = True
333.6091 	EXP 	New trial (rep=4, index=1): OrderedDict([('runID', 1), ('imgID', 2), ('stimLabel', 'smallHcongr'), ('imFile', 'Stimuli/HofH2.jpg'), ('corr', 'f'), ('side', 'right')])
333.6111 	DATA 	Keypress: j
333.6250 	EXP 	text_6: autoDraw = False
333.6250 	EXP 	trial_image: autoDraw = False
333.6250 	EXP 	text_2: color = 'black (named)'
333.6250 	EXP 	text_2: autoDraw = True
334.1096 	DATA 	Keypress: space
335.2751 	EXP 	text_2: autoDraw = False
335.2751 	EXP 	text_2: autoDraw = False
335.2751 	EXP 	text_6: color = 'black (named)'
335.2751 	EXP 	trial_image: pos = array([0.17380935, 0.        ])
335.2751 	EXP 	trial_image: size = array([0.17296, 0.17296])
335.2751 	EXP 	trial_image: image = 'Stimuli/HofH2.jpg'
335.2751 	EXP 	text_6: autoDraw = True
335.2751 	EXP 	trial_image: autoDraw = True
335.9628 	EXP 	New trial (rep=4, index=2): OrderedDict([('runID', 1), ('imgID', 5), ('stimLabel', 'smallScongr'), ('imFile', 'Stimuli/SofS2.jpg'), ('corr', 'j'), ('side', 'left')])
335.9652 	DATA 	Keypress: f
335.9750 	EXP 	text_6: autoDraw = False
335.9750 	EXP 	trial_image: autoDraw = False
335.9750 	EXP 	text_2: color = 'black (named)'
335.9750 	EXP 	text_2: autoDraw = True
337.4583 	EXP 	text_2: autoDraw = False
337.4583 	EXP 	text_2: autoDraw = False
337.4583 	EXP 	text_6: color = 'black (named)'
337.4583 	EXP 	trial_image: pos = array([-0.17380935,  0.        ])
337.4583 	EXP 	trial_image: size = array([0.17296, 0.17296])
337.4583 	EXP 	trial_image: image = 'Stimuli/SofS2.jpg'
337.4583 	EXP 	text_6: autoDraw = True
337.4583 	EXP 	trial_image: autoDraw = True
338.1453 	EXP 	New trial (rep=4, index=3): OrderedDict([('runID', 1), ('imgID', 6), ('stimLabel', 'smallScongr'), ('imFile', 'Stimuli/SofS2.jpg'), ('corr', 'j'), ('side', 'right')])
338.1473 	DATA 	Keypress: j
338.1583 	EXP 	text_6: autoDraw = False
338.1583 	EXP 	trial_image: autoDraw = False
338.1583 	EXP 	text_2: color = 'black (named)'
338.1583 	EXP 	text_2: autoDraw = True
339.6749 	EXP 	text_2: autoDraw = False
339.6749 	EXP 	text_2: autoDraw = False
339.6749 	EXP 	text_6: color = 'black (named)'
339.6749 	EXP 	trial_image: pos = array([0.17380935, 0.        ])
339.6749 	EXP 	trial_image: size = array([0.17296, 0.17296])
339.6749 	EXP 	trial_image: image = 'Stimuli/SofS2.jpg'
339.6749 	EXP 	text_6: autoDraw = True
339.6749 	EXP 	trial_image: autoDraw = True
340.5106 	EXP 	New trial (rep=4, index=4): OrderedDict([('runID', 1), ('imgID', 4), ('stimLabel', 'smallHincon'), ('imFile', 'Stimuli/SofH2.jpg'), ('corr', 'f'), ('side', 'right')])
340.5130 	DATA 	Keypress: j
340.5248 	EXP 	text_6: autoDraw = False
340.5248 	EXP 	trial_image: autoDraw = False
340.5248 	EXP 	text_2: color = 'white (named)'
340.5248 	EXP 	text_2: autoDraw = True
341.7461 	DATA 	Keypress: space
341.9916 	EXP 	text_2: autoDraw = False
341.9916 	EXP 	text_2: autoDraw = False
341.9916 	EXP 	text_6: color = 'white (named)'
341.9916 	EXP 	trial_image: pos = array([0.17380935, 0.        ])
341.9916 	EXP 	trial_image: size = array([0.17296, 0.17296])
341.9916 	EXP 	trial_image: image = 'Stimuli/SofH2.jpg'
341.9916 	EXP 	text_6: autoDraw = True
341.9916 	EXP 	trial_image: autoDraw = True
342.8128 	EXP 	New trial (rep=4, index=5): OrderedDict([('runID', 1), ('imgID', 8), ('stimLabel', 'smallSincon'), ('imFile', 'Stimuli/HofS2.jpg'), ('corr', 'j'), ('side', 'right')])
342.8151 	DATA 	Keypress: f
342.8252 	EXP 	text_6: autoDraw = False
342.8252 	EXP 	trial_image: autoDraw = False
342.8252 	EXP 	text_2: color = 'white (named)'
342.8252 	EXP 	text_2: autoDraw = True
344.4582 	EXP 	text_2: autoDraw = False
344.4582 	EXP 	text_2: autoDraw = False
344.4582 	EXP 	text_6: color = 'white (named)'
344.4582 	EXP 	trial_image: pos = array([0.17380935, 0.        ])
344.4582 	EXP 	trial_image: size = array([0.17296, 0.17296])
344.4582 	EXP 	trial_image: image = 'Stimuli/HofS2.jpg'
344.4582 	EXP 	text_6: autoDraw = True
344.4582 	EXP 	trial_image: autoDraw = True
345.2943 	EXP 	New trial (rep=4, index=6): OrderedDict([('runID', 1), ('imgID', 5), ('stimLabel', 'smallScongr'), ('imFile', 'Stimuli/SofS2.jpg'), ('corr', 'j'), ('side', 'left')])
345.2966 	DATA 	Keypress: j
345.3085 	EXP 	text_6: autoDraw = False
345.3085 	EXP 	trial_image: autoDraw = False
345.3085 	EXP 	text_2: color = 'black (named)'
345.3085 	EXP 	text_2: autoDraw = True
346.0773 	DATA 	Keypress: space
346.6087 	EXP 	text_2: autoDraw = False
346.6087 	EXP 	text_2: autoDraw = False
346.6087 	EXP 	text_6: color = 'black (named)'
346.6087 	EXP 	trial_image: pos = array([-0.17380935,  0.        ])
346.6087 	EXP 	trial_image: size = array([0.17296, 0.17296])
346.6087 	EXP 	trial_image: image = 'Stimuli/SofS2.jpg'
346.6087 	EXP 	text_6: autoDraw = True
346.6087 	EXP 	trial_image: autoDraw = True
347.3463 	EXP 	New trial (rep=4, index=7): OrderedDict([('runID', 1), ('imgID', 8), ('stimLabel', 'smallSincon'), ('imFile', 'Stimuli/HofS2.jpg'), ('corr', 'j'), ('side', 'right')])
347.3486 	DATA 	Keypress: j
347.3585 	EXP 	text_6: autoDraw = False
347.3585 	EXP 	trial_image: autoDraw = False
347.3585 	EXP 	text_2: color = 'black (named)'
347.3585 	EXP 	text_2: autoDraw = True
349.0584 	EXP 	text_2: autoDraw = False
349.0584 	EXP 	text_2: autoDraw = False
349.0584 	EXP 	text_6: color = 'black (named)'
349.0584 	EXP 	trial_image: pos = array([0.17380935, 0.        ])
349.0584 	EXP 	trial_image: size = array([0.17296, 0.17296])
349.0584 	EXP 	trial_image: image = 'Stimuli/HofS2.jpg'
349.0584 	EXP 	text_6: autoDraw = True
349.0584 	EXP 	trial_image: autoDraw = True
351.5961 	EXP 	New trial (rep=5, index=0): OrderedDict([('runID', 1), ('imgID', 6), ('stimLabel', 'smallScongr'), ('imFile', 'Stimuli/SofS2.jpg'), ('corr', 'j'), ('side', 'right')])
351.5984 	DATA 	Keypress: j
351.6084 	EXP 	text_6: autoDraw = False
351.6084 	EXP 	trial_image: autoDraw = False
351.6084 	EXP 	text_2: color = 'white (named)'
351.6084 	EXP 	text_2: autoDraw = True
352.0610 	DATA 	Keypress: space
353.1920 	EXP 	text_2: autoDraw = False
353.1920 	EXP 	text_2: autoDraw = False
353.1920 	EXP 	text_6: color = 'white (named)'
353.1920 	EXP 	trial_image: pos = array([0.17380935, 0.        ])
353.1920 	EXP 	trial_image: size = array([0.17296, 0.17296])
353.1920 	EXP 	trial_image: image = 'Stimuli/SofS2.jpg'
353.1920 	EXP 	text_6: autoDraw = True
353.1920 	EXP 	trial_image: autoDraw = True
353.7463 	EXP 	New trial (rep=5, index=1): OrderedDict([('runID', 1), ('imgID', 4), ('stimLabel', 'smallHincon'), ('imFile', 'Stimuli/SofH2.jpg'), ('corr', 'f'), ('side', 'right')])
353.7486 	DATA 	Keypress: j
353.7587 	EXP 	text_6: autoDraw = False
353.7587 	EXP 	trial_image: autoDraw = False
353.7587 	EXP 	text_2: color = 'white (named)'
353.7587 	EXP 	text_2: autoDraw = True
355.2253 	EXP 	text_2: autoDraw = False
355.2253 	EXP 	text_2: autoDraw = False
355.2253 	EXP 	text_6: color = 'white (named)'
355.2253 	EXP 	trial_image: pos = array([0.17380935, 0.        ])
355.2253 	EXP 	trial_image: size = array([0.17296, 0.17296])
355.2253 	EXP 	trial_image: image = 'Stimuli/SofH2.jpg'
355.2253 	EXP 	text_6: autoDraw = True
355.2253 	EXP 	trial_image: autoDraw = True
355.8626 	EXP 	New trial (rep=5, index=2): OrderedDict([('runID', 1), ('imgID', 7), ('stimLabel', 'smallSincon'), ('imFile', 'Stimuli/HofS2.jpg'), ('corr', 'j'), ('side', 'left')])
355.8649 	DATA 	Keypress: f
355.8752 	EXP 	text_6: autoDraw = False
355.8752 	EXP 	trial_image: autoDraw = False
355.8752 	EXP 	text_2: color = 'white (named)'
355.8752 	EXP 	text_2: autoDraw = True
357.3917 	EXP 	text_2: autoDraw = False
357.3917 	EXP 	text_2: autoDraw = False
357.3917 	EXP 	text_6: color = 'white (named)'
357.3917 	EXP 	trial_image: pos = array([-0.17380935,  0.        ])
357.3917 	EXP 	trial_image: size = array([0.17296, 0.17296])
357.3917 	EXP 	trial_image: image = 'Stimuli/HofS2.jpg'
357.3917 	EXP 	text_6: autoDraw = True
357.3917 	EXP 	trial_image: autoDraw = True
357.9428 	EXP 	New trial (rep=5, index=3): OrderedDict([('runID', 1), ('imgID', 1), ('stimLabel', 'smallHcongr'), ('imFile', 'Stimuli/HofH2.jpg'), ('corr', 'f'), ('side', 'left')])
357.9448 	DATA 	Keypress: j
357.9585 	EXP 	text_6: autoDraw = False
357.9585 	EXP 	trial_image: autoDraw = False
357.9585 	EXP 	text_2: color = 'black (named)'
357.9585 	EXP 	text_2: autoDraw = True
358.4457 	DATA 	Keypress: f
358.7607 	DATA 	Keypress: space
359.6918 	EXP 	text_2: autoDraw = False
359.6918 	EXP 	text_2: autoDraw = False
359.6918 	EXP 	text_6: color = 'black (named)'
359.6918 	EXP 	trial_image: pos = array([-0.17380935,  0.        ])
359.6918 	EXP 	trial_image: size = array([0.17296, 0.17296])
359.6918 	EXP 	trial_image: image = 'Stimuli/HofH2.jpg'
359.6918 	EXP 	text_6: autoDraw = True
359.6918 	EXP 	trial_image: autoDraw = True
360.8121 	EXP 	New trial (rep=5, index=4): OrderedDict([('runID', 1), ('imgID', 5), ('stimLabel', 'smallScongr'), ('imFile', 'Stimuli/SofS2.jpg'), ('corr', 'j'), ('side', 'left')])
360.8141 	DATA 	Keypress: f
360.8252 	EXP 	text_6: autoDraw = False
360.8252 	EXP 	trial_image: autoDraw = False
360.8252 	EXP 	text_2: color = 'black (named)'
360.8252 	EXP 	text_2: autoDraw = True
362.3251 	EXP 	text_2: autoDraw = False
362.3251 	EXP 	text_2: autoDraw = False
362.3251 	EXP 	text_6: color = 'black (named)'
362.3251 	EXP 	trial_image: pos = array([-0.17380935,  0.        ])
362.3251 	EXP 	trial_image: size = array([0.17296, 0.17296])
362.3251 	EXP 	trial_image: image = 'Stimuli/SofS2.jpg'
362.3251 	EXP 	text_6: autoDraw = True
362.3251 	EXP 	trial_image: autoDraw = True
362.9133 	EXP 	New trial (rep=5, index=5): OrderedDict([('runID', 1), ('imgID', 8), ('stimLabel', 'smallSincon'), ('imFile', 'Stimuli/HofS2.jpg'), ('corr', 'j'), ('side', 'right')])
362.9156 	DATA 	Keypress: j
362.9254 	EXP 	text_6: autoDraw = False
362.9254 	EXP 	trial_image: autoDraw = False
362.9254 	EXP 	text_2: color = 'black (named)'
362.9254 	EXP 	text_2: autoDraw = True
364.3585 	EXP 	text_2: autoDraw = False
364.3585 	EXP 	text_2: autoDraw = False
364.3585 	EXP 	text_6: color = 'black (named)'
364.3585 	EXP 	trial_image: pos = array([0.17380935, 0.        ])
364.3585 	EXP 	trial_image: size = array([0.17296, 0.17296])
364.3585 	EXP 	trial_image: image = 'Stimuli/HofS2.jpg'
364.3585 	EXP 	text_6: autoDraw = True
364.3585 	EXP 	trial_image: autoDraw = True
364.8452 	EXP 	New trial (rep=5, index=6): OrderedDict([('runID', 1), ('imgID', 1), ('stimLabel', 'smallHcongr'), ('imFile', 'Stimuli/HofH2.jpg'), ('corr', 'f'), ('side', 'left')])
364.8473 	DATA 	Keypress: j
364.8588 	EXP 	text_6: autoDraw = False
364.8588 	EXP 	trial_image: autoDraw = False
364.8588 	EXP 	text_2: color = 'white (named)'
364.8588 	EXP 	text_2: autoDraw = True
365.3620 	DATA 	Keypress: space
366.6088 	EXP 	text_2: autoDraw = False
366.6088 	EXP 	text_2: autoDraw = False
366.6088 	EXP 	text_6: color = 'white (named)'
366.6088 	EXP 	trial_image: pos = array([-0.17380935,  0.        ])
366.6088 	EXP 	trial_image: size = array([0.17296, 0.17296])
366.6088 	EXP 	trial_image: image = 'Stimuli/HofH2.jpg'
366.6088 	EXP 	text_6: autoDraw = True
366.6088 	EXP 	trial_image: autoDraw = True
367.2443 	EXP 	New trial (rep=5, index=7): OrderedDict([('runID', 1), ('imgID', 4), ('stimLabel', 'smallHincon'), ('imFile', 'Stimuli/SofH2.jpg'), ('corr', 'f'), ('side', 'right')])
367.2466 	DATA 	Keypress: f
367.2587 	EXP 	text_6: autoDraw = False
367.2587 	EXP 	trial_image: autoDraw = False
367.2587 	EXP 	text_2: color = 'white (named)'
367.2587 	EXP 	text_2: autoDraw = True
368.7419 	EXP 	text_2: autoDraw = False
368.7419 	EXP 	text_2: autoDraw = False
368.7419 	EXP 	text_6: color = 'white (named)'
368.7419 	EXP 	trial_image: pos = array([0.17380935, 0.        ])
368.7419 	EXP 	trial_image: size = array([0.17296, 0.17296])
368.7419 	EXP 	trial_image: image = 'Stimuli/SofH2.jpg'
368.7419 	EXP 	text_6: autoDraw = True
368.7419 	EXP 	trial_image: autoDraw = True
369.6207 	DATA 	Keypress: j
369.6254 	EXP 	text_6: autoDraw = False
369.6254 	EXP 	trial_image: autoDraw = False
369.6254 	EXP 	text_10: text = 'You caught 12 of the 12 cross changes. '
369.6254 	EXP 	image_4: autoDraw = True
369.6254 	EXP 	text_10: autoDraw = True
371.6419 	EXP 	image_4: autoDraw = False
371.6419 	EXP 	text_10: autoDraw = False
371.6419 	EXP 	image_4: autoDraw = False
371.6419 	EXP 	text_10: autoDraw = False
371.6419 	EXP 	image_2: image = 'Designs/design1_run2_ex.png'
371.6419 	EXP 	image_2: autoDraw = True
373.1945 	DATA 	Keypress: escape
373.6475 	EXP 	window1: mouseVisible = True
373.6476 	DEBUG 	Saving data for global_local ExperimentHandler
373.6487 	INFO 	saved data to /Users/sophia/Documents/PycharmProjects/Global_Local_Study/data/_global_local_2020_Dec_29_1009.psydat
373.6552 	INFO 	saved data to '/Users/sophia/Documents/PycharmProjects/Global_Local_Study/data/_global_local_2020_Dec_29_1009.csv'
