10.1441 	INFO 	Loaded monitor calibration from ['2020_09_20 15:42']
12.3826 	WARNING 	Couldn't measure a consistent frame rate.
  - Is your graphics card set to sync to vertical blank?
  - Are you running other processes on your computer?

12.3831 	EXP 	Created window1 = Window(allowGUI=False, allowStencil=False, args=UNKNOWN, autoLog=True, bitsMode=UNKNOWN, blendMode='avg', bpc=(8, 8, 8), color=array([0., 0., 0.]), colorSpace='rgb', depthBits=8, fullscr=<method-wrapper '__getattribute__' of attributeSetter object at 0x144696cc0>, gamma=None, gammaErrorPolicy='raise', kwargs=UNKNOWN, lms=UNKNOWN, monitor=<psychopy.monitors.calibTools.Monitor object at 0x1556d0208>, multiSample=False, name='window1', numSamples=2, pos=[448.0, 280.0], screen=0, size=array([3584, 2240]), stencilBits=0, stereo=False, units='height', useFBO=True, useRetina=True, viewOri=0.0, viewPos=None, viewScale=None, waitBlanking=True, winType='pyglet')
12.3834 	EXP 	window1: mouseVisible = True
12.3834 	EXP 	window1: recordFrameIntervals = False
12.5492 	EXP 	window1: recordFrameIntervals = True
14.2144 	WARNING 	Couldn't measure a consistent frame rate.
  - Is your graphics card set to sync to vertical blank?
  - Are you running other processes on your computer?

14.7117 	EXP 	Created text_top = TextStim(__class__=<class 'psychopy.visual.text.TextStim'>, alignHoriz=method-wrapper(...), alignText='center', alignVert=method-wrapper(...), anchorHoriz='center', anchorVert='center', antialias=True, autoLog=True, bold=False, color='black', colorSpace='named', contrast=1.0, depth=-2.0, flipHoriz=False, flipVert=False, font='Arial', fontFiles=[], height=0.05, italic=False, languageStyle='LTR', name='text_top', opacity=1.0, ori=0, pos=array([0. , 0.3]), rgb=array([0., 0., 0.]), text=str(...), units='height', win=Window(...), wrapWidth=1)
14.7180 	EXP 	Created text_bottom = TextStim(__class__=<class 'psychopy.visual.text.TextStim'>, alignHoriz=method-wrapper(...), alignText='center', alignVert=method-wrapper(...), anchorHoriz='center', anchorVert='center', antialias=True, autoLog=True, bold=False, color='black', colorSpace='named', contrast=1.0, depth=-3.0, flipHoriz=False, flipVert=False, font='Arial', fontFiles=[], height=0.05, italic=False, languageStyle='LTR', name='text_bottom', opacity=1.0, ori=0, pos=array([ 0. , -0.3]), rgb=array([0., 0., 0.]), text='Press Space when you’re finished', units='height', win=Window(...), wrapWidth=1)
14.7368 	EXP 	Created ccimage = ImageStim(__class__=<class 'psychopy.visual.image.ImageStim'>, autoLog=True, color=array([1., 1., 1.]), colorSpace='rgb', contrast=1.0, depth=-4.0, flipHoriz=False, flipVert=False, image='bankcard.png', interpolate=True, mask=None, maskParams=None, name='ccimage', opacity=1.0, ori=0.0, pos=array([0., 0.]), size=array([0.428 , 0.2699]), texRes=512, units='height', win=Window(...))
14.7384 	EXP 	Created prac_instr1 = ImageStim(__class__=<class 'psychopy.visual.image.ImageStim'>, autoLog=True, color=array([1., 1., 1.]), colorSpace='rgb', contrast=1.0, depth=-1.0, flipHoriz=False, flipVert=False, image='sin', interpolate=True, mask=None, maskParams=None, name='prac_instr1', opacity=1.0, ori=0.0, pos=array([0., 0.]), size=array([1.3275, 0.75  ]), texRes=512, units='height', win=Window(...))
15.1506 	EXP 	Created prac_instr2 = ImageStim(__class__=<class 'psychopy.visual.image.ImageStim'>, autoLog=True, color=array([1., 1., 1.]), colorSpace='rgb', contrast=1.0, depth=0.0, flipHoriz=False, flipVert=False, image='Designs/prac_instr2.png', interpolate=True, mask=None, maskParams=None, name='prac_instr2', opacity=1.0, ori=0.0, pos=array([0., 0.]), size=array([1.3275, 0.75  ]), texRes=512, units='height', win=Window(...))
15.5545 	EXP 	Created prac_instr3 = ImageStim(__class__=<class 'psychopy.visual.image.ImageStim'>, autoLog=True, color=array([1., 1., 1.]), colorSpace='rgb', contrast=1.0, depth=0.0, flipHoriz=False, flipVert=False, image='Designs/prac_instr3.png', interpolate=True, mask=None, maskParams=None, name='prac_instr3', opacity=1.0, ori=0.0, pos=array([0., 0.]), size=array([1.3275, 0.75  ]), texRes=512, units='height', win=Window(...))
15.9318 	EXP 	Created image_2 = ImageStim(__class__=<class 'psychopy.visual.image.ImageStim'>, autoLog=True, color=array([1., 1., 1.]), colorSpace='rgb', contrast=1.0, depth=-1.0, flipHoriz=False, flipVert=False, image='sin', interpolate=True, mask=None, maskParams=None, name='image_2', opacity=1.0, ori=0.0, pos=array([0., 0.]), size=array([1.3275, 0.75  ]), texRes=512, units='height', win=Window(...))
16.3134 	EXP 	Created text_8 = TextStim(__class__=<class 'psychopy.visual.text.TextStim'>, alignHoriz=method-wrapper(...), alignText='center', alignVert=method-wrapper(...), anchorHoriz='center', anchorVert='center', antialias=True, autoLog=True, bold=False, color='white', colorSpace='named', contrast=1.0, depth=0.0, flipHoriz=False, flipVert=False, font='Arial', fontFiles=[], height=0.05, italic=False, languageStyle='LTR', name='text_8', opacity=1.0, ori=0, pos=array([0., 0.]), rgb=array([255., 255., 255.]), text='+', units='height', win=Window(...), wrapWidth=1)
16.3147 	EXP 	Created image = ImageStim(__class__=<class 'psychopy.visual.image.ImageStim'>, autoLog=True, color=array([1., 1., 1.]), colorSpace='rgb', contrast=1.0, depth=-1.0, flipHoriz=False, flipVert=False, image='sin', interpolate=True, mask=None, maskParams=None, name='image', opacity=1.0, ori=0.0, pos=array([0., 0.]), size=array([1., 1.]), texRes=512, units='height', win=Window(...))
16.6913 	EXP 	Created image_3 = ImageStim(__class__=<class 'psychopy.visual.image.ImageStim'>, autoLog=True, color=array([1., 1., 1.]), colorSpace='rgb', contrast=1.0, depth=-1.0, flipHoriz=False, flipVert=False, image='sin', interpolate=True, mask=None, maskParams=None, name='image_3', opacity=1.0, ori=0.0, pos=array([0., 0.]), size=array([1.3275, 0.75  ]), texRes=512, units='height', win=Window(...))
17.0700 	EXP 	Created Pinstructions_imageR1 = ImageStim(__class__=<class 'psychopy.visual.image.ImageStim'>, autoLog=True, color=array([1., 1., 1.]), colorSpace='rgb', contrast=1.0, depth=-1.0, flipHoriz=False, flipVert=False, image='sin', interpolate=True, mask=None, maskParams=None, name='Pinstructions_imageR1', opacity=1.0, ori=0.0, pos=array([0., 0.]), size=array([1.3125, 0.75  ]), texRes=512, units='height', win=Window(...))
17.4457 	EXP 	Created text = TextStim(__class__=<class 'psychopy.visual.text.TextStim'>, alignHoriz=method-wrapper(...), alignText='center', alignVert=method-wrapper(...), anchorHoriz='center', anchorVert='center', antialias=True, autoLog=True, bold=False, color='white', colorSpace='named', contrast=1.0, depth=-1.0, flipHoriz=False, flipVert=False, font='Arial', fontFiles=[], height=0.05, italic=False, languageStyle='LTR', name='text', opacity=1.0, ori=0, pos=array([0., 0.]), rgb=array([255., 255., 255.]), text='+', units='height', win=Window(...), wrapWidth=1)
17.4468 	EXP 	Created text_5 = TextStim(__class__=<class 'psychopy.visual.text.TextStim'>, alignHoriz=method-wrapper(...), alignText='center', alignVert=method-wrapper(...), anchorHoriz='center', anchorVert='center', antialias=True, autoLog=True, bold=False, color='white', colorSpace='named', contrast=1.0, depth=0.0, flipHoriz=False, flipVert=False, font='Arial', fontFiles=[], height=0.05, italic=False, languageStyle='LTR', name='text_5', opacity=1.0, ori=0, pos=array([0., 0.]), rgb=array([255., 255., 255.]), text='+', units='height', win=Window(...), wrapWidth=1)
17.4480 	EXP 	Created prac_image = ImageStim(__class__=<class 'psychopy.visual.image.ImageStim'>, autoLog=True, color=array([1., 1., 1.]), colorSpace='rgb', contrast=1.0, depth=-1.0, flipHoriz=False, flipVert=False, image='sin', interpolate=True, mask=None, maskParams=None, name='prac_image', opacity=1.0, ori=0.0, pos=array([0., 0.]), size=array([1., 1.]), texRes=512, units='height', win=Window(...))
18.2024 	EXP 	Created imFeedback = ImageStim(__class__=<class 'psychopy.visual.image.ImageStim'>, autoLog=True, color=array([1., 1., 1.]), colorSpace='rgb', contrast=1.0, depth=-1.0, flipHoriz=False, flipVert=False, image='sin', interpolate=True, mask=None, maskParams=None, name='imFeedback', opacity=1.0, ori=0.0, pos=array([0., 0.]), size=array([0.25, 0.25]), texRes=512, units='height', win=Window(...))
18.2062 	EXP 	Created feedback_msg = TextStim(__class__=<class 'psychopy.visual.text.TextStim'>, alignHoriz=method-wrapper(...), alignText='center', alignVert=method-wrapper(...), anchorHoriz='center', anchorVert='center', antialias=True, autoLog=True, bold=False, color='black', colorSpace='named', contrast=1.0, depth=-2.0, flipHoriz=False, flipVert=False, font='Arial', fontFiles=[], height=0.05, italic=False, languageStyle='LTR', name='feedback_msg', opacity=1.0, ori=0, pos=array([ 0.  , -0.25]), rgb=array([0., 0., 0.]), text='default text', units='height', win=Window(...), wrapWidth=1)
18.2079 	EXP 	Created text_7 = TextStim(__class__=<class 'psychopy.visual.text.TextStim'>, alignHoriz=method-wrapper(...), alignText='center', alignVert=method-wrapper(...), anchorHoriz='center', anchorVert='center', antialias=True, autoLog=True, bold=False, color='black', colorSpace='named', contrast=1.0, depth=-1.0, flipHoriz=False, flipVert=False, font='Arial', fontFiles=[], height=0.05, italic=False, languageStyle='LTR', name='text_7', opacity=1.0, ori=0, pos=array([0., 0.]), rgb=array([0., 0., 0.]), text='default text', units='height', win=Window(...), wrapWidth=1)
18.5874 	EXP 	Created instructions_imageR1 = ImageStim(__class__=<class 'psychopy.visual.image.ImageStim'>, autoLog=True, color=array([1., 1., 1.]), colorSpace='rgb', contrast=1.0, depth=-1.0, flipHoriz=False, flipVert=False, image='sin', interpolate=True, mask=None, maskParams=None, name='instructions_imageR1', opacity=1.0, ori=0.0, pos=array([0., 0.]), size=array([1.3275, 0.75  ]), texRes=512, units='height', win=Window(...))
18.9644 	EXP 	Created text_2 = TextStim(__class__=<class 'psychopy.visual.text.TextStim'>, alignHoriz=method-wrapper(...), alignText='center', alignVert=method-wrapper(...), anchorHoriz='center', anchorVert='center', antialias=True, autoLog=True, bold=False, color='white', colorSpace='named', contrast=1.0, depth=-1.0, flipHoriz=False, flipVert=False, font='Arial', fontFiles=[], height=0.05, italic=False, languageStyle='LTR', name='text_2', opacity=1.0, ori=0, pos=array([0., 0.]), rgb=array([255., 255., 255.]), text='+', units='height', win=Window(...), wrapWidth=1)
19.3421 	EXP 	Created text_6 = TextStim(__class__=<class 'psychopy.visual.text.TextStim'>, alignHoriz=method-wrapper(...), alignText='center', alignVert=method-wrapper(...), anchorHoriz='center', anchorVert='center', antialias=True, autoLog=True, bold=False, color='white', colorSpace='named', contrast=1.0, depth=0.0, flipHoriz=False, flipVert=False, font='Arial', fontFiles=[], height=0.05, italic=False, languageStyle='LTR', name='text_6', opacity=1.0, ori=0, pos=array([0., 0.]), rgb=array([255., 255., 255.]), text='+', units='height', win=Window(...), wrapWidth=1)
19.3433 	EXP 	Created trial_image = ImageStim(__class__=<class 'psychopy.visual.image.ImageStim'>, autoLog=True, color=array([1., 1., 1.]), colorSpace='rgb', contrast=1.0, depth=-1.0, flipHoriz=False, flipVert=False, image='sin', interpolate=True, mask=None, maskParams=None, name='trial_image', opacity=1.0, ori=0.0, pos=array([0., 0.]), size=array([1., 1.]), texRes=512, units='height', win=Window(...))
20.1261 	EXP 	Created image_4 = ImageStim(__class__=<class 'psychopy.visual.image.ImageStim'>, autoLog=True, color=array([1., 1., 1.]), colorSpace='rgb', contrast=1.0, depth=-1.0, flipHoriz=False, flipVert=False, image='Designs/baby_dory_GJ.png', interpolate=True, mask=None, maskParams=None, name='image_4', opacity=1.0, ori=0.0, pos=array([0., 0.]), size=array([0.4  , 0.732]), texRes=512, units='height', win=Window(...))
20.1275 	EXP 	Created image_2 = ImageStim(__class__=<class 'psychopy.visual.image.ImageStim'>, autoLog=True, color=array([1., 1., 1.]), colorSpace='rgb', contrast=1.0, depth=-1.0, flipHoriz=False, flipVert=False, image='sin', interpolate=True, mask=None, maskParams=None, name='image_2', opacity=1.0, ori=0.0, pos=array([0., 0.]), size=array([1.3275, 0.75  ]), texRes=512, units='height', win=Window(...))
20.5011 	EXP 	Created text_8 = TextStim(__class__=<class 'psychopy.visual.text.TextStim'>, alignHoriz=method-wrapper(...), alignText='center', alignVert=method-wrapper(...), anchorHoriz='center', anchorVert='center', antialias=True, autoLog=True, bold=False, color='white', colorSpace='named', contrast=1.0, depth=0.0, flipHoriz=False, flipVert=False, font='Arial', fontFiles=[], height=0.05, italic=False, languageStyle='LTR', name='text_8', opacity=1.0, ori=0, pos=array([0., 0.]), rgb=array([255., 255., 255.]), text='+', units='height', win=Window(...), wrapWidth=1)
20.5022 	EXP 	Created image = ImageStim(__class__=<class 'psychopy.visual.image.ImageStim'>, autoLog=True, color=array([1., 1., 1.]), colorSpace='rgb', contrast=1.0, depth=-1.0, flipHoriz=False, flipVert=False, image='sin', interpolate=True, mask=None, maskParams=None, name='image', opacity=1.0, ori=0.0, pos=array([0., 0.]), size=array([1., 1.]), texRes=512, units='height', win=Window(...))
20.8734 	EXP 	Created image_3 = ImageStim(__class__=<class 'psychopy.visual.image.ImageStim'>, autoLog=True, color=array([1., 1., 1.]), colorSpace='rgb', contrast=1.0, depth=-1.0, flipHoriz=False, flipVert=False, image='sin', interpolate=True, mask=None, maskParams=None, name='image_3', opacity=1.0, ori=0.0, pos=array([0., 0.]), size=array([1.3275, 0.75  ]), texRes=512, units='height', win=Window(...))
21.2504 	EXP 	Created Pinstructions_imageR2 = ImageStim(__class__=<class 'psychopy.visual.image.ImageStim'>, autoLog=True, color=array([1., 1., 1.]), colorSpace='rgb', contrast=1.0, depth=-1.0, flipHoriz=False, flipVert=False, image='sin', interpolate=True, mask=None, maskParams=None, name='Pinstructions_imageR2', opacity=1.0, ori=0.0, pos=array([0., 0.]), size=array([1.3275, 0.75  ]), texRes=512, units='height', win=Window(...))
21.6270 	EXP 	Created text_3 = TextStim(__class__=<class 'psychopy.visual.text.TextStim'>, alignHoriz=method-wrapper(...), alignText='center', alignVert=method-wrapper(...), anchorHoriz='center', anchorVert='center', antialias=True, autoLog=True, bold=False, color='white', colorSpace='named', contrast=1.0, depth=-1.0, flipHoriz=False, flipVert=False, font='Arial', fontFiles=[], height=0.05, italic=False, languageStyle='LTR', name='text_3', opacity=1.0, ori=0, pos=array([0., 0.]), rgb=array([255., 255., 255.]), text='+', units='height', win=Window(...), wrapWidth=1)
22.0008 	EXP 	Created text_5 = TextStim(__class__=<class 'psychopy.visual.text.TextStim'>, alignHoriz=method-wrapper(...), alignText='center', alignVert=method-wrapper(...), anchorHoriz='center', anchorVert='center', antialias=True, autoLog=True, bold=False, color='white', colorSpace='named', contrast=1.0, depth=0.0, flipHoriz=False, flipVert=False, font='Arial', fontFiles=[], height=0.05, italic=False, languageStyle='LTR', name='text_5', opacity=1.0, ori=0, pos=array([0., 0.]), rgb=array([255., 255., 255.]), text='+', units='height', win=Window(...), wrapWidth=1)
22.0021 	EXP 	Created prac_image = ImageStim(__class__=<class 'psychopy.visual.image.ImageStim'>, autoLog=True, color=array([1., 1., 1.]), colorSpace='rgb', contrast=1.0, depth=-1.0, flipHoriz=False, flipVert=False, image='sin', interpolate=True, mask=None, maskParams=None, name='prac_image', opacity=1.0, ori=0.0, pos=array([0., 0.]), size=array([1., 1.]), texRes=512, units='height', win=Window(...))
22.7561 	EXP 	Created imFeedback = ImageStim(__class__=<class 'psychopy.visual.image.ImageStim'>, autoLog=True, color=array([1., 1., 1.]), colorSpace='rgb', contrast=1.0, depth=-1.0, flipHoriz=False, flipVert=False, image='sin', interpolate=True, mask=None, maskParams=None, name='imFeedback', opacity=1.0, ori=0.0, pos=array([0., 0.]), size=array([0.25, 0.25]), texRes=512, units='height', win=Window(...))
22.7586 	EXP 	Created feedback_msg = TextStim(__class__=<class 'psychopy.visual.text.TextStim'>, alignHoriz=method-wrapper(...), alignText='center', alignVert=method-wrapper(...), anchorHoriz='center', anchorVert='center', antialias=True, autoLog=True, bold=False, color='black', colorSpace='named', contrast=1.0, depth=-2.0, flipHoriz=False, flipVert=False, font='Arial', fontFiles=[], height=0.05, italic=False, languageStyle='LTR', name='feedback_msg', opacity=1.0, ori=0, pos=array([ 0.  , -0.25]), rgb=array([0., 0., 0.]), text='default text', units='height', win=Window(...), wrapWidth=1)
22.7602 	EXP 	Created text_9 = TextStim(__class__=<class 'psychopy.visual.text.TextStim'>, alignHoriz=method-wrapper(...), alignText='center', alignVert=method-wrapper(...), anchorHoriz='center', anchorVert='center', antialias=True, autoLog=True, bold=False, color='black', colorSpace='named', contrast=1.0, depth=-1.0, flipHoriz=False, flipVert=False, font='Arial', fontFiles=[], height=0.05, italic=False, languageStyle='LTR', name='text_9', opacity=1.0, ori=0, pos=array([0., 0.]), rgb=array([0., 0., 0.]), text='default text', units='height', win=Window(...), wrapWidth=1)
23.1356 	EXP 	Created instructions_imageR2 = ImageStim(__class__=<class 'psychopy.visual.image.ImageStim'>, autoLog=True, color=array([1., 1., 1.]), colorSpace='rgb', contrast=1.0, depth=-1.0, flipHoriz=False, flipVert=False, image='sin', interpolate=True, mask=None, maskParams=None, name='instructions_imageR2', opacity=1.0, ori=0.0, pos=array([0., 0.]), size=array([1.3275, 0.75  ]), texRes=512, units='height', win=Window(...))
23.5130 	EXP 	Created text_4 = TextStim(__class__=<class 'psychopy.visual.text.TextStim'>, alignHoriz=method-wrapper(...), alignText='center', alignVert=method-wrapper(...), anchorHoriz='center', anchorVert='center', antialias=True, autoLog=True, bold=False, color='white', colorSpace='named', contrast=1.0, depth=-1.0, flipHoriz=False, flipVert=False, font='Arial', fontFiles=[], height=0.05, italic=False, languageStyle='LTR', name='text_4', opacity=1.0, ori=0, pos=array([0., 0.]), rgb=array([255., 255., 255.]), text='+', units='height', win=Window(...), wrapWidth=1)
23.8941 	EXP 	Created text_6 = TextStim(__class__=<class 'psychopy.visual.text.TextStim'>, alignHoriz=method-wrapper(...), alignText='center', alignVert=method-wrapper(...), anchorHoriz='center', anchorVert='center', antialias=True, autoLog=True, bold=False, color='white', colorSpace='named', contrast=1.0, depth=0.0, flipHoriz=False, flipVert=False, font='Arial', fontFiles=[], height=0.05, italic=False, languageStyle='LTR', name='text_6', opacity=1.0, ori=0, pos=array([0., 0.]), rgb=array([255., 255., 255.]), text='+', units='height', win=Window(...), wrapWidth=1)
23.8953 	EXP 	Created trial_image = ImageStim(__class__=<class 'psychopy.visual.image.ImageStim'>, autoLog=True, color=array([1., 1., 1.]), colorSpace='rgb', contrast=1.0, depth=-1.0, flipHoriz=False, flipVert=False, image='sin', interpolate=True, mask=None, maskParams=None, name='trial_image', opacity=1.0, ori=0.0, pos=array([0., 0.]), size=array([1., 1.]), texRes=512, units='height', win=Window(...))
24.6722 	EXP 	Created image_4 = ImageStim(__class__=<class 'psychopy.visual.image.ImageStim'>, autoLog=True, color=array([1., 1., 1.]), colorSpace='rgb', contrast=1.0, depth=-1.0, flipHoriz=False, flipVert=False, image='Designs/baby_dory_GJ.png', interpolate=True, mask=None, maskParams=None, name='image_4', opacity=1.0, ori=0.0, pos=array([0., 0.]), size=array([0.4  , 0.732]), texRes=512, units='height', win=Window(...))
24.6737 	EXP 	Created instructions_imageR1 = ImageStim(__class__=<class 'psychopy.visual.image.ImageStim'>, autoLog=True, color=array([1., 1., 1.]), colorSpace='rgb', contrast=1.0, depth=-1.0, flipHoriz=False, flipVert=False, image='sin', interpolate=True, mask=None, maskParams=None, name='instructions_imageR1', opacity=1.0, ori=0.0, pos=array([0., 0.]), size=array([1.3275, 0.75  ]), texRes=512, units='height', win=Window(...))
25.0475 	EXP 	Created text_2 = TextStim(__class__=<class 'psychopy.visual.text.TextStim'>, alignHoriz=method-wrapper(...), alignText='center', alignVert=method-wrapper(...), anchorHoriz='center', anchorVert='center', antialias=True, autoLog=True, bold=False, color='white', colorSpace='named', contrast=1.0, depth=-1.0, flipHoriz=False, flipVert=False, font='Arial', fontFiles=[], height=0.05, italic=False, languageStyle='LTR', name='text_2', opacity=1.0, ori=0, pos=array([0., 0.]), rgb=array([255., 255., 255.]), text='+', units='height', win=Window(...), wrapWidth=1)
25.4239 	EXP 	Created text_6 = TextStim(__class__=<class 'psychopy.visual.text.TextStim'>, alignHoriz=method-wrapper(...), alignText='center', alignVert=method-wrapper(...), anchorHoriz='center', anchorVert='center', antialias=True, autoLog=True, bold=False, color='white', colorSpace='named', contrast=1.0, depth=0.0, flipHoriz=False, flipVert=False, font='Arial', fontFiles=[], height=0.05, italic=False, languageStyle='LTR', name='text_6', opacity=1.0, ori=0, pos=array([0., 0.]), rgb=array([255., 255., 255.]), text='+', units='height', win=Window(...), wrapWidth=1)
25.4250 	EXP 	Created trial_image = ImageStim(__class__=<class 'psychopy.visual.image.ImageStim'>, autoLog=True, color=array([1., 1., 1.]), colorSpace='rgb', contrast=1.0, depth=-1.0, flipHoriz=False, flipVert=False, image='sin', interpolate=True, mask=None, maskParams=None, name='trial_image', opacity=1.0, ori=0.0, pos=array([0., 0.]), size=array([1., 1.]), texRes=512, units='height', win=Window(...))
26.1953 	EXP 	Created image_4 = ImageStim(__class__=<class 'psychopy.visual.image.ImageStim'>, autoLog=True, color=array([1., 1., 1.]), colorSpace='rgb', contrast=1.0, depth=-1.0, flipHoriz=False, flipVert=False, image='Designs/baby_dory_GJ.png', interpolate=True, mask=None, maskParams=None, name='image_4', opacity=1.0, ori=0.0, pos=array([0., 0.]), size=array([0.4  , 0.732]), texRes=512, units='height', win=Window(...))
26.1967 	EXP 	Created instructions_imageR2 = ImageStim(__class__=<class 'psychopy.visual.image.ImageStim'>, autoLog=True, color=array([1., 1., 1.]), colorSpace='rgb', contrast=1.0, depth=-1.0, flipHoriz=False, flipVert=False, image='sin', interpolate=True, mask=None, maskParams=None, name='instructions_imageR2', opacity=1.0, ori=0.0, pos=array([0., 0.]), size=array([1.3275, 0.75  ]), texRes=512, units='height', win=Window(...))
26.5729 	EXP 	Created text_4 = TextStim(__class__=<class 'psychopy.visual.text.TextStim'>, alignHoriz=method-wrapper(...), alignText='center', alignVert=method-wrapper(...), anchorHoriz='center', anchorVert='center', antialias=True, autoLog=True, bold=False, color='white', colorSpace='named', contrast=1.0, depth=-1.0, flipHoriz=False, flipVert=False, font='Arial', fontFiles=[], height=0.05, italic=False, languageStyle='LTR', name='text_4', opacity=1.0, ori=0, pos=array([0., 0.]), rgb=array([255., 255., 255.]), text='+', units='height', win=Window(...), wrapWidth=1)
26.9458 	EXP 	Created text_6 = TextStim(__class__=<class 'psychopy.visual.text.TextStim'>, alignHoriz=method-wrapper(...), alignText='center', alignVert=method-wrapper(...), anchorHoriz='center', anchorVert='center', antialias=True, autoLog=True, bold=False, color='white', colorSpace='named', contrast=1.0, depth=0.0, flipHoriz=False, flipVert=False, font='Arial', fontFiles=[], height=0.05, italic=False, languageStyle='LTR', name='text_6', opacity=1.0, ori=0, pos=array([0., 0.]), rgb=array([255., 255., 255.]), text='+', units='height', win=Window(...), wrapWidth=1)
26.9470 	EXP 	Created trial_image = ImageStim(__class__=<class 'psychopy.visual.image.ImageStim'>, autoLog=True, color=array([1., 1., 1.]), colorSpace='rgb', contrast=1.0, depth=-1.0, flipHoriz=False, flipVert=False, image='sin', interpolate=True, mask=None, maskParams=None, name='trial_image', opacity=1.0, ori=0.0, pos=array([0., 0.]), size=array([1., 1.]), texRes=512, units='height', win=Window(...))
27.7254 	EXP 	Created image_5 = ImageStim(__class__=<class 'psychopy.visual.image.ImageStim'>, autoLog=True, color=array([1., 1., 1.]), colorSpace='rgb', contrast=1.0, depth=0.0, flipHoriz=False, flipVert=False, image='Designs/baby_squirt_GJ.png', interpolate=True, mask=None, maskParams=None, name='image_5', opacity=1.0, ori=0.0, pos=array([0., 0.]), size=array([0.8, 0.5]), texRes=512, units='height', win=Window(...))
27.7724 	WARNING 	t of last frame was 13558.25ms (=1/0)
27.7724 	EXP 	text_top: autoDraw = True
27.7724 	EXP 	text_bottom: autoDraw = True
27.7724 	EXP 	ccimage: autoDraw = True
27.7948 	WARNING 	t of last frame was 22.45ms (=1/44)
27.8158 	WARNING 	t of last frame was 21.02ms (=1/47)
30.2323 	WARNING 	t of last frame was 34.76ms (=1/28)
33.0194 	DATA 	Keypress: space
33.0779 	WARNING 	Multiple dropped frames have occurred - I'll stop bothering you about them!
33.0779 	EXP 	ccimage: size = [0.42800000000000005, 0.2699]
33.0779 	EXP 	text_top: autoDraw = False
33.0779 	EXP 	text_bottom: autoDraw = False
33.0779 	EXP 	ccimage: autoDraw = False
33.0779 	EXP 	prac_instr1: image = 'Designs/prac_instr1.png'
33.0779 	EXP 	prac_instr1: autoDraw = True
33.3552 	DATA 	Keypress: space
33.6989 	DATA 	Keypress: space
33.7143 	EXP 	prac_instr1: autoDraw = False
33.7143 	EXP 	prac_instr2: autoDraw = True
33.9991 	DATA 	Keypress: space
34.0136 	EXP 	prac_instr2: autoDraw = False
34.0136 	EXP 	prac_instr3: autoDraw = True
34.2863 	DATA 	Keypress: space
34.5863 	DATA 	Keypress: space
34.5977 	EXP 	prac_instr3: autoDraw = False
34.5977 	EXP 	image_2: image = 'Designs/design1_run1_ex.png'
34.5977 	EXP 	image_2: autoDraw = True
34.8714 	DATA 	Keypress: space
34.8807 	EXP 	image_2: autoDraw = False
34.8807 	EXP 	image: pos = array([0.17380935, 0.        ])
34.8807 	EXP 	image: size = array([0.17296, 0.17296])
34.8807 	EXP 	image: image = 'Stimuli/HofS2.jpg'
34.8807 	EXP 	text_8: autoDraw = True
34.8807 	EXP 	image: autoDraw = True
36.0368 	DATA 	Keypress: j
36.0473 	EXP 	text_8: autoDraw = False
36.0473 	EXP 	image: autoDraw = False
36.0473 	EXP 	image_3: image = 'Designs/hand_hold_local_corr.png'
36.0473 	EXP 	image_3: autoDraw = True
36.3159 	DATA 	Keypress: space
36.8152 	DATA 	Keypress: space
37.1884 	DATA 	Keypress: space
37.2064 	EXP 	image_3: autoDraw = False
37.2064 	EXP 	Pinstructions_imageR1: image = 'Designs/design1_run1.png'
37.2064 	EXP 	Pinstructions_imageR1: autoDraw = True
37.7833 	DATA 	Keypress: space
38.1152 	DATA 	Keypress: space
38.4652 	EXP 	Created sequence: sequential, trialTypes=1, nReps=5, seed=None
38.4656 	EXP 	New trial (rep=0, index=0): None
38.4735 	DEBUG 	Read csv file with pandas: Designs/design1_run1.csv
38.4759 	DEBUG 	Clearing unnamed columns from Designs/design1_run1.csv
38.4769 	EXP 	Imported Designs/design1_run1.csv as conditions, 6 conditions, 6 params
38.4772 	EXP 	Created sequence: random, trialTypes=6, nReps=1, seed=None
38.4776 	EXP 	New trial (rep=0, index=0): OrderedDict([('runID', 1), ('imgID', 7), ('stimLabel', 'smallSincon'), ('imFile', 'Stimuli/HofS2.jpg'), ('corr', 'j'), ('side', 'left')])
38.4798 	DATA 	Keypress: space
38.4996 	EXP 	Pinstructions_imageR1: autoDraw = False
38.4996 	EXP 	text: color = 'black (named)'
38.4996 	EXP 	text: autoDraw = True
39.8474 	EXP 	text: autoDraw = False
39.8474 	EXP 	text: autoDraw = False
39.8474 	EXP 	text_5: color = 'black (named)'
39.8474 	EXP 	prac_image: pos = array([-0.17380935,  0.        ])
39.8474 	EXP 	prac_image: size = array([0.17296, 0.17296])
39.8474 	EXP 	prac_image: image = 'Stimuli/HofS2.jpg'
39.8474 	EXP 	text_5: autoDraw = True
39.8474 	EXP 	prac_image: autoDraw = True
43.8644 	EXP 	text_5: autoDraw = False
43.8644 	EXP 	prac_image: autoDraw = False
43.8644 	EXP 	text_5: autoDraw = False
43.8644 	EXP 	prac_image: autoDraw = False
43.8644 	EXP 	imFeedback: image = 'Stimuli/redWrong.png'
43.8644 	EXP 	feedback_msg: text = "Oops, time ran out. That's ok, try again!"
43.8644 	EXP 	imFeedback: autoDraw = True
43.8644 	EXP 	feedback_msg: autoDraw = True
45.8343 	EXP 	New trial (rep=0, index=1): OrderedDict([('runID', 1), ('imgID', 1), ('stimLabel', 'smallHcongr'), ('imFile', 'Stimuli/HofH2.jpg'), ('corr', 'f'), ('side', 'left')])
45.8477 	EXP 	imFeedback: autoDraw = False
45.8477 	EXP 	feedback_msg: autoDraw = False
45.8477 	EXP 	text: color = 'black (named)'
45.8477 	EXP 	text: autoDraw = True
47.1311 	EXP 	text: autoDraw = False
47.1311 	EXP 	text: autoDraw = False
47.1311 	EXP 	text_5: color = 'black (named)'
47.1311 	EXP 	prac_image: pos = array([-0.17380935,  0.        ])
47.1311 	EXP 	prac_image: size = array([0.17296, 0.17296])
47.1311 	EXP 	prac_image: image = 'Stimuli/HofH2.jpg'
47.1311 	EXP 	text_5: autoDraw = True
47.1311 	EXP 	prac_image: autoDraw = True
51.1310 	EXP 	text_5: autoDraw = False
51.1310 	EXP 	prac_image: autoDraw = False
51.1310 	EXP 	text_5: autoDraw = False
51.1310 	EXP 	prac_image: autoDraw = False
51.1310 	EXP 	imFeedback: image = 'Stimuli/redWrong.png'
51.1310 	EXP 	feedback_msg: text = "Oops, time ran out. That's ok, try again!"
51.1310 	EXP 	imFeedback: autoDraw = True
51.1310 	EXP 	feedback_msg: autoDraw = True
53.1177 	EXP 	New trial (rep=0, index=2): OrderedDict([('runID', 1), ('imgID', 3), ('stimLabel', 'smallHincon'), ('imFile', 'Stimuli/SofH2.jpg'), ('corr', 'f'), ('side', 'left')])
53.1310 	EXP 	imFeedback: autoDraw = False
53.1310 	EXP 	feedback_msg: autoDraw = False
53.1310 	EXP 	text: color = 'white (named)'
53.1310 	EXP 	text: autoDraw = True
54.7645 	EXP 	text: autoDraw = False
54.7645 	EXP 	text: autoDraw = False
54.7645 	EXP 	text_5: color = 'white (named)'
54.7645 	EXP 	prac_image: pos = array([-0.17380935,  0.        ])
54.7645 	EXP 	prac_image: size = array([0.17296, 0.17296])
54.7645 	EXP 	prac_image: image = 'Stimuli/SofH2.jpg'
54.7645 	EXP 	text_5: autoDraw = True
54.7645 	EXP 	prac_image: autoDraw = True
58.7645 	EXP 	text_5: autoDraw = False
58.7645 	EXP 	prac_image: autoDraw = False
58.7645 	EXP 	text_5: autoDraw = False
58.7645 	EXP 	prac_image: autoDraw = False
58.7645 	EXP 	imFeedback: image = 'Stimuli/redWrong.png'
58.7645 	EXP 	feedback_msg: text = "Oops, time ran out. That's ok, try again!"
58.7645 	EXP 	imFeedback: autoDraw = True
58.7645 	EXP 	feedback_msg: autoDraw = True
60.7488 	EXP 	New trial (rep=0, index=3): OrderedDict([('runID', 1), ('imgID', 5), ('stimLabel', 'smallScongr'), ('imFile', 'Stimuli/SofS2.jpg'), ('corr', 'j'), ('side', 'left')])
60.7645 	EXP 	imFeedback: autoDraw = False
60.7645 	EXP 	feedback_msg: autoDraw = False
60.7645 	EXP 	imFeedback: autoDraw = False
60.7645 	EXP 	feedback_msg: autoDraw = False
60.7645 	EXP 	text: color = 'white (named)'
60.7645 	EXP 	text: autoDraw = True
62.2479 	EXP 	text: autoDraw = False
62.2479 	EXP 	text: autoDraw = False
62.2479 	EXP 	text_5: color = 'white (named)'
62.2479 	EXP 	prac_image: pos = array([-0.17380935,  0.        ])
62.2479 	EXP 	prac_image: size = array([0.17296, 0.17296])
62.2479 	EXP 	prac_image: image = 'Stimuli/SofS2.jpg'
62.2479 	EXP 	text_5: autoDraw = True
62.2479 	EXP 	prac_image: autoDraw = True
63.5659 	DATA 	Keypress: j
66.2470 	EXP 	text_5: autoDraw = False
66.2470 	EXP 	prac_image: autoDraw = False
66.2470 	EXP 	text_5: autoDraw = False
66.2470 	EXP 	prac_image: autoDraw = False
66.2470 	EXP 	imFeedback: image = 'Stimuli/greenCheck.png'
66.2470 	EXP 	feedback_msg: text = 'Well done!'
66.2470 	EXP 	imFeedback: autoDraw = True
66.2470 	EXP 	feedback_msg: autoDraw = True
68.2321 	EXP 	New trial (rep=0, index=4): OrderedDict([('runID', 1), ('imgID', 4), ('stimLabel', 'smallHincon'), ('imFile', 'Stimuli/SofH2.jpg'), ('corr', 'f'), ('side', 'right')])
68.2480 	EXP 	imFeedback: autoDraw = False
68.2480 	EXP 	feedback_msg: autoDraw = False
68.2480 	EXP 	imFeedback: autoDraw = False
68.2480 	EXP 	feedback_msg: autoDraw = False
68.2480 	EXP 	text: color = 'black (named)'
68.2480 	EXP 	text: autoDraw = True
69.8974 	EXP 	text: autoDraw = False
69.8974 	EXP 	text: autoDraw = False
69.8974 	EXP 	text_5: color = 'black (named)'
69.8974 	EXP 	prac_image: pos = array([0.17380935, 0.        ])
69.8974 	EXP 	prac_image: size = array([0.17296, 0.17296])
69.8974 	EXP 	prac_image: image = 'Stimuli/SofH2.jpg'
69.8974 	EXP 	text_5: autoDraw = True
69.8974 	EXP 	prac_image: autoDraw = True
70.9195 	DATA 	Keypress: space
71.6664 	DATA 	Keypress: f
73.8979 	EXP 	text_5: autoDraw = False
73.8979 	EXP 	prac_image: autoDraw = False
73.8979 	EXP 	imFeedback: image = 'Stimuli/greenCheck.png'
73.8979 	EXP 	feedback_msg: text = 'Well done!'
73.8979 	EXP 	imFeedback: autoDraw = True
73.8979 	EXP 	feedback_msg: autoDraw = True
75.8842 	EXP 	New trial (rep=0, index=5): OrderedDict([('runID', 1), ('imgID', 2), ('stimLabel', 'smallHcongr'), ('imFile', 'Stimuli/HofH2.jpg'), ('corr', 'f'), ('side', 'right')])
75.8980 	EXP 	imFeedback: autoDraw = False
75.8980 	EXP 	feedback_msg: autoDraw = False
75.8980 	EXP 	text: color = 'black (named)'
75.8980 	EXP 	text: autoDraw = True
77.3647 	EXP 	text: autoDraw = False
77.3647 	EXP 	text: autoDraw = False
77.3647 	EXP 	text_5: color = 'black (named)'
77.3647 	EXP 	prac_image: pos = array([0.17380935, 0.        ])
77.3647 	EXP 	prac_image: size = array([0.17296, 0.17296])
77.3647 	EXP 	prac_image: image = 'Stimuli/HofH2.jpg'
77.3647 	EXP 	text_5: autoDraw = True
77.3647 	EXP 	prac_image: autoDraw = True
79.5661 	DATA 	Keypress: f
79.9668 	DATA 	Keypress: space
81.3643 	EXP 	text_5: autoDraw = False
81.3643 	EXP 	prac_image: autoDraw = False
81.3643 	EXP 	text_5: autoDraw = False
81.3643 	EXP 	prac_image: autoDraw = False
81.3643 	EXP 	imFeedback: image = 'Stimuli/redWrong.png'
81.3643 	EXP 	feedback_msg: text = 'Oops, you pressed space when there was no fix change.'
81.3643 	EXP 	imFeedback: autoDraw = True
81.3643 	EXP 	feedback_msg: autoDraw = True
83.3816 	EXP 	imFeedback: autoDraw = False
83.3816 	EXP 	feedback_msg: autoDraw = False
83.3816 	EXP 	text_7: text = "You missed 3 of the trials because the time was up. That's ok, in the real game the image will stay on. Just try to go as fast as you can. \n\n Press Space to practice more."
83.3816 	EXP 	text_7: autoDraw = True
116.3667 	DATA 	Keypress: escape
116.7974 	EXP 	window1: mouseVisible = True
116.7974 	DEBUG 	Saving data for global_local ExperimentHandler
116.7985 	INFO 	saved data to /Users/sophia/Documents/PycharmProjects/Global_Local_Study/data/_global_local_2020_Dec_21_1500.psydat
116.7993 	INFO 	saved data to '/Users/sophia/Documents/PycharmProjects/Global_Local_Study/data/_global_local_2020_Dec_21_1500.csv'
