11.8188 	INFO 	Loaded monitor calibration from ['2020_09_20 15:42']
14.0566 	WARNING 	Couldn't measure a consistent frame rate.
  - Is your graphics card set to sync to vertical blank?
  - Are you running other processes on your computer?

14.0574 	EXP 	Created window1 = Window(allowGUI=False, allowStencil=False, args=UNKNOWN, autoLog=True, bitsMode=UNKNOWN, blendMode='avg', bpc=(8, 8, 8), color=array([0., 0., 0.]), colorSpace='rgb', depthBits=8, fullscr=<method-wrapper '__getattribute__' of attributeSetter object at 0x1215d1b70>, gamma=None, gammaErrorPolicy='raise', kwargs=UNKNOWN, lms=UNKNOWN, monitor=<psychopy.monitors.calibTools.Monitor object at 0x121515e48>, multiSample=False, name='window1', numSamples=2, pos=[448.0, 280.0], screen=0, size=array([3584, 2240]), stencilBits=0, stereo=False, units='height', useFBO=True, useRetina=True, viewOri=0.0, viewPos=None, viewScale=None, waitBlanking=True, winType='pyglet')
14.0576 	EXP 	window1: mouseVisible = True
14.0576 	EXP 	window1: recordFrameIntervals = False
14.2245 	EXP 	window1: recordFrameIntervals = True
15.8914 	WARNING 	Couldn't measure a consistent frame rate.
  - Is your graphics card set to sync to vertical blank?
  - Are you running other processes on your computer?

16.5277 	EXP 	Created text_top = TextStim(__class__=<class 'psychopy.visual.text.TextStim'>, alignHoriz=method-wrapper(...), alignText='center', alignVert=method-wrapper(...), anchorHoriz='center', anchorVert='center', antialias=True, autoLog=True, bold=False, color='black', colorSpace='named', contrast=1.0, depth=-2.0, flipHoriz=False, flipVert=False, font='Arial', fontFiles=[], height=0.05, italic=False, languageStyle='LTR', name='text_top', opacity=1.0, ori=0, pos=array([0. , 0.3]), rgb=array([0., 0., 0.]), text=str(...), units='height', win=Window(...), wrapWidth=1)
16.5341 	EXP 	Created text_bottom = TextStim(__class__=<class 'psychopy.visual.text.TextStim'>, alignHoriz=method-wrapper(...), alignText='center', alignVert=method-wrapper(...), anchorHoriz='center', anchorVert='center', antialias=True, autoLog=True, bold=False, color='black', colorSpace='named', contrast=1.0, depth=-3.0, flipHoriz=False, flipVert=False, font='Arial', fontFiles=[], height=0.05, italic=False, languageStyle='LTR', name='text_bottom', opacity=1.0, ori=0, pos=array([ 0. , -0.3]), rgb=array([0., 0., 0.]), text='Press Space when you’re finished', units='height', win=Window(...), wrapWidth=1)
16.5573 	EXP 	Created ccimage = ImageStim(__class__=<class 'psychopy.visual.image.ImageStim'>, autoLog=True, color=array([1., 1., 1.]), colorSpace='rgb', contrast=1.0, depth=-4.0, flipHoriz=False, flipVert=False, image='bankcard.png', interpolate=True, mask=None, maskParams=None, name='ccimage', opacity=1.0, ori=0.0, pos=array([0., 0.]), size=array([0.428 , 0.2699]), texRes=512, units='height', win=Window(...))
16.5780 	EXP 	Created prac_instr1 = ImageStim(__class__=<class 'psychopy.visual.image.ImageStim'>, autoLog=True, color=array([1., 1., 1.]), colorSpace='rgb', contrast=1.0, depth=-1.0, flipHoriz=False, flipVert=False, image='Designs/prac_instr1.png', interpolate=True, mask=None, maskParams=None, name='prac_instr1', opacity=1.0, ori=0.0, pos=array([0., 0.]), size=array([1.125, 0.75 ]), texRes=512, units='height', win=Window(...))
17.1443 	EXP 	Created prac_instr2 = ImageStim(__class__=<class 'psychopy.visual.image.ImageStim'>, autoLog=True, color=array([1., 1., 1.]), colorSpace='rgb', contrast=1.0, depth=0.0, flipHoriz=False, flipVert=False, image='Designs/prac_instr2.png', interpolate=True, mask=None, maskParams=None, name='prac_instr2', opacity=1.0, ori=0.0, pos=array([0., 0.]), size=array([1.125, 0.75 ]), texRes=512, units='height', win=Window(...))
17.6921 	EXP 	Created prac_instr3 = ImageStim(__class__=<class 'psychopy.visual.image.ImageStim'>, autoLog=True, color=array([1., 1., 1.]), colorSpace='rgb', contrast=1.0, depth=0.0, flipHoriz=False, flipVert=False, image='Designs/prac_instr3.png', interpolate=True, mask=None, maskParams=None, name='prac_instr3', opacity=1.0, ori=0.0, pos=array([0., 0.]), size=array([1.125, 0.75 ]), texRes=512, units='height', win=Window(...))
18.2213 	EXP 	Created Pinstructions_imageR1 = ImageStim(__class__=<class 'psychopy.visual.image.ImageStim'>, autoLog=True, color=array([1., 1., 1.]), colorSpace='rgb', contrast=1.0, depth=-2.0, flipHoriz=False, flipVert=False, image='sin', interpolate=True, mask=None, maskParams=None, name='Pinstructions_imageR1', opacity=1.0, ori=0.0, pos=array([0., 0.]), size=array([1.3125, 0.75  ]), texRes=512, units='height', win=Window(...))
18.7450 	EXP 	Created text = TextStim(__class__=<class 'psychopy.visual.text.TextStim'>, alignHoriz=method-wrapper(...), alignText='center', alignVert=method-wrapper(...), anchorHoriz='center', anchorVert='center', antialias=True, autoLog=True, bold=False, color='white', colorSpace='named', contrast=1.0, depth=-1.0, flipHoriz=False, flipVert=False, font='Arial', fontFiles=[], height=0.05, italic=False, languageStyle='LTR', name='text', opacity=1.0, ori=0, pos=array([0., 0.]), rgb=array([255., 255., 255.]), text='+', units='height', win=Window(...), wrapWidth=1)
18.7461 	EXP 	Created text_5 = TextStim(__class__=<class 'psychopy.visual.text.TextStim'>, alignHoriz=method-wrapper(...), alignText='center', alignVert=method-wrapper(...), anchorHoriz='center', anchorVert='center', antialias=True, autoLog=True, bold=False, color='white', colorSpace='named', contrast=1.0, depth=-1.0, flipHoriz=False, flipVert=False, font='Arial', fontFiles=[], height=0.05, italic=False, languageStyle='LTR', name='text_5', opacity=1.0, ori=0, pos=array([0., 0.]), rgb=array([255., 255., 255.]), text='+', units='height', win=Window(...), wrapWidth=1)
18.7473 	EXP 	Created prac_image = ImageStim(__class__=<class 'psychopy.visual.image.ImageStim'>, autoLog=True, color=array([1., 1., 1.]), colorSpace='rgb', contrast=1.0, depth=-2.0, flipHoriz=False, flipVert=False, image='sin', interpolate=True, mask=None, maskParams=None, name='prac_image', opacity=1.0, ori=0.0, pos=array([0., 0.]), size=array([1., 1.]), texRes=512, units='height', win=Window(...))
19.7986 	EXP 	Created imFeedback = ImageStim(__class__=<class 'psychopy.visual.image.ImageStim'>, autoLog=True, color=array([1., 1., 1.]), colorSpace='rgb', contrast=1.0, depth=-1.0, flipHoriz=False, flipVert=False, image='sin', interpolate=True, mask=None, maskParams=None, name='imFeedback', opacity=1.0, ori=0.0, pos=array([0., 0.]), size=array([0.25, 0.25]), texRes=512, units='height', win=Window(...))
19.8018 	EXP 	Created feedback_msg = TextStim(__class__=<class 'psychopy.visual.text.TextStim'>, alignHoriz=method-wrapper(...), alignText='center', alignVert=method-wrapper(...), anchorHoriz='center', anchorVert='center', antialias=True, autoLog=True, bold=False, color='black', colorSpace='named', contrast=1.0, depth=-2.0, flipHoriz=False, flipVert=False, font='Arial', fontFiles=[], height=0.05, italic=False, languageStyle='LTR', name='feedback_msg', opacity=1.0, ori=0, pos=array([ 0.  , -0.25]), rgb=array([0., 0., 0.]), text='default text', units='height', win=Window(...), wrapWidth=1)
19.8095 	EXP 	Created text_7 = TextStim(__class__=<class 'psychopy.visual.text.TextStim'>, alignHoriz=method-wrapper(...), alignText='center', alignVert=method-wrapper(...), anchorHoriz='center', anchorVert='center', antialias=True, autoLog=True, bold=False, color='black', colorSpace='named', contrast=1.0, depth=0.0, flipHoriz=False, flipVert=False, font='Arial', fontFiles=[], height=0.05, italic=False, languageStyle='LTR', name='text_7', opacity=1.0, ori=0, pos=array([0., 0.]), rgb=array([0., 0., 0.]), text=str(...), units='height', win=Window(...), wrapWidth=1)
20.3429 	EXP 	Created instructions_imageR1 = ImageStim(__class__=<class 'psychopy.visual.image.ImageStim'>, autoLog=True, color=array([1., 1., 1.]), colorSpace='rgb', contrast=1.0, depth=-1.0, flipHoriz=False, flipVert=False, image='sin', interpolate=True, mask=None, maskParams=None, name='instructions_imageR1', opacity=1.0, ori=0.0, pos=array([0., 0.]), size=array([1.125, 0.75 ]), texRes=512, units='height', win=Window(...))
20.8843 	EXP 	Created text_2 = TextStim(__class__=<class 'psychopy.visual.text.TextStim'>, alignHoriz=method-wrapper(...), alignText='center', alignVert=method-wrapper(...), anchorHoriz='center', anchorVert='center', antialias=True, autoLog=True, bold=False, color='white', colorSpace='named', contrast=1.0, depth=-1.0, flipHoriz=False, flipVert=False, font='Arial', fontFiles=[], height=0.05, italic=False, languageStyle='LTR', name='text_2', opacity=1.0, ori=0, pos=array([0., 0.]), rgb=array([255., 255., 255.]), text='+', units='height', win=Window(...), wrapWidth=1)
21.4155 	EXP 	Created text_6 = TextStim(__class__=<class 'psychopy.visual.text.TextStim'>, alignHoriz=method-wrapper(...), alignText='center', alignVert=method-wrapper(...), anchorHoriz='center', anchorVert='center', antialias=True, autoLog=True, bold=False, color='white', colorSpace='named', contrast=1.0, depth=0.0, flipHoriz=False, flipVert=False, font='Arial', fontFiles=[], height=0.05, italic=False, languageStyle='LTR', name='text_6', opacity=1.0, ori=0, pos=array([0., 0.]), rgb=array([255., 255., 255.]), text='+', units='height', win=Window(...), wrapWidth=1)
21.4166 	EXP 	Created trial_image = ImageStim(__class__=<class 'psychopy.visual.image.ImageStim'>, autoLog=True, color=array([1., 1., 1.]), colorSpace='rgb', contrast=1.0, depth=-1.0, flipHoriz=False, flipVert=False, image='sin', interpolate=True, mask=None, maskParams=None, name='trial_image', opacity=1.0, ori=0.0, pos=array([0., 0.]), size=array([1., 1.]), texRes=512, units='height', win=Window(...))
22.4851 	EXP 	Created Pinstructions_imageR2 = ImageStim(__class__=<class 'psychopy.visual.image.ImageStim'>, autoLog=True, color=array([1., 1., 1.]), colorSpace='rgb', contrast=1.0, depth=-1.0, flipHoriz=False, flipVert=False, image='sin', interpolate=True, mask=None, maskParams=None, name='Pinstructions_imageR2', opacity=1.0, ori=0.0, pos=array([0., 0.]), size=array([1.3125, 0.75  ]), texRes=512, units='height', win=Window(...))
23.0461 	EXP 	Created text_3 = TextStim(__class__=<class 'psychopy.visual.text.TextStim'>, alignHoriz=method-wrapper(...), alignText='center', alignVert=method-wrapper(...), anchorHoriz='center', anchorVert='center', antialias=True, autoLog=True, bold=False, color='white', colorSpace='named', contrast=1.0, depth=-1.0, flipHoriz=False, flipVert=False, font='Arial', fontFiles=[], height=0.05, italic=False, languageStyle='LTR', name='text_3', opacity=1.0, ori=0, pos=array([0., 0.]), rgb=array([255., 255., 255.]), text='+', units='height', win=Window(...), wrapWidth=1)
23.5786 	EXP 	Created text_5 = TextStim(__class__=<class 'psychopy.visual.text.TextStim'>, alignHoriz=method-wrapper(...), alignText='center', alignVert=method-wrapper(...), anchorHoriz='center', anchorVert='center', antialias=True, autoLog=True, bold=False, color='white', colorSpace='named', contrast=1.0, depth=-1.0, flipHoriz=False, flipVert=False, font='Arial', fontFiles=[], height=0.05, italic=False, languageStyle='LTR', name='text_5', opacity=1.0, ori=0, pos=array([0., 0.]), rgb=array([255., 255., 255.]), text='+', units='height', win=Window(...), wrapWidth=1)
23.5799 	EXP 	Created prac_image = ImageStim(__class__=<class 'psychopy.visual.image.ImageStim'>, autoLog=True, color=array([1., 1., 1.]), colorSpace='rgb', contrast=1.0, depth=-2.0, flipHoriz=False, flipVert=False, image='sin', interpolate=True, mask=None, maskParams=None, name='prac_image', opacity=1.0, ori=0.0, pos=array([0., 0.]), size=array([1., 1.]), texRes=512, units='height', win=Window(...))
24.6367 	EXP 	Created imFeedback = ImageStim(__class__=<class 'psychopy.visual.image.ImageStim'>, autoLog=True, color=array([1., 1., 1.]), colorSpace='rgb', contrast=1.0, depth=-1.0, flipHoriz=False, flipVert=False, image='sin', interpolate=True, mask=None, maskParams=None, name='imFeedback', opacity=1.0, ori=0.0, pos=array([0., 0.]), size=array([0.25, 0.25]), texRes=512, units='height', win=Window(...))
24.6387 	EXP 	Created feedback_msg = TextStim(__class__=<class 'psychopy.visual.text.TextStim'>, alignHoriz=method-wrapper(...), alignText='center', alignVert=method-wrapper(...), anchorHoriz='center', anchorVert='center', antialias=True, autoLog=True, bold=False, color='black', colorSpace='named', contrast=1.0, depth=-2.0, flipHoriz=False, flipVert=False, font='Arial', fontFiles=[], height=0.05, italic=False, languageStyle='LTR', name='feedback_msg', opacity=1.0, ori=0, pos=array([ 0.  , -0.25]), rgb=array([0., 0., 0.]), text='default text', units='height', win=Window(...), wrapWidth=1)
24.6426 	EXP 	Created text_7 = TextStim(__class__=<class 'psychopy.visual.text.TextStim'>, alignHoriz=method-wrapper(...), alignText='center', alignVert=method-wrapper(...), anchorHoriz='center', anchorVert='center', antialias=True, autoLog=True, bold=False, color='black', colorSpace='named', contrast=1.0, depth=0.0, flipHoriz=False, flipVert=False, font='Arial', fontFiles=[], height=0.05, italic=False, languageStyle='LTR', name='text_7', opacity=1.0, ori=0, pos=array([0., 0.]), rgb=array([0., 0., 0.]), text=str(...), units='height', win=Window(...), wrapWidth=1)
25.1734 	EXP 	Created instructions_imageR2 = ImageStim(__class__=<class 'psychopy.visual.image.ImageStim'>, autoLog=True, color=array([1., 1., 1.]), colorSpace='rgb', contrast=1.0, depth=-1.0, flipHoriz=False, flipVert=False, image='sin', interpolate=True, mask=None, maskParams=None, name='instructions_imageR2', opacity=1.0, ori=0.0, pos=array([0., 0.]), size=array([1.125, 0.75 ]), texRes=512, units='height', win=Window(...))
25.7052 	EXP 	Created text_4 = TextStim(__class__=<class 'psychopy.visual.text.TextStim'>, alignHoriz=method-wrapper(...), alignText='center', alignVert=method-wrapper(...), anchorHoriz='center', anchorVert='center', antialias=True, autoLog=True, bold=False, color='white', colorSpace='named', contrast=1.0, depth=-1.0, flipHoriz=False, flipVert=False, font='Arial', fontFiles=[], height=0.05, italic=False, languageStyle='LTR', name='text_4', opacity=1.0, ori=0, pos=array([0., 0.]), rgb=array([255., 255., 255.]), text='+', units='height', win=Window(...), wrapWidth=1)
26.2374 	EXP 	Created text_6 = TextStim(__class__=<class 'psychopy.visual.text.TextStim'>, alignHoriz=method-wrapper(...), alignText='center', alignVert=method-wrapper(...), anchorHoriz='center', anchorVert='center', antialias=True, autoLog=True, bold=False, color='white', colorSpace='named', contrast=1.0, depth=0.0, flipHoriz=False, flipVert=False, font='Arial', fontFiles=[], height=0.05, italic=False, languageStyle='LTR', name='text_6', opacity=1.0, ori=0, pos=array([0., 0.]), rgb=array([255., 255., 255.]), text='+', units='height', win=Window(...), wrapWidth=1)
26.2386 	EXP 	Created trial_image = ImageStim(__class__=<class 'psychopy.visual.image.ImageStim'>, autoLog=True, color=array([1., 1., 1.]), colorSpace='rgb', contrast=1.0, depth=-1.0, flipHoriz=False, flipVert=False, image='sin', interpolate=True, mask=None, maskParams=None, name='trial_image', opacity=1.0, ori=0.0, pos=array([0., 0.]), size=array([1., 1.]), texRes=512, units='height', win=Window(...))
27.2999 	EXP 	Created allDone = TextStim(__class__=<class 'psychopy.visual.text.TextStim'>, alignHoriz=method-wrapper(...), alignText='center', alignVert=method-wrapper(...), anchorHoriz='center', anchorVert='center', antialias=True, autoLog=True, bold=False, color='black', colorSpace='named', contrast=1.0, depth=0.0, flipHoriz=False, flipVert=False, font='Arial', fontFiles=[], height=0.1, italic=False, languageStyle='LTR', name='allDone', opacity=1.0, ori=0, pos=array([0., 0.]), rgb=array([0., 0., 0.]), text='You are all done. Thank you!', units='height', win=Window(...), wrapWidth=1)
27.3481 	WARNING 	t of last frame was 11456.89ms (=1/0)
27.3481 	EXP 	text_top: autoDraw = True
27.3481 	EXP 	text_bottom: autoDraw = True
27.3481 	EXP 	ccimage: autoDraw = True
27.3706 	WARNING 	t of last frame was 22.47ms (=1/44)
27.3917 	WARNING 	t of last frame was 21.14ms (=1/47)
31.9748 	WARNING 	t of last frame was 35.30ms (=1/28)
100.3490 	DATA 	Keypress: space
100.3609 	EXP 	ccimage: size = [0.42800000000000005, 0.2699]
100.3609 	EXP 	text_top: autoDraw = False
100.3609 	EXP 	text_bottom: autoDraw = False
100.3609 	EXP 	ccimage: autoDraw = False
100.3609 	EXP 	prac_instr1: autoDraw = True
100.7238 	EXP 	prac_instr1: autoDraw = False
100.7238 	EXP 	prac_instr2: autoDraw = True
100.7295 	DATA 	Keypress: space
101.0590 	DATA 	Keypress: space
101.0739 	EXP 	prac_instr2: autoDraw = False
101.0739 	EXP 	prac_instr3: autoDraw = True
101.4153 	DATA 	Keypress: space
101.4325 	WARNING 	Multiple dropped frames have occurred - I'll stop bothering you about them!
101.4324 	EXP 	prac_instr3: autoDraw = False
101.4324 	EXP 	Pinstructions_imageR1: image = 'Designs/design1_run1.png'
101.4324 	EXP 	Pinstructions_imageR1: autoDraw = True
101.7940 	DATA 	Keypress: space
102.1582 	DATA 	Keypress: space
103.1494 	DEBUG 	Read csv file with pandas: Designs/design1_run1.csv
103.1519 	DEBUG 	Clearing unnamed columns from Designs/design1_run1.csv
103.1527 	EXP 	Imported Designs/design1_run1.csv as conditions, 4 conditions, 6 params
103.1530 	EXP 	Created sequence: random, trialTypes=4, nReps=1, seed=None
103.1534 	EXP 	New trial (rep=0, index=0): OrderedDict([('runID', 1), ('imgID', 6), ('stimLabel', 'smallScongr'), ('imFile', 'Stimuli/SofS2.jpg'), ('corr', 'j'), ('side', 'right')])
103.1555 	DATA 	Keypress: space
103.1752 	EXP 	Pinstructions_imageR1: autoDraw = False
103.1752 	EXP 	text: color = 'black (named)'
103.1752 	EXP 	text: autoDraw = True
104.7568 	EXP 	text: autoDraw = False
104.7568 	EXP 	text: autoDraw = False
104.7568 	EXP 	text_5: color = 'black (named)'
104.7568 	EXP 	prac_image: pos = array([0.17296, 0.     ])
104.7568 	EXP 	prac_image: size = array([0.17296, 0.17296])
104.7568 	EXP 	prac_image: image = 'Stimuli/SofS2.jpg'
104.7568 	EXP 	text_5: autoDraw = True
104.7568 	EXP 	prac_image: autoDraw = True
105.7440 	DATA 	Keypress: j
108.7569 	EXP 	text_5: autoDraw = False
108.7569 	EXP 	prac_image: autoDraw = False
108.7569 	EXP 	text_5: autoDraw = False
108.7569 	EXP 	prac_image: autoDraw = False
108.7569 	EXP 	imFeedback: image = 'Stimuli/greenCheck.png'
108.7569 	EXP 	feedback_msg: text = 'Well done!'
108.7569 	EXP 	imFeedback: autoDraw = True
108.7569 	EXP 	feedback_msg: autoDraw = True
110.7416 	EXP 	New trial (rep=0, index=1): OrderedDict([('runID', 1), ('imgID', 2), ('stimLabel', 'smallHcongr'), ('imFile', 'Stimuli/HofH2.jpg'), ('corr', 'f'), ('side', 'right')])
110.7572 	EXP 	imFeedback: autoDraw = False
110.7572 	EXP 	feedback_msg: autoDraw = False
110.7572 	EXP 	imFeedback: autoDraw = False
110.7572 	EXP 	feedback_msg: autoDraw = False
110.7572 	EXP 	text: color = 'black (named)'
110.7572 	EXP 	text: autoDraw = True
111.7920 	DATA 	Keypress: space
112.0240 	EXP 	text: autoDraw = False
112.0240 	EXP 	text: autoDraw = False
112.0240 	EXP 	text_5: color = 'black (named)'
112.0240 	EXP 	prac_image: pos = array([0.17296, 0.     ])
112.0240 	EXP 	prac_image: size = array([0.17296, 0.17296])
112.0240 	EXP 	prac_image: image = 'Stimuli/HofH2.jpg'
112.0240 	EXP 	text_5: autoDraw = True
112.0240 	EXP 	prac_image: autoDraw = True
113.1779 	DATA 	Keypress: f
116.0240 	EXP 	text_5: autoDraw = False
116.0240 	EXP 	prac_image: autoDraw = False
116.0240 	EXP 	imFeedback: image = 'Stimuli/greenCheck.png'
116.0240 	EXP 	feedback_msg: text = 'Well done!'
116.0240 	EXP 	imFeedback: autoDraw = True
116.0240 	EXP 	feedback_msg: autoDraw = True
118.0081 	EXP 	New trial (rep=0, index=2): OrderedDict([('runID', 1), ('imgID', 4), ('stimLabel', 'smallHincon'), ('imFile', 'Stimuli/SofH2.jpg'), ('corr', 'f'), ('side', 'right')])
118.0240 	EXP 	imFeedback: autoDraw = False
118.0240 	EXP 	feedback_msg: autoDraw = False
118.0240 	EXP 	imFeedback: autoDraw = False
118.0240 	EXP 	feedback_msg: autoDraw = False
118.0240 	EXP 	text: color = 'black (named)'
118.0240 	EXP 	text: autoDraw = True
119.4574 	EXP 	text: autoDraw = False
119.4574 	EXP 	text: autoDraw = False
119.4574 	EXP 	text_5: color = 'black (named)'
119.4574 	EXP 	prac_image: pos = array([0.17296, 0.     ])
119.4574 	EXP 	prac_image: size = array([0.17296, 0.17296])
119.4574 	EXP 	prac_image: image = 'Stimuli/SofH2.jpg'
119.4574 	EXP 	text_5: autoDraw = True
119.4574 	EXP 	prac_image: autoDraw = True
120.5266 	DATA 	Keypress: space
120.7426 	DATA 	Keypress: f
123.4760 	EXP 	text_5: autoDraw = False
123.4760 	EXP 	prac_image: autoDraw = False
123.4760 	EXP 	text_5: autoDraw = False
123.4760 	EXP 	prac_image: autoDraw = False
123.4760 	EXP 	imFeedback: image = 'Stimuli/redWrong.png'
123.4760 	EXP 	feedback_msg: text = 'Oops, your picture response was right but the cross response was wrong.'
123.4760 	EXP 	imFeedback: autoDraw = True
123.4760 	EXP 	feedback_msg: autoDraw = True
125.4581 	EXP 	New trial (rep=0, index=3): OrderedDict([('runID', 1), ('imgID', 3), ('stimLabel', 'smallHincon'), ('imFile', 'Stimuli/SofH2.jpg'), ('corr', 'f'), ('side', 'left')])
125.4740 	EXP 	imFeedback: autoDraw = False
125.4740 	EXP 	feedback_msg: autoDraw = False
125.4740 	EXP 	text: color = 'black (named)'
125.4740 	EXP 	text: autoDraw = True
127.0546 	EXP 	window1: mouseVisible = True
127.0566 	DEBUG 	Saving data for global_local ExperimentHandler
127.0573 	INFO 	saved data to /Users/sophia/Documents/PycharmProjects/Global_Local_Study/data/_global_local_2020_Nov_07_1431.psydat
127.0579 	INFO 	saved data to '/Users/sophia/Documents/PycharmProjects/Global_Local_Study/data/_global_local_2020_Nov_07_1431.csv'
