27.3312 	INFO 	Loaded monitor calibration from ['2020_09_20 15:42']
29.5683 	WARNING 	Couldn't measure a consistent frame rate.
  - Is your graphics card set to sync to vertical blank?
  - Are you running other processes on your computer?

29.5688 	EXP 	Created window1 = Window(allowGUI=False, allowStencil=False, args=UNKNOWN, autoLog=True, bitsMode=UNKNOWN, blendMode='avg', bpc=(8, 8, 8), color=array([0., 0., 0.]), colorSpace='rgb', depthBits=8, fullscr=<method-wrapper '__getattribute__' of attributeSetter object at 0x146196390>, gamma=None, gammaErrorPolicy='raise', kwargs=UNKNOWN, lms=UNKNOWN, monitor=<psychopy.monitors.calibTools.Monitor object at 0x15665e1d0>, multiSample=False, name='window1', numSamples=2, pos=[448.0, 280.0], screen=0, size=array([3584, 2240]), stencilBits=0, stereo=False, units='height', useFBO=True, useRetina=True, viewOri=0.0, viewPos=None, viewScale=None, waitBlanking=True, winType='pyglet')
29.5691 	EXP 	window1: mouseVisible = True
29.5691 	EXP 	window1: recordFrameIntervals = False
29.7349 	EXP 	window1: recordFrameIntervals = True
31.3999 	WARNING 	Couldn't measure a consistent frame rate.
  - Is your graphics card set to sync to vertical blank?
  - Are you running other processes on your computer?

31.8784 	EXP 	Created text_top = TextStim(__class__=<class 'psychopy.visual.text.TextStim'>, alignHoriz=method-wrapper(...), alignText='center', alignVert=method-wrapper(...), anchorHoriz='center', anchorVert='center', antialias=True, autoLog=True, bold=False, color='black', colorSpace='named', contrast=1.0, depth=-2.0, flipHoriz=False, flipVert=False, font='Arial', fontFiles=[], height=0.05, italic=False, languageStyle='LTR', name='text_top', opacity=1.0, ori=0, pos=array([0. , 0.3]), rgb=array([0., 0., 0.]), text=str(...), units='height', win=Window(...), wrapWidth=1)
31.8847 	EXP 	Created text_bottom = TextStim(__class__=<class 'psychopy.visual.text.TextStim'>, alignHoriz=method-wrapper(...), alignText='center', alignVert=method-wrapper(...), anchorHoriz='center', anchorVert='center', antialias=True, autoLog=True, bold=False, color='black', colorSpace='named', contrast=1.0, depth=-3.0, flipHoriz=False, flipVert=False, font='Arial', fontFiles=[], height=0.05, italic=False, languageStyle='LTR', name='text_bottom', opacity=1.0, ori=0, pos=array([ 0. , -0.3]), rgb=array([0., 0., 0.]), text='Press Space when you’re finished', units='height', win=Window(...), wrapWidth=1)
31.9112 	EXP 	Created ccimage = ImageStim(__class__=<class 'psychopy.visual.image.ImageStim'>, autoLog=True, color=array([1., 1., 1.]), colorSpace='rgb', contrast=1.0, depth=-4.0, flipHoriz=False, flipVert=False, image='bankcard.png', interpolate=True, mask=None, maskParams=None, name='ccimage', opacity=1.0, ori=0.0, pos=array([0., 0.]), size=array([0.428 , 0.2699]), texRes=512, units='height', win=Window(...))
31.9129 	EXP 	Created prac_instr1 = ImageStim(__class__=<class 'psychopy.visual.image.ImageStim'>, autoLog=True, color=array([1., 1., 1.]), colorSpace='rgb', contrast=1.0, depth=-1.0, flipHoriz=False, flipVert=False, image='sin', interpolate=True, mask=None, maskParams=None, name='prac_instr1', opacity=1.0, ori=0.0, pos=array([0., 0.]), size=array([1.3275, 0.75  ]), texRes=512, units='height', win=Window(...))
32.3135 	EXP 	Created prac_instr2 = ImageStim(__class__=<class 'psychopy.visual.image.ImageStim'>, autoLog=True, color=array([1., 1., 1.]), colorSpace='rgb', contrast=1.0, depth=0.0, flipHoriz=False, flipVert=False, image='Designs/prac_instr2.png', interpolate=True, mask=None, maskParams=None, name='prac_instr2', opacity=1.0, ori=0.0, pos=array([0., 0.]), size=array([1.3275, 0.75  ]), texRes=512, units='height', win=Window(...))
32.7161 	EXP 	Created prac_instr3 = ImageStim(__class__=<class 'psychopy.visual.image.ImageStim'>, autoLog=True, color=array([1., 1., 1.]), colorSpace='rgb', contrast=1.0, depth=0.0, flipHoriz=False, flipVert=False, image='Designs/prac_instr3.png', interpolate=True, mask=None, maskParams=None, name='prac_instr3', opacity=1.0, ori=0.0, pos=array([0., 0.]), size=array([1.3275, 0.75  ]), texRes=512, units='height', win=Window(...))
33.1043 	EXP 	Created image_2 = ImageStim(__class__=<class 'psychopy.visual.image.ImageStim'>, autoLog=True, color=array([1., 1., 1.]), colorSpace='rgb', contrast=1.0, depth=-1.0, flipHoriz=False, flipVert=False, image='sin', interpolate=True, mask=None, maskParams=None, name='image_2', opacity=1.0, ori=0.0, pos=array([0., 0.]), size=array([1.3275, 0.75  ]), texRes=512, units='height', win=Window(...))
33.4826 	EXP 	Created text_8 = TextStim(__class__=<class 'psychopy.visual.text.TextStim'>, alignHoriz=method-wrapper(...), alignText='center', alignVert=method-wrapper(...), anchorHoriz='center', anchorVert='center', antialias=True, autoLog=True, bold=False, color='white', colorSpace='named', contrast=1.0, depth=0.0, flipHoriz=False, flipVert=False, font='Arial', fontFiles=[], height=0.05, italic=False, languageStyle='LTR', name='text_8', opacity=1.0, ori=0, pos=array([0., 0.]), rgb=array([255., 255., 255.]), text='+', units='height', win=Window(...), wrapWidth=1)
33.4839 	EXP 	Created image = ImageStim(__class__=<class 'psychopy.visual.image.ImageStim'>, autoLog=True, color=array([1., 1., 1.]), colorSpace='rgb', contrast=1.0, depth=-1.0, flipHoriz=False, flipVert=False, image='sin', interpolate=True, mask=None, maskParams=None, name='image', opacity=1.0, ori=0.0, pos=array([0., 0.]), size=array([1., 1.]), texRes=512, units='height', win=Window(...))
33.8619 	EXP 	Created image_3 = ImageStim(__class__=<class 'psychopy.visual.image.ImageStim'>, autoLog=True, color=array([1., 1., 1.]), colorSpace='rgb', contrast=1.0, depth=-1.0, flipHoriz=False, flipVert=False, image='sin', interpolate=True, mask=None, maskParams=None, name='image_3', opacity=1.0, ori=0.0, pos=array([0., 0.]), size=array([1.3275, 0.75  ]), texRes=512, units='height', win=Window(...))
34.2359 	EXP 	Created Pinstructions_imageR1 = ImageStim(__class__=<class 'psychopy.visual.image.ImageStim'>, autoLog=True, color=array([1., 1., 1.]), colorSpace='rgb', contrast=1.0, depth=-1.0, flipHoriz=False, flipVert=False, image='sin', interpolate=True, mask=None, maskParams=None, name='Pinstructions_imageR1', opacity=1.0, ori=0.0, pos=array([0., 0.]), size=array([1.3125, 0.75  ]), texRes=512, units='height', win=Window(...))
34.6131 	EXP 	Created text = TextStim(__class__=<class 'psychopy.visual.text.TextStim'>, alignHoriz=method-wrapper(...), alignText='center', alignVert=method-wrapper(...), anchorHoriz='center', anchorVert='center', antialias=True, autoLog=True, bold=False, color='white', colorSpace='named', contrast=1.0, depth=-1.0, flipHoriz=False, flipVert=False, font='Arial', fontFiles=[], height=0.05, italic=False, languageStyle='LTR', name='text', opacity=1.0, ori=0, pos=array([0., 0.]), rgb=array([255., 255., 255.]), text='+', units='height', win=Window(...), wrapWidth=1)
34.6141 	EXP 	Created text_5 = TextStim(__class__=<class 'psychopy.visual.text.TextStim'>, alignHoriz=method-wrapper(...), alignText='center', alignVert=method-wrapper(...), anchorHoriz='center', anchorVert='center', antialias=True, autoLog=True, bold=False, color='white', colorSpace='named', contrast=1.0, depth=0.0, flipHoriz=False, flipVert=False, font='Arial', fontFiles=[], height=0.05, italic=False, languageStyle='LTR', name='text_5', opacity=1.0, ori=0, pos=array([0., 0.]), rgb=array([255., 255., 255.]), text='+', units='height', win=Window(...), wrapWidth=1)
34.6153 	EXP 	Created prac_image = ImageStim(__class__=<class 'psychopy.visual.image.ImageStim'>, autoLog=True, color=array([1., 1., 1.]), colorSpace='rgb', contrast=1.0, depth=-1.0, flipHoriz=False, flipVert=False, image='sin', interpolate=True, mask=None, maskParams=None, name='prac_image', opacity=1.0, ori=0.0, pos=array([0., 0.]), size=array([1., 1.]), texRes=512, units='height', win=Window(...))
35.3708 	EXP 	Created imFeedback = ImageStim(__class__=<class 'psychopy.visual.image.ImageStim'>, autoLog=True, color=array([1., 1., 1.]), colorSpace='rgb', contrast=1.0, depth=-1.0, flipHoriz=False, flipVert=False, image='sin', interpolate=True, mask=None, maskParams=None, name='imFeedback', opacity=1.0, ori=0.0, pos=array([0., 0.]), size=array([0.25, 0.25]), texRes=512, units='height', win=Window(...))
35.3749 	EXP 	Created feedback_msg = TextStim(__class__=<class 'psychopy.visual.text.TextStim'>, alignHoriz=method-wrapper(...), alignText='center', alignVert=method-wrapper(...), anchorHoriz='center', anchorVert='center', antialias=True, autoLog=True, bold=False, color='black', colorSpace='named', contrast=1.0, depth=-2.0, flipHoriz=False, flipVert=False, font='Arial', fontFiles=[], height=0.05, italic=False, languageStyle='LTR', name='feedback_msg', opacity=1.0, ori=0, pos=array([ 0.  , -0.25]), rgb=array([0., 0., 0.]), text='default text', units='height', win=Window(...), wrapWidth=1)
35.3842 	EXP 	Created text_7 = TextStim(__class__=<class 'psychopy.visual.text.TextStim'>, alignHoriz=method-wrapper(...), alignText='center', alignVert=method-wrapper(...), anchorHoriz='center', anchorVert='center', antialias=True, autoLog=True, bold=False, color='black', colorSpace='named', contrast=1.0, depth=-1.0, flipHoriz=False, flipVert=False, font='Arial', fontFiles=[], height=0.05, italic=False, languageStyle='LTR', name='text_7', opacity=1.0, ori=0, pos=array([0., 0.]), rgb=array([0., 0., 0.]), text=str(...), units='height', win=Window(...), wrapWidth=1)
35.7625 	EXP 	Created instructions_imageR1 = ImageStim(__class__=<class 'psychopy.visual.image.ImageStim'>, autoLog=True, color=array([1., 1., 1.]), colorSpace='rgb', contrast=1.0, depth=-1.0, flipHoriz=False, flipVert=False, image='sin', interpolate=True, mask=None, maskParams=None, name='instructions_imageR1', opacity=1.0, ori=0.0, pos=array([0., 0.]), size=array([1.3275, 0.75  ]), texRes=512, units='height', win=Window(...))
36.1334 	EXP 	Created text_2 = TextStim(__class__=<class 'psychopy.visual.text.TextStim'>, alignHoriz=method-wrapper(...), alignText='center', alignVert=method-wrapper(...), anchorHoriz='center', anchorVert='center', antialias=True, autoLog=True, bold=False, color='white', colorSpace='named', contrast=1.0, depth=-1.0, flipHoriz=False, flipVert=False, font='Arial', fontFiles=[], height=0.05, italic=False, languageStyle='LTR', name='text_2', opacity=1.0, ori=0, pos=array([0., 0.]), rgb=array([255., 255., 255.]), text='+', units='height', win=Window(...), wrapWidth=1)
36.5150 	EXP 	Created text_6 = TextStim(__class__=<class 'psychopy.visual.text.TextStim'>, alignHoriz=method-wrapper(...), alignText='center', alignVert=method-wrapper(...), anchorHoriz='center', anchorVert='center', antialias=True, autoLog=True, bold=False, color='white', colorSpace='named', contrast=1.0, depth=0.0, flipHoriz=False, flipVert=False, font='Arial', fontFiles=[], height=0.05, italic=False, languageStyle='LTR', name='text_6', opacity=1.0, ori=0, pos=array([0., 0.]), rgb=array([255., 255., 255.]), text='+', units='height', win=Window(...), wrapWidth=1)
36.5163 	EXP 	Created trial_image = ImageStim(__class__=<class 'psychopy.visual.image.ImageStim'>, autoLog=True, color=array([1., 1., 1.]), colorSpace='rgb', contrast=1.0, depth=-1.0, flipHoriz=False, flipVert=False, image='sin', interpolate=True, mask=None, maskParams=None, name='trial_image', opacity=1.0, ori=0.0, pos=array([0., 0.]), size=array([1., 1.]), texRes=512, units='height', win=Window(...))
37.3349 	EXP 	Created image_4 = ImageStim(__class__=<class 'psychopy.visual.image.ImageStim'>, autoLog=True, color=array([1., 1., 1.]), colorSpace='rgb', contrast=1.0, depth=-1.0, flipHoriz=False, flipVert=False, image='Designs/baby_dory_GJ.png', interpolate=True, mask=None, maskParams=None, name='image_4', opacity=1.0, ori=0.0, pos=array([0., 0.]), size=array([0.4  , 0.732]), texRes=512, units='height', win=Window(...))
37.3362 	EXP 	Created image_2 = ImageStim(__class__=<class 'psychopy.visual.image.ImageStim'>, autoLog=True, color=array([1., 1., 1.]), colorSpace='rgb', contrast=1.0, depth=-1.0, flipHoriz=False, flipVert=False, image='sin', interpolate=True, mask=None, maskParams=None, name='image_2', opacity=1.0, ori=0.0, pos=array([0., 0.]), size=array([1.3275, 0.75  ]), texRes=512, units='height', win=Window(...))
37.7184 	EXP 	Created text_8 = TextStim(__class__=<class 'psychopy.visual.text.TextStim'>, alignHoriz=method-wrapper(...), alignText='center', alignVert=method-wrapper(...), anchorHoriz='center', anchorVert='center', antialias=True, autoLog=True, bold=False, color='white', colorSpace='named', contrast=1.0, depth=0.0, flipHoriz=False, flipVert=False, font='Arial', fontFiles=[], height=0.05, italic=False, languageStyle='LTR', name='text_8', opacity=1.0, ori=0, pos=array([0., 0.]), rgb=array([255., 255., 255.]), text='+', units='height', win=Window(...), wrapWidth=1)
37.7196 	EXP 	Created image = ImageStim(__class__=<class 'psychopy.visual.image.ImageStim'>, autoLog=True, color=array([1., 1., 1.]), colorSpace='rgb', contrast=1.0, depth=-1.0, flipHoriz=False, flipVert=False, image='sin', interpolate=True, mask=None, maskParams=None, name='image', opacity=1.0, ori=0.0, pos=array([0., 0.]), size=array([1., 1.]), texRes=512, units='height', win=Window(...))
38.0949 	EXP 	Created image_3 = ImageStim(__class__=<class 'psychopy.visual.image.ImageStim'>, autoLog=True, color=array([1., 1., 1.]), colorSpace='rgb', contrast=1.0, depth=-1.0, flipHoriz=False, flipVert=False, image='sin', interpolate=True, mask=None, maskParams=None, name='image_3', opacity=1.0, ori=0.0, pos=array([0., 0.]), size=array([1.3275, 0.75  ]), texRes=512, units='height', win=Window(...))
38.4776 	EXP 	Created Pinstructions_imageR2 = ImageStim(__class__=<class 'psychopy.visual.image.ImageStim'>, autoLog=True, color=array([1., 1., 1.]), colorSpace='rgb', contrast=1.0, depth=-1.0, flipHoriz=False, flipVert=False, image='sin', interpolate=True, mask=None, maskParams=None, name='Pinstructions_imageR2', opacity=1.0, ori=0.0, pos=array([0., 0.]), size=array([1.3275, 0.75  ]), texRes=512, units='height', win=Window(...))
38.8501 	EXP 	Created text_3 = TextStim(__class__=<class 'psychopy.visual.text.TextStim'>, alignHoriz=method-wrapper(...), alignText='center', alignVert=method-wrapper(...), anchorHoriz='center', anchorVert='center', antialias=True, autoLog=True, bold=False, color='white', colorSpace='named', contrast=1.0, depth=-1.0, flipHoriz=False, flipVert=False, font='Arial', fontFiles=[], height=0.05, italic=False, languageStyle='LTR', name='text_3', opacity=1.0, ori=0, pos=array([0., 0.]), rgb=array([255., 255., 255.]), text='+', units='height', win=Window(...), wrapWidth=1)
39.2355 	EXP 	Created text_5 = TextStim(__class__=<class 'psychopy.visual.text.TextStim'>, alignHoriz=method-wrapper(...), alignText='center', alignVert=method-wrapper(...), anchorHoriz='center', anchorVert='center', antialias=True, autoLog=True, bold=False, color='white', colorSpace='named', contrast=1.0, depth=0.0, flipHoriz=False, flipVert=False, font='Arial', fontFiles=[], height=0.05, italic=False, languageStyle='LTR', name='text_5', opacity=1.0, ori=0, pos=array([0., 0.]), rgb=array([255., 255., 255.]), text='+', units='height', win=Window(...), wrapWidth=1)
39.2368 	EXP 	Created prac_image = ImageStim(__class__=<class 'psychopy.visual.image.ImageStim'>, autoLog=True, color=array([1., 1., 1.]), colorSpace='rgb', contrast=1.0, depth=-1.0, flipHoriz=False, flipVert=False, image='sin', interpolate=True, mask=None, maskParams=None, name='prac_image', opacity=1.0, ori=0.0, pos=array([0., 0.]), size=array([1., 1.]), texRes=512, units='height', win=Window(...))
40.0009 	EXP 	Created imFeedback = ImageStim(__class__=<class 'psychopy.visual.image.ImageStim'>, autoLog=True, color=array([1., 1., 1.]), colorSpace='rgb', contrast=1.0, depth=-1.0, flipHoriz=False, flipVert=False, image='sin', interpolate=True, mask=None, maskParams=None, name='imFeedback', opacity=1.0, ori=0.0, pos=array([0., 0.]), size=array([0.25, 0.25]), texRes=512, units='height', win=Window(...))
40.0037 	EXP 	Created feedback_msg = TextStim(__class__=<class 'psychopy.visual.text.TextStim'>, alignHoriz=method-wrapper(...), alignText='center', alignVert=method-wrapper(...), anchorHoriz='center', anchorVert='center', antialias=True, autoLog=True, bold=False, color='black', colorSpace='named', contrast=1.0, depth=-2.0, flipHoriz=False, flipVert=False, font='Arial', fontFiles=[], height=0.05, italic=False, languageStyle='LTR', name='feedback_msg', opacity=1.0, ori=0, pos=array([ 0.  , -0.25]), rgb=array([0., 0., 0.]), text='default text', units='height', win=Window(...), wrapWidth=1)
40.0079 	EXP 	Created text_7 = TextStim(__class__=<class 'psychopy.visual.text.TextStim'>, alignHoriz=method-wrapper(...), alignText='center', alignVert=method-wrapper(...), anchorHoriz='center', anchorVert='center', antialias=True, autoLog=True, bold=False, color='black', colorSpace='named', contrast=1.0, depth=-1.0, flipHoriz=False, flipVert=False, font='Arial', fontFiles=[], height=0.05, italic=False, languageStyle='LTR', name='text_7', opacity=1.0, ori=0, pos=array([0., 0.]), rgb=array([0., 0., 0.]), text=str(...), units='height', win=Window(...), wrapWidth=1)
40.3843 	EXP 	Created instructions_imageR2 = ImageStim(__class__=<class 'psychopy.visual.image.ImageStim'>, autoLog=True, color=array([1., 1., 1.]), colorSpace='rgb', contrast=1.0, depth=-1.0, flipHoriz=False, flipVert=False, image='sin', interpolate=True, mask=None, maskParams=None, name='instructions_imageR2', opacity=1.0, ori=0.0, pos=array([0., 0.]), size=array([1.3275, 0.75  ]), texRes=512, units='height', win=Window(...))
40.7603 	EXP 	Created text_4 = TextStim(__class__=<class 'psychopy.visual.text.TextStim'>, alignHoriz=method-wrapper(...), alignText='center', alignVert=method-wrapper(...), anchorHoriz='center', anchorVert='center', antialias=True, autoLog=True, bold=False, color='white', colorSpace='named', contrast=1.0, depth=-1.0, flipHoriz=False, flipVert=False, font='Arial', fontFiles=[], height=0.05, italic=False, languageStyle='LTR', name='text_4', opacity=1.0, ori=0, pos=array([0., 0.]), rgb=array([255., 255., 255.]), text='+', units='height', win=Window(...), wrapWidth=1)
41.1443 	EXP 	Created text_6 = TextStim(__class__=<class 'psychopy.visual.text.TextStim'>, alignHoriz=method-wrapper(...), alignText='center', alignVert=method-wrapper(...), anchorHoriz='center', anchorVert='center', antialias=True, autoLog=True, bold=False, color='white', colorSpace='named', contrast=1.0, depth=0.0, flipHoriz=False, flipVert=False, font='Arial', fontFiles=[], height=0.05, italic=False, languageStyle='LTR', name='text_6', opacity=1.0, ori=0, pos=array([0., 0.]), rgb=array([255., 255., 255.]), text='+', units='height', win=Window(...), wrapWidth=1)
41.1455 	EXP 	Created trial_image = ImageStim(__class__=<class 'psychopy.visual.image.ImageStim'>, autoLog=True, color=array([1., 1., 1.]), colorSpace='rgb', contrast=1.0, depth=-1.0, flipHoriz=False, flipVert=False, image='sin', interpolate=True, mask=None, maskParams=None, name='trial_image', opacity=1.0, ori=0.0, pos=array([0., 0.]), size=array([1., 1.]), texRes=512, units='height', win=Window(...))
41.9409 	EXP 	Created image_4 = ImageStim(__class__=<class 'psychopy.visual.image.ImageStim'>, autoLog=True, color=array([1., 1., 1.]), colorSpace='rgb', contrast=1.0, depth=-1.0, flipHoriz=False, flipVert=False, image='Designs/baby_dory_GJ.png', interpolate=True, mask=None, maskParams=None, name='image_4', opacity=1.0, ori=0.0, pos=array([0., 0.]), size=array([0.4  , 0.732]), texRes=512, units='height', win=Window(...))
41.9425 	EXP 	Created instructions_imageR1 = ImageStim(__class__=<class 'psychopy.visual.image.ImageStim'>, autoLog=True, color=array([1., 1., 1.]), colorSpace='rgb', contrast=1.0, depth=-1.0, flipHoriz=False, flipVert=False, image='sin', interpolate=True, mask=None, maskParams=None, name='instructions_imageR1', opacity=1.0, ori=0.0, pos=array([0., 0.]), size=array([1.3275, 0.75  ]), texRes=512, units='height', win=Window(...))
42.3207 	EXP 	Created text_2 = TextStim(__class__=<class 'psychopy.visual.text.TextStim'>, alignHoriz=method-wrapper(...), alignText='center', alignVert=method-wrapper(...), anchorHoriz='center', anchorVert='center', antialias=True, autoLog=True, bold=False, color='white', colorSpace='named', contrast=1.0, depth=-1.0, flipHoriz=False, flipVert=False, font='Arial', fontFiles=[], height=0.05, italic=False, languageStyle='LTR', name='text_2', opacity=1.0, ori=0, pos=array([0., 0.]), rgb=array([255., 255., 255.]), text='+', units='height', win=Window(...), wrapWidth=1)
42.7002 	EXP 	Created text_6 = TextStim(__class__=<class 'psychopy.visual.text.TextStim'>, alignHoriz=method-wrapper(...), alignText='center', alignVert=method-wrapper(...), anchorHoriz='center', anchorVert='center', antialias=True, autoLog=True, bold=False, color='white', colorSpace='named', contrast=1.0, depth=0.0, flipHoriz=False, flipVert=False, font='Arial', fontFiles=[], height=0.05, italic=False, languageStyle='LTR', name='text_6', opacity=1.0, ori=0, pos=array([0., 0.]), rgb=array([255., 255., 255.]), text='+', units='height', win=Window(...), wrapWidth=1)
42.7014 	EXP 	Created trial_image = ImageStim(__class__=<class 'psychopy.visual.image.ImageStim'>, autoLog=True, color=array([1., 1., 1.]), colorSpace='rgb', contrast=1.0, depth=-1.0, flipHoriz=False, flipVert=False, image='sin', interpolate=True, mask=None, maskParams=None, name='trial_image', opacity=1.0, ori=0.0, pos=array([0., 0.]), size=array([1., 1.]), texRes=512, units='height', win=Window(...))
43.4944 	EXP 	Created image_4 = ImageStim(__class__=<class 'psychopy.visual.image.ImageStim'>, autoLog=True, color=array([1., 1., 1.]), colorSpace='rgb', contrast=1.0, depth=-1.0, flipHoriz=False, flipVert=False, image='Designs/baby_dory_GJ.png', interpolate=True, mask=None, maskParams=None, name='image_4', opacity=1.0, ori=0.0, pos=array([0., 0.]), size=array([0.4  , 0.732]), texRes=512, units='height', win=Window(...))
43.4960 	EXP 	Created instructions_imageR2 = ImageStim(__class__=<class 'psychopy.visual.image.ImageStim'>, autoLog=True, color=array([1., 1., 1.]), colorSpace='rgb', contrast=1.0, depth=-1.0, flipHoriz=False, flipVert=False, image='sin', interpolate=True, mask=None, maskParams=None, name='instructions_imageR2', opacity=1.0, ori=0.0, pos=array([0., 0.]), size=array([1.3275, 0.75  ]), texRes=512, units='height', win=Window(...))
43.8716 	EXP 	Created text_4 = TextStim(__class__=<class 'psychopy.visual.text.TextStim'>, alignHoriz=method-wrapper(...), alignText='center', alignVert=method-wrapper(...), anchorHoriz='center', anchorVert='center', antialias=True, autoLog=True, bold=False, color='white', colorSpace='named', contrast=1.0, depth=-1.0, flipHoriz=False, flipVert=False, font='Arial', fontFiles=[], height=0.05, italic=False, languageStyle='LTR', name='text_4', opacity=1.0, ori=0, pos=array([0., 0.]), rgb=array([255., 255., 255.]), text='+', units='height', win=Window(...), wrapWidth=1)
44.2476 	EXP 	Created text_6 = TextStim(__class__=<class 'psychopy.visual.text.TextStim'>, alignHoriz=method-wrapper(...), alignText='center', alignVert=method-wrapper(...), anchorHoriz='center', anchorVert='center', antialias=True, autoLog=True, bold=False, color='white', colorSpace='named', contrast=1.0, depth=0.0, flipHoriz=False, flipVert=False, font='Arial', fontFiles=[], height=0.05, italic=False, languageStyle='LTR', name='text_6', opacity=1.0, ori=0, pos=array([0., 0.]), rgb=array([255., 255., 255.]), text='+', units='height', win=Window(...), wrapWidth=1)
44.2488 	EXP 	Created trial_image = ImageStim(__class__=<class 'psychopy.visual.image.ImageStim'>, autoLog=True, color=array([1., 1., 1.]), colorSpace='rgb', contrast=1.0, depth=-1.0, flipHoriz=False, flipVert=False, image='sin', interpolate=True, mask=None, maskParams=None, name='trial_image', opacity=1.0, ori=0.0, pos=array([0., 0.]), size=array([1., 1.]), texRes=512, units='height', win=Window(...))
45.0315 	EXP 	Created image_5 = ImageStim(__class__=<class 'psychopy.visual.image.ImageStim'>, autoLog=True, color=array([1., 1., 1.]), colorSpace='rgb', contrast=1.0, depth=0.0, flipHoriz=False, flipVert=False, image='Designs/baby_squirt_GJ.png', interpolate=True, mask=None, maskParams=None, name='image_5', opacity=1.0, ori=0.0, pos=array([0., 0.]), size=array([0.8, 0.5]), texRes=512, units='height', win=Window(...))
45.0683 	WARNING 	t of last frame was 13668.62ms (=1/0)
45.0683 	EXP 	text_top: autoDraw = True
45.0683 	EXP 	text_bottom: autoDraw = True
45.0683 	EXP 	ccimage: autoDraw = True
46.1857 	DATA 	Keypress: space
46.2314 	WARNING 	t of last frame was 49.04ms (=1/20)
46.2314 	EXP 	ccimage: size = [0.42800000000000005, 0.2699]
46.2314 	EXP 	text_top: autoDraw = False
46.2314 	EXP 	text_bottom: autoDraw = False
46.2314 	EXP 	ccimage: autoDraw = False
46.2314 	EXP 	prac_instr1: image = 'Designs/prac_instr1.png'
46.2314 	EXP 	prac_instr1: autoDraw = True
46.2516 	WARNING 	t of last frame was 20.20ms (=1/49)
53.5206 	DATA 	Keypress: space
53.5335 	EXP 	prac_instr1: autoDraw = False
53.5335 	EXP 	prac_instr2: autoDraw = True
53.8197 	DATA 	Keypress: space
53.8334 	EXP 	prac_instr2: autoDraw = False
53.8334 	EXP 	prac_instr3: autoDraw = True
54.1186 	DATA 	Keypress: space
54.3732 	DATA 	Keypress: space
54.3836 	WARNING 	t of last frame was 34.27ms (=1/29)
54.3836 	EXP 	prac_instr3: autoDraw = False
54.3836 	EXP 	image_2: image = 'Designs/design1_run1_ex.png'
54.3836 	EXP 	image_2: autoDraw = True
54.8403 	DATA 	Keypress: space
54.8498 	EXP 	image_2: autoDraw = False
54.8498 	EXP 	image: pos = array([0.17380935, 0.        ])
54.8498 	EXP 	image: size = array([0.17296, 0.17296])
54.8498 	EXP 	image: image = 'Stimuli/HofS2.jpg'
54.8498 	EXP 	text_8: autoDraw = True
54.8498 	EXP 	image: autoDraw = True
56.2097 	DATA 	Keypress: j
56.2305 	WARNING 	Multiple dropped frames have occurred - I'll stop bothering you about them!
56.2304 	EXP 	text_8: autoDraw = False
56.2304 	EXP 	image: autoDraw = False
56.2304 	EXP 	image_3: image = 'Designs/hand_hold_local_corr.png'
56.2304 	EXP 	image_3: autoDraw = True
56.8190 	DATA 	Keypress: space
76.7848 	DATA 	Keypress: rshift
77.2601 	DATA 	Keypress: space
77.2809 	EXP 	image_3: autoDraw = False
77.2809 	EXP 	Pinstructions_imageR1: image = 'Designs/design1_run1.png'
77.2809 	EXP 	Pinstructions_imageR1: autoDraw = True
77.7187 	DATA 	Keypress: space
78.4844 	EXP 	Created sequence: sequential, trialTypes=1, nReps=5, seed=None
78.4848 	EXP 	New trial (rep=0, index=0): None
78.4917 	DEBUG 	Read csv file with pandas: Designs/design1_run1.csv
78.4942 	DEBUG 	Clearing unnamed columns from Designs/design1_run1.csv
78.4951 	EXP 	Imported Designs/design1_run1.csv as conditions, 4 conditions, 6 params
78.4954 	EXP 	Created sequence: random, trialTypes=4, nReps=1, seed=None
78.4958 	EXP 	New trial (rep=0, index=0): OrderedDict([('runID', 1), ('imgID', 1), ('stimLabel', 'smallHcongr'), ('imFile', 'Stimuli/HofH2.jpg'), ('corr', 'f'), ('side', 'left')])
78.4980 	DATA 	Keypress: space
78.5187 	EXP 	Pinstructions_imageR1: autoDraw = False
78.5187 	EXP 	text: color = 'black (named)'
78.5187 	EXP 	text: autoDraw = True
80.2502 	EXP 	text: autoDraw = False
80.2502 	EXP 	text: autoDraw = False
80.2502 	EXP 	text_5: color = 'black (named)'
80.2502 	EXP 	prac_image: pos = array([-0.17380935,  0.        ])
80.2502 	EXP 	prac_image: size = array([0.17296, 0.17296])
80.2502 	EXP 	prac_image: image = 'Stimuli/HofH2.jpg'
80.2502 	EXP 	text_5: autoDraw = True
80.2502 	EXP 	prac_image: autoDraw = True
81.2720 	DATA 	Keypress: f
82.7891 	DATA 	Keypress: space
84.2671 	EXP 	text_5: autoDraw = False
84.2671 	EXP 	prac_image: autoDraw = False
84.2671 	EXP 	text_5: autoDraw = False
84.2671 	EXP 	prac_image: autoDraw = False
84.2671 	EXP 	imFeedback: image = 'Stimuli/redWrong.png'
84.2671 	EXP 	feedback_msg: text = 'Oops, you pressed space when there was no fix change.'
84.2671 	EXP 	imFeedback: autoDraw = True
84.2671 	EXP 	feedback_msg: autoDraw = True
86.2535 	EXP 	New trial (rep=0, index=1): OrderedDict([('runID', 1), ('imgID', 5), ('stimLabel', 'smallScongr'), ('imFile', 'Stimuli/SofS2.jpg'), ('corr', 'j'), ('side', 'left')])
86.2670 	EXP 	imFeedback: autoDraw = False
86.2670 	EXP 	feedback_msg: autoDraw = False
86.2670 	EXP 	text: color = 'white (named)'
86.2670 	EXP 	text: autoDraw = True
87.5501 	EXP 	text: autoDraw = False
87.5501 	EXP 	text: autoDraw = False
87.5501 	EXP 	text_5: color = 'white (named)'
87.5501 	EXP 	prac_image: pos = array([-0.17380935,  0.        ])
87.5501 	EXP 	prac_image: size = array([0.17296, 0.17296])
87.5501 	EXP 	prac_image: image = 'Stimuli/SofS2.jpg'
87.5501 	EXP 	text_5: autoDraw = True
87.5501 	EXP 	prac_image: autoDraw = True
89.7717 	DATA 	Keypress: f
90.0873 	DATA 	Keypress: space
91.5683 	EXP 	text_5: autoDraw = False
91.5683 	EXP 	prac_image: autoDraw = False
91.5683 	EXP 	imFeedback: image = 'Stimuli/redWrong.png'
91.5683 	EXP 	feedback_msg: text = 'Good job! You got pressed space when the cross changed! But the picture response was wrong.'
91.5683 	EXP 	imFeedback: autoDraw = True
91.5683 	EXP 	feedback_msg: autoDraw = True
93.5534 	EXP 	New trial (rep=0, index=2): OrderedDict([('runID', 1), ('imgID', 7), ('stimLabel', 'smallSincon'), ('imFile', 'Stimuli/HofS2.jpg'), ('corr', 'j'), ('side', 'left')])
93.5671 	EXP 	imFeedback: autoDraw = False
93.5671 	EXP 	feedback_msg: autoDraw = False
93.5671 	EXP 	text: color = 'white (named)'
93.5671 	EXP 	text: autoDraw = True
94.8837 	EXP 	text: autoDraw = False
94.8837 	EXP 	text: autoDraw = False
94.8837 	EXP 	text_5: color = 'white (named)'
94.8837 	EXP 	prac_image: pos = array([-0.17380935,  0.        ])
94.8837 	EXP 	prac_image: size = array([0.17296, 0.17296])
94.8837 	EXP 	prac_image: image = 'Stimuli/HofS2.jpg'
94.8837 	EXP 	text_5: autoDraw = True
94.8837 	EXP 	prac_image: autoDraw = True
98.8682 	ERROR 	Couldn't find image ; check path? (tried: /Users/sophia/Documents/PycharmProjects/Global_Local_Study)
99.1527 	EXP 	window1: mouseVisible = True
99.1528 	DEBUG 	Saving data for global_local ExperimentHandler
99.1535 	INFO 	saved data to /Users/sophia/Documents/PycharmProjects/Global_Local_Study/data/_global_local_2020_Dec_21_1308.psydat
99.1541 	INFO 	saved data to '/Users/sophia/Documents/PycharmProjects/Global_Local_Study/data/_global_local_2020_Dec_21_1308.csv'
