18.9196 	INFO 	Loaded monitor calibration from ['2020_09_20 15:42']
21.1620 	WARNING 	Couldn't measure a consistent frame rate.
  - Is your graphics card set to sync to vertical blank?
  - Are you running other processes on your computer?

21.1625 	EXP 	Created window1 = Window(allowGUI=False, allowStencil=False, args=UNKNOWN, autoLog=True, bitsMode=UNKNOWN, blendMode='avg', bpc=(8, 8, 8), color=array([0., 0., 0.]), colorSpace='rgb', depthBits=8, fullscr=<method-wrapper '__getattribute__' of attributeSetter object at 0x1558c08d0>, gamma=None, gammaErrorPolicy='raise', kwargs=UNKNOWN, lms=UNKNOWN, monitor=<psychopy.monitors.calibTools.Monitor object at 0x156546518>, multiSample=False, name='window1', numSamples=2, pos=[448.0, 280.0], screen=0, size=array([3584, 2240]), stencilBits=0, stereo=False, units='height', useFBO=True, useRetina=True, viewOri=0.0, viewPos=None, viewScale=None, waitBlanking=True, winType='pyglet')
21.1627 	EXP 	window1: mouseVisible = True
21.1628 	EXP 	window1: recordFrameIntervals = False
21.3281 	EXP 	window1: recordFrameIntervals = True
22.9952 	WARNING 	Couldn't measure a consistent frame rate.
  - Is your graphics card set to sync to vertical blank?
  - Are you running other processes on your computer?

23.4680 	EXP 	Created text_top = TextStim(__class__=<class 'psychopy.visual.text.TextStim'>, alignHoriz=method-wrapper(...), alignText='center', alignVert=method-wrapper(...), anchorHoriz='center', anchorVert='center', antialias=True, autoLog=True, bold=False, color='black', colorSpace='named', contrast=1.0, depth=-2.0, flipHoriz=False, flipVert=False, font='Arial', fontFiles=[], height=0.05, italic=False, languageStyle='LTR', name='text_top', opacity=1.0, ori=0, pos=array([0. , 0.3]), rgb=array([0., 0., 0.]), text=str(...), units='height', win=Window(...), wrapWidth=1)
23.4742 	EXP 	Created text_bottom = TextStim(__class__=<class 'psychopy.visual.text.TextStim'>, alignHoriz=method-wrapper(...), alignText='center', alignVert=method-wrapper(...), anchorHoriz='center', anchorVert='center', antialias=True, autoLog=True, bold=False, color='black', colorSpace='named', contrast=1.0, depth=-3.0, flipHoriz=False, flipVert=False, font='Arial', fontFiles=[], height=0.05, italic=False, languageStyle='LTR', name='text_bottom', opacity=1.0, ori=0, pos=array([ 0. , -0.3]), rgb=array([0., 0., 0.]), text='Press Space when you’re finished', units='height', win=Window(...), wrapWidth=1)
23.4973 	EXP 	Created ccimage = ImageStim(__class__=<class 'psychopy.visual.image.ImageStim'>, autoLog=True, color=array([1., 1., 1.]), colorSpace='rgb', contrast=1.0, depth=-4.0, flipHoriz=False, flipVert=False, image='bankcard.png', interpolate=True, mask=None, maskParams=None, name='ccimage', opacity=1.0, ori=0.0, pos=array([0., 0.]), size=array([0.428 , 0.2699]), texRes=512, units='height', win=Window(...))
23.4990 	EXP 	Created prac_instr1 = ImageStim(__class__=<class 'psychopy.visual.image.ImageStim'>, autoLog=True, color=array([1., 1., 1.]), colorSpace='rgb', contrast=1.0, depth=-1.0, flipHoriz=False, flipVert=False, image='sin', interpolate=True, mask=None, maskParams=None, name='prac_instr1', opacity=1.0, ori=0.0, pos=array([0., 0.]), size=array([1.3275, 0.75  ]), texRes=512, units='height', win=Window(...))
23.9132 	EXP 	Created prac_instr2 = ImageStim(__class__=<class 'psychopy.visual.image.ImageStim'>, autoLog=True, color=array([1., 1., 1.]), colorSpace='rgb', contrast=1.0, depth=0.0, flipHoriz=False, flipVert=False, image='Designs/prac_instr2.png', interpolate=True, mask=None, maskParams=None, name='prac_instr2', opacity=1.0, ori=0.0, pos=array([0., 0.]), size=array([1.3275, 0.75  ]), texRes=512, units='height', win=Window(...))
24.3171 	EXP 	Created prac_instr3 = ImageStim(__class__=<class 'psychopy.visual.image.ImageStim'>, autoLog=True, color=array([1., 1., 1.]), colorSpace='rgb', contrast=1.0, depth=0.0, flipHoriz=False, flipVert=False, image='Designs/prac_instr3.png', interpolate=True, mask=None, maskParams=None, name='prac_instr3', opacity=1.0, ori=0.0, pos=array([0., 0.]), size=array([1.3275, 0.75  ]), texRes=512, units='height', win=Window(...))
24.7129 	EXP 	Created image_2 = ImageStim(__class__=<class 'psychopy.visual.image.ImageStim'>, autoLog=True, color=array([1., 1., 1.]), colorSpace='rgb', contrast=1.0, depth=-1.0, flipHoriz=False, flipVert=False, image='sin', interpolate=True, mask=None, maskParams=None, name='image_2', opacity=1.0, ori=0.0, pos=array([0., 0.]), size=array([1.3275, 0.75  ]), texRes=512, units='height', win=Window(...))
25.1005 	EXP 	Created text_8 = TextStim(__class__=<class 'psychopy.visual.text.TextStim'>, alignHoriz=method-wrapper(...), alignText='center', alignVert=method-wrapper(...), anchorHoriz='center', anchorVert='center', antialias=True, autoLog=True, bold=False, color='white', colorSpace='named', contrast=1.0, depth=0.0, flipHoriz=False, flipVert=False, font='Arial', fontFiles=[], height=0.05, italic=False, languageStyle='LTR', name='text_8', opacity=1.0, ori=0, pos=array([0., 0.]), rgb=array([255., 255., 255.]), text='+', units='height', win=Window(...), wrapWidth=1)
25.1017 	EXP 	Created image = ImageStim(__class__=<class 'psychopy.visual.image.ImageStim'>, autoLog=True, color=array([1., 1., 1.]), colorSpace='rgb', contrast=1.0, depth=-1.0, flipHoriz=False, flipVert=False, image='sin', interpolate=True, mask=None, maskParams=None, name='image', opacity=1.0, ori=0.0, pos=array([0., 0.]), size=array([1., 1.]), texRes=512, units='height', win=Window(...))
25.4887 	EXP 	Created image_3 = ImageStim(__class__=<class 'psychopy.visual.image.ImageStim'>, autoLog=True, color=array([1., 1., 1.]), colorSpace='rgb', contrast=1.0, depth=-1.0, flipHoriz=False, flipVert=False, image='sin', interpolate=True, mask=None, maskParams=None, name='image_3', opacity=1.0, ori=0.0, pos=array([0., 0.]), size=array([1.3275, 0.75  ]), texRes=512, units='height', win=Window(...))
25.8714 	EXP 	Created Pinstructions_imageR1 = ImageStim(__class__=<class 'psychopy.visual.image.ImageStim'>, autoLog=True, color=array([1., 1., 1.]), colorSpace='rgb', contrast=1.0, depth=-1.0, flipHoriz=False, flipVert=False, image='sin', interpolate=True, mask=None, maskParams=None, name='Pinstructions_imageR1', opacity=1.0, ori=0.0, pos=array([0., 0.]), size=array([1.3125, 0.75  ]), texRes=512, units='height', win=Window(...))
26.2643 	EXP 	Created text = TextStim(__class__=<class 'psychopy.visual.text.TextStim'>, alignHoriz=method-wrapper(...), alignText='center', alignVert=method-wrapper(...), anchorHoriz='center', anchorVert='center', antialias=True, autoLog=True, bold=False, color='white', colorSpace='named', contrast=1.0, depth=-1.0, flipHoriz=False, flipVert=False, font='Arial', fontFiles=[], height=0.05, italic=False, languageStyle='LTR', name='text', opacity=1.0, ori=0, pos=array([0., 0.]), rgb=array([255., 255., 255.]), text='+', units='height', win=Window(...), wrapWidth=1)
26.2654 	EXP 	Created text_5 = TextStim(__class__=<class 'psychopy.visual.text.TextStim'>, alignHoriz=method-wrapper(...), alignText='center', alignVert=method-wrapper(...), anchorHoriz='center', anchorVert='center', antialias=True, autoLog=True, bold=False, color='white', colorSpace='named', contrast=1.0, depth=0.0, flipHoriz=False, flipVert=False, font='Arial', fontFiles=[], height=0.05, italic=False, languageStyle='LTR', name='text_5', opacity=1.0, ori=0, pos=array([0., 0.]), rgb=array([255., 255., 255.]), text='+', units='height', win=Window(...), wrapWidth=1)
26.2667 	EXP 	Created prac_image = ImageStim(__class__=<class 'psychopy.visual.image.ImageStim'>, autoLog=True, color=array([1., 1., 1.]), colorSpace='rgb', contrast=1.0, depth=-1.0, flipHoriz=False, flipVert=False, image='sin', interpolate=True, mask=None, maskParams=None, name='prac_image', opacity=1.0, ori=0.0, pos=array([0., 0.]), size=array([1., 1.]), texRes=512, units='height', win=Window(...))
27.0383 	EXP 	Created imFeedback = ImageStim(__class__=<class 'psychopy.visual.image.ImageStim'>, autoLog=True, color=array([1., 1., 1.]), colorSpace='rgb', contrast=1.0, depth=-1.0, flipHoriz=False, flipVert=False, image='sin', interpolate=True, mask=None, maskParams=None, name='imFeedback', opacity=1.0, ori=0.0, pos=array([0., 0.]), size=array([0.25, 0.25]), texRes=512, units='height', win=Window(...))
27.0424 	EXP 	Created feedback_msg = TextStim(__class__=<class 'psychopy.visual.text.TextStim'>, alignHoriz=method-wrapper(...), alignText='center', alignVert=method-wrapper(...), anchorHoriz='center', anchorVert='center', antialias=True, autoLog=True, bold=False, color='black', colorSpace='named', contrast=1.0, depth=-2.0, flipHoriz=False, flipVert=False, font='Arial', fontFiles=[], height=0.05, italic=False, languageStyle='LTR', name='feedback_msg', opacity=1.0, ori=0, pos=array([ 0.  , -0.25]), rgb=array([0., 0., 0.]), text='default text', units='height', win=Window(...), wrapWidth=1)
27.0440 	EXP 	Created text_7 = TextStim(__class__=<class 'psychopy.visual.text.TextStim'>, alignHoriz=method-wrapper(...), alignText='center', alignVert=method-wrapper(...), anchorHoriz='center', anchorVert='center', antialias=True, autoLog=True, bold=False, color='black', colorSpace='named', contrast=1.0, depth=-1.0, flipHoriz=False, flipVert=False, font='Arial', fontFiles=[], height=0.05, italic=False, languageStyle='LTR', name='text_7', opacity=1.0, ori=0, pos=array([0., 0.]), rgb=array([0., 0., 0.]), text='default text', units='height', win=Window(...), wrapWidth=1)
27.4598 	EXP 	Created image_4 = ImageStim(__class__=<class 'psychopy.visual.image.ImageStim'>, autoLog=True, color=array([1., 1., 1.]), colorSpace='rgb', contrast=1.0, depth=-1.0, flipHoriz=False, flipVert=False, image='Designs/baby_dory_GJ.png', interpolate=True, mask=None, maskParams=None, name='image_4', opacity=1.0, ori=0.0, pos=array([0., 0.]), size=array([0.4  , 0.732]), texRes=512, units='height', win=Window(...))
27.4611 	EXP 	Created instructions_imageR1 = ImageStim(__class__=<class 'psychopy.visual.image.ImageStim'>, autoLog=True, color=array([1., 1., 1.]), colorSpace='rgb', contrast=1.0, depth=-1.0, flipHoriz=False, flipVert=False, image='sin', interpolate=True, mask=None, maskParams=None, name='instructions_imageR1', opacity=1.0, ori=0.0, pos=array([0., 0.]), size=array([1.3275, 0.75  ]), texRes=512, units='height', win=Window(...))
27.8551 	EXP 	Created text_2 = TextStim(__class__=<class 'psychopy.visual.text.TextStim'>, alignHoriz=method-wrapper(...), alignText='center', alignVert=method-wrapper(...), anchorHoriz='center', anchorVert='center', antialias=True, autoLog=True, bold=False, color='white', colorSpace='named', contrast=1.0, depth=-1.0, flipHoriz=False, flipVert=False, font='Arial', fontFiles=[], height=0.05, italic=False, languageStyle='LTR', name='text_2', opacity=1.0, ori=0, pos=array([0., 0.]), rgb=array([255., 255., 255.]), text='+', units='height', win=Window(...), wrapWidth=1)
28.2448 	EXP 	Created text_6 = TextStim(__class__=<class 'psychopy.visual.text.TextStim'>, alignHoriz=method-wrapper(...), alignText='center', alignVert=method-wrapper(...), anchorHoriz='center', anchorVert='center', antialias=True, autoLog=True, bold=False, color='white', colorSpace='named', contrast=1.0, depth=0.0, flipHoriz=False, flipVert=False, font='Arial', fontFiles=[], height=0.05, italic=False, languageStyle='LTR', name='text_6', opacity=1.0, ori=0, pos=array([0., 0.]), rgb=array([255., 255., 255.]), text='+', units='height', win=Window(...), wrapWidth=1)
28.2460 	EXP 	Created trial_image = ImageStim(__class__=<class 'psychopy.visual.image.ImageStim'>, autoLog=True, color=array([1., 1., 1.]), colorSpace='rgb', contrast=1.0, depth=-1.0, flipHoriz=False, flipVert=False, image='sin', interpolate=True, mask=None, maskParams=None, name='trial_image', opacity=1.0, ori=0.0, pos=array([0., 0.]), size=array([1., 1.]), texRes=512, units='height', win=Window(...))
29.0501 	EXP 	Created image_4 = ImageStim(__class__=<class 'psychopy.visual.image.ImageStim'>, autoLog=True, color=array([1., 1., 1.]), colorSpace='rgb', contrast=1.0, depth=-1.0, flipHoriz=False, flipVert=False, image='Designs/baby_dory_GJ.png', interpolate=True, mask=None, maskParams=None, name='image_4', opacity=1.0, ori=0.0, pos=array([0., 0.]), size=array([0.4  , 0.732]), texRes=512, units='height', win=Window(...))
29.0521 	EXP 	Created image_2 = ImageStim(__class__=<class 'psychopy.visual.image.ImageStim'>, autoLog=True, color=array([1., 1., 1.]), colorSpace='rgb', contrast=1.0, depth=-1.0, flipHoriz=False, flipVert=False, image='sin', interpolate=True, mask=None, maskParams=None, name='image_2', opacity=1.0, ori=0.0, pos=array([0., 0.]), size=array([1.3275, 0.75  ]), texRes=512, units='height', win=Window(...))
29.4472 	EXP 	Created text_8 = TextStim(__class__=<class 'psychopy.visual.text.TextStim'>, alignHoriz=method-wrapper(...), alignText='center', alignVert=method-wrapper(...), anchorHoriz='center', anchorVert='center', antialias=True, autoLog=True, bold=False, color='white', colorSpace='named', contrast=1.0, depth=0.0, flipHoriz=False, flipVert=False, font='Arial', fontFiles=[], height=0.05, italic=False, languageStyle='LTR', name='text_8', opacity=1.0, ori=0, pos=array([0., 0.]), rgb=array([255., 255., 255.]), text='+', units='height', win=Window(...), wrapWidth=1)
29.4484 	EXP 	Created image = ImageStim(__class__=<class 'psychopy.visual.image.ImageStim'>, autoLog=True, color=array([1., 1., 1.]), colorSpace='rgb', contrast=1.0, depth=-1.0, flipHoriz=False, flipVert=False, image='sin', interpolate=True, mask=None, maskParams=None, name='image', opacity=1.0, ori=0.0, pos=array([0., 0.]), size=array([1., 1.]), texRes=512, units='height', win=Window(...))
29.8342 	EXP 	Created image_3 = ImageStim(__class__=<class 'psychopy.visual.image.ImageStim'>, autoLog=True, color=array([1., 1., 1.]), colorSpace='rgb', contrast=1.0, depth=-1.0, flipHoriz=False, flipVert=False, image='sin', interpolate=True, mask=None, maskParams=None, name='image_3', opacity=1.0, ori=0.0, pos=array([0., 0.]), size=array([1.3275, 0.75  ]), texRes=512, units='height', win=Window(...))
30.2196 	EXP 	Created Pinstructions_imageR2 = ImageStim(__class__=<class 'psychopy.visual.image.ImageStim'>, autoLog=True, color=array([1., 1., 1.]), colorSpace='rgb', contrast=1.0, depth=-1.0, flipHoriz=False, flipVert=False, image='sin', interpolate=True, mask=None, maskParams=None, name='Pinstructions_imageR2', opacity=1.0, ori=0.0, pos=array([0., 0.]), size=array([1.3275, 0.75  ]), texRes=512, units='height', win=Window(...))
30.6021 	EXP 	Created text_3 = TextStim(__class__=<class 'psychopy.visual.text.TextStim'>, alignHoriz=method-wrapper(...), alignText='center', alignVert=method-wrapper(...), anchorHoriz='center', anchorVert='center', antialias=True, autoLog=True, bold=False, color='white', colorSpace='named', contrast=1.0, depth=-1.0, flipHoriz=False, flipVert=False, font='Arial', fontFiles=[], height=0.05, italic=False, languageStyle='LTR', name='text_3', opacity=1.0, ori=0, pos=array([0., 0.]), rgb=array([255., 255., 255.]), text='+', units='height', win=Window(...), wrapWidth=1)
30.9891 	EXP 	Created text_5 = TextStim(__class__=<class 'psychopy.visual.text.TextStim'>, alignHoriz=method-wrapper(...), alignText='center', alignVert=method-wrapper(...), anchorHoriz='center', anchorVert='center', antialias=True, autoLog=True, bold=False, color='white', colorSpace='named', contrast=1.0, depth=0.0, flipHoriz=False, flipVert=False, font='Arial', fontFiles=[], height=0.05, italic=False, languageStyle='LTR', name='text_5', opacity=1.0, ori=0, pos=array([0., 0.]), rgb=array([255., 255., 255.]), text='+', units='height', win=Window(...), wrapWidth=1)
30.9904 	EXP 	Created prac_image = ImageStim(__class__=<class 'psychopy.visual.image.ImageStim'>, autoLog=True, color=array([1., 1., 1.]), colorSpace='rgb', contrast=1.0, depth=-1.0, flipHoriz=False, flipVert=False, image='sin', interpolate=True, mask=None, maskParams=None, name='prac_image', opacity=1.0, ori=0.0, pos=array([0., 0.]), size=array([1., 1.]), texRes=512, units='height', win=Window(...))
31.7559 	EXP 	Created imFeedback = ImageStim(__class__=<class 'psychopy.visual.image.ImageStim'>, autoLog=True, color=array([1., 1., 1.]), colorSpace='rgb', contrast=1.0, depth=-1.0, flipHoriz=False, flipVert=False, image='sin', interpolate=True, mask=None, maskParams=None, name='imFeedback', opacity=1.0, ori=0.0, pos=array([0., 0.]), size=array([0.25, 0.25]), texRes=512, units='height', win=Window(...))
31.7579 	EXP 	Created feedback_msg = TextStim(__class__=<class 'psychopy.visual.text.TextStim'>, alignHoriz=method-wrapper(...), alignText='center', alignVert=method-wrapper(...), anchorHoriz='center', anchorVert='center', antialias=True, autoLog=True, bold=False, color='black', colorSpace='named', contrast=1.0, depth=-2.0, flipHoriz=False, flipVert=False, font='Arial', fontFiles=[], height=0.05, italic=False, languageStyle='LTR', name='feedback_msg', opacity=1.0, ori=0, pos=array([ 0.  , -0.25]), rgb=array([0., 0., 0.]), text='default text', units='height', win=Window(...), wrapWidth=1)
31.7594 	EXP 	Created text_9 = TextStim(__class__=<class 'psychopy.visual.text.TextStim'>, alignHoriz=method-wrapper(...), alignText='center', alignVert=method-wrapper(...), anchorHoriz='center', anchorVert='center', antialias=True, autoLog=True, bold=False, color='black', colorSpace='named', contrast=1.0, depth=-1.0, flipHoriz=False, flipVert=False, font='Arial', fontFiles=[], height=0.05, italic=False, languageStyle='LTR', name='text_9', opacity=1.0, ori=0, pos=array([0., 0.]), rgb=array([0., 0., 0.]), text='default text', units='height', win=Window(...), wrapWidth=1)
32.1744 	EXP 	Created image_4 = ImageStim(__class__=<class 'psychopy.visual.image.ImageStim'>, autoLog=True, color=array([1., 1., 1.]), colorSpace='rgb', contrast=1.0, depth=-1.0, flipHoriz=False, flipVert=False, image='Designs/baby_dory_GJ.png', interpolate=True, mask=None, maskParams=None, name='image_4', opacity=1.0, ori=0.0, pos=array([0., 0.]), size=array([0.4  , 0.732]), texRes=512, units='height', win=Window(...))
32.1761 	EXP 	Created instructions_imageR2 = ImageStim(__class__=<class 'psychopy.visual.image.ImageStim'>, autoLog=True, color=array([1., 1., 1.]), colorSpace='rgb', contrast=1.0, depth=-1.0, flipHoriz=False, flipVert=False, image='sin', interpolate=True, mask=None, maskParams=None, name='instructions_imageR2', opacity=1.0, ori=0.0, pos=array([0., 0.]), size=array([1.3275, 0.75  ]), texRes=512, units='height', win=Window(...))
32.5625 	EXP 	Created text_4 = TextStim(__class__=<class 'psychopy.visual.text.TextStim'>, alignHoriz=method-wrapper(...), alignText='center', alignVert=method-wrapper(...), anchorHoriz='center', anchorVert='center', antialias=True, autoLog=True, bold=False, color='white', colorSpace='named', contrast=1.0, depth=-1.0, flipHoriz=False, flipVert=False, font='Arial', fontFiles=[], height=0.05, italic=False, languageStyle='LTR', name='text_4', opacity=1.0, ori=0, pos=array([0., 0.]), rgb=array([255., 255., 255.]), text='+', units='height', win=Window(...), wrapWidth=1)
32.9506 	EXP 	Created text_6 = TextStim(__class__=<class 'psychopy.visual.text.TextStim'>, alignHoriz=method-wrapper(...), alignText='center', alignVert=method-wrapper(...), anchorHoriz='center', anchorVert='center', antialias=True, autoLog=True, bold=False, color='white', colorSpace='named', contrast=1.0, depth=0.0, flipHoriz=False, flipVert=False, font='Arial', fontFiles=[], height=0.05, italic=False, languageStyle='LTR', name='text_6', opacity=1.0, ori=0, pos=array([0., 0.]), rgb=array([255., 255., 255.]), text='+', units='height', win=Window(...), wrapWidth=1)
32.9521 	EXP 	Created trial_image = ImageStim(__class__=<class 'psychopy.visual.image.ImageStim'>, autoLog=True, color=array([1., 1., 1.]), colorSpace='rgb', contrast=1.0, depth=-1.0, flipHoriz=False, flipVert=False, image='sin', interpolate=True, mask=None, maskParams=None, name='trial_image', opacity=1.0, ori=0.0, pos=array([0., 0.]), size=array([1., 1.]), texRes=512, units='height', win=Window(...))
33.7568 	EXP 	Created image_4 = ImageStim(__class__=<class 'psychopy.visual.image.ImageStim'>, autoLog=True, color=array([1., 1., 1.]), colorSpace='rgb', contrast=1.0, depth=-1.0, flipHoriz=False, flipVert=False, image='Designs/baby_dory_GJ.png', interpolate=True, mask=None, maskParams=None, name='image_4', opacity=1.0, ori=0.0, pos=array([0., 0.]), size=array([0.4  , 0.732]), texRes=512, units='height', win=Window(...))
33.7584 	EXP 	Created instructions_imageR1 = ImageStim(__class__=<class 'psychopy.visual.image.ImageStim'>, autoLog=True, color=array([1., 1., 1.]), colorSpace='rgb', contrast=1.0, depth=-1.0, flipHoriz=False, flipVert=False, image='sin', interpolate=True, mask=None, maskParams=None, name='instructions_imageR1', opacity=1.0, ori=0.0, pos=array([0., 0.]), size=array([1.3275, 0.75  ]), texRes=512, units='height', win=Window(...))
34.1404 	EXP 	Created text_2 = TextStim(__class__=<class 'psychopy.visual.text.TextStim'>, alignHoriz=method-wrapper(...), alignText='center', alignVert=method-wrapper(...), anchorHoriz='center', anchorVert='center', antialias=True, autoLog=True, bold=False, color='white', colorSpace='named', contrast=1.0, depth=-1.0, flipHoriz=False, flipVert=False, font='Arial', fontFiles=[], height=0.05, italic=False, languageStyle='LTR', name='text_2', opacity=1.0, ori=0, pos=array([0., 0.]), rgb=array([255., 255., 255.]), text='+', units='height', win=Window(...), wrapWidth=1)
34.5176 	EXP 	Created text_6 = TextStim(__class__=<class 'psychopy.visual.text.TextStim'>, alignHoriz=method-wrapper(...), alignText='center', alignVert=method-wrapper(...), anchorHoriz='center', anchorVert='center', antialias=True, autoLog=True, bold=False, color='white', colorSpace='named', contrast=1.0, depth=0.0, flipHoriz=False, flipVert=False, font='Arial', fontFiles=[], height=0.05, italic=False, languageStyle='LTR', name='text_6', opacity=1.0, ori=0, pos=array([0., 0.]), rgb=array([255., 255., 255.]), text='+', units='height', win=Window(...), wrapWidth=1)
34.5188 	EXP 	Created trial_image = ImageStim(__class__=<class 'psychopy.visual.image.ImageStim'>, autoLog=True, color=array([1., 1., 1.]), colorSpace='rgb', contrast=1.0, depth=-1.0, flipHoriz=False, flipVert=False, image='sin', interpolate=True, mask=None, maskParams=None, name='trial_image', opacity=1.0, ori=0.0, pos=array([0., 0.]), size=array([1., 1.]), texRes=512, units='height', win=Window(...))
35.3174 	EXP 	Created image_4 = ImageStim(__class__=<class 'psychopy.visual.image.ImageStim'>, autoLog=True, color=array([1., 1., 1.]), colorSpace='rgb', contrast=1.0, depth=-1.0, flipHoriz=False, flipVert=False, image='Designs/baby_dory_GJ.png', interpolate=True, mask=None, maskParams=None, name='image_4', opacity=1.0, ori=0.0, pos=array([0., 0.]), size=array([0.4  , 0.732]), texRes=512, units='height', win=Window(...))
35.3191 	EXP 	Created instructions_imageR2 = ImageStim(__class__=<class 'psychopy.visual.image.ImageStim'>, autoLog=True, color=array([1., 1., 1.]), colorSpace='rgb', contrast=1.0, depth=-1.0, flipHoriz=False, flipVert=False, image='sin', interpolate=True, mask=None, maskParams=None, name='instructions_imageR2', opacity=1.0, ori=0.0, pos=array([0., 0.]), size=array([1.3275, 0.75  ]), texRes=512, units='height', win=Window(...))
35.7046 	EXP 	Created text_4 = TextStim(__class__=<class 'psychopy.visual.text.TextStim'>, alignHoriz=method-wrapper(...), alignText='center', alignVert=method-wrapper(...), anchorHoriz='center', anchorVert='center', antialias=True, autoLog=True, bold=False, color='white', colorSpace='named', contrast=1.0, depth=-1.0, flipHoriz=False, flipVert=False, font='Arial', fontFiles=[], height=0.05, italic=False, languageStyle='LTR', name='text_4', opacity=1.0, ori=0, pos=array([0., 0.]), rgb=array([255., 255., 255.]), text='+', units='height', win=Window(...), wrapWidth=1)
36.0824 	EXP 	Created text_6 = TextStim(__class__=<class 'psychopy.visual.text.TextStim'>, alignHoriz=method-wrapper(...), alignText='center', alignVert=method-wrapper(...), anchorHoriz='center', anchorVert='center', antialias=True, autoLog=True, bold=False, color='white', colorSpace='named', contrast=1.0, depth=0.0, flipHoriz=False, flipVert=False, font='Arial', fontFiles=[], height=0.05, italic=False, languageStyle='LTR', name='text_6', opacity=1.0, ori=0, pos=array([0., 0.]), rgb=array([255., 255., 255.]), text='+', units='height', win=Window(...), wrapWidth=1)
36.0835 	EXP 	Created trial_image = ImageStim(__class__=<class 'psychopy.visual.image.ImageStim'>, autoLog=True, color=array([1., 1., 1.]), colorSpace='rgb', contrast=1.0, depth=-1.0, flipHoriz=False, flipVert=False, image='sin', interpolate=True, mask=None, maskParams=None, name='trial_image', opacity=1.0, ori=0.0, pos=array([0., 0.]), size=array([1., 1.]), texRes=512, units='height', win=Window(...))
36.8773 	EXP 	Created image_5 = ImageStim(__class__=<class 'psychopy.visual.image.ImageStim'>, autoLog=True, color=array([1., 1., 1.]), colorSpace='rgb', contrast=1.0, depth=0.0, flipHoriz=False, flipVert=False, image='Designs/baby_squirt_GJ.png', interpolate=True, mask=None, maskParams=None, name='image_5', opacity=1.0, ori=0.0, pos=array([0., 0.]), size=array([0.8, 0.5]), texRes=512, units='height', win=Window(...))
36.9234 	WARNING 	t of last frame was 13928.34ms (=1/0)
36.9234 	EXP 	text_top: autoDraw = True
36.9234 	EXP 	text_bottom: autoDraw = True
36.9234 	EXP 	ccimage: autoDraw = True
36.9452 	WARNING 	t of last frame was 21.86ms (=1/45)
41.6134 	DATA 	Keypress: space
41.6514 	WARNING 	t of last frame was 41.71ms (=1/23)
41.6514 	EXP 	ccimage: size = [0.42800000000000005, 0.2699]
41.6514 	EXP 	text_top: autoDraw = False
41.6514 	EXP 	text_bottom: autoDraw = False
41.6514 	EXP 	ccimage: autoDraw = False
41.6514 	EXP 	prac_instr1: image = 'Designs/prac_instr1.png'
41.6514 	EXP 	prac_instr1: autoDraw = True
41.7309 	DATA 	Keypress: space
41.8791 	DATA 	Keypress: space
41.9953 	DATA 	Keypress: space
42.0101 	EXP 	prac_instr1: autoDraw = False
42.0101 	EXP 	prac_instr2: autoDraw = True
42.1458 	DATA 	Keypress: space
42.2952 	DATA 	Keypress: space
42.3102 	EXP 	prac_instr2: autoDraw = False
42.3102 	EXP 	prac_instr3: autoDraw = True
42.3629 	WARNING 	t of last frame was 20.01ms (=1/49)
42.4115 	DATA 	Keypress: space
42.5449 	DATA 	Keypress: space
42.7014 	DATA 	Keypress: space
42.7191 	WARNING 	Multiple dropped frames have occurred - I'll stop bothering you about them!
42.7189 	EXP 	prac_instr3: autoDraw = False
42.7189 	EXP 	image_2: image = 'Designs/design1_run1_ex.png'
42.7189 	EXP 	image_2: autoDraw = True
42.8170 	DATA 	Keypress: space
42.8267 	EXP 	image_2: autoDraw = False
42.8267 	EXP 	image: pos = array([0.17380935, 0.        ])
42.8267 	EXP 	image: size = array([0.17296, 0.17296])
42.8267 	EXP 	image: image = 'Stimuli/HofS2.jpg'
42.8267 	EXP 	text_8: autoDraw = True
42.8267 	EXP 	image: autoDraw = True
43.8562 	DATA 	Keypress: j
43.8766 	EXP 	text_8: autoDraw = False
43.8766 	EXP 	image: autoDraw = False
43.8766 	EXP 	image_3: image = 'Designs/hand_hold_local_corr.png'
43.8766 	EXP 	image_3: autoDraw = True
44.0458 	DATA 	Keypress: space
44.2951 	DATA 	Keypress: space
44.4948 	DATA 	Keypress: space
44.7449 	DATA 	Keypress: space
45.0531 	DATA 	Keypress: space
45.0738 	EXP 	image_3: autoDraw = False
45.0738 	EXP 	Pinstructions_imageR1: image = 'Designs/design1_run1.png'
45.0738 	EXP 	Pinstructions_imageR1: autoDraw = True
45.3455 	DATA 	Keypress: space
45.5943 	DATA 	Keypress: space
45.8818 	DATA 	Keypress: space
46.1432 	EXP 	Created sequence: sequential, trialTypes=1, nReps=10, seed=None
46.1435 	EXP 	New trial (rep=0, index=0): None
46.1490 	DEBUG 	Read csv file with pandas: Designs/design1_run1.csv
46.1514 	DEBUG 	Clearing unnamed columns from Designs/design1_run1.csv
46.1524 	EXP 	Imported Designs/design1_run1.csv as conditions, 6 conditions, 6 params
46.1527 	EXP 	Created sequence: random, trialTypes=6, nReps=1, seed=None
46.1530 	EXP 	New trial (rep=0, index=0): OrderedDict([('runID', 1), ('imgID', 7), ('stimLabel', 'smallSincon'), ('imFile', 'Stimuli/HofS2.jpg'), ('corr', 'j'), ('side', 'left')])
46.1551 	DATA 	Keypress: space
46.1606 	EXP 	Pinstructions_imageR1: autoDraw = False
46.1606 	EXP 	text: color = 'black (named)'
46.1606 	EXP 	text: autoDraw = True
47.8269 	EXP 	text: autoDraw = False
47.8269 	EXP 	text: autoDraw = False
47.8269 	EXP 	text_5: color = 'black (named)'
47.8269 	EXP 	prac_image: pos = array([-0.17380935,  0.        ])
47.8269 	EXP 	prac_image: size = array([0.17296, 0.17296])
47.8269 	EXP 	prac_image: image = 'Stimuli/HofS2.jpg'
47.8269 	EXP 	text_5: autoDraw = True
47.8269 	EXP 	prac_image: autoDraw = True
51.8455 	EXP 	text_5: autoDraw = False
51.8455 	EXP 	prac_image: autoDraw = False
51.8455 	EXP 	text_5: autoDraw = False
51.8455 	EXP 	prac_image: autoDraw = False
51.8455 	EXP 	imFeedback: image = 'Stimuli/redWrong.png'
51.8455 	EXP 	feedback_msg: text = "Oops, time ran out. That's ok, try again!"
51.8455 	EXP 	imFeedback: autoDraw = True
51.8455 	EXP 	feedback_msg: autoDraw = True
53.8303 	EXP 	New trial (rep=0, index=1): OrderedDict([('runID', 1), ('imgID', 5), ('stimLabel', 'smallScongr'), ('imFile', 'Stimuli/SofS2.jpg'), ('corr', 'j'), ('side', 'left')])
53.8436 	EXP 	imFeedback: autoDraw = False
53.8436 	EXP 	feedback_msg: autoDraw = False
53.8436 	EXP 	text: color = 'white (named)'
53.8436 	EXP 	text: autoDraw = True
55.1770 	EXP 	text: autoDraw = False
55.1770 	EXP 	text: autoDraw = False
55.1770 	EXP 	text_5: color = 'white (named)'
55.1770 	EXP 	prac_image: pos = array([-0.17380935,  0.        ])
55.1770 	EXP 	prac_image: size = array([0.17296, 0.17296])
55.1770 	EXP 	prac_image: image = 'Stimuli/SofS2.jpg'
55.1770 	EXP 	text_5: autoDraw = True
55.1770 	EXP 	prac_image: autoDraw = True
55.7448 	DATA 	Keypress: space
58.3308 	DATA 	Keypress: j
59.1937 	EXP 	text_5: autoDraw = False
59.1937 	EXP 	prac_image: autoDraw = False
59.1937 	EXP 	imFeedback: image = 'Stimuli/greenCheck.png'
59.1937 	EXP 	feedback_msg: text = 'Well done!'
59.1937 	EXP 	imFeedback: autoDraw = True
59.1937 	EXP 	feedback_msg: autoDraw = True
61.1634 	EXP 	New trial (rep=0, index=2): OrderedDict([('runID', 1), ('imgID', 2), ('stimLabel', 'smallHcongr'), ('imFile', 'Stimuli/HofH2.jpg'), ('corr', 'f'), ('side', 'right')])
61.1770 	EXP 	imFeedback: autoDraw = False
61.1770 	EXP 	feedback_msg: autoDraw = False
61.1770 	EXP 	text: color = 'white (named)'
61.1770 	EXP 	text: autoDraw = True
62.6771 	EXP 	text: autoDraw = False
62.6771 	EXP 	text: autoDraw = False
62.6771 	EXP 	text_5: color = 'white (named)'
62.6771 	EXP 	prac_image: pos = array([0.17380935, 0.        ])
62.6771 	EXP 	prac_image: size = array([0.17296, 0.17296])
62.6771 	EXP 	prac_image: image = 'Stimuli/HofH2.jpg'
62.6771 	EXP 	text_5: autoDraw = True
62.6771 	EXP 	prac_image: autoDraw = True
64.1620 	DATA 	Keypress: j
66.6764 	EXP 	text_5: autoDraw = False
66.6764 	EXP 	prac_image: autoDraw = False
66.6764 	EXP 	text_5: autoDraw = False
66.6764 	EXP 	prac_image: autoDraw = False
66.6764 	EXP 	imFeedback: image = 'Stimuli/redWrong.png'
66.6764 	EXP 	feedback_msg: text = 'Oops, the picture response was wrong.'
66.6764 	EXP 	imFeedback: autoDraw = True
66.6764 	EXP 	feedback_msg: autoDraw = True
68.6613 	EXP 	New trial (rep=0, index=3): OrderedDict([('runID', 1), ('imgID', 6), ('stimLabel', 'smallScongr'), ('imFile', 'Stimuli/SofS2.jpg'), ('corr', 'j'), ('side', 'right')])
68.6771 	EXP 	imFeedback: autoDraw = False
68.6771 	EXP 	feedback_msg: autoDraw = False
68.6771 	EXP 	imFeedback: autoDraw = False
68.6771 	EXP 	feedback_msg: autoDraw = False
68.6771 	EXP 	text: color = 'black (named)'
68.6771 	EXP 	text: autoDraw = True
70.3937 	EXP 	text: autoDraw = False
70.3937 	EXP 	text: autoDraw = False
70.3937 	EXP 	text_5: color = 'black (named)'
70.3937 	EXP 	prac_image: pos = array([0.17380935, 0.        ])
70.3937 	EXP 	prac_image: size = array([0.17296, 0.17296])
70.3937 	EXP 	prac_image: image = 'Stimuli/SofS2.jpg'
70.3937 	EXP 	text_5: autoDraw = True
70.3937 	EXP 	prac_image: autoDraw = True
71.4321 	DATA 	Keypress: j
74.3935 	EXP 	text_5: autoDraw = False
74.3935 	EXP 	prac_image: autoDraw = False
74.3935 	EXP 	text_5: autoDraw = False
74.3935 	EXP 	prac_image: autoDraw = False
74.3935 	EXP 	imFeedback: image = 'Stimuli/redWrong.png'
74.3935 	EXP 	feedback_msg: text = 'Oops, you missed the cross response.'
74.3935 	EXP 	imFeedback: autoDraw = True
74.3935 	EXP 	feedback_msg: autoDraw = True
76.3780 	EXP 	New trial (rep=0, index=4): OrderedDict([('runID', 1), ('imgID', 3), ('stimLabel', 'smallHincon'), ('imFile', 'Stimuli/SofH2.jpg'), ('corr', 'f'), ('side', 'left')])
76.3938 	EXP 	imFeedback: autoDraw = False
76.3938 	EXP 	feedback_msg: autoDraw = False
76.3938 	EXP 	imFeedback: autoDraw = False
76.3938 	EXP 	feedback_msg: autoDraw = False
76.3938 	EXP 	text: color = 'black (named)'
76.3938 	EXP 	text: autoDraw = True
77.9597 	EXP 	text: autoDraw = False
77.9597 	EXP 	text: autoDraw = False
77.9597 	EXP 	text_5: color = 'black (named)'
77.9597 	EXP 	prac_image: pos = array([-0.17380935,  0.        ])
77.9597 	EXP 	prac_image: size = array([0.17296, 0.17296])
77.9597 	EXP 	prac_image: image = 'Stimuli/SofH2.jpg'
77.9597 	EXP 	text_5: autoDraw = True
77.9597 	EXP 	prac_image: autoDraw = True
80.3116 	DATA 	Keypress: space
81.9598 	EXP 	text_5: autoDraw = False
81.9598 	EXP 	prac_image: autoDraw = False
81.9598 	EXP 	imFeedback: image = 'Stimuli/redWrong.png'
81.9598 	EXP 	feedback_msg: text = "Oops, time ran out. That's ok, try again!"
81.9598 	EXP 	imFeedback: autoDraw = True
81.9598 	EXP 	feedback_msg: autoDraw = True
83.9468 	EXP 	New trial (rep=0, index=5): OrderedDict([('runID', 1), ('imgID', 8), ('stimLabel', 'smallSincon'), ('imFile', 'Stimuli/HofS2.jpg'), ('corr', 'j'), ('side', 'right')])
83.9605 	EXP 	imFeedback: autoDraw = False
83.9605 	EXP 	feedback_msg: autoDraw = False
83.9605 	EXP 	text: color = 'black (named)'
83.9605 	EXP 	text: autoDraw = True
85.5939 	EXP 	text: autoDraw = False
85.5939 	EXP 	text: autoDraw = False
85.5939 	EXP 	text_5: color = 'black (named)'
85.5939 	EXP 	prac_image: pos = array([0.17380935, 0.        ])
85.5939 	EXP 	prac_image: size = array([0.17296, 0.17296])
85.5939 	EXP 	prac_image: image = 'Stimuli/HofS2.jpg'
85.5939 	EXP 	text_5: autoDraw = True
85.5939 	EXP 	prac_image: autoDraw = True
87.1308 	DATA 	Keypress: j
89.5936 	EXP 	text_5: autoDraw = False
89.5936 	EXP 	prac_image: autoDraw = False
89.5936 	EXP 	text_5: autoDraw = False
89.5936 	EXP 	prac_image: autoDraw = False
89.5936 	EXP 	imFeedback: image = 'Stimuli/greenCheck.png'
89.5936 	EXP 	feedback_msg: text = 'Well done!'
89.5936 	EXP 	imFeedback: autoDraw = True
89.5936 	EXP 	feedback_msg: autoDraw = True
91.6106 	EXP 	imFeedback: autoDraw = False
91.6106 	EXP 	feedback_msg: autoDraw = False
91.6106 	EXP 	text_7: text = "You missed 2 of the trials because the time was up. That's ok, in the real game the pictures will stay on, but try to go as fast as you can. \n\n Press Space to practice more."
91.6106 	EXP 	text_7: autoDraw = True
95.2294 	EXP 	New trial (rep=1, index=0): None
95.2324 	DEBUG 	Read csv file with pandas: Designs/design1_run1.csv
95.2336 	DEBUG 	Clearing unnamed columns from Designs/design1_run1.csv
95.2345 	EXP 	Imported Designs/design1_run1.csv as conditions, 6 conditions, 6 params
95.2348 	EXP 	Created sequence: random, trialTypes=6, nReps=1, seed=None
95.2351 	EXP 	New trial (rep=0, index=0): OrderedDict([('runID', 1), ('imgID', 7), ('stimLabel', 'smallSincon'), ('imFile', 'Stimuli/HofS2.jpg'), ('corr', 'j'), ('side', 'left')])
95.2370 	DATA 	Keypress: space
95.2435 	EXP 	text_7: autoDraw = False
95.2435 	EXP 	text: color = 'black (named)'
95.2435 	EXP 	text: autoDraw = True
96.5773 	EXP 	text: autoDraw = False
96.5773 	EXP 	text: autoDraw = False
96.5773 	EXP 	text_5: color = 'black (named)'
96.5773 	EXP 	prac_image: pos = array([-0.17380935,  0.        ])
96.5773 	EXP 	prac_image: size = array([0.17296, 0.17296])
96.5773 	EXP 	prac_image: image = 'Stimuli/HofS2.jpg'
96.5773 	EXP 	text_5: autoDraw = True
96.5773 	EXP 	prac_image: autoDraw = True
100.5766 	EXP 	text_5: autoDraw = False
100.5766 	EXP 	prac_image: autoDraw = False
100.5766 	EXP 	imFeedback: image = 'Stimuli/redWrong.png'
100.5766 	EXP 	feedback_msg: text = "Oops, time ran out. That's ok, try again!"
100.5766 	EXP 	imFeedback: autoDraw = True
100.5766 	EXP 	feedback_msg: autoDraw = True
102.5617 	EXP 	New trial (rep=0, index=1): OrderedDict([('runID', 1), ('imgID', 8), ('stimLabel', 'smallSincon'), ('imFile', 'Stimuli/HofS2.jpg'), ('corr', 'j'), ('side', 'right')])
102.5775 	EXP 	imFeedback: autoDraw = False
102.5775 	EXP 	feedback_msg: autoDraw = False
102.5775 	EXP 	text: color = 'white (named)'
102.5775 	EXP 	text: autoDraw = True
103.9440 	EXP 	text: autoDraw = False
103.9440 	EXP 	text: autoDraw = False
103.9440 	EXP 	text_5: color = 'white (named)'
103.9440 	EXP 	prac_image: pos = array([0.17380935, 0.        ])
103.9440 	EXP 	prac_image: size = array([0.17296, 0.17296])
103.9440 	EXP 	prac_image: image = 'Stimuli/HofS2.jpg'
103.9440 	EXP 	text_5: autoDraw = True
103.9440 	EXP 	prac_image: autoDraw = True
105.1495 	DATA 	Keypress: space
105.7793 	DATA 	Keypress: j
107.9432 	EXP 	text_5: autoDraw = False
107.9432 	EXP 	prac_image: autoDraw = False
107.9432 	EXP 	imFeedback: image = 'Stimuli/greenCheck.png'
107.9432 	EXP 	feedback_msg: text = 'Well done!'
107.9432 	EXP 	imFeedback: autoDraw = True
107.9432 	EXP 	feedback_msg: autoDraw = True
109.9303 	EXP 	New trial (rep=0, index=2): OrderedDict([('runID', 1), ('imgID', 1), ('stimLabel', 'smallHcongr'), ('imFile', 'Stimuli/HofH2.jpg'), ('corr', 'f'), ('side', 'left')])
109.9440 	EXP 	imFeedback: autoDraw = False
109.9440 	EXP 	feedback_msg: autoDraw = False
109.9440 	EXP 	text: color = 'white (named)'
109.9440 	EXP 	text: autoDraw = True
111.3774 	EXP 	text: autoDraw = False
111.3774 	EXP 	text: autoDraw = False
111.3774 	EXP 	text_5: color = 'white (named)'
111.3774 	EXP 	prac_image: pos = array([-0.17380935,  0.        ])
111.3774 	EXP 	prac_image: size = array([0.17296, 0.17296])
111.3774 	EXP 	prac_image: image = 'Stimuli/HofH2.jpg'
111.3774 	EXP 	text_5: autoDraw = True
111.3774 	EXP 	prac_image: autoDraw = True
112.9287 	DATA 	Keypress: f
115.3774 	EXP 	text_5: autoDraw = False
115.3774 	EXP 	prac_image: autoDraw = False
115.3774 	EXP 	text_5: autoDraw = False
115.3774 	EXP 	prac_image: autoDraw = False
115.3774 	EXP 	imFeedback: image = 'Stimuli/greenCheck.png'
115.3774 	EXP 	feedback_msg: text = 'Well done!'
115.3774 	EXP 	imFeedback: autoDraw = True
115.3774 	EXP 	feedback_msg: autoDraw = True
117.3636 	EXP 	New trial (rep=0, index=3): OrderedDict([('runID', 1), ('imgID', 2), ('stimLabel', 'smallHcongr'), ('imFile', 'Stimuli/HofH2.jpg'), ('corr', 'f'), ('side', 'right')])
117.3776 	EXP 	imFeedback: autoDraw = False
117.3776 	EXP 	feedback_msg: autoDraw = False
117.3776 	EXP 	text: color = 'black (named)'
117.3776 	EXP 	text: autoDraw = True
118.8108 	EXP 	text: autoDraw = False
118.8108 	EXP 	text: autoDraw = False
118.8108 	EXP 	text_5: color = 'black (named)'
118.8108 	EXP 	prac_image: pos = array([0.17380935, 0.        ])
118.8108 	EXP 	prac_image: size = array([0.17296, 0.17296])
118.8108 	EXP 	prac_image: image = 'Stimuli/HofH2.jpg'
118.8108 	EXP 	text_5: autoDraw = True
118.8108 	EXP 	prac_image: autoDraw = True
119.7120 	DATA 	Keypress: space
119.8794 	DATA 	Keypress: f
122.8108 	EXP 	text_5: autoDraw = False
122.8108 	EXP 	prac_image: autoDraw = False
122.8108 	EXP 	text_5: autoDraw = False
122.8108 	EXP 	prac_image: autoDraw = False
122.8108 	EXP 	imFeedback: image = 'Stimuli/greenCheck.png'
122.8108 	EXP 	feedback_msg: text = 'Well done!'
122.8108 	EXP 	imFeedback: autoDraw = True
122.8108 	EXP 	feedback_msg: autoDraw = True
124.7950 	EXP 	New trial (rep=0, index=4): OrderedDict([('runID', 1), ('imgID', 5), ('stimLabel', 'smallScongr'), ('imFile', 'Stimuli/SofS2.jpg'), ('corr', 'j'), ('side', 'left')])
124.8108 	EXP 	imFeedback: autoDraw = False
124.8108 	EXP 	feedback_msg: autoDraw = False
124.8108 	EXP 	imFeedback: autoDraw = False
124.8108 	EXP 	feedback_msg: autoDraw = False
124.8108 	EXP 	text: color = 'black (named)'
124.8108 	EXP 	text: autoDraw = True
126.4109 	EXP 	text: autoDraw = False
126.4109 	EXP 	text: autoDraw = False
126.4109 	EXP 	text_5: color = 'black (named)'
126.4109 	EXP 	prac_image: pos = array([-0.17380935,  0.        ])
126.4109 	EXP 	prac_image: size = array([0.17296, 0.17296])
126.4109 	EXP 	prac_image: image = 'Stimuli/SofS2.jpg'
126.4109 	EXP 	text_5: autoDraw = True
126.4109 	EXP 	prac_image: autoDraw = True
127.2788 	DATA 	Keypress: space
127.5649 	DATA 	Keypress: j
130.4100 	EXP 	text_5: autoDraw = False
130.4100 	EXP 	prac_image: autoDraw = False
130.4100 	EXP 	text_5: autoDraw = False
130.4100 	EXP 	prac_image: autoDraw = False
130.4100 	EXP 	imFeedback: image = 'Stimuli/redWrong.png'
130.4100 	EXP 	feedback_msg: text = 'Oops, you pressed space when there was no fix change.'
130.4100 	EXP 	imFeedback: autoDraw = True
130.4100 	EXP 	feedback_msg: autoDraw = True
132.3951 	EXP 	New trial (rep=0, index=5): OrderedDict([('runID', 1), ('imgID', 4), ('stimLabel', 'smallHincon'), ('imFile', 'Stimuli/SofH2.jpg'), ('corr', 'f'), ('side', 'right')])
132.4110 	EXP 	imFeedback: autoDraw = False
132.4110 	EXP 	feedback_msg: autoDraw = False
132.4110 	EXP 	imFeedback: autoDraw = False
132.4110 	EXP 	feedback_msg: autoDraw = False
132.4110 	EXP 	text: color = 'black (named)'
132.4110 	EXP 	text: autoDraw = True
133.7610 	EXP 	text: autoDraw = False
133.7610 	EXP 	text: autoDraw = False
133.7610 	EXP 	text_5: color = 'black (named)'
133.7610 	EXP 	prac_image: pos = array([0.17380935, 0.        ])
133.7610 	EXP 	prac_image: size = array([0.17296, 0.17296])
133.7610 	EXP 	prac_image: image = 'Stimuli/SofH2.jpg'
133.7610 	EXP 	text_5: autoDraw = True
133.7610 	EXP 	prac_image: autoDraw = True
135.3959 	DATA 	Keypress: f
137.7607 	EXP 	text_5: autoDraw = False
137.7607 	EXP 	prac_image: autoDraw = False
137.7607 	EXP 	text_5: autoDraw = False
137.7607 	EXP 	prac_image: autoDraw = False
137.7607 	EXP 	imFeedback: image = 'Stimuli/greenCheck.png'
137.7607 	EXP 	feedback_msg: text = 'Well done!'
137.7607 	EXP 	imFeedback: autoDraw = True
137.7607 	EXP 	feedback_msg: autoDraw = True
139.7636 	EXP 	imFeedback: autoDraw = False
139.7636 	EXP 	feedback_msg: autoDraw = False
139.7636 	EXP 	imFeedback: autoDraw = False
139.7636 	EXP 	feedback_msg: autoDraw = False
139.7636 	EXP 	text_7: text = "You missed 2 of the trials because the time was up. That's ok, in the real game the pictures will stay on, but try to go as fast as you can. \n\n Press Space to practice more."
139.7636 	EXP 	text_7: autoDraw = True
141.4956 	DATA 	Keypress: space
141.5110 	EXP 	text_7: autoDraw = False
141.5110 	EXP 	image_4: autoDraw = True
143.0390 	EXP 	image_4: autoDraw = False
143.0390 	EXP 	instructions_imageR1: image = 'Designs/design1_run1.png'
143.0390 	EXP 	instructions_imageR1: autoDraw = True
149.6296 	DATA 	Keypress: escape
149.9758 	EXP 	window1: mouseVisible = True
149.9759 	DEBUG 	Saving data for global_local ExperimentHandler
149.9768 	INFO 	saved data to /Users/sophia/Documents/PycharmProjects/Global_Local_Study/data/_global_local_2020_Dec_21_1554.psydat
149.9781 	INFO 	saved data to '/Users/sophia/Documents/PycharmProjects/Global_Local_Study/data/_global_local_2020_Dec_21_1554.csv'
