8.0975 	INFO 	Loaded monitor calibration from ['2020_09_20 15:42']
10.3280 	WARNING 	Couldn't measure a consistent frame rate.
  - Is your graphics card set to sync to vertical blank?
  - Are you running other processes on your computer?

10.3285 	EXP 	Created window1 = Window(allowGUI=False, allowStencil=False, args=UNKNOWN, autoLog=True, bitsMode=UNKNOWN, blendMode='avg', bpc=(8, 8, 8), color=array([0., 0., 0.]), colorSpace='rgb', depthBits=8, fullscr=<method-wrapper '__getattribute__' of attributeSetter object at 0x1204cdb00>, gamma=None, gammaErrorPolicy='raise', kwargs=UNKNOWN, lms=UNKNOWN, monitor=<psychopy.monitors.calibTools.Monitor object at 0x120411d30>, multiSample=False, name='window1', numSamples=2, pos=[448.0, 280.0], screen=0, size=array([3584, 2240]), stencilBits=0, stereo=False, units='height', useFBO=True, useRetina=True, viewOri=0.0, viewPos=None, viewScale=None, waitBlanking=True, winType='pyglet')
10.3287 	EXP 	window1: mouseVisible = True
10.3288 	EXP 	window1: recordFrameIntervals = False
10.4962 	EXP 	window1: recordFrameIntervals = True
12.1613 	WARNING 	Couldn't measure a consistent frame rate.
  - Is your graphics card set to sync to vertical blank?
  - Are you running other processes on your computer?

12.8593 	EXP 	Created text_top = TextStim(__class__=<class 'psychopy.visual.text.TextStim'>, alignHoriz=method-wrapper(...), alignText='center', alignVert=method-wrapper(...), anchorHoriz='center', anchorVert='center', antialias=True, autoLog=True, bold=False, color='black', colorSpace='named', contrast=1.0, depth=-2.0, flipHoriz=False, flipVert=False, font='Arial', fontFiles=[], height=0.05, italic=False, languageStyle='LTR', name='text_top', opacity=1.0, ori=0, pos=array([0. , 0.3]), rgb=array([0., 0., 0.]), text=str(...), units='height', win=Window(...), wrapWidth=1)
12.8657 	EXP 	Created text_bottom = TextStim(__class__=<class 'psychopy.visual.text.TextStim'>, alignHoriz=method-wrapper(...), alignText='center', alignVert=method-wrapper(...), anchorHoriz='center', anchorVert='center', antialias=True, autoLog=True, bold=False, color='black', colorSpace='named', contrast=1.0, depth=-3.0, flipHoriz=False, flipVert=False, font='Arial', fontFiles=[], height=0.05, italic=False, languageStyle='LTR', name='text_bottom', opacity=1.0, ori=0, pos=array([ 0. , -0.3]), rgb=array([0., 0., 0.]), text='Press Space when you’re finished', units='height', win=Window(...), wrapWidth=1)
12.8830 	EXP 	Created ccimage = ImageStim(__class__=<class 'psychopy.visual.image.ImageStim'>, autoLog=True, color=array([1., 1., 1.]), colorSpace='rgb', contrast=1.0, depth=-4.0, flipHoriz=False, flipVert=False, image='bankcard.png', interpolate=True, mask=None, maskParams=None, name='ccimage', opacity=1.0, ori=0.0, pos=array([0., 0.]), size=array([0.428 , 0.2699]), texRes=512, units='height', win=Window(...))
12.9042 	EXP 	Created prac_instr1 = ImageStim(__class__=<class 'psychopy.visual.image.ImageStim'>, autoLog=True, color=array([1., 1., 1.]), colorSpace='rgb', contrast=1.0, depth=-1.0, flipHoriz=False, flipVert=False, image='Designs/prac_instr1.png', interpolate=True, mask=None, maskParams=None, name='prac_instr1', opacity=1.0, ori=0.0, pos=array([0., 0.]), size=array([1.125, 0.75 ]), texRes=512, units='height', win=Window(...))
13.4992 	EXP 	Created prac_instr2 = ImageStim(__class__=<class 'psychopy.visual.image.ImageStim'>, autoLog=True, color=array([1., 1., 1.]), colorSpace='rgb', contrast=1.0, depth=0.0, flipHoriz=False, flipVert=False, image='Designs/prac_instr2.png', interpolate=True, mask=None, maskParams=None, name='prac_instr2', opacity=1.0, ori=0.0, pos=array([0., 0.]), size=array([1.125, 0.75 ]), texRes=512, units='height', win=Window(...))
14.0936 	EXP 	Created prac_instr3 = ImageStim(__class__=<class 'psychopy.visual.image.ImageStim'>, autoLog=True, color=array([1., 1., 1.]), colorSpace='rgb', contrast=1.0, depth=0.0, flipHoriz=False, flipVert=False, image='Designs/prac_instr3.png', interpolate=True, mask=None, maskParams=None, name='prac_instr3', opacity=1.0, ori=0.0, pos=array([0., 0.]), size=array([1.125, 0.75 ]), texRes=512, units='height', win=Window(...))
14.6719 	EXP 	Created Pinstructions_imageR1 = ImageStim(__class__=<class 'psychopy.visual.image.ImageStim'>, autoLog=True, color=array([1., 1., 1.]), colorSpace='rgb', contrast=1.0, depth=-2.0, flipHoriz=False, flipVert=False, image='sin', interpolate=True, mask=None, maskParams=None, name='Pinstructions_imageR1', opacity=1.0, ori=0.0, pos=array([0., 0.]), size=array([1.3125, 0.75  ]), texRes=512, units='height', win=Window(...))
15.2502 	EXP 	Created text = TextStim(__class__=<class 'psychopy.visual.text.TextStim'>, alignHoriz=method-wrapper(...), alignText='center', alignVert=method-wrapper(...), anchorHoriz='center', anchorVert='center', antialias=True, autoLog=True, bold=False, color='white', colorSpace='named', contrast=1.0, depth=-1.0, flipHoriz=False, flipVert=False, font='Arial', fontFiles=[], height=0.05, italic=False, languageStyle='LTR', name='text', opacity=1.0, ori=0, pos=array([0., 0.]), rgb=array([255., 255., 255.]), text='+', units='height', win=Window(...), wrapWidth=1)
15.8271 	EXP 	Created text_5 = TextStim(__class__=<class 'psychopy.visual.text.TextStim'>, alignHoriz=method-wrapper(...), alignText='center', alignVert=method-wrapper(...), anchorHoriz='center', anchorVert='center', antialias=True, autoLog=True, bold=False, color='white', colorSpace='named', contrast=1.0, depth=0.0, flipHoriz=False, flipVert=False, font='Arial', fontFiles=[], height=0.05, italic=False, languageStyle='LTR', name='text_5', opacity=1.0, ori=0, pos=array([0., 0.]), rgb=array([255., 255., 255.]), text='+', units='height', win=Window(...), wrapWidth=1)
15.8284 	EXP 	Created prac_image = ImageStim(__class__=<class 'psychopy.visual.image.ImageStim'>, autoLog=True, color=array([1., 1., 1.]), colorSpace='rgb', contrast=1.0, depth=-1.0, flipHoriz=False, flipVert=False, image='sin', interpolate=True, mask=None, maskParams=None, name='prac_image', opacity=1.0, ori=0.0, pos=array([0., 0.]), size=array([1., 1.]), texRes=512, units='height', win=Window(...))
16.9843 	EXP 	Created imFeedback = ImageStim(__class__=<class 'psychopy.visual.image.ImageStim'>, autoLog=True, color=array([1., 1., 1.]), colorSpace='rgb', contrast=1.0, depth=-1.0, flipHoriz=False, flipVert=False, image='sin', interpolate=True, mask=None, maskParams=None, name='imFeedback', opacity=1.0, ori=0.0, pos=array([0., 0.]), size=array([0.25, 0.25]), texRes=512, units='height', win=Window(...))
16.9878 	EXP 	Created feedback_msg = TextStim(__class__=<class 'psychopy.visual.text.TextStim'>, alignHoriz=method-wrapper(...), alignText='center', alignVert=method-wrapper(...), anchorHoriz='center', anchorVert='center', antialias=True, autoLog=True, bold=False, color='black', colorSpace='named', contrast=1.0, depth=-2.0, flipHoriz=False, flipVert=False, font='Arial', fontFiles=[], height=0.05, italic=False, languageStyle='LTR', name='feedback_msg', opacity=1.0, ori=0, pos=array([ 0.  , -0.25]), rgb=array([0., 0., 0.]), text='default text', units='height', win=Window(...), wrapWidth=1)
16.9960 	EXP 	Created text_7 = TextStim(__class__=<class 'psychopy.visual.text.TextStim'>, alignHoriz=method-wrapper(...), alignText='center', alignVert=method-wrapper(...), anchorHoriz='center', anchorVert='center', antialias=True, autoLog=True, bold=False, color='black', colorSpace='named', contrast=1.0, depth=0.0, flipHoriz=False, flipVert=False, font='Arial', fontFiles=[], height=0.05, italic=False, languageStyle='LTR', name='text_7', opacity=1.0, ori=0, pos=array([0., 0.]), rgb=array([0., 0., 0.]), text=str(...), units='height', win=Window(...), wrapWidth=1)
17.5744 	EXP 	Created instructions_imageR1 = ImageStim(__class__=<class 'psychopy.visual.image.ImageStim'>, autoLog=True, color=array([1., 1., 1.]), colorSpace='rgb', contrast=1.0, depth=-1.0, flipHoriz=False, flipVert=False, image='sin', interpolate=True, mask=None, maskParams=None, name='instructions_imageR1', opacity=1.0, ori=0.0, pos=array([0., 0.]), size=array([1.125, 0.75 ]), texRes=512, units='height', win=Window(...))
18.1476 	EXP 	Created text_2 = TextStim(__class__=<class 'psychopy.visual.text.TextStim'>, alignHoriz=method-wrapper(...), alignText='center', alignVert=method-wrapper(...), anchorHoriz='center', anchorVert='center', antialias=True, autoLog=True, bold=False, color='white', colorSpace='named', contrast=1.0, depth=-1.0, flipHoriz=False, flipVert=False, font='Arial', fontFiles=[], height=0.05, italic=False, languageStyle='LTR', name='text_2', opacity=1.0, ori=0, pos=array([0., 0.]), rgb=array([255., 255., 255.]), text='+', units='height', win=Window(...), wrapWidth=1)
18.7255 	EXP 	Created text_6 = TextStim(__class__=<class 'psychopy.visual.text.TextStim'>, alignHoriz=method-wrapper(...), alignText='center', alignVert=method-wrapper(...), anchorHoriz='center', anchorVert='center', antialias=True, autoLog=True, bold=False, color='white', colorSpace='named', contrast=1.0, depth=0.0, flipHoriz=False, flipVert=False, font='Arial', fontFiles=[], height=0.05, italic=False, languageStyle='LTR', name='text_6', opacity=1.0, ori=0, pos=array([0., 0.]), rgb=array([255., 255., 255.]), text='+', units='height', win=Window(...), wrapWidth=1)
18.7268 	EXP 	Created trial_image = ImageStim(__class__=<class 'psychopy.visual.image.ImageStim'>, autoLog=True, color=array([1., 1., 1.]), colorSpace='rgb', contrast=1.0, depth=-1.0, flipHoriz=False, flipVert=False, image='sin', interpolate=True, mask=None, maskParams=None, name='trial_image', opacity=1.0, ori=0.0, pos=array([0., 0.]), size=array([1., 1.]), texRes=512, units='height', win=Window(...))
19.8808 	EXP 	Created Pinstructions_imageR2 = ImageStim(__class__=<class 'psychopy.visual.image.ImageStim'>, autoLog=True, color=array([1., 1., 1.]), colorSpace='rgb', contrast=1.0, depth=-1.0, flipHoriz=False, flipVert=False, image='sin', interpolate=True, mask=None, maskParams=None, name='Pinstructions_imageR2', opacity=1.0, ori=0.0, pos=array([0., 0.]), size=array([1.3125, 0.75  ]), texRes=512, units='height', win=Window(...))
20.4555 	EXP 	Created text_3 = TextStim(__class__=<class 'psychopy.visual.text.TextStim'>, alignHoriz=method-wrapper(...), alignText='center', alignVert=method-wrapper(...), anchorHoriz='center', anchorVert='center', antialias=True, autoLog=True, bold=False, color='white', colorSpace='named', contrast=1.0, depth=-1.0, flipHoriz=False, flipVert=False, font='Arial', fontFiles=[], height=0.05, italic=False, languageStyle='LTR', name='text_3', opacity=1.0, ori=0, pos=array([0., 0.]), rgb=array([255., 255., 255.]), text='+', units='height', win=Window(...), wrapWidth=1)
21.0341 	EXP 	Created text_5 = TextStim(__class__=<class 'psychopy.visual.text.TextStim'>, alignHoriz=method-wrapper(...), alignText='center', alignVert=method-wrapper(...), anchorHoriz='center', anchorVert='center', antialias=True, autoLog=True, bold=False, color='white', colorSpace='named', contrast=1.0, depth=0.0, flipHoriz=False, flipVert=False, font='Arial', fontFiles=[], height=0.05, italic=False, languageStyle='LTR', name='text_5', opacity=1.0, ori=0, pos=array([0., 0.]), rgb=array([255., 255., 255.]), text='+', units='height', win=Window(...), wrapWidth=1)
21.0354 	EXP 	Created prac_image = ImageStim(__class__=<class 'psychopy.visual.image.ImageStim'>, autoLog=True, color=array([1., 1., 1.]), colorSpace='rgb', contrast=1.0, depth=-1.0, flipHoriz=False, flipVert=False, image='sin', interpolate=True, mask=None, maskParams=None, name='prac_image', opacity=1.0, ori=0.0, pos=array([0., 0.]), size=array([1., 1.]), texRes=512, units='height', win=Window(...))
22.2106 	EXP 	Created imFeedback = ImageStim(__class__=<class 'psychopy.visual.image.ImageStim'>, autoLog=True, color=array([1., 1., 1.]), colorSpace='rgb', contrast=1.0, depth=-1.0, flipHoriz=False, flipVert=False, image='sin', interpolate=True, mask=None, maskParams=None, name='imFeedback', opacity=1.0, ori=0.0, pos=array([0., 0.]), size=array([0.25, 0.25]), texRes=512, units='height', win=Window(...))
22.2127 	EXP 	Created feedback_msg = TextStim(__class__=<class 'psychopy.visual.text.TextStim'>, alignHoriz=method-wrapper(...), alignText='center', alignVert=method-wrapper(...), anchorHoriz='center', anchorVert='center', antialias=True, autoLog=True, bold=False, color='black', colorSpace='named', contrast=1.0, depth=-2.0, flipHoriz=False, flipVert=False, font='Arial', fontFiles=[], height=0.05, italic=False, languageStyle='LTR', name='feedback_msg', opacity=1.0, ori=0, pos=array([ 0.  , -0.25]), rgb=array([0., 0., 0.]), text='default text', units='height', win=Window(...), wrapWidth=1)
22.2171 	EXP 	Created text_7 = TextStim(__class__=<class 'psychopy.visual.text.TextStim'>, alignHoriz=method-wrapper(...), alignText='center', alignVert=method-wrapper(...), anchorHoriz='center', anchorVert='center', antialias=True, autoLog=True, bold=False, color='black', colorSpace='named', contrast=1.0, depth=0.0, flipHoriz=False, flipVert=False, font='Arial', fontFiles=[], height=0.05, italic=False, languageStyle='LTR', name='text_7', opacity=1.0, ori=0, pos=array([0., 0.]), rgb=array([0., 0., 0.]), text=str(...), units='height', win=Window(...), wrapWidth=1)
22.7969 	EXP 	Created instructions_imageR2 = ImageStim(__class__=<class 'psychopy.visual.image.ImageStim'>, autoLog=True, color=array([1., 1., 1.]), colorSpace='rgb', contrast=1.0, depth=-1.0, flipHoriz=False, flipVert=False, image='sin', interpolate=True, mask=None, maskParams=None, name='instructions_imageR2', opacity=1.0, ori=0.0, pos=array([0., 0.]), size=array([1.125, 0.75 ]), texRes=512, units='height', win=Window(...))
23.3776 	EXP 	Created text_4 = TextStim(__class__=<class 'psychopy.visual.text.TextStim'>, alignHoriz=method-wrapper(...), alignText='center', alignVert=method-wrapper(...), anchorHoriz='center', anchorVert='center', antialias=True, autoLog=True, bold=False, color='white', colorSpace='named', contrast=1.0, depth=-1.0, flipHoriz=False, flipVert=False, font='Arial', fontFiles=[], height=0.05, italic=False, languageStyle='LTR', name='text_4', opacity=1.0, ori=0, pos=array([0., 0.]), rgb=array([255., 255., 255.]), text='+', units='height', win=Window(...), wrapWidth=1)
23.9565 	EXP 	Created text_6 = TextStim(__class__=<class 'psychopy.visual.text.TextStim'>, alignHoriz=method-wrapper(...), alignText='center', alignVert=method-wrapper(...), anchorHoriz='center', anchorVert='center', antialias=True, autoLog=True, bold=False, color='white', colorSpace='named', contrast=1.0, depth=0.0, flipHoriz=False, flipVert=False, font='Arial', fontFiles=[], height=0.05, italic=False, languageStyle='LTR', name='text_6', opacity=1.0, ori=0, pos=array([0., 0.]), rgb=array([255., 255., 255.]), text='+', units='height', win=Window(...), wrapWidth=1)
23.9578 	EXP 	Created trial_image = ImageStim(__class__=<class 'psychopy.visual.image.ImageStim'>, autoLog=True, color=array([1., 1., 1.]), colorSpace='rgb', contrast=1.0, depth=-1.0, flipHoriz=False, flipVert=False, image='sin', interpolate=True, mask=None, maskParams=None, name='trial_image', opacity=1.0, ori=0.0, pos=array([0., 0.]), size=array([1., 1.]), texRes=512, units='height', win=Window(...))
25.1231 	EXP 	Created allDone = TextStim(__class__=<class 'psychopy.visual.text.TextStim'>, alignHoriz=method-wrapper(...), alignText='center', alignVert=method-wrapper(...), anchorHoriz='center', anchorVert='center', antialias=True, autoLog=True, bold=False, color='black', colorSpace='named', contrast=1.0, depth=0.0, flipHoriz=False, flipVert=False, font='Arial', fontFiles=[], height=0.1, italic=False, languageStyle='LTR', name='allDone', opacity=1.0, ori=0, pos=array([0., 0.]), rgb=array([0., 0., 0.]), text='You are all done. Thank you!', units='height', win=Window(...), wrapWidth=1)
25.1687 	WARNING 	t of last frame was 13007.67ms (=1/0)
25.1687 	EXP 	text_top: autoDraw = True
25.1687 	EXP 	text_bottom: autoDraw = True
25.1687 	EXP 	ccimage: autoDraw = True
28.0309 	DATA 	Keypress: space
28.0437 	EXP 	ccimage: size = [0.42800000000000005, 0.2699]
28.0437 	EXP 	text_top: autoDraw = False
28.0437 	EXP 	text_bottom: autoDraw = False
28.0437 	EXP 	ccimage: autoDraw = False
28.0437 	EXP 	prac_instr1: autoDraw = True
28.4989 	DATA 	Keypress: space
28.5103 	EXP 	prac_instr1: autoDraw = False
28.5103 	EXP 	prac_instr2: autoDraw = True
28.9297 	DATA 	Keypress: space
28.9444 	EXP 	prac_instr2: autoDraw = False
28.9444 	EXP 	prac_instr3: autoDraw = True
29.3364 	DATA 	Keypress: space
29.3522 	WARNING 	t of last frame was 41.72ms (=1/23)
29.3522 	EXP 	prac_instr3: autoDraw = False
29.3522 	EXP 	Pinstructions_imageR1: image = 'Designs/design1_run1.png'
29.3522 	EXP 	Pinstructions_imageR1: autoDraw = True
29.7963 	DATA 	Keypress: space
30.2455 	DATA 	Keypress: space
30.6683 	DEBUG 	Read csv file with pandas: Designs/design1_run1.csv
30.6708 	DEBUG 	Clearing unnamed columns from Designs/design1_run1.csv
30.6717 	EXP 	Imported Designs/design1_run1.csv as conditions, 4 conditions, 6 params
30.6720 	EXP 	Created sequence: random, trialTypes=4, nReps=1, seed=None
30.6724 	EXP 	New trial (rep=0, index=0): OrderedDict([('runID', 1), ('imgID', 6), ('stimLabel', 'smallScongr'), ('imFile', 'Stimuli/SofS2.jpg'), ('corr', 'j'), ('side', 'right')])
30.6746 	DATA 	Keypress: space
30.6961 	WARNING 	t of last frame was 35.44ms (=1/28)
30.6961 	EXP 	Pinstructions_imageR1: autoDraw = False
30.6961 	EXP 	text: color = 'black (named)'
30.6961 	EXP 	text: autoDraw = True
32.4443 	EXP 	text: autoDraw = False
32.4443 	EXP 	text: autoDraw = False
32.4443 	EXP 	text_5: color = 'black (named)'
32.4443 	EXP 	prac_image: pos = array([0.17296, 0.     ])
32.4443 	EXP 	prac_image: size = array([0.17296, 0.17296])
32.4443 	EXP 	prac_image: image = 'Stimuli/SofS2.jpg'
32.4443 	EXP 	text_5: autoDraw = True
32.4443 	EXP 	prac_image: autoDraw = True
34.5982 	DATA 	Keypress: j
36.4610 	WARNING 	t of last frame was 31.50ms (=1/31)
36.4610 	EXP 	text_5: autoDraw = False
36.4610 	EXP 	prac_image: autoDraw = False
36.4610 	EXP 	imFeedback: image = 'Stimuli/greenCheck.png'
36.4610 	EXP 	feedback_msg: text = 'Well done!'
36.4610 	EXP 	imFeedback: autoDraw = True
36.4610 	EXP 	feedback_msg: autoDraw = True
38.4476 	EXP 	New trial (rep=0, index=1): OrderedDict([('runID', 1), ('imgID', 1), ('stimLabel', 'smallHcongr'), ('imFile', 'Stimuli/HofH2.jpg'), ('corr', 'f'), ('side', 'left')])
38.4612 	EXP 	imFeedback: autoDraw = False
38.4612 	EXP 	feedback_msg: autoDraw = False
38.4612 	EXP 	text: color = 'black (named)'
38.4612 	EXP 	text: autoDraw = True
40.1776 	EXP 	text: autoDraw = False
40.1776 	EXP 	text: autoDraw = False
40.1776 	EXP 	text_5: color = 'black (named)'
40.1776 	EXP 	prac_image: pos = array([-0.17296,  0.     ])
40.1776 	EXP 	prac_image: size = array([0.17296, 0.17296])
40.1776 	EXP 	prac_image: image = 'Stimuli/HofH2.jpg'
40.1776 	EXP 	text_5: autoDraw = True
40.1776 	EXP 	prac_image: autoDraw = True
41.5982 	DATA 	Keypress: j
44.1964 	WARNING 	Multiple dropped frames have occurred - I'll stop bothering you about them!
44.1963 	EXP 	text_5: autoDraw = False
44.1963 	EXP 	prac_image: autoDraw = False
44.1963 	EXP 	text_5: autoDraw = False
44.1963 	EXP 	prac_image: autoDraw = False
44.1963 	EXP 	imFeedback: image = 'Stimuli/redWrong.png'
44.1963 	EXP 	feedback_msg: text = 'Oops, your cross response was right but the picture response was wrong.'
44.1963 	EXP 	imFeedback: autoDraw = True
44.1963 	EXP 	feedback_msg: autoDraw = True
46.1642 	EXP 	New trial (rep=0, index=2): OrderedDict([('runID', 1), ('imgID', 4), ('stimLabel', 'smallHincon'), ('imFile', 'Stimuli/SofH2.jpg'), ('corr', 'f'), ('side', 'right')])
46.1778 	EXP 	imFeedback: autoDraw = False
46.1778 	EXP 	feedback_msg: autoDraw = False
46.1778 	EXP 	text: color = 'black (named)'
46.1778 	EXP 	text: autoDraw = True
47.4777 	EXP 	text: autoDraw = False
47.4777 	EXP 	text: autoDraw = False
47.4777 	EXP 	text_5: color = 'black (named)'
47.4777 	EXP 	prac_image: pos = array([0.17296, 0.     ])
47.4777 	EXP 	prac_image: size = array([0.17296, 0.17296])
47.4777 	EXP 	prac_image: image = 'Stimuli/SofH2.jpg'
47.4777 	EXP 	text_5: autoDraw = True
47.4777 	EXP 	prac_image: autoDraw = True
48.8981 	DATA 	Keypress: f
51.4775 	EXP 	text_5: autoDraw = False
51.4775 	EXP 	prac_image: autoDraw = False
51.4775 	EXP 	imFeedback: image = 'Stimuli/greenCheck.png'
51.4775 	EXP 	feedback_msg: text = 'Well done!'
51.4775 	EXP 	imFeedback: autoDraw = True
51.4775 	EXP 	feedback_msg: autoDraw = True
53.4627 	EXP 	New trial (rep=0, index=3): OrderedDict([('runID', 1), ('imgID', 7), ('stimLabel', 'smallSincon'), ('imFile', 'Stimuli/HofS2.jpg'), ('corr', 'j'), ('side', 'left')])
53.4780 	EXP 	imFeedback: autoDraw = False
53.4780 	EXP 	feedback_msg: autoDraw = False
53.4780 	EXP 	imFeedback: autoDraw = False
53.4780 	EXP 	feedback_msg: autoDraw = False
53.4780 	EXP 	text: color = 'black (named)'
53.4780 	EXP 	text: autoDraw = True
54.9278 	EXP 	text: autoDraw = False
54.9278 	EXP 	text: autoDraw = False
54.9278 	EXP 	text_5: color = 'black (named)'
54.9278 	EXP 	prac_image: pos = array([-0.17296,  0.     ])
54.9278 	EXP 	prac_image: size = array([0.17296, 0.17296])
54.9278 	EXP 	prac_image: image = 'Stimuli/HofS2.jpg'
54.9278 	EXP 	text_5: autoDraw = True
54.9278 	EXP 	prac_image: autoDraw = True
55.9989 	DATA 	Keypress: j
58.9281 	EXP 	text_5: autoDraw = False
58.9281 	EXP 	prac_image: autoDraw = False
58.9281 	EXP 	text_5: autoDraw = False
58.9281 	EXP 	prac_image: autoDraw = False
58.9281 	EXP 	imFeedback: image = 'Stimuli/greenCheck.png'
58.9281 	EXP 	feedback_msg: text = 'Well done!'
58.9281 	EXP 	imFeedback: autoDraw = True
58.9281 	EXP 	feedback_msg: autoDraw = True
60.9279 	EXP 	imFeedback: autoDraw = False
60.9279 	EXP 	feedback_msg: autoDraw = False
60.9279 	EXP 	imFeedback: autoDraw = False
60.9279 	EXP 	feedback_msg: autoDraw = False
60.9279 	EXP 	text_7: autoDraw = True
62.7635 	DATA 	Keypress: escape
63.1588 	EXP 	window1: mouseVisible = True
63.1589 	DEBUG 	Saving data for global_local ExperimentHandler
63.1606 	INFO 	saved data to /Users/sophia/Documents/PycharmProjects/Global_Local_Study/data/_global_local_2020_Nov_07_1417.psydat
63.1612 	INFO 	saved data to '/Users/sophia/Documents/PycharmProjects/Global_Local_Study/data/_global_local_2020_Nov_07_1417.csv'
