6.8796 	INFO 	Loaded monitor calibration from ['2020_09_20 15:42']
9.1186 	WARNING 	Couldn't measure a consistent frame rate.
  - Is your graphics card set to sync to vertical blank?
  - Are you running other processes on your computer?

9.1191 	EXP 	Created window1 = Window(allowGUI=False, allowStencil=False, args=UNKNOWN, autoLog=True, bitsMode=UNKNOWN, blendMode='avg', bpc=(8, 8, 8), color=array([0., 0., 0.]), colorSpace='rgb', depthBits=8, fullscr=<method-wrapper '__getattribute__' of attributeSetter object at 0x15571a9e8>, gamma=None, gammaErrorPolicy='raise', kwargs=UNKNOWN, lms=UNKNOWN, monitor=<psychopy.monitors.calibTools.Monitor object at 0x156ea89b0>, multiSample=False, name='window1', numSamples=2, pos=[448.0, 280.0], screen=0, size=array([3584, 2240]), stencilBits=0, stereo=False, units='height', useFBO=True, useRetina=True, viewOri=0.0, viewPos=None, viewScale=None, waitBlanking=True, winType='pyglet')
9.1194 	EXP 	window1: mouseVisible = True
9.1194 	EXP 	window1: recordFrameIntervals = False
9.2852 	EXP 	window1: recordFrameIntervals = True
10.9523 	WARNING 	Couldn't measure a consistent frame rate.
  - Is your graphics card set to sync to vertical blank?
  - Are you running other processes on your computer?

11.4485 	EXP 	Created text_top = TextStim(__class__=<class 'psychopy.visual.text.TextStim'>, alignHoriz=method-wrapper(...), alignText='center', alignVert=method-wrapper(...), anchorHoriz='center', anchorVert='center', antialias=True, autoLog=True, bold=False, color='black', colorSpace='named', contrast=1.0, depth=-2.0, flipHoriz=False, flipVert=False, font='Arial', fontFiles=[], height=0.05, italic=False, languageStyle='LTR', name='text_top', opacity=1.0, ori=0, pos=array([0. , 0.3]), rgb=array([0., 0., 0.]), text=str(...), units='height', win=Window(...), wrapWidth=1)
11.4548 	EXP 	Created text_bottom = TextStim(__class__=<class 'psychopy.visual.text.TextStim'>, alignHoriz=method-wrapper(...), alignText='center', alignVert=method-wrapper(...), anchorHoriz='center', anchorVert='center', antialias=True, autoLog=True, bold=False, color='black', colorSpace='named', contrast=1.0, depth=-3.0, flipHoriz=False, flipVert=False, font='Arial', fontFiles=[], height=0.05, italic=False, languageStyle='LTR', name='text_bottom', opacity=1.0, ori=0, pos=array([ 0. , -0.3]), rgb=array([0., 0., 0.]), text='Press Space when you’re finished', units='height', win=Window(...), wrapWidth=1)
11.4801 	EXP 	Created ccimage = ImageStim(__class__=<class 'psychopy.visual.image.ImageStim'>, autoLog=True, color=array([1., 1., 1.]), colorSpace='rgb', contrast=1.0, depth=-4.0, flipHoriz=False, flipVert=False, image='bankcard.png', interpolate=True, mask=None, maskParams=None, name='ccimage', opacity=1.0, ori=0.0, pos=array([0., 0.]), size=array([0.428 , 0.2699]), texRes=512, units='height', win=Window(...))
11.4819 	EXP 	Created prac_instr1 = ImageStim(__class__=<class 'psychopy.visual.image.ImageStim'>, autoLog=True, color=array([1., 1., 1.]), colorSpace='rgb', contrast=1.0, depth=-1.0, flipHoriz=False, flipVert=False, image='sin', interpolate=True, mask=None, maskParams=None, name='prac_instr1', opacity=1.0, ori=0.0, pos=array([0., 0.]), size=array([1.3275, 0.75  ]), texRes=512, units='height', win=Window(...))
11.9014 	EXP 	Created prac_instr2 = ImageStim(__class__=<class 'psychopy.visual.image.ImageStim'>, autoLog=True, color=array([1., 1., 1.]), colorSpace='rgb', contrast=1.0, depth=0.0, flipHoriz=False, flipVert=False, image='Designs/prac_instr2.png', interpolate=True, mask=None, maskParams=None, name='prac_instr2', opacity=1.0, ori=0.0, pos=array([0., 0.]), size=array([1.3275, 0.75  ]), texRes=512, units='height', win=Window(...))
12.3172 	EXP 	Created prac_instr3 = ImageStim(__class__=<class 'psychopy.visual.image.ImageStim'>, autoLog=True, color=array([1., 1., 1.]), colorSpace='rgb', contrast=1.0, depth=0.0, flipHoriz=False, flipVert=False, image='Designs/prac_instr3.png', interpolate=True, mask=None, maskParams=None, name='prac_instr3', opacity=1.0, ori=0.0, pos=array([0., 0.]), size=array([1.3275, 0.75  ]), texRes=512, units='height', win=Window(...))
12.7031 	EXP 	Created image_2 = ImageStim(__class__=<class 'psychopy.visual.image.ImageStim'>, autoLog=True, color=array([1., 1., 1.]), colorSpace='rgb', contrast=1.0, depth=-1.0, flipHoriz=False, flipVert=False, image='sin', interpolate=True, mask=None, maskParams=None, name='image_2', opacity=1.0, ori=0.0, pos=array([0., 0.]), size=array([1.3275, 0.75  ]), texRes=512, units='height', win=Window(...))
13.0899 	EXP 	Created text_8 = TextStim(__class__=<class 'psychopy.visual.text.TextStim'>, alignHoriz=method-wrapper(...), alignText='center', alignVert=method-wrapper(...), anchorHoriz='center', anchorVert='center', antialias=True, autoLog=True, bold=False, color='white', colorSpace='named', contrast=1.0, depth=0.0, flipHoriz=False, flipVert=False, font='Arial', fontFiles=[], height=0.05, italic=False, languageStyle='LTR', name='text_8', opacity=1.0, ori=0, pos=array([0., 0.]), rgb=array([255., 255., 255.]), text='+', units='height', win=Window(...), wrapWidth=1)
13.0912 	EXP 	Created image = ImageStim(__class__=<class 'psychopy.visual.image.ImageStim'>, autoLog=True, color=array([1., 1., 1.]), colorSpace='rgb', contrast=1.0, depth=-1.0, flipHoriz=False, flipVert=False, image='sin', interpolate=True, mask=None, maskParams=None, name='image', opacity=1.0, ori=0.0, pos=array([0., 0.]), size=array([1., 1.]), texRes=512, units='height', win=Window(...))
13.4832 	EXP 	Created image_3 = ImageStim(__class__=<class 'psychopy.visual.image.ImageStim'>, autoLog=True, color=array([1., 1., 1.]), colorSpace='rgb', contrast=1.0, depth=-1.0, flipHoriz=False, flipVert=False, image='sin', interpolate=True, mask=None, maskParams=None, name='image_3', opacity=1.0, ori=0.0, pos=array([0., 0.]), size=array([1.3275, 0.75  ]), texRes=512, units='height', win=Window(...))
13.8615 	EXP 	Created Pinstructions_imageR1 = ImageStim(__class__=<class 'psychopy.visual.image.ImageStim'>, autoLog=True, color=array([1., 1., 1.]), colorSpace='rgb', contrast=1.0, depth=-1.0, flipHoriz=False, flipVert=False, image='sin', interpolate=True, mask=None, maskParams=None, name='Pinstructions_imageR1', opacity=1.0, ori=0.0, pos=array([0., 0.]), size=array([1.3125, 0.75  ]), texRes=512, units='height', win=Window(...))
14.2387 	EXP 	Created text = TextStim(__class__=<class 'psychopy.visual.text.TextStim'>, alignHoriz=method-wrapper(...), alignText='center', alignVert=method-wrapper(...), anchorHoriz='center', anchorVert='center', antialias=True, autoLog=True, bold=False, color='white', colorSpace='named', contrast=1.0, depth=-1.0, flipHoriz=False, flipVert=False, font='Arial', fontFiles=[], height=0.05, italic=False, languageStyle='LTR', name='text', opacity=1.0, ori=0, pos=array([0., 0.]), rgb=array([255., 255., 255.]), text='+', units='height', win=Window(...), wrapWidth=1)
14.2397 	EXP 	Created text_5 = TextStim(__class__=<class 'psychopy.visual.text.TextStim'>, alignHoriz=method-wrapper(...), alignText='center', alignVert=method-wrapper(...), anchorHoriz='center', anchorVert='center', antialias=True, autoLog=True, bold=False, color='white', colorSpace='named', contrast=1.0, depth=0.0, flipHoriz=False, flipVert=False, font='Arial', fontFiles=[], height=0.05, italic=False, languageStyle='LTR', name='text_5', opacity=1.0, ori=0, pos=array([0., 0.]), rgb=array([255., 255., 255.]), text='+', units='height', win=Window(...), wrapWidth=1)
14.2408 	EXP 	Created prac_image = ImageStim(__class__=<class 'psychopy.visual.image.ImageStim'>, autoLog=True, color=array([1., 1., 1.]), colorSpace='rgb', contrast=1.0, depth=-1.0, flipHoriz=False, flipVert=False, image='sin', interpolate=True, mask=None, maskParams=None, name='prac_image', opacity=1.0, ori=0.0, pos=array([0., 0.]), size=array([1., 1.]), texRes=512, units='height', win=Window(...))
15.0206 	EXP 	Created imFeedback = ImageStim(__class__=<class 'psychopy.visual.image.ImageStim'>, autoLog=True, color=array([1., 1., 1.]), colorSpace='rgb', contrast=1.0, depth=-1.0, flipHoriz=False, flipVert=False, image='sin', interpolate=True, mask=None, maskParams=None, name='imFeedback', opacity=1.0, ori=0.0, pos=array([0., 0.]), size=array([0.25, 0.25]), texRes=512, units='height', win=Window(...))
15.0244 	EXP 	Created feedback_msg = TextStim(__class__=<class 'psychopy.visual.text.TextStim'>, alignHoriz=method-wrapper(...), alignText='center', alignVert=method-wrapper(...), anchorHoriz='center', anchorVert='center', antialias=True, autoLog=True, bold=False, color='black', colorSpace='named', contrast=1.0, depth=-2.0, flipHoriz=False, flipVert=False, font='Arial', fontFiles=[], height=0.05, italic=False, languageStyle='LTR', name='feedback_msg', opacity=1.0, ori=0, pos=array([ 0.  , -0.25]), rgb=array([0., 0., 0.]), text='default text', units='height', win=Window(...), wrapWidth=1)
15.0260 	EXP 	Created text_7 = TextStim(__class__=<class 'psychopy.visual.text.TextStim'>, alignHoriz=method-wrapper(...), alignText='center', alignVert=method-wrapper(...), anchorHoriz='center', anchorVert='center', antialias=True, autoLog=True, bold=False, color='black', colorSpace='named', contrast=1.0, depth=-1.0, flipHoriz=False, flipVert=False, font='Arial', fontFiles=[], height=0.05, italic=False, languageStyle='LTR', name='text_7', opacity=1.0, ori=0, pos=array([0., 0.]), rgb=array([0., 0., 0.]), text='default text', units='height', win=Window(...), wrapWidth=1)
15.4092 	EXP 	Created instructions_imageR1 = ImageStim(__class__=<class 'psychopy.visual.image.ImageStim'>, autoLog=True, color=array([1., 1., 1.]), colorSpace='rgb', contrast=1.0, depth=-1.0, flipHoriz=False, flipVert=False, image='sin', interpolate=True, mask=None, maskParams=None, name='instructions_imageR1', opacity=1.0, ori=0.0, pos=array([0., 0.]), size=array([1.3275, 0.75  ]), texRes=512, units='height', win=Window(...))
15.7898 	EXP 	Created text_2 = TextStim(__class__=<class 'psychopy.visual.text.TextStim'>, alignHoriz=method-wrapper(...), alignText='center', alignVert=method-wrapper(...), anchorHoriz='center', anchorVert='center', antialias=True, autoLog=True, bold=False, color='white', colorSpace='named', contrast=1.0, depth=-1.0, flipHoriz=False, flipVert=False, font='Arial', fontFiles=[], height=0.05, italic=False, languageStyle='LTR', name='text_2', opacity=1.0, ori=0, pos=array([0., 0.]), rgb=array([255., 255., 255.]), text='+', units='height', win=Window(...), wrapWidth=1)
16.1793 	EXP 	Created text_6 = TextStim(__class__=<class 'psychopy.visual.text.TextStim'>, alignHoriz=method-wrapper(...), alignText='center', alignVert=method-wrapper(...), anchorHoriz='center', anchorVert='center', antialias=True, autoLog=True, bold=False, color='white', colorSpace='named', contrast=1.0, depth=0.0, flipHoriz=False, flipVert=False, font='Arial', fontFiles=[], height=0.05, italic=False, languageStyle='LTR', name='text_6', opacity=1.0, ori=0, pos=array([0., 0.]), rgb=array([255., 255., 255.]), text='+', units='height', win=Window(...), wrapWidth=1)
16.1804 	EXP 	Created trial_image = ImageStim(__class__=<class 'psychopy.visual.image.ImageStim'>, autoLog=True, color=array([1., 1., 1.]), colorSpace='rgb', contrast=1.0, depth=-1.0, flipHoriz=False, flipVert=False, image='sin', interpolate=True, mask=None, maskParams=None, name='trial_image', opacity=1.0, ori=0.0, pos=array([0., 0.]), size=array([1., 1.]), texRes=512, units='height', win=Window(...))
16.9509 	EXP 	Created text_10 = TextStim(__class__=<class 'psychopy.visual.text.TextStim'>, alignHoriz=method-wrapper(...), alignText='center', alignVert=method-wrapper(...), anchorHoriz='center', anchorVert='center', antialias=True, autoLog=True, bold=False, color='black', colorSpace='named', contrast=1.0, depth=-1.0, flipHoriz=False, flipVert=False, font='Arial', fontFiles=[], height=0.05, italic=False, languageStyle='LTR', name='text_10', opacity=1.0, ori=0, pos=array([0., 0.]), rgb=array([0., 0., 0.]), text='default text', units='height', win=Window(...), wrapWidth=1)
16.9855 	EXP 	Created image_4 = ImageStim(__class__=<class 'psychopy.visual.image.ImageStim'>, autoLog=True, color=array([1., 1., 1.]), colorSpace='rgb', contrast=1.0, depth=-2.0, flipHoriz=False, flipVert=False, image='Designs/baby_dory_GJ.png', interpolate=True, mask=None, maskParams=None, name='image_4', opacity=1.0, ori=0.0, pos=array([0., 0.]), size=array([0.4  , 0.732]), texRes=512, units='height', win=Window(...))
16.9869 	EXP 	Created image_2 = ImageStim(__class__=<class 'psychopy.visual.image.ImageStim'>, autoLog=True, color=array([1., 1., 1.]), colorSpace='rgb', contrast=1.0, depth=-1.0, flipHoriz=False, flipVert=False, image='sin', interpolate=True, mask=None, maskParams=None, name='image_2', opacity=1.0, ori=0.0, pos=array([0., 0.]), size=array([1.3275, 0.75  ]), texRes=512, units='height', win=Window(...))
17.3727 	EXP 	Created text_8 = TextStim(__class__=<class 'psychopy.visual.text.TextStim'>, alignHoriz=method-wrapper(...), alignText='center', alignVert=method-wrapper(...), anchorHoriz='center', anchorVert='center', antialias=True, autoLog=True, bold=False, color='white', colorSpace='named', contrast=1.0, depth=0.0, flipHoriz=False, flipVert=False, font='Arial', fontFiles=[], height=0.05, italic=False, languageStyle='LTR', name='text_8', opacity=1.0, ori=0, pos=array([0., 0.]), rgb=array([255., 255., 255.]), text='+', units='height', win=Window(...), wrapWidth=1)
17.3739 	EXP 	Created image = ImageStim(__class__=<class 'psychopy.visual.image.ImageStim'>, autoLog=True, color=array([1., 1., 1.]), colorSpace='rgb', contrast=1.0, depth=-1.0, flipHoriz=False, flipVert=False, image='sin', interpolate=True, mask=None, maskParams=None, name='image', opacity=1.0, ori=0.0, pos=array([0., 0.]), size=array([1., 1.]), texRes=512, units='height', win=Window(...))
17.7660 	EXP 	Created image_3 = ImageStim(__class__=<class 'psychopy.visual.image.ImageStim'>, autoLog=True, color=array([1., 1., 1.]), colorSpace='rgb', contrast=1.0, depth=-1.0, flipHoriz=False, flipVert=False, image='sin', interpolate=True, mask=None, maskParams=None, name='image_3', opacity=1.0, ori=0.0, pos=array([0., 0.]), size=array([1.3275, 0.75  ]), texRes=512, units='height', win=Window(...))
18.1496 	EXP 	Created Pinstructions_imageR2 = ImageStim(__class__=<class 'psychopy.visual.image.ImageStim'>, autoLog=True, color=array([1., 1., 1.]), colorSpace='rgb', contrast=1.0, depth=-1.0, flipHoriz=False, flipVert=False, image='sin', interpolate=True, mask=None, maskParams=None, name='Pinstructions_imageR2', opacity=1.0, ori=0.0, pos=array([0., 0.]), size=array([1.3275, 0.75  ]), texRes=512, units='height', win=Window(...))
18.5290 	EXP 	Created text_3 = TextStim(__class__=<class 'psychopy.visual.text.TextStim'>, alignHoriz=method-wrapper(...), alignText='center', alignVert=method-wrapper(...), anchorHoriz='center', anchorVert='center', antialias=True, autoLog=True, bold=False, color='white', colorSpace='named', contrast=1.0, depth=-1.0, flipHoriz=False, flipVert=False, font='Arial', fontFiles=[], height=0.05, italic=False, languageStyle='LTR', name='text_3', opacity=1.0, ori=0, pos=array([0., 0.]), rgb=array([255., 255., 255.]), text='+', units='height', win=Window(...), wrapWidth=1)
18.9156 	EXP 	Created text_5 = TextStim(__class__=<class 'psychopy.visual.text.TextStim'>, alignHoriz=method-wrapper(...), alignText='center', alignVert=method-wrapper(...), anchorHoriz='center', anchorVert='center', antialias=True, autoLog=True, bold=False, color='white', colorSpace='named', contrast=1.0, depth=0.0, flipHoriz=False, flipVert=False, font='Arial', fontFiles=[], height=0.05, italic=False, languageStyle='LTR', name='text_5', opacity=1.0, ori=0, pos=array([0., 0.]), rgb=array([255., 255., 255.]), text='+', units='height', win=Window(...), wrapWidth=1)
18.9168 	EXP 	Created prac_image = ImageStim(__class__=<class 'psychopy.visual.image.ImageStim'>, autoLog=True, color=array([1., 1., 1.]), colorSpace='rgb', contrast=1.0, depth=-1.0, flipHoriz=False, flipVert=False, image='sin', interpolate=True, mask=None, maskParams=None, name='prac_image', opacity=1.0, ori=0.0, pos=array([0., 0.]), size=array([1., 1.]), texRes=512, units='height', win=Window(...))
19.6833 	EXP 	Created imFeedback = ImageStim(__class__=<class 'psychopy.visual.image.ImageStim'>, autoLog=True, color=array([1., 1., 1.]), colorSpace='rgb', contrast=1.0, depth=-1.0, flipHoriz=False, flipVert=False, image='sin', interpolate=True, mask=None, maskParams=None, name='imFeedback', opacity=1.0, ori=0.0, pos=array([0., 0.]), size=array([0.25, 0.25]), texRes=512, units='height', win=Window(...))
19.6860 	EXP 	Created feedback_msg = TextStim(__class__=<class 'psychopy.visual.text.TextStim'>, alignHoriz=method-wrapper(...), alignText='center', alignVert=method-wrapper(...), anchorHoriz='center', anchorVert='center', antialias=True, autoLog=True, bold=False, color='black', colorSpace='named', contrast=1.0, depth=-2.0, flipHoriz=False, flipVert=False, font='Arial', fontFiles=[], height=0.05, italic=False, languageStyle='LTR', name='feedback_msg', opacity=1.0, ori=0, pos=array([ 0.  , -0.25]), rgb=array([0., 0., 0.]), text='default text', units='height', win=Window(...), wrapWidth=1)
19.6877 	EXP 	Created text_9 = TextStim(__class__=<class 'psychopy.visual.text.TextStim'>, alignHoriz=method-wrapper(...), alignText='center', alignVert=method-wrapper(...), anchorHoriz='center', anchorVert='center', antialias=True, autoLog=True, bold=False, color='black', colorSpace='named', contrast=1.0, depth=-1.0, flipHoriz=False, flipVert=False, font='Arial', fontFiles=[], height=0.05, italic=False, languageStyle='LTR', name='text_9', opacity=1.0, ori=0, pos=array([0., 0.]), rgb=array([0., 0., 0.]), text='default text', units='height', win=Window(...), wrapWidth=1)
20.0688 	EXP 	Created instructions_imageR2 = ImageStim(__class__=<class 'psychopy.visual.image.ImageStim'>, autoLog=True, color=array([1., 1., 1.]), colorSpace='rgb', contrast=1.0, depth=-1.0, flipHoriz=False, flipVert=False, image='sin', interpolate=True, mask=None, maskParams=None, name='instructions_imageR2', opacity=1.0, ori=0.0, pos=array([0., 0.]), size=array([1.3275, 0.75  ]), texRes=512, units='height', win=Window(...))
20.4523 	EXP 	Created text_4 = TextStim(__class__=<class 'psychopy.visual.text.TextStim'>, alignHoriz=method-wrapper(...), alignText='center', alignVert=method-wrapper(...), anchorHoriz='center', anchorVert='center', antialias=True, autoLog=True, bold=False, color='white', colorSpace='named', contrast=1.0, depth=-1.0, flipHoriz=False, flipVert=False, font='Arial', fontFiles=[], height=0.05, italic=False, languageStyle='LTR', name='text_4', opacity=1.0, ori=0, pos=array([0., 0.]), rgb=array([255., 255., 255.]), text='+', units='height', win=Window(...), wrapWidth=1)
20.8393 	EXP 	Created text_6 = TextStim(__class__=<class 'psychopy.visual.text.TextStim'>, alignHoriz=method-wrapper(...), alignText='center', alignVert=method-wrapper(...), anchorHoriz='center', anchorVert='center', antialias=True, autoLog=True, bold=False, color='white', colorSpace='named', contrast=1.0, depth=0.0, flipHoriz=False, flipVert=False, font='Arial', fontFiles=[], height=0.05, italic=False, languageStyle='LTR', name='text_6', opacity=1.0, ori=0, pos=array([0., 0.]), rgb=array([255., 255., 255.]), text='+', units='height', win=Window(...), wrapWidth=1)
20.8404 	EXP 	Created trial_image = ImageStim(__class__=<class 'psychopy.visual.image.ImageStim'>, autoLog=True, color=array([1., 1., 1.]), colorSpace='rgb', contrast=1.0, depth=-1.0, flipHoriz=False, flipVert=False, image='sin', interpolate=True, mask=None, maskParams=None, name='trial_image', opacity=1.0, ori=0.0, pos=array([0., 0.]), size=array([1., 1.]), texRes=512, units='height', win=Window(...))
21.6011 	EXP 	Created text_10 = TextStim(__class__=<class 'psychopy.visual.text.TextStim'>, alignHoriz=method-wrapper(...), alignText='center', alignVert=method-wrapper(...), anchorHoriz='center', anchorVert='center', antialias=True, autoLog=True, bold=False, color='black', colorSpace='named', contrast=1.0, depth=-1.0, flipHoriz=False, flipVert=False, font='Arial', fontFiles=[], height=0.05, italic=False, languageStyle='LTR', name='text_10', opacity=1.0, ori=0, pos=array([0., 0.]), rgb=array([0., 0., 0.]), text='default text', units='height', win=Window(...), wrapWidth=1)
21.6310 	EXP 	Created image_4 = ImageStim(__class__=<class 'psychopy.visual.image.ImageStim'>, autoLog=True, color=array([1., 1., 1.]), colorSpace='rgb', contrast=1.0, depth=-2.0, flipHoriz=False, flipVert=False, image='Designs/baby_dory_GJ.png', interpolate=True, mask=None, maskParams=None, name='image_4', opacity=1.0, ori=0.0, pos=array([0., 0.]), size=array([0.4  , 0.732]), texRes=512, units='height', win=Window(...))
21.6327 	EXP 	Created instructions_imageR1 = ImageStim(__class__=<class 'psychopy.visual.image.ImageStim'>, autoLog=True, color=array([1., 1., 1.]), colorSpace='rgb', contrast=1.0, depth=-1.0, flipHoriz=False, flipVert=False, image='sin', interpolate=True, mask=None, maskParams=None, name='instructions_imageR1', opacity=1.0, ori=0.0, pos=array([0., 0.]), size=array([1.3275, 0.75  ]), texRes=512, units='height', win=Window(...))
22.0196 	EXP 	Created text_2 = TextStim(__class__=<class 'psychopy.visual.text.TextStim'>, alignHoriz=method-wrapper(...), alignText='center', alignVert=method-wrapper(...), anchorHoriz='center', anchorVert='center', antialias=True, autoLog=True, bold=False, color='white', colorSpace='named', contrast=1.0, depth=-1.0, flipHoriz=False, flipVert=False, font='Arial', fontFiles=[], height=0.05, italic=False, languageStyle='LTR', name='text_2', opacity=1.0, ori=0, pos=array([0., 0.]), rgb=array([255., 255., 255.]), text='+', units='height', win=Window(...), wrapWidth=1)
22.3986 	EXP 	Created text_6 = TextStim(__class__=<class 'psychopy.visual.text.TextStim'>, alignHoriz=method-wrapper(...), alignText='center', alignVert=method-wrapper(...), anchorHoriz='center', anchorVert='center', antialias=True, autoLog=True, bold=False, color='white', colorSpace='named', contrast=1.0, depth=0.0, flipHoriz=False, flipVert=False, font='Arial', fontFiles=[], height=0.05, italic=False, languageStyle='LTR', name='text_6', opacity=1.0, ori=0, pos=array([0., 0.]), rgb=array([255., 255., 255.]), text='+', units='height', win=Window(...), wrapWidth=1)
22.3997 	EXP 	Created trial_image = ImageStim(__class__=<class 'psychopy.visual.image.ImageStim'>, autoLog=True, color=array([1., 1., 1.]), colorSpace='rgb', contrast=1.0, depth=-1.0, flipHoriz=False, flipVert=False, image='sin', interpolate=True, mask=None, maskParams=None, name='trial_image', opacity=1.0, ori=0.0, pos=array([0., 0.]), size=array([1., 1.]), texRes=512, units='height', win=Window(...))
23.1720 	EXP 	Created text_10 = TextStim(__class__=<class 'psychopy.visual.text.TextStim'>, alignHoriz=method-wrapper(...), alignText='center', alignVert=method-wrapper(...), anchorHoriz='center', anchorVert='center', antialias=True, autoLog=True, bold=False, color='black', colorSpace='named', contrast=1.0, depth=-1.0, flipHoriz=False, flipVert=False, font='Arial', fontFiles=[], height=0.05, italic=False, languageStyle='LTR', name='text_10', opacity=1.0, ori=0, pos=array([0., 0.]), rgb=array([0., 0., 0.]), text='default text', units='height', win=Window(...), wrapWidth=1)
23.2022 	EXP 	Created image_4 = ImageStim(__class__=<class 'psychopy.visual.image.ImageStim'>, autoLog=True, color=array([1., 1., 1.]), colorSpace='rgb', contrast=1.0, depth=-2.0, flipHoriz=False, flipVert=False, image='Designs/baby_dory_GJ.png', interpolate=True, mask=None, maskParams=None, name='image_4', opacity=1.0, ori=0.0, pos=array([0., 0.]), size=array([0.4  , 0.732]), texRes=512, units='height', win=Window(...))
23.2038 	EXP 	Created instructions_imageR2 = ImageStim(__class__=<class 'psychopy.visual.image.ImageStim'>, autoLog=True, color=array([1., 1., 1.]), colorSpace='rgb', contrast=1.0, depth=-1.0, flipHoriz=False, flipVert=False, image='sin', interpolate=True, mask=None, maskParams=None, name='instructions_imageR2', opacity=1.0, ori=0.0, pos=array([0., 0.]), size=array([1.3275, 0.75  ]), texRes=512, units='height', win=Window(...))
23.5901 	EXP 	Created text_4 = TextStim(__class__=<class 'psychopy.visual.text.TextStim'>, alignHoriz=method-wrapper(...), alignText='center', alignVert=method-wrapper(...), anchorHoriz='center', anchorVert='center', antialias=True, autoLog=True, bold=False, color='white', colorSpace='named', contrast=1.0, depth=-1.0, flipHoriz=False, flipVert=False, font='Arial', fontFiles=[], height=0.05, italic=False, languageStyle='LTR', name='text_4', opacity=1.0, ori=0, pos=array([0., 0.]), rgb=array([255., 255., 255.]), text='+', units='height', win=Window(...), wrapWidth=1)
23.9692 	EXP 	Created text_6 = TextStim(__class__=<class 'psychopy.visual.text.TextStim'>, alignHoriz=method-wrapper(...), alignText='center', alignVert=method-wrapper(...), anchorHoriz='center', anchorVert='center', antialias=True, autoLog=True, bold=False, color='white', colorSpace='named', contrast=1.0, depth=0.0, flipHoriz=False, flipVert=False, font='Arial', fontFiles=[], height=0.05, italic=False, languageStyle='LTR', name='text_6', opacity=1.0, ori=0, pos=array([0., 0.]), rgb=array([255., 255., 255.]), text='+', units='height', win=Window(...), wrapWidth=1)
23.9704 	EXP 	Created trial_image = ImageStim(__class__=<class 'psychopy.visual.image.ImageStim'>, autoLog=True, color=array([1., 1., 1.]), colorSpace='rgb', contrast=1.0, depth=-1.0, flipHoriz=False, flipVert=False, image='sin', interpolate=True, mask=None, maskParams=None, name='trial_image', opacity=1.0, ori=0.0, pos=array([0., 0.]), size=array([1., 1.]), texRes=512, units='height', win=Window(...))
24.7671 	EXP 	Created image_5 = ImageStim(__class__=<class 'psychopy.visual.image.ImageStim'>, autoLog=True, color=array([1., 1., 1.]), colorSpace='rgb', contrast=1.0, depth=0.0, flipHoriz=False, flipVert=False, image='Designs/baby_squirt_GJ.png', interpolate=True, mask=None, maskParams=None, name='image_5', opacity=1.0, ori=0.0, pos=array([0., 0.]), size=array([0.8, 0.5]), texRes=512, units='height', win=Window(...))
24.8098 	WARNING 	t of last frame was 13857.65ms (=1/0)
24.8098 	EXP 	text_top: autoDraw = True
24.8098 	EXP 	text_bottom: autoDraw = True
24.8098 	EXP 	ccimage: autoDraw = True
24.8325 	WARNING 	t of last frame was 22.76ms (=1/43)
24.8538 	WARNING 	t of last frame was 21.29ms (=1/46)
26.9700 	WARNING 	t of last frame was 34.68ms (=1/28)
27.8573 	DATA 	Keypress: space
27.9156 	WARNING 	Multiple dropped frames have occurred - I'll stop bothering you about them!
27.9156 	EXP 	ccimage: size = [0.42800000000000005, 0.2699]
27.9156 	EXP 	text_top: autoDraw = False
27.9156 	EXP 	text_bottom: autoDraw = False
27.9156 	EXP 	ccimage: autoDraw = False
27.9156 	EXP 	prac_instr1: image = 'Designs/prac_instr1.png'
27.9156 	EXP 	prac_instr1: autoDraw = True
28.4897 	DATA 	Keypress: space
28.5021 	EXP 	prac_instr1: autoDraw = False
28.5021 	EXP 	prac_instr2: autoDraw = True
28.6716 	DATA 	Keypress: space
28.8533 	DATA 	Keypress: space
28.8682 	EXP 	prac_instr2: autoDraw = False
28.8682 	EXP 	prac_instr3: autoDraw = True
29.0221 	DATA 	Keypress: space
29.2266 	DATA 	Keypress: space
29.2672 	EXP 	prac_instr3: autoDraw = False
29.2672 	EXP 	image_2: image = 'Designs/design1_run1_ex.png'
29.2672 	EXP 	image_2: autoDraw = True
29.4211 	DATA 	Keypress: space
29.4364 	EXP 	image_2: autoDraw = False
29.4364 	EXP 	image: pos = array([0.17380935, 0.        ])
29.4364 	EXP 	image: size = array([0.17296, 0.17296])
29.4364 	EXP 	image: image = 'Stimuli/HofS2.jpg'
29.4364 	EXP 	text_8: autoDraw = True
29.4364 	EXP 	image: autoDraw = True
29.7878 	DATA 	Keypress: space
30.2639 	DATA 	Keypress: f
30.3005 	EXP 	text_8: autoDraw = False
30.3005 	EXP 	image: autoDraw = False
30.3005 	EXP 	image_3: image = 'Designs/hand_hold_local_incorr.png'
30.3005 	EXP 	image_3: autoDraw = True
31.0739 	DATA 	Keypress: space
32.0817 	DATA 	Keypress: space
32.1047 	EXP 	image_3: autoDraw = False
32.1047 	EXP 	Pinstructions_imageR1: image = 'Designs/design1_run1.png'
32.1047 	EXP 	Pinstructions_imageR1: autoDraw = True
35.8207 	EXP 	Created sequence: sequential, trialTypes=1, nReps=4, seed=None
35.8210 	EXP 	New trial (rep=0, index=0): None
35.8276 	DEBUG 	Read csv file with pandas: Designs/design1_run1.csv
35.8301 	DEBUG 	Clearing unnamed columns from Designs/design1_run1.csv
35.8310 	EXP 	Imported Designs/design1_run1.csv as conditions, 6 conditions, 6 params
35.8313 	EXP 	Created sequence: random, trialTypes=6, nReps=1, seed=None
35.8316 	EXP 	New trial (rep=0, index=0): OrderedDict([('runID', 1), ('imgID', 4), ('stimLabel', 'smallHincon'), ('imFile', 'Stimuli/SofH2.jpg'), ('corr', 'f'), ('side', 'right')])
35.8338 	DATA 	Keypress: space
35.8546 	EXP 	Pinstructions_imageR1: autoDraw = False
35.8546 	EXP 	text: color = 'white (named)'
35.8546 	EXP 	text: autoDraw = True
37.4696 	EXP 	text: autoDraw = False
37.4696 	EXP 	text: autoDraw = False
37.4696 	EXP 	text_5: color = 'white (named)'
37.4696 	EXP 	prac_image: pos = array([0.17380935, 0.        ])
37.4696 	EXP 	prac_image: size = array([0.17296, 0.17296])
37.4696 	EXP 	prac_image: image = 'Stimuli/SofH2.jpg'
37.4696 	EXP 	text_5: autoDraw = True
37.4696 	EXP 	prac_image: autoDraw = True
38.4036 	DATA 	Keypress: f
41.4870 	EXP 	text_5: autoDraw = False
41.4870 	EXP 	prac_image: autoDraw = False
41.4870 	EXP 	text_5: autoDraw = False
41.4870 	EXP 	prac_image: autoDraw = False
41.4870 	EXP 	imFeedback: image = 'Stimuli/greenCheck.png'
41.4870 	EXP 	feedback_msg: text = 'Well done!'
41.4870 	EXP 	imFeedback: autoDraw = True
41.4870 	EXP 	feedback_msg: autoDraw = True
43.4719 	EXP 	New trial (rep=0, index=1): OrderedDict([('runID', 1), ('imgID', 5), ('stimLabel', 'smallScongr'), ('imFile', 'Stimuli/SofS2.jpg'), ('corr', 'j'), ('side', 'left')])
43.4853 	EXP 	imFeedback: autoDraw = False
43.4853 	EXP 	feedback_msg: autoDraw = False
43.4853 	EXP 	text: color = 'white (named)'
43.4853 	EXP 	text: autoDraw = True
45.0021 	EXP 	text: autoDraw = False
45.0021 	EXP 	text: autoDraw = False
45.0021 	EXP 	text_5: color = 'white (named)'
45.0021 	EXP 	prac_image: pos = array([-0.17380935,  0.        ])
45.0021 	EXP 	prac_image: size = array([0.17296, 0.17296])
45.0021 	EXP 	prac_image: image = 'Stimuli/SofS2.jpg'
45.0021 	EXP 	text_5: autoDraw = True
45.0021 	EXP 	prac_image: autoDraw = True
45.6201 	DATA 	Keypress: j
49.0024 	EXP 	text_5: autoDraw = False
49.0024 	EXP 	prac_image: autoDraw = False
49.0024 	EXP 	imFeedback: image = 'Stimuli/greenCheck.png'
49.0024 	EXP 	feedback_msg: text = 'Well done!'
49.0024 	EXP 	imFeedback: autoDraw = True
49.0024 	EXP 	feedback_msg: autoDraw = True
50.9867 	EXP 	New trial (rep=0, index=2): OrderedDict([('runID', 1), ('imgID', 8), ('stimLabel', 'smallSincon'), ('imFile', 'Stimuli/HofS2.jpg'), ('corr', 'j'), ('side', 'right')])
51.0024 	EXP 	imFeedback: autoDraw = False
51.0024 	EXP 	feedback_msg: autoDraw = False
51.0024 	EXP 	imFeedback: autoDraw = False
51.0024 	EXP 	feedback_msg: autoDraw = False
51.0024 	EXP 	text: color = 'black (named)'
51.0024 	EXP 	text: autoDraw = True
51.6870 	DATA 	Keypress: space
52.4021 	EXP 	text: autoDraw = False
52.4021 	EXP 	text: autoDraw = False
52.4021 	EXP 	text_5: color = 'black (named)'
52.4021 	EXP 	prac_image: pos = array([0.17380935, 0.        ])
52.4021 	EXP 	prac_image: size = array([0.17296, 0.17296])
52.4021 	EXP 	prac_image: image = 'Stimuli/HofS2.jpg'
52.4021 	EXP 	text_5: autoDraw = True
52.4021 	EXP 	prac_image: autoDraw = True
53.3035 	DATA 	Keypress: j
56.4022 	EXP 	text_5: autoDraw = False
56.4022 	EXP 	prac_image: autoDraw = False
56.4022 	EXP 	text_5: autoDraw = False
56.4022 	EXP 	prac_image: autoDraw = False
56.4022 	EXP 	imFeedback: image = 'Stimuli/greenCheck.png'
56.4022 	EXP 	feedback_msg: text = 'Well done!'
56.4022 	EXP 	imFeedback: autoDraw = True
56.4022 	EXP 	feedback_msg: autoDraw = True
58.3867 	EXP 	New trial (rep=0, index=3): OrderedDict([('runID', 1), ('imgID', 1), ('stimLabel', 'smallHcongr'), ('imFile', 'Stimuli/HofH2.jpg'), ('corr', 'f'), ('side', 'left')])
58.4025 	EXP 	imFeedback: autoDraw = False
58.4025 	EXP 	feedback_msg: autoDraw = False
58.4025 	EXP 	text: color = 'white (named)'
58.4025 	EXP 	text: autoDraw = True
59.8190 	EXP 	text: autoDraw = False
59.8190 	EXP 	text: autoDraw = False
59.8190 	EXP 	text_5: color = 'white (named)'
59.8190 	EXP 	prac_image: pos = array([-0.17380935,  0.        ])
59.8190 	EXP 	prac_image: size = array([0.17296, 0.17296])
59.8190 	EXP 	prac_image: image = 'Stimuli/HofH2.jpg'
59.8190 	EXP 	text_5: autoDraw = True
59.8190 	EXP 	prac_image: autoDraw = True
60.3729 	DATA 	Keypress: f
63.8383 	EXP 	text_5: autoDraw = False
63.8383 	EXP 	prac_image: autoDraw = False
63.8383 	EXP 	imFeedback: image = 'Stimuli/redWrong.png'
63.8383 	EXP 	feedback_msg: text = 'Oops, you missed the cross change.'
63.8383 	EXP 	imFeedback: autoDraw = True
63.8383 	EXP 	feedback_msg: autoDraw = True
65.8054 	EXP 	New trial (rep=0, index=4): OrderedDict([('runID', 1), ('imgID', 6), ('stimLabel', 'smallScongr'), ('imFile', 'Stimuli/SofS2.jpg'), ('corr', 'j'), ('side', 'right')])
65.8190 	EXP 	imFeedback: autoDraw = False
65.8190 	EXP 	feedback_msg: autoDraw = False
65.8190 	EXP 	text: color = 'white (named)'
65.8190 	EXP 	text: autoDraw = True
67.5193 	EXP 	text: autoDraw = False
67.5193 	EXP 	text: autoDraw = False
67.5193 	EXP 	text_5: color = 'white (named)'
67.5193 	EXP 	prac_image: pos = array([0.17380935, 0.        ])
67.5193 	EXP 	prac_image: size = array([0.17296, 0.17296])
67.5193 	EXP 	prac_image: image = 'Stimuli/SofS2.jpg'
67.5193 	EXP 	text_5: autoDraw = True
67.5193 	EXP 	prac_image: autoDraw = True
68.4066 	DATA 	Keypress: j
71.5188 	EXP 	text_5: autoDraw = False
71.5188 	EXP 	prac_image: autoDraw = False
71.5188 	EXP 	text_5: autoDraw = False
71.5188 	EXP 	prac_image: autoDraw = False
71.5188 	EXP 	imFeedback: image = 'Stimuli/greenCheck.png'
71.5188 	EXP 	feedback_msg: text = 'Well done!'
71.5188 	EXP 	imFeedback: autoDraw = True
71.5188 	EXP 	feedback_msg: autoDraw = True
73.5053 	EXP 	New trial (rep=0, index=5): OrderedDict([('runID', 1), ('imgID', 7), ('stimLabel', 'smallSincon'), ('imFile', 'Stimuli/HofS2.jpg'), ('corr', 'j'), ('side', 'left')])
73.5190 	EXP 	imFeedback: autoDraw = False
73.5190 	EXP 	feedback_msg: autoDraw = False
73.5190 	EXP 	imFeedback: autoDraw = False
73.5190 	EXP 	feedback_msg: autoDraw = False
73.5190 	EXP 	text: color = 'white (named)'
73.5190 	EXP 	text: autoDraw = True
75.0522 	EXP 	text: autoDraw = False
75.0522 	EXP 	text: autoDraw = False
75.0522 	EXP 	text_5: color = 'white (named)'
75.0522 	EXP 	prac_image: pos = array([-0.17380935,  0.        ])
75.0522 	EXP 	prac_image: size = array([0.17296, 0.17296])
75.0522 	EXP 	prac_image: image = 'Stimuli/HofS2.jpg'
75.0522 	EXP 	text_5: autoDraw = True
75.0522 	EXP 	prac_image: autoDraw = True
75.8872 	DATA 	Keypress: j
79.0523 	EXP 	text_5: autoDraw = False
79.0523 	EXP 	prac_image: autoDraw = False
79.0523 	EXP 	imFeedback: image = 'Stimuli/greenCheck.png'
79.0523 	EXP 	feedback_msg: text = 'Well done!'
79.0523 	EXP 	imFeedback: autoDraw = True
79.0523 	EXP 	feedback_msg: autoDraw = True
81.0540 	EXP 	imFeedback: autoDraw = False
81.0540 	EXP 	feedback_msg: autoDraw = False
81.0540 	EXP 	imFeedback: autoDraw = False
81.0540 	EXP 	feedback_msg: autoDraw = False
81.0540 	EXP 	text_7: text = 'Great job! You are now ready for the real game. \nPress Space to see the instructions again.'
81.0540 	EXP 	text_7: autoDraw = True
81.9535 	DATA 	Keypress: space
84.2477 	DATA 	Keypress: space
84.2682 	EXP 	text_7: autoDraw = False
84.2682 	EXP 	instructions_imageR1: image = 'Designs/design1_run1.png'
84.2682 	EXP 	instructions_imageR1: autoDraw = True
85.2545 	DATA 	Keypress: space
86.2559 	DEBUG 	Read csv file with pandas: Designs/design1_run1.csv
86.2573 	DEBUG 	Clearing unnamed columns from Designs/design1_run1.csv
86.2582 	EXP 	Imported Designs/design1_run1.csv as conditions, 8 conditions, 6 params
86.2585 	EXP 	Created sequence: fullRandom, trialTypes=8, nReps=6, seed=None
86.2588 	EXP 	New trial (rep=0, index=0): OrderedDict([('runID', 1), ('imgID', 2), ('stimLabel', 'smallHcongr'), ('imFile', 'Stimuli/HofH2.jpg'), ('corr', 'f'), ('side', 'right')])
86.2609 	DATA 	Keypress: space
86.2689 	EXP 	instructions_imageR1: autoDraw = False
86.2689 	EXP 	text_2: color = 'white (named)'
86.2689 	EXP 	text_2: autoDraw = True
87.7862 	EXP 	text_2: autoDraw = False
87.7862 	EXP 	text_2: autoDraw = False
87.7862 	EXP 	text_6: color = 'white (named)'
87.7862 	EXP 	trial_image: pos = array([0.17380935, 0.        ])
87.7862 	EXP 	trial_image: size = array([0.17296, 0.17296])
87.7862 	EXP 	trial_image: image = 'Stimuli/HofH2.jpg'
87.7862 	EXP 	text_6: autoDraw = True
87.7862 	EXP 	trial_image: autoDraw = True
88.6059 	EXP 	New trial (rep=0, index=1): OrderedDict([('runID', 1), ('imgID', 6), ('stimLabel', 'smallScongr'), ('imFile', 'Stimuli/SofS2.jpg'), ('corr', 'j'), ('side', 'right')])
88.6082 	DATA 	Keypress: f
88.6193 	EXP 	text_6: autoDraw = False
88.6193 	EXP 	trial_image: autoDraw = False
88.6193 	EXP 	text_2: color = 'black (named)'
88.6193 	EXP 	text_2: autoDraw = True
89.1563 	DATA 	Keypress: space
90.1025 	EXP 	text_2: autoDraw = False
90.1025 	EXP 	text_2: autoDraw = False
90.1025 	EXP 	text_6: color = 'black (named)'
90.1025 	EXP 	trial_image: pos = array([0.17380935, 0.        ])
90.1025 	EXP 	trial_image: size = array([0.17296, 0.17296])
90.1025 	EXP 	trial_image: image = 'Stimuli/SofS2.jpg'
90.1025 	EXP 	text_6: autoDraw = True
90.1025 	EXP 	trial_image: autoDraw = True
90.6240 	EXP 	New trial (rep=0, index=2): OrderedDict([('runID', 1), ('imgID', 7), ('stimLabel', 'smallSincon'), ('imFile', 'Stimuli/HofS2.jpg'), ('corr', 'j'), ('side', 'left')])
90.6263 	DATA 	Keypress: j
90.6361 	EXP 	text_6: autoDraw = False
90.6361 	EXP 	trial_image: autoDraw = False
90.6361 	EXP 	text_2: color = 'black (named)'
90.6361 	EXP 	text_2: autoDraw = True
91.9525 	EXP 	text_2: autoDraw = False
91.9525 	EXP 	text_2: autoDraw = False
91.9525 	EXP 	text_6: color = 'black (named)'
91.9525 	EXP 	trial_image: pos = array([-0.17380935,  0.        ])
91.9525 	EXP 	trial_image: size = array([0.17296, 0.17296])
91.9525 	EXP 	trial_image: image = 'Stimuli/HofS2.jpg'
91.9525 	EXP 	text_6: autoDraw = True
91.9525 	EXP 	trial_image: autoDraw = True
92.4905 	EXP 	New trial (rep=0, index=3): OrderedDict([('runID', 1), ('imgID', 3), ('stimLabel', 'smallHincon'), ('imFile', 'Stimuli/SofH2.jpg'), ('corr', 'f'), ('side', 'left')])
92.4928 	DATA 	Keypress: j
92.5025 	EXP 	text_6: autoDraw = False
92.5025 	EXP 	trial_image: autoDraw = False
92.5025 	EXP 	text_2: color = 'black (named)'
92.5025 	EXP 	text_2: autoDraw = True
94.0359 	EXP 	text_2: autoDraw = False
94.0359 	EXP 	text_2: autoDraw = False
94.0359 	EXP 	text_6: color = 'black (named)'
94.0359 	EXP 	trial_image: pos = array([-0.17380935,  0.        ])
94.0359 	EXP 	trial_image: size = array([0.17296, 0.17296])
94.0359 	EXP 	trial_image: image = 'Stimuli/SofH2.jpg'
94.0359 	EXP 	text_6: autoDraw = True
94.0359 	EXP 	trial_image: autoDraw = True
94.7381 	EXP 	New trial (rep=0, index=4): OrderedDict([('runID', 1), ('imgID', 7), ('stimLabel', 'smallSincon'), ('imFile', 'Stimuli/HofS2.jpg'), ('corr', 'j'), ('side', 'left')])
94.7405 	DATA 	Keypress: f
94.7520 	EXP 	text_6: autoDraw = False
94.7520 	EXP 	trial_image: autoDraw = False
94.7520 	EXP 	text_2: color = 'black (named)'
94.7520 	EXP 	text_2: autoDraw = True
96.1192 	EXP 	text_2: autoDraw = False
96.1192 	EXP 	text_2: autoDraw = False
96.1192 	EXP 	text_6: color = 'black (named)'
96.1192 	EXP 	trial_image: pos = array([-0.17380935,  0.        ])
96.1192 	EXP 	trial_image: size = array([0.17296, 0.17296])
96.1192 	EXP 	trial_image: image = 'Stimuli/HofS2.jpg'
96.1192 	EXP 	text_6: autoDraw = True
96.1192 	EXP 	trial_image: autoDraw = True
96.7397 	EXP 	New trial (rep=0, index=5): OrderedDict([('runID', 1), ('imgID', 6), ('stimLabel', 'smallScongr'), ('imFile', 'Stimuli/SofS2.jpg'), ('corr', 'j'), ('side', 'right')])
96.7417 	DATA 	Keypress: j
96.7524 	EXP 	text_6: autoDraw = False
96.7524 	EXP 	trial_image: autoDraw = False
96.7524 	EXP 	text_2: color = 'white (named)'
96.7524 	EXP 	text_2: autoDraw = True
97.2897 	DATA 	Keypress: space
98.4025 	EXP 	text_2: autoDraw = False
98.4025 	EXP 	text_2: autoDraw = False
98.4025 	EXP 	text_6: color = 'white (named)'
98.4025 	EXP 	trial_image: pos = array([0.17380935, 0.        ])
98.4025 	EXP 	trial_image: size = array([0.17296, 0.17296])
98.4025 	EXP 	trial_image: image = 'Stimuli/SofS2.jpg'
98.4025 	EXP 	text_6: autoDraw = True
98.4025 	EXP 	trial_image: autoDraw = True
99.2063 	EXP 	New trial (rep=0, index=6): OrderedDict([('runID', 1), ('imgID', 5), ('stimLabel', 'smallScongr'), ('imFile', 'Stimuli/SofS2.jpg'), ('corr', 'j'), ('side', 'left')])
99.2085 	DATA 	Keypress: f
99.2194 	EXP 	text_6: autoDraw = False
99.2194 	EXP 	trial_image: autoDraw = False
99.2194 	EXP 	text_2: color = 'black (named)'
99.2194 	EXP 	text_2: autoDraw = True
100.9361 	EXP 	text_2: autoDraw = False
100.9361 	EXP 	text_2: autoDraw = False
100.9361 	EXP 	text_6: color = 'black (named)'
100.9361 	EXP 	trial_image: pos = array([-0.17380935,  0.        ])
100.9361 	EXP 	trial_image: size = array([0.17296, 0.17296])
100.9361 	EXP 	trial_image: image = 'Stimuli/SofS2.jpg'
100.9361 	EXP 	text_6: autoDraw = True
100.9361 	EXP 	trial_image: autoDraw = True
101.5718 	EXP 	New trial (rep=0, index=7): OrderedDict([('runID', 1), ('imgID', 6), ('stimLabel', 'smallScongr'), ('imFile', 'Stimuli/SofS2.jpg'), ('corr', 'j'), ('side', 'right')])
101.5741 	DATA 	Keypress: j
101.5859 	EXP 	text_6: autoDraw = False
101.5859 	EXP 	trial_image: autoDraw = False
101.5859 	EXP 	text_2: color = 'black (named)'
101.5859 	EXP 	text_2: autoDraw = True
102.9526 	EXP 	text_2: autoDraw = False
102.9526 	EXP 	text_2: autoDraw = False
102.9526 	EXP 	text_6: color = 'black (named)'
102.9526 	EXP 	trial_image: pos = array([0.17380935, 0.        ])
102.9526 	EXP 	trial_image: size = array([0.17296, 0.17296])
102.9526 	EXP 	trial_image: image = 'Stimuli/SofS2.jpg'
102.9526 	EXP 	text_6: autoDraw = True
102.9526 	EXP 	trial_image: autoDraw = True
103.5393 	EXP 	New trial (rep=1, index=0): OrderedDict([('runID', 1), ('imgID', 2), ('stimLabel', 'smallHcongr'), ('imFile', 'Stimuli/HofH2.jpg'), ('corr', 'f'), ('side', 'right')])
103.5413 	DATA 	Keypress: j
103.5525 	EXP 	text_6: autoDraw = False
103.5525 	EXP 	trial_image: autoDraw = False
103.5525 	EXP 	text_2: color = 'black (named)'
103.5525 	EXP 	text_2: autoDraw = True
105.1027 	EXP 	text_2: autoDraw = False
105.1027 	EXP 	text_2: autoDraw = False
105.1027 	EXP 	text_6: color = 'black (named)'
105.1027 	EXP 	trial_image: pos = array([0.17380935, 0.        ])
105.1027 	EXP 	trial_image: size = array([0.17296, 0.17296])
105.1027 	EXP 	trial_image: image = 'Stimuli/HofH2.jpg'
105.1027 	EXP 	text_6: autoDraw = True
105.1027 	EXP 	trial_image: autoDraw = True
105.6376 	EXP 	New trial (rep=1, index=1): OrderedDict([('runID', 1), ('imgID', 2), ('stimLabel', 'smallHcongr'), ('imFile', 'Stimuli/HofH2.jpg'), ('corr', 'f'), ('side', 'right')])
105.6397 	DATA 	Keypress: f
105.6526 	EXP 	text_6: autoDraw = False
105.6526 	EXP 	trial_image: autoDraw = False
105.6526 	EXP 	text_2: color = 'black (named)'
105.6526 	EXP 	text_2: autoDraw = True
107.3695 	EXP 	text_2: autoDraw = False
107.3695 	EXP 	text_2: autoDraw = False
107.3695 	EXP 	text_6: color = 'black (named)'
107.3695 	EXP 	trial_image: pos = array([0.17380935, 0.        ])
107.3695 	EXP 	trial_image: size = array([0.17296, 0.17296])
107.3695 	EXP 	trial_image: image = 'Stimuli/HofH2.jpg'
107.3695 	EXP 	text_6: autoDraw = True
107.3695 	EXP 	trial_image: autoDraw = True
108.0211 	EXP 	New trial (rep=1, index=2): OrderedDict([('runID', 1), ('imgID', 5), ('stimLabel', 'smallScongr'), ('imFile', 'Stimuli/SofS2.jpg'), ('corr', 'j'), ('side', 'left')])
108.0231 	DATA 	Keypress: f
108.0360 	EXP 	text_6: autoDraw = False
108.0360 	EXP 	trial_image: autoDraw = False
108.0360 	EXP 	text_2: color = 'white (named)'
108.0360 	EXP 	text_2: autoDraw = True
109.0539 	DATA 	Keypress: space
109.6860 	EXP 	text_2: autoDraw = False
109.6860 	EXP 	text_2: autoDraw = False
109.6860 	EXP 	text_6: color = 'white (named)'
109.6860 	EXP 	trial_image: pos = array([-0.17380935,  0.        ])
109.6860 	EXP 	trial_image: size = array([0.17296, 0.17296])
109.6860 	EXP 	trial_image: image = 'Stimuli/SofS2.jpg'
109.6860 	EXP 	text_6: autoDraw = True
109.6860 	EXP 	trial_image: autoDraw = True
110.1887 	EXP 	New trial (rep=1, index=3): OrderedDict([('runID', 1), ('imgID', 8), ('stimLabel', 'smallSincon'), ('imFile', 'Stimuli/HofS2.jpg'), ('corr', 'j'), ('side', 'right')])
110.1909 	DATA 	Keypress: j
110.2028 	EXP 	text_6: autoDraw = False
110.2028 	EXP 	trial_image: autoDraw = False
110.2028 	EXP 	text_2: color = 'white (named)'
110.2028 	EXP 	text_2: autoDraw = True
111.8526 	EXP 	text_2: autoDraw = False
111.8526 	EXP 	text_2: autoDraw = False
111.8526 	EXP 	text_6: color = 'white (named)'
111.8526 	EXP 	trial_image: pos = array([0.17380935, 0.        ])
111.8526 	EXP 	trial_image: size = array([0.17296, 0.17296])
111.8526 	EXP 	trial_image: image = 'Stimuli/HofS2.jpg'
111.8526 	EXP 	text_6: autoDraw = True
111.8526 	EXP 	trial_image: autoDraw = True
112.5213 	EXP 	New trial (rep=1, index=4): OrderedDict([('runID', 1), ('imgID', 8), ('stimLabel', 'smallSincon'), ('imFile', 'Stimuli/HofS2.jpg'), ('corr', 'j'), ('side', 'right')])
112.5236 	DATA 	Keypress: j
112.5358 	EXP 	text_6: autoDraw = False
112.5358 	EXP 	trial_image: autoDraw = False
112.5358 	EXP 	text_2: color = 'white (named)'
112.5358 	EXP 	text_2: autoDraw = True
113.8858 	EXP 	text_2: autoDraw = False
113.8858 	EXP 	text_2: autoDraw = False
113.8858 	EXP 	text_6: color = 'white (named)'
113.8858 	EXP 	trial_image: pos = array([0.17380935, 0.        ])
113.8858 	EXP 	trial_image: size = array([0.17296, 0.17296])
113.8858 	EXP 	trial_image: image = 'Stimuli/HofS2.jpg'
113.8858 	EXP 	text_6: autoDraw = True
113.8858 	EXP 	trial_image: autoDraw = True
114.5393 	EXP 	New trial (rep=1, index=5): OrderedDict([('runID', 1), ('imgID', 1), ('stimLabel', 'smallHcongr'), ('imFile', 'Stimuli/HofH2.jpg'), ('corr', 'f'), ('side', 'left')])
114.5413 	DATA 	Keypress: j
114.5526 	EXP 	text_6: autoDraw = False
114.5526 	EXP 	trial_image: autoDraw = False
114.5526 	EXP 	text_2: color = 'white (named)'
114.5526 	EXP 	text_2: autoDraw = True
116.2361 	EXP 	text_2: autoDraw = False
116.2361 	EXP 	text_2: autoDraw = False
116.2361 	EXP 	text_6: color = 'white (named)'
116.2361 	EXP 	trial_image: pos = array([-0.17380935,  0.        ])
116.2361 	EXP 	trial_image: size = array([0.17296, 0.17296])
116.2361 	EXP 	trial_image: image = 'Stimuli/HofH2.jpg'
116.2361 	EXP 	text_6: autoDraw = True
116.2361 	EXP 	trial_image: autoDraw = True
116.9039 	EXP 	New trial (rep=1, index=6): OrderedDict([('runID', 1), ('imgID', 5), ('stimLabel', 'smallScongr'), ('imFile', 'Stimuli/SofS2.jpg'), ('corr', 'j'), ('side', 'left')])
116.9059 	DATA 	Keypress: f
116.9196 	EXP 	text_6: autoDraw = False
116.9196 	EXP 	trial_image: autoDraw = False
116.9196 	EXP 	text_2: color = 'black (named)'
116.9196 	EXP 	text_2: autoDraw = True
117.5709 	DATA 	Keypress: space
118.6028 	EXP 	text_2: autoDraw = False
118.6028 	EXP 	text_2: autoDraw = False
118.6028 	EXP 	text_6: color = 'black (named)'
118.6028 	EXP 	trial_image: pos = array([-0.17380935,  0.        ])
118.6028 	EXP 	trial_image: size = array([0.17296, 0.17296])
118.6028 	EXP 	trial_image: image = 'Stimuli/SofS2.jpg'
118.6028 	EXP 	text_6: autoDraw = True
118.6028 	EXP 	trial_image: autoDraw = True
119.5046 	EXP 	New trial (rep=1, index=7): OrderedDict([('runID', 1), ('imgID', 7), ('stimLabel', 'smallSincon'), ('imFile', 'Stimuli/HofS2.jpg'), ('corr', 'j'), ('side', 'left')])
119.5065 	DATA 	Keypress: j
119.5195 	EXP 	text_6: autoDraw = False
119.5195 	EXP 	trial_image: autoDraw = False
119.5195 	EXP 	text_2: color = 'black (named)'
119.5195 	EXP 	text_2: autoDraw = True
121.2695 	EXP 	text_2: autoDraw = False
121.2695 	EXP 	text_2: autoDraw = False
121.2695 	EXP 	text_6: color = 'black (named)'
121.2695 	EXP 	trial_image: pos = array([-0.17380935,  0.        ])
121.2695 	EXP 	trial_image: size = array([0.17296, 0.17296])
121.2695 	EXP 	trial_image: image = 'Stimuli/HofS2.jpg'
121.2695 	EXP 	text_6: autoDraw = True
121.2695 	EXP 	trial_image: autoDraw = True
122.1732 	EXP 	New trial (rep=2, index=0): OrderedDict([('runID', 1), ('imgID', 4), ('stimLabel', 'smallHincon'), ('imFile', 'Stimuli/SofH2.jpg'), ('corr', 'f'), ('side', 'right')])
122.1752 	DATA 	Keypress: j
122.1861 	EXP 	text_6: autoDraw = False
122.1861 	EXP 	trial_image: autoDraw = False
122.1861 	EXP 	text_2: color = 'black (named)'
122.1861 	EXP 	text_2: autoDraw = True
123.8361 	EXP 	text_2: autoDraw = False
123.8361 	EXP 	text_2: autoDraw = False
123.8361 	EXP 	text_6: color = 'black (named)'
123.8361 	EXP 	trial_image: pos = array([0.17380935, 0.        ])
123.8361 	EXP 	trial_image: size = array([0.17296, 0.17296])
123.8361 	EXP 	trial_image: image = 'Stimuli/SofH2.jpg'
123.8361 	EXP 	text_6: autoDraw = True
123.8361 	EXP 	trial_image: autoDraw = True
124.5711 	EXP 	New trial (rep=2, index=1): OrderedDict([('runID', 1), ('imgID', 3), ('stimLabel', 'smallHincon'), ('imFile', 'Stimuli/SofH2.jpg'), ('corr', 'f'), ('side', 'left')])
124.5731 	DATA 	Keypress: f
124.5860 	EXP 	text_6: autoDraw = False
124.5860 	EXP 	trial_image: autoDraw = False
124.5860 	EXP 	text_2: color = 'black (named)'
124.5860 	EXP 	text_2: autoDraw = True
126.1694 	EXP 	text_2: autoDraw = False
126.1694 	EXP 	text_2: autoDraw = False
126.1694 	EXP 	text_6: color = 'black (named)'
126.1694 	EXP 	trial_image: pos = array([-0.17380935,  0.        ])
126.1694 	EXP 	trial_image: size = array([0.17296, 0.17296])
126.1694 	EXP 	trial_image: image = 'Stimuli/SofH2.jpg'
126.1694 	EXP 	text_6: autoDraw = True
126.1694 	EXP 	trial_image: autoDraw = True
127.0899 	EXP 	New trial (rep=2, index=2): OrderedDict([('runID', 1), ('imgID', 5), ('stimLabel', 'smallScongr'), ('imFile', 'Stimuli/SofS2.jpg'), ('corr', 'j'), ('side', 'left')])
127.0918 	DATA 	Keypress: f
127.1029 	EXP 	text_6: autoDraw = False
127.1029 	EXP 	trial_image: autoDraw = False
127.1029 	EXP 	text_2: color = 'black (named)'
127.1029 	EXP 	text_2: autoDraw = True
128.5028 	EXP 	text_2: autoDraw = False
128.5028 	EXP 	text_2: autoDraw = False
128.5028 	EXP 	text_6: color = 'black (named)'
128.5028 	EXP 	trial_image: pos = array([-0.17380935,  0.        ])
128.5028 	EXP 	trial_image: size = array([0.17296, 0.17296])
128.5028 	EXP 	trial_image: image = 'Stimuli/SofS2.jpg'
128.5028 	EXP 	text_6: autoDraw = True
128.5028 	EXP 	trial_image: autoDraw = True
129.1409 	EXP 	New trial (rep=2, index=3): OrderedDict([('runID', 1), ('imgID', 3), ('stimLabel', 'smallHincon'), ('imFile', 'Stimuli/SofH2.jpg'), ('corr', 'f'), ('side', 'left')])
129.1432 	DATA 	Keypress: j
129.1528 	EXP 	text_6: autoDraw = False
129.1528 	EXP 	trial_image: autoDraw = False
129.1528 	EXP 	text_2: color = 'white (named)'
129.1528 	EXP 	text_2: autoDraw = True
130.0707 	DATA 	Keypress: space
130.7364 	EXP 	text_2: autoDraw = False
130.7364 	EXP 	text_2: autoDraw = False
130.7364 	EXP 	text_6: color = 'white (named)'
130.7364 	EXP 	trial_image: pos = array([-0.17380935,  0.        ])
130.7364 	EXP 	trial_image: size = array([0.17296, 0.17296])
130.7364 	EXP 	trial_image: image = 'Stimuli/SofH2.jpg'
130.7364 	EXP 	text_6: autoDraw = True
130.7364 	EXP 	trial_image: autoDraw = True
131.6542 	EXP 	New trial (rep=2, index=4): OrderedDict([('runID', 1), ('imgID', 2), ('stimLabel', 'smallHcongr'), ('imFile', 'Stimuli/HofH2.jpg'), ('corr', 'f'), ('side', 'right')])
131.6562 	DATA 	Keypress: f
131.6695 	EXP 	text_6: autoDraw = False
131.6695 	EXP 	trial_image: autoDraw = False
131.6695 	EXP 	text_2: color = 'white (named)'
131.6695 	EXP 	text_2: autoDraw = True
133.1195 	EXP 	text_2: autoDraw = False
133.1195 	EXP 	text_2: autoDraw = False
133.1195 	EXP 	text_6: color = 'white (named)'
133.1195 	EXP 	trial_image: pos = array([0.17380935, 0.        ])
133.1195 	EXP 	trial_image: size = array([0.17296, 0.17296])
133.1195 	EXP 	trial_image: image = 'Stimuli/HofH2.jpg'
133.1195 	EXP 	text_6: autoDraw = True
133.1195 	EXP 	trial_image: autoDraw = True
134.0075 	EXP 	New trial (rep=2, index=5): OrderedDict([('runID', 1), ('imgID', 4), ('stimLabel', 'smallHincon'), ('imFile', 'Stimuli/SofH2.jpg'), ('corr', 'f'), ('side', 'right')])
134.0098 	DATA 	Keypress: j
134.0195 	EXP 	text_6: autoDraw = False
134.0195 	EXP 	trial_image: autoDraw = False
134.0195 	EXP 	text_2: color = 'white (named)'
134.0195 	EXP 	text_2: autoDraw = True
135.5528 	EXP 	text_2: autoDraw = False
135.5528 	EXP 	text_2: autoDraw = False
135.5528 	EXP 	text_6: color = 'white (named)'
135.5528 	EXP 	trial_image: pos = array([0.17380935, 0.        ])
135.5528 	EXP 	trial_image: size = array([0.17296, 0.17296])
135.5528 	EXP 	trial_image: image = 'Stimuli/SofH2.jpg'
135.5528 	EXP 	text_6: autoDraw = True
135.5528 	EXP 	trial_image: autoDraw = True
137.0208 	EXP 	New trial (rep=2, index=6): OrderedDict([('runID', 1), ('imgID', 1), ('stimLabel', 'smallHcongr'), ('imFile', 'Stimuli/HofH2.jpg'), ('corr', 'f'), ('side', 'left')])
137.0228 	DATA 	Keypress: j
137.0365 	EXP 	text_6: autoDraw = False
137.0365 	EXP 	trial_image: autoDraw = False
137.0365 	EXP 	text_2: color = 'white (named)'
137.0365 	EXP 	text_2: autoDraw = True
138.4529 	EXP 	text_2: autoDraw = False
138.4529 	EXP 	text_2: autoDraw = False
138.4529 	EXP 	text_6: color = 'white (named)'
138.4529 	EXP 	trial_image: pos = array([-0.17380935,  0.        ])
138.4529 	EXP 	trial_image: size = array([0.17296, 0.17296])
138.4529 	EXP 	trial_image: image = 'Stimuli/HofH2.jpg'
138.4529 	EXP 	text_6: autoDraw = True
138.4529 	EXP 	trial_image: autoDraw = True
139.1075 	EXP 	New trial (rep=2, index=7): OrderedDict([('runID', 1), ('imgID', 2), ('stimLabel', 'smallHcongr'), ('imFile', 'Stimuli/HofH2.jpg'), ('corr', 'f'), ('side', 'right')])
139.1099 	DATA 	Keypress: f
139.1196 	EXP 	text_6: autoDraw = False
139.1196 	EXP 	trial_image: autoDraw = False
139.1196 	EXP 	text_2: color = 'black (named)'
139.1196 	EXP 	text_2: autoDraw = True
139.6236 	DATA 	Keypress: space
140.8197 	EXP 	text_2: autoDraw = False
140.8197 	EXP 	text_2: autoDraw = False
140.8197 	EXP 	text_6: color = 'black (named)'
140.8197 	EXP 	trial_image: pos = array([0.17380935, 0.        ])
140.8197 	EXP 	trial_image: size = array([0.17296, 0.17296])
140.8197 	EXP 	trial_image: image = 'Stimuli/HofH2.jpg'
140.8197 	EXP 	text_6: autoDraw = True
140.8197 	EXP 	trial_image: autoDraw = True
141.8383 	EXP 	New trial (rep=3, index=0): OrderedDict([('runID', 1), ('imgID', 6), ('stimLabel', 'smallScongr'), ('imFile', 'Stimuli/SofS2.jpg'), ('corr', 'j'), ('side', 'right')])
141.8406 	DATA 	Keypress: f
141.8528 	EXP 	text_6: autoDraw = False
141.8528 	EXP 	trial_image: autoDraw = False
141.8528 	EXP 	text_2: color = 'white (named)'
141.8528 	EXP 	text_2: autoDraw = True
142.2556 	DATA 	Keypress: space
143.4529 	EXP 	text_2: autoDraw = False
143.4529 	EXP 	text_2: autoDraw = False
143.4529 	EXP 	text_6: color = 'white (named)'
143.4529 	EXP 	trial_image: pos = array([0.17380935, 0.        ])
143.4529 	EXP 	trial_image: size = array([0.17296, 0.17296])
143.4529 	EXP 	trial_image: image = 'Stimuli/SofS2.jpg'
143.4529 	EXP 	text_6: autoDraw = True
143.4529 	EXP 	trial_image: autoDraw = True
144.0913 	EXP 	New trial (rep=3, index=1): OrderedDict([('runID', 1), ('imgID', 2), ('stimLabel', 'smallHcongr'), ('imFile', 'Stimuli/HofH2.jpg'), ('corr', 'f'), ('side', 'right')])
144.0937 	DATA 	Keypress: j
144.1029 	EXP 	text_6: autoDraw = False
144.1029 	EXP 	trial_image: autoDraw = False
144.1029 	EXP 	text_2: color = 'white (named)'
144.1029 	EXP 	text_2: autoDraw = True
145.5196 	EXP 	text_2: autoDraw = False
145.5196 	EXP 	text_2: autoDraw = False
145.5196 	EXP 	text_6: color = 'white (named)'
145.5196 	EXP 	trial_image: pos = array([0.17380935, 0.        ])
145.5196 	EXP 	trial_image: size = array([0.17296, 0.17296])
145.5196 	EXP 	trial_image: image = 'Stimuli/HofH2.jpg'
145.5196 	EXP 	text_6: autoDraw = True
145.5196 	EXP 	trial_image: autoDraw = True
146.0230 	EXP 	New trial (rep=3, index=2): OrderedDict([('runID', 1), ('imgID', 3), ('stimLabel', 'smallHincon'), ('imFile', 'Stimuli/SofH2.jpg'), ('corr', 'f'), ('side', 'left')])
146.0250 	DATA 	Keypress: f
146.0360 	EXP 	text_6: autoDraw = False
146.0360 	EXP 	trial_image: autoDraw = False
146.0360 	EXP 	text_2: color = 'white (named)'
146.0360 	EXP 	text_2: autoDraw = True
147.3365 	EXP 	text_2: autoDraw = False
147.3365 	EXP 	text_2: autoDraw = False
147.3365 	EXP 	text_6: color = 'white (named)'
147.3365 	EXP 	trial_image: pos = array([-0.17380935,  0.        ])
147.3365 	EXP 	trial_image: size = array([0.17296, 0.17296])
147.3365 	EXP 	trial_image: image = 'Stimuli/SofH2.jpg'
147.3365 	EXP 	text_6: autoDraw = True
147.3365 	EXP 	trial_image: autoDraw = True
147.9565 	EXP 	New trial (rep=3, index=3): OrderedDict([('runID', 1), ('imgID', 1), ('stimLabel', 'smallHcongr'), ('imFile', 'Stimuli/HofH2.jpg'), ('corr', 'f'), ('side', 'left')])
147.9586 	DATA 	Keypress: f
147.9696 	EXP 	text_6: autoDraw = False
147.9696 	EXP 	trial_image: autoDraw = False
147.9696 	EXP 	text_2: color = 'white (named)'
147.9696 	EXP 	text_2: autoDraw = True
149.3865 	EXP 	text_2: autoDraw = False
149.3865 	EXP 	text_2: autoDraw = False
149.3865 	EXP 	text_6: color = 'white (named)'
149.3865 	EXP 	trial_image: pos = array([-0.17380935,  0.        ])
149.3865 	EXP 	trial_image: size = array([0.17296, 0.17296])
149.3865 	EXP 	trial_image: image = 'Stimuli/HofH2.jpg'
149.3865 	EXP 	text_6: autoDraw = True
149.3865 	EXP 	trial_image: autoDraw = True
150.1553 	EXP 	New trial (rep=3, index=4): OrderedDict([('runID', 1), ('imgID', 3), ('stimLabel', 'smallHincon'), ('imFile', 'Stimuli/SofH2.jpg'), ('corr', 'f'), ('side', 'left')])
150.1576 	DATA 	Keypress: f
150.1699 	EXP 	text_6: autoDraw = False
150.1699 	EXP 	trial_image: autoDraw = False
150.1699 	EXP 	text_2: color = 'white (named)'
150.1699 	EXP 	text_2: autoDraw = True
151.7030 	EXP 	text_2: autoDraw = False
151.7030 	EXP 	text_2: autoDraw = False
151.7030 	EXP 	text_6: color = 'white (named)'
151.7030 	EXP 	trial_image: pos = array([-0.17380935,  0.        ])
151.7030 	EXP 	trial_image: size = array([0.17296, 0.17296])
151.7030 	EXP 	trial_image: image = 'Stimuli/SofH2.jpg'
151.7030 	EXP 	text_6: autoDraw = True
151.7030 	EXP 	trial_image: autoDraw = True
152.2897 	EXP 	New trial (rep=3, index=5): OrderedDict([('runID', 1), ('imgID', 8), ('stimLabel', 'smallSincon'), ('imFile', 'Stimuli/HofS2.jpg'), ('corr', 'j'), ('side', 'right')])
152.2917 	DATA 	Keypress: f
152.3029 	EXP 	text_6: autoDraw = False
152.3029 	EXP 	trial_image: autoDraw = False
152.3029 	EXP 	text_2: color = 'white (named)'
152.3029 	EXP 	text_2: autoDraw = True
153.9863 	EXP 	text_2: autoDraw = False
153.9863 	EXP 	text_2: autoDraw = False
153.9863 	EXP 	text_6: color = 'white (named)'
153.9863 	EXP 	trial_image: pos = array([0.17380935, 0.        ])
153.9863 	EXP 	trial_image: size = array([0.17296, 0.17296])
153.9863 	EXP 	trial_image: image = 'Stimuli/HofS2.jpg'
153.9863 	EXP 	text_6: autoDraw = True
153.9863 	EXP 	trial_image: autoDraw = True
154.7879 	EXP 	New trial (rep=3, index=6): OrderedDict([('runID', 1), ('imgID', 3), ('stimLabel', 'smallHincon'), ('imFile', 'Stimuli/SofH2.jpg'), ('corr', 'f'), ('side', 'left')])
154.7899 	DATA 	Keypress: j
154.8028 	EXP 	text_6: autoDraw = False
154.8028 	EXP 	trial_image: autoDraw = False
154.8028 	EXP 	text_2: color = 'black (named)'
154.8028 	EXP 	text_2: autoDraw = True
156.0385 	DATA 	Keypress: space
156.0697 	EXP 	text_2: autoDraw = False
156.0697 	EXP 	text_2: autoDraw = False
156.0697 	EXP 	text_6: color = 'black (named)'
156.0697 	EXP 	trial_image: pos = array([-0.17380935,  0.        ])
156.0697 	EXP 	trial_image: size = array([0.17296, 0.17296])
156.0697 	EXP 	trial_image: image = 'Stimuli/SofH2.jpg'
156.0697 	EXP 	text_6: autoDraw = True
156.0697 	EXP 	trial_image: autoDraw = True
157.6882 	EXP 	New trial (rep=3, index=7): OrderedDict([('runID', 1), ('imgID', 4), ('stimLabel', 'smallHincon'), ('imFile', 'Stimuli/SofH2.jpg'), ('corr', 'f'), ('side', 'right')])
157.6901 	DATA 	Keypress: f
157.7032 	EXP 	text_6: autoDraw = False
157.7032 	EXP 	trial_image: autoDraw = False
157.7032 	EXP 	text_2: color = 'black (named)'
157.7032 	EXP 	text_2: autoDraw = True
159.1865 	EXP 	text_2: autoDraw = False
159.1865 	EXP 	text_2: autoDraw = False
159.1865 	EXP 	text_6: color = 'black (named)'
159.1865 	EXP 	trial_image: pos = array([0.17380935, 0.        ])
159.1865 	EXP 	trial_image: size = array([0.17296, 0.17296])
159.1865 	EXP 	trial_image: image = 'Stimuli/SofH2.jpg'
159.1865 	EXP 	text_6: autoDraw = True
159.1865 	EXP 	trial_image: autoDraw = True
159.9398 	EXP 	New trial (rep=4, index=0): OrderedDict([('runID', 1), ('imgID', 4), ('stimLabel', 'smallHincon'), ('imFile', 'Stimuli/SofH2.jpg'), ('corr', 'f'), ('side', 'right')])
159.9418 	DATA 	Keypress: f
159.9529 	EXP 	text_6: autoDraw = False
159.9529 	EXP 	trial_image: autoDraw = False
159.9529 	EXP 	text_2: color = 'black (named)'
159.9529 	EXP 	text_2: autoDraw = True
161.4697 	EXP 	text_2: autoDraw = False
161.4697 	EXP 	text_2: autoDraw = False
161.4697 	EXP 	text_6: color = 'black (named)'
161.4697 	EXP 	trial_image: pos = array([0.17380935, 0.        ])
161.4697 	EXP 	trial_image: size = array([0.17296, 0.17296])
161.4697 	EXP 	trial_image: image = 'Stimuli/SofH2.jpg'
161.4697 	EXP 	text_6: autoDraw = True
161.4697 	EXP 	trial_image: autoDraw = True
162.0243 	EXP 	New trial (rep=4, index=1): OrderedDict([('runID', 1), ('imgID', 5), ('stimLabel', 'smallScongr'), ('imFile', 'Stimuli/SofS2.jpg'), ('corr', 'j'), ('side', 'left')])
162.0265 	DATA 	Keypress: f
162.0363 	EXP 	text_6: autoDraw = False
162.0363 	EXP 	trial_image: autoDraw = False
162.0363 	EXP 	text_2: color = 'white (named)'
162.0363 	EXP 	text_2: autoDraw = True
162.5066 	DATA 	Keypress: space
163.3531 	EXP 	text_2: autoDraw = False
163.3531 	EXP 	text_2: autoDraw = False
163.3531 	EXP 	text_6: color = 'white (named)'
163.3531 	EXP 	trial_image: pos = array([-0.17380935,  0.        ])
163.3531 	EXP 	trial_image: size = array([0.17296, 0.17296])
163.3531 	EXP 	trial_image: image = 'Stimuli/SofS2.jpg'
163.3531 	EXP 	text_6: autoDraw = True
163.3531 	EXP 	trial_image: autoDraw = True
164.2747 	EXP 	New trial (rep=4, index=2): OrderedDict([('runID', 1), ('imgID', 1), ('stimLabel', 'smallHcongr'), ('imFile', 'Stimuli/HofH2.jpg'), ('corr', 'f'), ('side', 'left')])
164.2772 	DATA 	Keypress: j
164.2864 	EXP 	text_6: autoDraw = False
164.2864 	EXP 	trial_image: autoDraw = False
164.2864 	EXP 	text_2: color = 'white (named)'
164.2864 	EXP 	text_2: autoDraw = True
166.0364 	EXP 	text_2: autoDraw = False
166.0364 	EXP 	text_2: autoDraw = False
166.0364 	EXP 	text_6: color = 'white (named)'
166.0364 	EXP 	trial_image: pos = array([-0.17380935,  0.        ])
166.0364 	EXP 	trial_image: size = array([0.17296, 0.17296])
166.0364 	EXP 	trial_image: image = 'Stimuli/HofH2.jpg'
166.0364 	EXP 	text_6: autoDraw = True
166.0364 	EXP 	trial_image: autoDraw = True
166.7211 	EXP 	New trial (rep=4, index=3): OrderedDict([('runID', 1), ('imgID', 4), ('stimLabel', 'smallHincon'), ('imFile', 'Stimuli/SofH2.jpg'), ('corr', 'f'), ('side', 'right')])
166.7231 	DATA 	Keypress: f
166.7363 	EXP 	text_6: autoDraw = False
166.7363 	EXP 	trial_image: autoDraw = False
166.7363 	EXP 	text_2: color = 'white (named)'
166.7363 	EXP 	text_2: autoDraw = True
168.4531 	EXP 	text_2: autoDraw = False
168.4531 	EXP 	text_2: autoDraw = False
168.4531 	EXP 	text_6: color = 'white (named)'
168.4531 	EXP 	trial_image: pos = array([0.17380935, 0.        ])
168.4531 	EXP 	trial_image: size = array([0.17296, 0.17296])
168.4531 	EXP 	trial_image: image = 'Stimuli/SofH2.jpg'
168.4531 	EXP 	text_6: autoDraw = True
168.4531 	EXP 	trial_image: autoDraw = True
168.9899 	EXP 	New trial (rep=4, index=4): OrderedDict([('runID', 1), ('imgID', 7), ('stimLabel', 'smallSincon'), ('imFile', 'Stimuli/HofS2.jpg'), ('corr', 'j'), ('side', 'left')])
168.9918 	DATA 	Keypress: f
169.0032 	EXP 	text_6: autoDraw = False
169.0032 	EXP 	trial_image: autoDraw = False
169.0032 	EXP 	text_2: color = 'white (named)'
169.0032 	EXP 	text_2: autoDraw = True
170.5866 	EXP 	text_2: autoDraw = False
170.5866 	EXP 	text_2: autoDraw = False
170.5866 	EXP 	text_6: color = 'white (named)'
170.5866 	EXP 	trial_image: pos = array([-0.17380935,  0.        ])
170.5866 	EXP 	trial_image: size = array([0.17296, 0.17296])
170.5866 	EXP 	trial_image: image = 'Stimuli/HofS2.jpg'
170.5866 	EXP 	text_6: autoDraw = True
170.5866 	EXP 	trial_image: autoDraw = True
171.1049 	EXP 	New trial (rep=4, index=5): OrderedDict([('runID', 1), ('imgID', 8), ('stimLabel', 'smallSincon'), ('imFile', 'Stimuli/HofS2.jpg'), ('corr', 'j'), ('side', 'right')])
171.1069 	DATA 	Keypress: j
171.1197 	EXP 	text_6: autoDraw = False
171.1197 	EXP 	trial_image: autoDraw = False
171.1197 	EXP 	text_2: color = 'white (named)'
171.1197 	EXP 	text_2: autoDraw = True
172.5865 	EXP 	text_2: autoDraw = False
172.5865 	EXP 	text_2: autoDraw = False
172.5865 	EXP 	text_6: color = 'white (named)'
172.5865 	EXP 	trial_image: pos = array([0.17380935, 0.        ])
172.5865 	EXP 	trial_image: size = array([0.17296, 0.17296])
172.5865 	EXP 	trial_image: image = 'Stimuli/HofS2.jpg'
172.5865 	EXP 	text_6: autoDraw = True
172.5865 	EXP 	trial_image: autoDraw = True
173.2734 	EXP 	New trial (rep=4, index=6): OrderedDict([('runID', 1), ('imgID', 6), ('stimLabel', 'smallScongr'), ('imFile', 'Stimuli/SofS2.jpg'), ('corr', 'j'), ('side', 'right')])
173.2755 	DATA 	Keypress: j
173.2865 	EXP 	text_6: autoDraw = False
173.2865 	EXP 	trial_image: autoDraw = False
173.2865 	EXP 	text_2: color = 'white (named)'
173.2865 	EXP 	text_2: autoDraw = True
174.6531 	EXP 	text_2: autoDraw = False
174.6531 	EXP 	text_2: autoDraw = False
174.6531 	EXP 	text_6: color = 'white (named)'
174.6531 	EXP 	trial_image: pos = array([0.17380935, 0.        ])
174.6531 	EXP 	trial_image: size = array([0.17296, 0.17296])
174.6531 	EXP 	trial_image: image = 'Stimuli/SofS2.jpg'
174.6531 	EXP 	text_6: autoDraw = True
174.6531 	EXP 	trial_image: autoDraw = True
175.2376 	EXP 	New trial (rep=4, index=7): OrderedDict([('runID', 1), ('imgID', 1), ('stimLabel', 'smallHcongr'), ('imFile', 'Stimuli/HofH2.jpg'), ('corr', 'f'), ('side', 'left')])
175.2396 	DATA 	Keypress: j
175.2532 	EXP 	text_6: autoDraw = False
175.2532 	EXP 	trial_image: autoDraw = False
175.2532 	EXP 	text_2: color = 'white (named)'
175.2532 	EXP 	text_2: autoDraw = True
176.7196 	EXP 	text_2: autoDraw = False
176.7196 	EXP 	text_2: autoDraw = False
176.7196 	EXP 	text_6: color = 'white (named)'
176.7196 	EXP 	trial_image: pos = array([-0.17380935,  0.        ])
176.7196 	EXP 	trial_image: size = array([0.17296, 0.17296])
176.7196 	EXP 	trial_image: image = 'Stimuli/HofH2.jpg'
176.7196 	EXP 	text_6: autoDraw = True
176.7196 	EXP 	trial_image: autoDraw = True
177.3043 	EXP 	New trial (rep=5, index=0): OrderedDict([('runID', 1), ('imgID', 7), ('stimLabel', 'smallSincon'), ('imFile', 'Stimuli/HofS2.jpg'), ('corr', 'j'), ('side', 'left')])
177.3063 	DATA 	Keypress: f
177.3201 	EXP 	text_6: autoDraw = False
177.3201 	EXP 	trial_image: autoDraw = False
177.3201 	EXP 	text_2: color = 'white (named)'
177.3201 	EXP 	text_2: autoDraw = True
178.5867 	EXP 	text_2: autoDraw = False
178.5867 	EXP 	text_2: autoDraw = False
178.5867 	EXP 	text_6: color = 'white (named)'
178.5867 	EXP 	trial_image: pos = array([-0.17380935,  0.        ])
178.5867 	EXP 	trial_image: size = array([0.17296, 0.17296])
178.5867 	EXP 	trial_image: image = 'Stimuli/HofS2.jpg'
178.5867 	EXP 	text_6: autoDraw = True
178.5867 	EXP 	trial_image: autoDraw = True
179.1412 	EXP 	New trial (rep=5, index=1): OrderedDict([('runID', 1), ('imgID', 1), ('stimLabel', 'smallHcongr'), ('imFile', 'Stimuli/HofH2.jpg'), ('corr', 'f'), ('side', 'left')])
179.1435 	DATA 	Keypress: j
179.1532 	EXP 	text_6: autoDraw = False
179.1532 	EXP 	trial_image: autoDraw = False
179.1532 	EXP 	text_2: color = 'white (named)'
179.1532 	EXP 	text_2: autoDraw = True
180.7367 	EXP 	text_2: autoDraw = False
180.7367 	EXP 	text_2: autoDraw = False
180.7367 	EXP 	text_6: color = 'white (named)'
180.7367 	EXP 	trial_image: pos = array([-0.17380935,  0.        ])
180.7367 	EXP 	trial_image: size = array([0.17296, 0.17296])
180.7367 	EXP 	trial_image: image = 'Stimuli/HofH2.jpg'
180.7367 	EXP 	text_6: autoDraw = True
180.7367 	EXP 	trial_image: autoDraw = True
181.3556 	EXP 	New trial (rep=5, index=2): OrderedDict([('runID', 1), ('imgID', 8), ('stimLabel', 'smallSincon'), ('imFile', 'Stimuli/HofS2.jpg'), ('corr', 'j'), ('side', 'right')])
181.3578 	DATA 	Keypress: f
181.3696 	EXP 	text_6: autoDraw = False
181.3696 	EXP 	trial_image: autoDraw = False
181.3696 	EXP 	text_2: color = 'black (named)'
181.3696 	EXP 	text_2: autoDraw = True
182.3042 	DATA 	Keypress: space
182.8031 	EXP 	text_2: autoDraw = False
182.8031 	EXP 	text_2: autoDraw = False
182.8031 	EXP 	text_6: color = 'black (named)'
182.8031 	EXP 	trial_image: pos = array([0.17380935, 0.        ])
182.8031 	EXP 	trial_image: size = array([0.17296, 0.17296])
182.8031 	EXP 	trial_image: image = 'Stimuli/HofS2.jpg'
182.8031 	EXP 	text_6: autoDraw = True
182.8031 	EXP 	trial_image: autoDraw = True
183.5233 	EXP 	New trial (rep=5, index=3): OrderedDict([('runID', 1), ('imgID', 4), ('stimLabel', 'smallHincon'), ('imFile', 'Stimuli/SofH2.jpg'), ('corr', 'f'), ('side', 'right')])
183.5252 	DATA 	Keypress: f
183.5364 	EXP 	text_6: autoDraw = False
183.5364 	EXP 	trial_image: autoDraw = False
183.5364 	EXP 	text_2: color = 'black (named)'
183.5364 	EXP 	text_2: autoDraw = True
183.7732 	DATA 	Keypress: j
184.8531 	EXP 	text_2: autoDraw = False
184.8531 	EXP 	text_2: autoDraw = False
184.8531 	EXP 	text_6: color = 'black (named)'
184.8531 	EXP 	trial_image: pos = array([0.17380935, 0.        ])
184.8531 	EXP 	trial_image: size = array([0.17296, 0.17296])
184.8531 	EXP 	trial_image: image = 'Stimuli/SofH2.jpg'
184.8531 	EXP 	text_6: autoDraw = True
184.8531 	EXP 	trial_image: autoDraw = True
185.4745 	EXP 	New trial (rep=5, index=4): OrderedDict([('runID', 1), ('imgID', 7), ('stimLabel', 'smallSincon'), ('imFile', 'Stimuli/HofS2.jpg'), ('corr', 'j'), ('side', 'left')])
185.4768 	DATA 	Keypress: f
185.4863 	EXP 	text_6: autoDraw = False
185.4863 	EXP 	trial_image: autoDraw = False
185.4863 	EXP 	text_2: color = 'black (named)'
185.4863 	EXP 	text_2: autoDraw = True
187.1866 	EXP 	text_2: autoDraw = False
187.1866 	EXP 	text_2: autoDraw = False
187.1866 	EXP 	text_6: color = 'black (named)'
187.1866 	EXP 	trial_image: pos = array([-0.17380935,  0.        ])
187.1866 	EXP 	trial_image: size = array([0.17296, 0.17296])
187.1866 	EXP 	trial_image: image = 'Stimuli/HofS2.jpg'
187.1866 	EXP 	text_6: autoDraw = True
187.1866 	EXP 	trial_image: autoDraw = True
187.7410 	EXP 	New trial (rep=5, index=5): OrderedDict([('runID', 1), ('imgID', 5), ('stimLabel', 'smallScongr'), ('imFile', 'Stimuli/SofS2.jpg'), ('corr', 'j'), ('side', 'left')])
187.7430 	DATA 	Keypress: j
187.7534 	EXP 	text_6: autoDraw = False
187.7534 	EXP 	trial_image: autoDraw = False
187.7534 	EXP 	text_2: color = 'white (named)'
187.7534 	EXP 	text_2: autoDraw = True
188.2567 	DATA 	Keypress: space
189.2536 	EXP 	text_2: autoDraw = False
189.2536 	EXP 	text_2: autoDraw = False
189.2536 	EXP 	text_6: color = 'white (named)'
189.2536 	EXP 	trial_image: pos = array([-0.17380935,  0.        ])
189.2536 	EXP 	trial_image: size = array([0.17296, 0.17296])
189.2536 	EXP 	trial_image: image = 'Stimuli/SofS2.jpg'
189.2536 	EXP 	text_6: autoDraw = True
189.2536 	EXP 	trial_image: autoDraw = True
189.8414 	EXP 	New trial (rep=5, index=6): OrderedDict([('runID', 1), ('imgID', 8), ('stimLabel', 'smallSincon'), ('imFile', 'Stimuli/HofS2.jpg'), ('corr', 'j'), ('side', 'right')])
189.8437 	DATA 	Keypress: j
189.8532 	EXP 	text_6: autoDraw = False
189.8532 	EXP 	trial_image: autoDraw = False
189.8532 	EXP 	text_2: color = 'white (named)'
189.8532 	EXP 	text_2: autoDraw = True
191.3200 	EXP 	text_2: autoDraw = False
191.3200 	EXP 	text_2: autoDraw = False
191.3200 	EXP 	text_6: color = 'white (named)'
191.3200 	EXP 	trial_image: pos = array([0.17380935, 0.        ])
191.3200 	EXP 	trial_image: size = array([0.17296, 0.17296])
191.3200 	EXP 	trial_image: image = 'Stimuli/HofS2.jpg'
191.3200 	EXP 	text_6: autoDraw = True
191.3200 	EXP 	trial_image: autoDraw = True
191.9899 	EXP 	New trial (rep=5, index=7): OrderedDict([('runID', 1), ('imgID', 6), ('stimLabel', 'smallScongr'), ('imFile', 'Stimuli/SofS2.jpg'), ('corr', 'j'), ('side', 'right')])
191.9918 	DATA 	Keypress: j
192.0033 	EXP 	text_6: autoDraw = False
192.0033 	EXP 	trial_image: autoDraw = False
192.0033 	EXP 	text_2: color = 'white (named)'
192.0033 	EXP 	text_2: autoDraw = True
193.4031 	EXP 	text_2: autoDraw = False
193.4031 	EXP 	text_2: autoDraw = False
193.4031 	EXP 	text_6: color = 'white (named)'
193.4031 	EXP 	trial_image: pos = array([0.17380935, 0.        ])
193.4031 	EXP 	trial_image: size = array([0.17296, 0.17296])
193.4031 	EXP 	trial_image: image = 'Stimuli/SofS2.jpg'
193.4031 	EXP 	text_6: autoDraw = True
193.4031 	EXP 	trial_image: autoDraw = True
194.2634 	DATA 	Keypress: j
194.2696 	EXP 	text_6: autoDraw = False
194.2696 	EXP 	trial_image: autoDraw = False
194.2696 	EXP 	text_10: text = 'You caught 11 of the 12 cross changes.'
194.2696 	EXP 	text_10: autoDraw = True
196.2532 	EXP 	image_4: autoDraw = True
196.2719 	EXP 	text_10: autoDraw = False
198.2701 	EXP 	image_4: autoDraw = False
198.2701 	EXP 	text_10: autoDraw = False
198.2701 	EXP 	image_4: autoDraw = False
198.2701 	EXP 	image_2: image = 'Designs/design1_run2_ex.png'
198.2701 	EXP 	image_2: autoDraw = True
201.3209 	DATA 	Keypress: escape
201.7413 	EXP 	window1: mouseVisible = True
201.7413 	DEBUG 	Saving data for global_local ExperimentHandler
201.7425 	INFO 	saved data to /Users/sophia/Documents/PycharmProjects/Global_Local_Study/data/_global_local_2020_Dec_29_1231.psydat
201.7488 	INFO 	saved data to '/Users/sophia/Documents/PycharmProjects/Global_Local_Study/data/_global_local_2020_Dec_29_1231.csv'
