58.3392 	INFO 	Loaded monitor calibration from ['2020_09_20 15:42']
60.7509 	WARNING 	Couldn't measure a consistent frame rate.
  - Is your graphics card set to sync to vertical blank?
  - Are you running other processes on your computer?

60.7536 	EXP 	Created window1 = Window(allowGUI=False, allowStencil=False, args=UNKNOWN, autoLog=True, bitsMode=UNKNOWN, blendMode='avg', bpc=(8, 8, 8), color=array([0., 0., 0.]), colorSpace='rgb', depthBits=8, fullscr=<method-wrapper '__getattribute__' of attributeSetter object at 0x1556c0a58>, gamma=None, gammaErrorPolicy='raise', kwargs=UNKNOWN, lms=UNKNOWN, monitor=<psychopy.monitors.calibTools.Monitor object at 0x157828e10>, multiSample=False, name='window1', numSamples=2, pos=[448.0, 280.0], screen=0, size=array([3584, 2240]), stencilBits=0, stereo=False, units='height', useFBO=True, useRetina=True, viewOri=0.0, viewPos=None, viewScale=None, waitBlanking=True, winType='pyglet')
60.7538 	EXP 	window1: mouseVisible = True
60.7539 	EXP 	window1: recordFrameIntervals = False
60.9202 	EXP 	window1: recordFrameIntervals = True
62.5843 	WARNING 	Couldn't measure a consistent frame rate.
  - Is your graphics card set to sync to vertical blank?
  - Are you running other processes on your computer?

63.1081 	EXP 	Created text_top = TextStim(__class__=<class 'psychopy.visual.text.TextStim'>, alignHoriz=method-wrapper(...), alignText='center', alignVert=method-wrapper(...), anchorHoriz='center', anchorVert='center', antialias=True, autoLog=True, bold=False, color='black', colorSpace='named', contrast=1.0, depth=-2.0, flipHoriz=False, flipVert=False, font='Arial', fontFiles=[], height=0.05, italic=False, languageStyle='LTR', name='text_top', opacity=1.0, ori=0, pos=array([0. , 0.3]), rgb=array([0., 0., 0.]), text=str(...), units='height', win=Window(...), wrapWidth=1)
63.1148 	EXP 	Created text_bottom = TextStim(__class__=<class 'psychopy.visual.text.TextStim'>, alignHoriz=method-wrapper(...), alignText='center', alignVert=method-wrapper(...), anchorHoriz='center', anchorVert='center', antialias=True, autoLog=True, bold=False, color='black', colorSpace='named', contrast=1.0, depth=-3.0, flipHoriz=False, flipVert=False, font='Arial', fontFiles=[], height=0.05, italic=False, languageStyle='LTR', name='text_bottom', opacity=1.0, ori=0, pos=array([ 0. , -0.3]), rgb=array([0., 0., 0.]), text='Press Space when you’re finished', units='height', win=Window(...), wrapWidth=1)
63.1520 	EXP 	Created ccimage = ImageStim(__class__=<class 'psychopy.visual.image.ImageStim'>, autoLog=True, color=array([1., 1., 1.]), colorSpace='rgb', contrast=1.0, depth=-4.0, flipHoriz=False, flipVert=False, image='bankcard.png', interpolate=True, mask=None, maskParams=None, name='ccimage', opacity=1.0, ori=0.0, pos=array([0., 0.]), size=array([0.428 , 0.2699]), texRes=512, units='height', win=Window(...))
63.1574 	EXP 	Created prac_instr1 = ImageStim(__class__=<class 'psychopy.visual.image.ImageStim'>, autoLog=True, color=array([1., 1., 1.]), colorSpace='rgb', contrast=1.0, depth=-1.0, flipHoriz=False, flipVert=False, image='sin', interpolate=True, mask=None, maskParams=None, name='prac_instr1', opacity=1.0, ori=0.0, pos=array([0., 0.]), size=array([1.3275, 0.75  ]), texRes=512, units='height', win=Window(...))
63.5974 	EXP 	Created prac_instr2 = ImageStim(__class__=<class 'psychopy.visual.image.ImageStim'>, autoLog=True, color=array([1., 1., 1.]), colorSpace='rgb', contrast=1.0, depth=0.0, flipHoriz=False, flipVert=False, image='Designs/prac_instr2.png', interpolate=True, mask=None, maskParams=None, name='prac_instr2', opacity=1.0, ori=0.0, pos=array([0., 0.]), size=array([1.3275, 0.75  ]), texRes=512, units='height', win=Window(...))
64.0252 	EXP 	Created prac_instr3 = ImageStim(__class__=<class 'psychopy.visual.image.ImageStim'>, autoLog=True, color=array([1., 1., 1.]), colorSpace='rgb', contrast=1.0, depth=0.0, flipHoriz=False, flipVert=False, image='Designs/prac_instr3.png', interpolate=True, mask=None, maskParams=None, name='prac_instr3', opacity=1.0, ori=0.0, pos=array([0., 0.]), size=array([1.3275, 0.75  ]), texRes=512, units='height', win=Window(...))
64.4420 	EXP 	Created image_2 = ImageStim(__class__=<class 'psychopy.visual.image.ImageStim'>, autoLog=True, color=array([1., 1., 1.]), colorSpace='rgb', contrast=1.0, depth=-1.0, flipHoriz=False, flipVert=False, image='sin', interpolate=True, mask=None, maskParams=None, name='image_2', opacity=1.0, ori=0.0, pos=array([0., 0.]), size=array([1.3275, 0.75  ]), texRes=512, units='height', win=Window(...))
64.8567 	EXP 	Created text_8 = TextStim(__class__=<class 'psychopy.visual.text.TextStim'>, alignHoriz=method-wrapper(...), alignText='center', alignVert=method-wrapper(...), anchorHoriz='center', anchorVert='center', antialias=True, autoLog=True, bold=False, color='white', colorSpace='named', contrast=1.0, depth=0.0, flipHoriz=False, flipVert=False, font='Arial', fontFiles=[], height=0.05, italic=False, languageStyle='LTR', name='text_8', opacity=1.0, ori=0, pos=array([0., 0.]), rgb=array([255., 255., 255.]), text='+', units='height', win=Window(...), wrapWidth=1)
64.8591 	EXP 	Created image = ImageStim(__class__=<class 'psychopy.visual.image.ImageStim'>, autoLog=True, color=array([1., 1., 1.]), colorSpace='rgb', contrast=1.0, depth=-1.0, flipHoriz=False, flipVert=False, image='sin', interpolate=True, mask=None, maskParams=None, name='image', opacity=1.0, ori=0.0, pos=array([0., 0.]), size=array([1., 1.]), texRes=512, units='height', win=Window(...))
65.2712 	EXP 	Created image_3 = ImageStim(__class__=<class 'psychopy.visual.image.ImageStim'>, autoLog=True, color=array([1., 1., 1.]), colorSpace='rgb', contrast=1.0, depth=-1.0, flipHoriz=False, flipVert=False, image='sin', interpolate=True, mask=None, maskParams=None, name='image_3', opacity=1.0, ori=0.0, pos=array([0., 0.]), size=array([1.3275, 0.75  ]), texRes=512, units='height', win=Window(...))
65.6823 	EXP 	Created Pinstructions_imageR1 = ImageStim(__class__=<class 'psychopy.visual.image.ImageStim'>, autoLog=True, color=array([1., 1., 1.]), colorSpace='rgb', contrast=1.0, depth=-1.0, flipHoriz=False, flipVert=False, image='sin', interpolate=True, mask=None, maskParams=None, name='Pinstructions_imageR1', opacity=1.0, ori=0.0, pos=array([0., 0.]), size=array([1.3125, 0.75  ]), texRes=512, units='height', win=Window(...))
66.0982 	EXP 	Created text = TextStim(__class__=<class 'psychopy.visual.text.TextStim'>, alignHoriz=method-wrapper(...), alignText='center', alignVert=method-wrapper(...), anchorHoriz='center', anchorVert='center', antialias=True, autoLog=True, bold=False, color='white', colorSpace='named', contrast=1.0, depth=-1.0, flipHoriz=False, flipVert=False, font='Arial', fontFiles=[], height=0.05, italic=False, languageStyle='LTR', name='text', opacity=1.0, ori=0, pos=array([0., 0.]), rgb=array([255., 255., 255.]), text='+', units='height', win=Window(...), wrapWidth=1)
66.0994 	EXP 	Created text_5 = TextStim(__class__=<class 'psychopy.visual.text.TextStim'>, alignHoriz=method-wrapper(...), alignText='center', alignVert=method-wrapper(...), anchorHoriz='center', anchorVert='center', antialias=True, autoLog=True, bold=False, color='white', colorSpace='named', contrast=1.0, depth=0.0, flipHoriz=False, flipVert=False, font='Arial', fontFiles=[], height=0.05, italic=False, languageStyle='LTR', name='text_5', opacity=1.0, ori=0, pos=array([0., 0.]), rgb=array([255., 255., 255.]), text='+', units='height', win=Window(...), wrapWidth=1)
66.1007 	EXP 	Created prac_image = ImageStim(__class__=<class 'psychopy.visual.image.ImageStim'>, autoLog=True, color=array([1., 1., 1.]), colorSpace='rgb', contrast=1.0, depth=-1.0, flipHoriz=False, flipVert=False, image='sin', interpolate=True, mask=None, maskParams=None, name='prac_image', opacity=1.0, ori=0.0, pos=array([0., 0.]), size=array([1., 1.]), texRes=512, units='height', win=Window(...))
66.9215 	EXP 	Created imFeedback = ImageStim(__class__=<class 'psychopy.visual.image.ImageStim'>, autoLog=True, color=array([1., 1., 1.]), colorSpace='rgb', contrast=1.0, depth=-1.0, flipHoriz=False, flipVert=False, image='sin', interpolate=True, mask=None, maskParams=None, name='imFeedback', opacity=1.0, ori=0.0, pos=array([0., 0.]), size=array([0.25, 0.25]), texRes=512, units='height', win=Window(...))
66.9252 	EXP 	Created feedback_msg = TextStim(__class__=<class 'psychopy.visual.text.TextStim'>, alignHoriz=method-wrapper(...), alignText='center', alignVert=method-wrapper(...), anchorHoriz='center', anchorVert='center', antialias=True, autoLog=True, bold=False, color='black', colorSpace='named', contrast=1.0, depth=-2.0, flipHoriz=False, flipVert=False, font='Arial', fontFiles=[], height=0.05, italic=False, languageStyle='LTR', name='feedback_msg', opacity=1.0, ori=0, pos=array([ 0.  , -0.25]), rgb=array([0., 0., 0.]), text='default text', units='height', win=Window(...), wrapWidth=1)
66.9271 	EXP 	Created text_7 = TextStim(__class__=<class 'psychopy.visual.text.TextStim'>, alignHoriz=method-wrapper(...), alignText='center', alignVert=method-wrapper(...), anchorHoriz='center', anchorVert='center', antialias=True, autoLog=True, bold=False, color='black', colorSpace='named', contrast=1.0, depth=-1.0, flipHoriz=False, flipVert=False, font='Arial', fontFiles=[], height=0.05, italic=False, languageStyle='LTR', name='text_7', opacity=1.0, ori=0, pos=array([0., 0.]), rgb=array([0., 0., 0.]), text='default text', units='height', win=Window(...), wrapWidth=1)
67.3417 	EXP 	Created instructions_imageR1 = ImageStim(__class__=<class 'psychopy.visual.image.ImageStim'>, autoLog=True, color=array([1., 1., 1.]), colorSpace='rgb', contrast=1.0, depth=-1.0, flipHoriz=False, flipVert=False, image='sin', interpolate=True, mask=None, maskParams=None, name='instructions_imageR1', opacity=1.0, ori=0.0, pos=array([0., 0.]), size=array([1.3275, 0.75  ]), texRes=512, units='height', win=Window(...))
67.7556 	EXP 	Created text_2 = TextStim(__class__=<class 'psychopy.visual.text.TextStim'>, alignHoriz=method-wrapper(...), alignText='center', alignVert=method-wrapper(...), anchorHoriz='center', anchorVert='center', antialias=True, autoLog=True, bold=False, color='white', colorSpace='named', contrast=1.0, depth=-1.0, flipHoriz=False, flipVert=False, font='Arial', fontFiles=[], height=0.05, italic=False, languageStyle='LTR', name='text_2', opacity=1.0, ori=0, pos=array([0., 0.]), rgb=array([255., 255., 255.]), text='+', units='height', win=Window(...), wrapWidth=1)
68.1652 	EXP 	Created text_6 = TextStim(__class__=<class 'psychopy.visual.text.TextStim'>, alignHoriz=method-wrapper(...), alignText='center', alignVert=method-wrapper(...), anchorHoriz='center', anchorVert='center', antialias=True, autoLog=True, bold=False, color='white', colorSpace='named', contrast=1.0, depth=0.0, flipHoriz=False, flipVert=False, font='Arial', fontFiles=[], height=0.05, italic=False, languageStyle='LTR', name='text_6', opacity=1.0, ori=0, pos=array([0., 0.]), rgb=array([255., 255., 255.]), text='+', units='height', win=Window(...), wrapWidth=1)
68.1664 	EXP 	Created trial_image = ImageStim(__class__=<class 'psychopy.visual.image.ImageStim'>, autoLog=True, color=array([1., 1., 1.]), colorSpace='rgb', contrast=1.0, depth=-1.0, flipHoriz=False, flipVert=False, image='sin', interpolate=True, mask=None, maskParams=None, name='trial_image', opacity=1.0, ori=0.0, pos=array([0., 0.]), size=array([1., 1.]), texRes=512, units='height', win=Window(...))
69.0231 	EXP 	Created image_4 = ImageStim(__class__=<class 'psychopy.visual.image.ImageStim'>, autoLog=True, color=array([1., 1., 1.]), colorSpace='rgb', contrast=1.0, depth=-1.0, flipHoriz=False, flipVert=False, image='Designs/baby_dory_GJ.png', interpolate=True, mask=None, maskParams=None, name='image_4', opacity=1.0, ori=0.0, pos=array([0., 0.]), size=array([0.4  , 0.732]), texRes=512, units='height', win=Window(...))
69.0244 	EXP 	Created image_2 = ImageStim(__class__=<class 'psychopy.visual.image.ImageStim'>, autoLog=True, color=array([1., 1., 1.]), colorSpace='rgb', contrast=1.0, depth=-1.0, flipHoriz=False, flipVert=False, image='sin', interpolate=True, mask=None, maskParams=None, name='image_2', opacity=1.0, ori=0.0, pos=array([0., 0.]), size=array([1.3275, 0.75  ]), texRes=512, units='height', win=Window(...))
69.4391 	EXP 	Created text_8 = TextStim(__class__=<class 'psychopy.visual.text.TextStim'>, alignHoriz=method-wrapper(...), alignText='center', alignVert=method-wrapper(...), anchorHoriz='center', anchorVert='center', antialias=True, autoLog=True, bold=False, color='white', colorSpace='named', contrast=1.0, depth=0.0, flipHoriz=False, flipVert=False, font='Arial', fontFiles=[], height=0.05, italic=False, languageStyle='LTR', name='text_8', opacity=1.0, ori=0, pos=array([0., 0.]), rgb=array([255., 255., 255.]), text='+', units='height', win=Window(...), wrapWidth=1)
69.4403 	EXP 	Created image = ImageStim(__class__=<class 'psychopy.visual.image.ImageStim'>, autoLog=True, color=array([1., 1., 1.]), colorSpace='rgb', contrast=1.0, depth=-1.0, flipHoriz=False, flipVert=False, image='sin', interpolate=True, mask=None, maskParams=None, name='image', opacity=1.0, ori=0.0, pos=array([0., 0.]), size=array([1., 1.]), texRes=512, units='height', win=Window(...))
69.8566 	EXP 	Created image_3 = ImageStim(__class__=<class 'psychopy.visual.image.ImageStim'>, autoLog=True, color=array([1., 1., 1.]), colorSpace='rgb', contrast=1.0, depth=-1.0, flipHoriz=False, flipVert=False, image='sin', interpolate=True, mask=None, maskParams=None, name='image_3', opacity=1.0, ori=0.0, pos=array([0., 0.]), size=array([1.3275, 0.75  ]), texRes=512, units='height', win=Window(...))
70.2738 	EXP 	Created Pinstructions_imageR2 = ImageStim(__class__=<class 'psychopy.visual.image.ImageStim'>, autoLog=True, color=array([1., 1., 1.]), colorSpace='rgb', contrast=1.0, depth=-1.0, flipHoriz=False, flipVert=False, image='sin', interpolate=True, mask=None, maskParams=None, name='Pinstructions_imageR2', opacity=1.0, ori=0.0, pos=array([0., 0.]), size=array([1.3275, 0.75  ]), texRes=512, units='height', win=Window(...))
70.6981 	EXP 	Created text_3 = TextStim(__class__=<class 'psychopy.visual.text.TextStim'>, alignHoriz=method-wrapper(...), alignText='center', alignVert=method-wrapper(...), anchorHoriz='center', anchorVert='center', antialias=True, autoLog=True, bold=False, color='white', colorSpace='named', contrast=1.0, depth=-1.0, flipHoriz=False, flipVert=False, font='Arial', fontFiles=[], height=0.05, italic=False, languageStyle='LTR', name='text_3', opacity=1.0, ori=0, pos=array([0., 0.]), rgb=array([255., 255., 255.]), text='+', units='height', win=Window(...), wrapWidth=1)
71.1235 	EXP 	Created text_5 = TextStim(__class__=<class 'psychopy.visual.text.TextStim'>, alignHoriz=method-wrapper(...), alignText='center', alignVert=method-wrapper(...), anchorHoriz='center', anchorVert='center', antialias=True, autoLog=True, bold=False, color='white', colorSpace='named', contrast=1.0, depth=0.0, flipHoriz=False, flipVert=False, font='Arial', fontFiles=[], height=0.05, italic=False, languageStyle='LTR', name='text_5', opacity=1.0, ori=0, pos=array([0., 0.]), rgb=array([255., 255., 255.]), text='+', units='height', win=Window(...), wrapWidth=1)
71.1248 	EXP 	Created prac_image = ImageStim(__class__=<class 'psychopy.visual.image.ImageStim'>, autoLog=True, color=array([1., 1., 1.]), colorSpace='rgb', contrast=1.0, depth=-1.0, flipHoriz=False, flipVert=False, image='sin', interpolate=True, mask=None, maskParams=None, name='prac_image', opacity=1.0, ori=0.0, pos=array([0., 0.]), size=array([1., 1.]), texRes=512, units='height', win=Window(...))
71.9629 	EXP 	Created imFeedback = ImageStim(__class__=<class 'psychopy.visual.image.ImageStim'>, autoLog=True, color=array([1., 1., 1.]), colorSpace='rgb', contrast=1.0, depth=-1.0, flipHoriz=False, flipVert=False, image='sin', interpolate=True, mask=None, maskParams=None, name='imFeedback', opacity=1.0, ori=0.0, pos=array([0., 0.]), size=array([0.25, 0.25]), texRes=512, units='height', win=Window(...))
71.9650 	EXP 	Created feedback_msg = TextStim(__class__=<class 'psychopy.visual.text.TextStim'>, alignHoriz=method-wrapper(...), alignText='center', alignVert=method-wrapper(...), anchorHoriz='center', anchorVert='center', antialias=True, autoLog=True, bold=False, color='black', colorSpace='named', contrast=1.0, depth=-2.0, flipHoriz=False, flipVert=False, font='Arial', fontFiles=[], height=0.05, italic=False, languageStyle='LTR', name='feedback_msg', opacity=1.0, ori=0, pos=array([ 0.  , -0.25]), rgb=array([0., 0., 0.]), text='default text', units='height', win=Window(...), wrapWidth=1)
71.9669 	EXP 	Created text_9 = TextStim(__class__=<class 'psychopy.visual.text.TextStim'>, alignHoriz=method-wrapper(...), alignText='center', alignVert=method-wrapper(...), anchorHoriz='center', anchorVert='center', antialias=True, autoLog=True, bold=False, color='black', colorSpace='named', contrast=1.0, depth=-1.0, flipHoriz=False, flipVert=False, font='Arial', fontFiles=[], height=0.05, italic=False, languageStyle='LTR', name='text_9', opacity=1.0, ori=0, pos=array([0., 0.]), rgb=array([0., 0., 0.]), text='default text', units='height', win=Window(...), wrapWidth=1)
72.3886 	EXP 	Created instructions_imageR2 = ImageStim(__class__=<class 'psychopy.visual.image.ImageStim'>, autoLog=True, color=array([1., 1., 1.]), colorSpace='rgb', contrast=1.0, depth=-1.0, flipHoriz=False, flipVert=False, image='sin', interpolate=True, mask=None, maskParams=None, name='instructions_imageR2', opacity=1.0, ori=0.0, pos=array([0., 0.]), size=array([1.3275, 0.75  ]), texRes=512, units='height', win=Window(...))
72.8103 	EXP 	Created text_4 = TextStim(__class__=<class 'psychopy.visual.text.TextStim'>, alignHoriz=method-wrapper(...), alignText='center', alignVert=method-wrapper(...), anchorHoriz='center', anchorVert='center', antialias=True, autoLog=True, bold=False, color='white', colorSpace='named', contrast=1.0, depth=-1.0, flipHoriz=False, flipVert=False, font='Arial', fontFiles=[], height=0.05, italic=False, languageStyle='LTR', name='text_4', opacity=1.0, ori=0, pos=array([0., 0.]), rgb=array([255., 255., 255.]), text='+', units='height', win=Window(...), wrapWidth=1)
73.2321 	EXP 	Created text_6 = TextStim(__class__=<class 'psychopy.visual.text.TextStim'>, alignHoriz=method-wrapper(...), alignText='center', alignVert=method-wrapper(...), anchorHoriz='center', anchorVert='center', antialias=True, autoLog=True, bold=False, color='white', colorSpace='named', contrast=1.0, depth=0.0, flipHoriz=False, flipVert=False, font='Arial', fontFiles=[], height=0.05, italic=False, languageStyle='LTR', name='text_6', opacity=1.0, ori=0, pos=array([0., 0.]), rgb=array([255., 255., 255.]), text='+', units='height', win=Window(...), wrapWidth=1)
73.2334 	EXP 	Created trial_image = ImageStim(__class__=<class 'psychopy.visual.image.ImageStim'>, autoLog=True, color=array([1., 1., 1.]), colorSpace='rgb', contrast=1.0, depth=-1.0, flipHoriz=False, flipVert=False, image='sin', interpolate=True, mask=None, maskParams=None, name='trial_image', opacity=1.0, ori=0.0, pos=array([0., 0.]), size=array([1., 1.]), texRes=512, units='height', win=Window(...))
74.0771 	EXP 	Created image_4 = ImageStim(__class__=<class 'psychopy.visual.image.ImageStim'>, autoLog=True, color=array([1., 1., 1.]), colorSpace='rgb', contrast=1.0, depth=-1.0, flipHoriz=False, flipVert=False, image='Designs/baby_dory_GJ.png', interpolate=True, mask=None, maskParams=None, name='image_4', opacity=1.0, ori=0.0, pos=array([0., 0.]), size=array([0.4  , 0.732]), texRes=512, units='height', win=Window(...))
74.0789 	EXP 	Created instructions_imageR1 = ImageStim(__class__=<class 'psychopy.visual.image.ImageStim'>, autoLog=True, color=array([1., 1., 1.]), colorSpace='rgb', contrast=1.0, depth=-1.0, flipHoriz=False, flipVert=False, image='sin', interpolate=True, mask=None, maskParams=None, name='instructions_imageR1', opacity=1.0, ori=0.0, pos=array([0., 0.]), size=array([1.3275, 0.75  ]), texRes=512, units='height', win=Window(...))
74.4808 	EXP 	Created text_2 = TextStim(__class__=<class 'psychopy.visual.text.TextStim'>, alignHoriz=method-wrapper(...), alignText='center', alignVert=method-wrapper(...), anchorHoriz='center', anchorVert='center', antialias=True, autoLog=True, bold=False, color='white', colorSpace='named', contrast=1.0, depth=-1.0, flipHoriz=False, flipVert=False, font='Arial', fontFiles=[], height=0.05, italic=False, languageStyle='LTR', name='text_2', opacity=1.0, ori=0, pos=array([0., 0.]), rgb=array([255., 255., 255.]), text='+', units='height', win=Window(...), wrapWidth=1)
74.8781 	EXP 	Created text_6 = TextStim(__class__=<class 'psychopy.visual.text.TextStim'>, alignHoriz=method-wrapper(...), alignText='center', alignVert=method-wrapper(...), anchorHoriz='center', anchorVert='center', antialias=True, autoLog=True, bold=False, color='white', colorSpace='named', contrast=1.0, depth=0.0, flipHoriz=False, flipVert=False, font='Arial', fontFiles=[], height=0.05, italic=False, languageStyle='LTR', name='text_6', opacity=1.0, ori=0, pos=array([0., 0.]), rgb=array([255., 255., 255.]), text='+', units='height', win=Window(...), wrapWidth=1)
74.8793 	EXP 	Created trial_image = ImageStim(__class__=<class 'psychopy.visual.image.ImageStim'>, autoLog=True, color=array([1., 1., 1.]), colorSpace='rgb', contrast=1.0, depth=-1.0, flipHoriz=False, flipVert=False, image='sin', interpolate=True, mask=None, maskParams=None, name='trial_image', opacity=1.0, ori=0.0, pos=array([0., 0.]), size=array([1., 1.]), texRes=512, units='height', win=Window(...))
75.7231 	EXP 	Created image_4 = ImageStim(__class__=<class 'psychopy.visual.image.ImageStim'>, autoLog=True, color=array([1., 1., 1.]), colorSpace='rgb', contrast=1.0, depth=-1.0, flipHoriz=False, flipVert=False, image='Designs/baby_dory_GJ.png', interpolate=True, mask=None, maskParams=None, name='image_4', opacity=1.0, ori=0.0, pos=array([0., 0.]), size=array([0.4  , 0.732]), texRes=512, units='height', win=Window(...))
75.7247 	EXP 	Created instructions_imageR2 = ImageStim(__class__=<class 'psychopy.visual.image.ImageStim'>, autoLog=True, color=array([1., 1., 1.]), colorSpace='rgb', contrast=1.0, depth=-1.0, flipHoriz=False, flipVert=False, image='sin', interpolate=True, mask=None, maskParams=None, name='instructions_imageR2', opacity=1.0, ori=0.0, pos=array([0., 0.]), size=array([1.3275, 0.75  ]), texRes=512, units='height', win=Window(...))
76.1189 	EXP 	Created text_4 = TextStim(__class__=<class 'psychopy.visual.text.TextStim'>, alignHoriz=method-wrapper(...), alignText='center', alignVert=method-wrapper(...), anchorHoriz='center', anchorVert='center', antialias=True, autoLog=True, bold=False, color='white', colorSpace='named', contrast=1.0, depth=-1.0, flipHoriz=False, flipVert=False, font='Arial', fontFiles=[], height=0.05, italic=False, languageStyle='LTR', name='text_4', opacity=1.0, ori=0, pos=array([0., 0.]), rgb=array([255., 255., 255.]), text='+', units='height', win=Window(...), wrapWidth=1)
76.5130 	EXP 	Created text_6 = TextStim(__class__=<class 'psychopy.visual.text.TextStim'>, alignHoriz=method-wrapper(...), alignText='center', alignVert=method-wrapper(...), anchorHoriz='center', anchorVert='center', antialias=True, autoLog=True, bold=False, color='white', colorSpace='named', contrast=1.0, depth=0.0, flipHoriz=False, flipVert=False, font='Arial', fontFiles=[], height=0.05, italic=False, languageStyle='LTR', name='text_6', opacity=1.0, ori=0, pos=array([0., 0.]), rgb=array([255., 255., 255.]), text='+', units='height', win=Window(...), wrapWidth=1)
76.5142 	EXP 	Created trial_image = ImageStim(__class__=<class 'psychopy.visual.image.ImageStim'>, autoLog=True, color=array([1., 1., 1.]), colorSpace='rgb', contrast=1.0, depth=-1.0, flipHoriz=False, flipVert=False, image='sin', interpolate=True, mask=None, maskParams=None, name='trial_image', opacity=1.0, ori=0.0, pos=array([0., 0.]), size=array([1., 1.]), texRes=512, units='height', win=Window(...))
77.3295 	EXP 	Created image_5 = ImageStim(__class__=<class 'psychopy.visual.image.ImageStim'>, autoLog=True, color=array([1., 1., 1.]), colorSpace='rgb', contrast=1.0, depth=0.0, flipHoriz=False, flipVert=False, image='Designs/baby_squirt_GJ.png', interpolate=True, mask=None, maskParams=None, name='image_5', opacity=1.0, ori=0.0, pos=array([0., 0.]), size=array([0.8, 0.5]), texRes=512, units='height', win=Window(...))
77.3759 	WARNING 	t of last frame was 14791.83ms (=1/0)
77.3759 	EXP 	text_top: autoDraw = True
77.3759 	EXP 	text_bottom: autoDraw = True
77.3759 	EXP 	ccimage: autoDraw = True
77.3986 	WARNING 	t of last frame was 22.65ms (=1/44)
77.4193 	WARNING 	t of last frame was 20.72ms (=1/48)
78.4023 	WARNING 	t of last frame was 32.85ms (=1/30)
100.3374 	DATA 	Keypress: space
100.3964 	WARNING 	Multiple dropped frames have occurred - I'll stop bothering you about them!
100.3964 	EXP 	ccimage: size = [0.42800000000000005, 0.2699]
100.3964 	EXP 	text_top: autoDraw = False
100.3964 	EXP 	text_bottom: autoDraw = False
100.3964 	EXP 	ccimage: autoDraw = False
100.3964 	EXP 	prac_instr1: image = 'Designs/prac_instr1.png'
100.3964 	EXP 	prac_instr1: autoDraw = True
100.4011 	DATA 	Keypress: space
100.8542 	DATA 	Keypress: space
100.8676 	EXP 	prac_instr1: autoDraw = False
100.8676 	EXP 	prac_instr2: autoDraw = True
101.0372 	DATA 	Keypress: space
101.1872 	DATA 	Keypress: space
101.2012 	EXP 	prac_instr2: autoDraw = False
101.2012 	EXP 	prac_instr3: autoDraw = True
101.3358 	DATA 	Keypress: space
101.5086 	DATA 	Keypress: space
101.5179 	EXP 	prac_instr3: autoDraw = False
101.5179 	EXP 	image_2: image = 'Designs/design1_run1_ex.png'
101.5179 	EXP 	image_2: autoDraw = True
101.6275 	DATA 	Keypress: space
101.6340 	EXP 	image_2: autoDraw = False
101.6340 	EXP 	image: pos = array([0.17380935, 0.        ])
101.6340 	EXP 	image: size = array([0.17296, 0.17296])
101.6340 	EXP 	image: image = 'Stimuli/HofS2.jpg'
101.6340 	EXP 	text_8: autoDraw = True
101.6340 	EXP 	image: autoDraw = True
103.1924 	DATA 	Keypress: j
103.2094 	EXP 	text_8: autoDraw = False
103.2094 	EXP 	image: autoDraw = False
103.2094 	EXP 	image_3: image = 'Designs/hand_hold_local_corr.png'
103.2094 	EXP 	image_3: autoDraw = True
103.4198 	DATA 	Keypress: space
103.8371 	DATA 	Keypress: space
104.2262 	DATA 	Keypress: space
104.2432 	EXP 	image_3: autoDraw = False
104.2432 	EXP 	Pinstructions_imageR1: image = 'Designs/design1_run1.png'
104.2432 	EXP 	Pinstructions_imageR1: autoDraw = True
104.5718 	DATA 	Keypress: space
104.8029 	DATA 	Keypress: space
105.1027 	DATA 	Keypress: space
105.8024 	EXP 	Created sequence: sequential, trialTypes=1, nReps=4, seed=None
105.8030 	EXP 	New trial (rep=0, index=0): None
105.8170 	DEBUG 	Read csv file with pandas: Designs/design1_run1.csv
105.8270 	DEBUG 	Clearing unnamed columns from Designs/design1_run1.csv
105.8285 	EXP 	Imported Designs/design1_run1.csv as conditions, 6 conditions, 6 params
105.8299 	EXP 	Created sequence: random, trialTypes=6, nReps=1, seed=None
105.8302 	EXP 	New trial (rep=0, index=0): OrderedDict([('runID', 1), ('imgID', 5), ('stimLabel', 'smallScongr'), ('imFile', 'Stimuli/SofS2.jpg'), ('corr', 'j'), ('side', 'left')])
105.8322 	DATA 	Keypress: space
105.8598 	EXP 	Pinstructions_imageR1: autoDraw = False
105.8598 	EXP 	text: color = 'white (named)'
105.8598 	EXP 	text: autoDraw = True
107.4350 	EXP 	text: autoDraw = False
107.4350 	EXP 	text: autoDraw = False
107.4350 	EXP 	text_5: color = 'white (named)'
107.4350 	EXP 	prac_image: pos = array([-0.17380935,  0.        ])
107.4350 	EXP 	prac_image: size = array([0.17296, 0.17296])
107.4350 	EXP 	prac_image: image = 'Stimuli/SofS2.jpg'
107.4350 	EXP 	text_5: autoDraw = True
107.4350 	EXP 	prac_image: autoDraw = True
111.4515 	EXP 	text_5: autoDraw = False
111.4515 	EXP 	prac_image: autoDraw = False
111.4515 	EXP 	imFeedback: image = 'Stimuli/redWrong.png'
111.4515 	EXP 	feedback_msg: text = "Oops, time ran out. That's ok, try again!"
111.4515 	EXP 	imFeedback: autoDraw = True
111.4515 	EXP 	feedback_msg: autoDraw = True
113.4194 	EXP 	New trial (rep=0, index=1): OrderedDict([('runID', 1), ('imgID', 6), ('stimLabel', 'smallScongr'), ('imFile', 'Stimuli/SofS2.jpg'), ('corr', 'j'), ('side', 'right')])
113.4346 	EXP 	imFeedback: autoDraw = False
113.4346 	EXP 	feedback_msg: autoDraw = False
113.4346 	EXP 	text: color = 'white (named)'
113.4346 	EXP 	text: autoDraw = True
114.8016 	EXP 	text: autoDraw = False
114.8016 	EXP 	text: autoDraw = False
114.8016 	EXP 	text_5: color = 'white (named)'
114.8016 	EXP 	prac_image: pos = array([0.17380935, 0.        ])
114.8016 	EXP 	prac_image: size = array([0.17296, 0.17296])
114.8016 	EXP 	prac_image: image = 'Stimuli/SofS2.jpg'
114.8016 	EXP 	text_5: autoDraw = True
114.8016 	EXP 	prac_image: autoDraw = True
117.7032 	DATA 	Keypress: j
118.8006 	EXP 	text_5: autoDraw = False
118.8006 	EXP 	prac_image: autoDraw = False
118.8006 	EXP 	imFeedback: image = 'Stimuli/greenCheck.png'
118.8006 	EXP 	feedback_msg: text = 'Well done!'
118.8006 	EXP 	imFeedback: autoDraw = True
118.8006 	EXP 	feedback_msg: autoDraw = True
120.7851 	EXP 	New trial (rep=0, index=2): OrderedDict([('runID', 1), ('imgID', 4), ('stimLabel', 'smallHincon'), ('imFile', 'Stimuli/SofH2.jpg'), ('corr', 'f'), ('side', 'right')])
120.8033 	EXP 	imFeedback: autoDraw = False
120.8033 	EXP 	feedback_msg: autoDraw = False
120.8033 	EXP 	imFeedback: autoDraw = False
120.8033 	EXP 	feedback_msg: autoDraw = False
120.8033 	EXP 	text: color = 'black (named)'
120.8033 	EXP 	text: autoDraw = True
121.8053 	DATA 	Keypress: space
122.3182 	EXP 	text: autoDraw = False
122.3182 	EXP 	text: autoDraw = False
122.3182 	EXP 	text_5: color = 'black (named)'
122.3182 	EXP 	prac_image: pos = array([0.17380935, 0.        ])
122.3182 	EXP 	prac_image: size = array([0.17296, 0.17296])
122.3182 	EXP 	prac_image: image = 'Stimuli/SofH2.jpg'
122.3182 	EXP 	text_5: autoDraw = True
122.3182 	EXP 	prac_image: autoDraw = True
126.3181 	EXP 	text_5: autoDraw = False
126.3181 	EXP 	prac_image: autoDraw = False
126.3181 	EXP 	text_5: autoDraw = False
126.3181 	EXP 	prac_image: autoDraw = False
126.3181 	EXP 	imFeedback: image = 'Stimuli/redWrong.png'
126.3181 	EXP 	feedback_msg: text = "Oops, time ran out. That's ok, try again!"
126.3181 	EXP 	imFeedback: autoDraw = True
126.3181 	EXP 	feedback_msg: autoDraw = True
128.3048 	EXP 	New trial (rep=0, index=3): OrderedDict([('runID', 1), ('imgID', 2), ('stimLabel', 'smallHcongr'), ('imFile', 'Stimuli/HofH2.jpg'), ('corr', 'f'), ('side', 'right')])
128.3180 	EXP 	imFeedback: autoDraw = False
128.3180 	EXP 	feedback_msg: autoDraw = False
128.3180 	EXP 	text: color = 'black (named)'
128.3180 	EXP 	text: autoDraw = True
129.6851 	EXP 	text: autoDraw = False
129.6851 	EXP 	text: autoDraw = False
129.6851 	EXP 	text_5: color = 'black (named)'
129.6851 	EXP 	prac_image: pos = array([0.17380935, 0.        ])
129.6851 	EXP 	prac_image: size = array([0.17296, 0.17296])
129.6851 	EXP 	prac_image: image = 'Stimuli/HofH2.jpg'
129.6851 	EXP 	text_5: autoDraw = True
129.6851 	EXP 	prac_image: autoDraw = True
133.6849 	EXP 	text_5: autoDraw = False
133.6849 	EXP 	prac_image: autoDraw = False
133.6849 	EXP 	text_5: autoDraw = False
133.6849 	EXP 	prac_image: autoDraw = False
133.6849 	EXP 	imFeedback: image = 'Stimuli/redWrong.png'
133.6849 	EXP 	feedback_msg: text = "Oops, time ran out. That's ok, try again!"
133.6849 	EXP 	imFeedback: autoDraw = True
133.6849 	EXP 	feedback_msg: autoDraw = True
135.6686 	EXP 	New trial (rep=0, index=4): OrderedDict([('runID', 1), ('imgID', 7), ('stimLabel', 'smallSincon'), ('imFile', 'Stimuli/HofS2.jpg'), ('corr', 'j'), ('side', 'left')])
135.6864 	EXP 	imFeedback: autoDraw = False
135.6864 	EXP 	feedback_msg: autoDraw = False
135.6864 	EXP 	imFeedback: autoDraw = False
135.6864 	EXP 	feedback_msg: autoDraw = False
135.6864 	EXP 	text: color = 'white (named)'
135.6864 	EXP 	text: autoDraw = True
137.3684 	EXP 	text: autoDraw = False
137.3684 	EXP 	text: autoDraw = False
137.3684 	EXP 	text_5: color = 'white (named)'
137.3684 	EXP 	prac_image: pos = array([-0.17380935,  0.        ])
137.3684 	EXP 	prac_image: size = array([0.17296, 0.17296])
137.3684 	EXP 	prac_image: image = 'Stimuli/HofS2.jpg'
137.3684 	EXP 	text_5: autoDraw = True
137.3684 	EXP 	prac_image: autoDraw = True
138.3558 	DATA 	Keypress: j
138.9385 	DATA 	Keypress: space
141.3680 	EXP 	text_5: autoDraw = False
141.3680 	EXP 	prac_image: autoDraw = False
141.3680 	EXP 	imFeedback: image = 'Stimuli/greenCheck.png'
141.3680 	EXP 	feedback_msg: text = 'Well done!'
141.3680 	EXP 	imFeedback: autoDraw = True
141.3680 	EXP 	feedback_msg: autoDraw = True
143.3541 	EXP 	New trial (rep=0, index=5): OrderedDict([('runID', 1), ('imgID', 3), ('stimLabel', 'smallHincon'), ('imFile', 'Stimuli/SofH2.jpg'), ('corr', 'f'), ('side', 'left')])
143.3685 	EXP 	imFeedback: autoDraw = False
143.3685 	EXP 	feedback_msg: autoDraw = False
143.3685 	EXP 	text: color = 'white (named)'
143.3685 	EXP 	text: autoDraw = True
144.7519 	EXP 	text: autoDraw = False
144.7519 	EXP 	text: autoDraw = False
144.7519 	EXP 	text_5: color = 'white (named)'
144.7519 	EXP 	prac_image: pos = array([-0.17380935,  0.        ])
144.7519 	EXP 	prac_image: size = array([0.17296, 0.17296])
144.7519 	EXP 	prac_image: image = 'Stimuli/SofH2.jpg'
144.7519 	EXP 	text_5: autoDraw = True
144.7519 	EXP 	prac_image: autoDraw = True
148.7517 	EXP 	text_5: autoDraw = False
148.7517 	EXP 	prac_image: autoDraw = False
148.7517 	EXP 	text_5: autoDraw = False
148.7517 	EXP 	prac_image: autoDraw = False
148.7517 	EXP 	imFeedback: image = 'Stimuli/redWrong.png'
148.7517 	EXP 	feedback_msg: text = "Oops, time ran out. That's ok, try again!"
148.7517 	EXP 	imFeedback: autoDraw = True
148.7517 	EXP 	feedback_msg: autoDraw = True
150.7687 	EXP 	imFeedback: autoDraw = False
150.7687 	EXP 	feedback_msg: autoDraw = False
150.7687 	EXP 	text_7: text = "You missed 4 of the trials because the time was up. That's ok, in the real game the pictures will stay on, but try to go as fast as you can. \n\n Press Space to practice more."
150.7687 	EXP 	text_7: autoDraw = True
160.3556 	DATA 	Keypress: escape
160.7983 	EXP 	window1: mouseVisible = True
160.7983 	DEBUG 	Saving data for global_local ExperimentHandler
160.7998 	INFO 	saved data to /Users/sophia/Documents/PycharmProjects/Global_Local_Study/data/_global_local_2020_Dec_22_1615.psydat
160.8006 	INFO 	saved data to '/Users/sophia/Documents/PycharmProjects/Global_Local_Study/data/_global_local_2020_Dec_22_1615.csv'
