0.2264 	WARNING 	We strongly recommend you activate the PTB sound engine in PsychoPy prefs as the preferred audio engine. Its timing is vastly superior. Your prefs are currently set to use ['sounddevice', 'PTB', 'pyo', 'pygame'] (in that order).
31.1821 	INFO 	Loaded monitor calibration from ['2020_09_20 15:42']
33.3817 	WARNING 	Couldn't measure a consistent frame rate.
  - Is your graphics card set to sync to vertical blank?
  - Are you running other processes on your computer?

33.3822 	EXP 	Created window1 = Window(allowGUI=False, allowStencil=False, args=UNKNOWN, autoLog=True, bitsMode=UNKNOWN, blendMode='avg', bpc=(8, 8, 8), color=array([0., 0., 0.]), colorSpace='rgb', depthBits=8, fullscr=<method-wrapper '__getattribute__' of attributeSetter object at 0x1557309e8>, gamma=None, gammaErrorPolicy='raise', kwargs=UNKNOWN, lms=UNKNOWN, monitor=<psychopy.monitors.calibTools.Monitor object at 0x1578bf4a8>, multiSample=False, name='window1', numSamples=2, pos=[448.0, 280.0], screen=0, size=array([3584, 2240]), stencilBits=0, stereo=False, units='height', useFBO=True, useRetina=True, viewOri=0.0, viewPos=None, viewScale=None, waitBlanking=True, winType='pyglet')
33.3825 	EXP 	window1: mouseVisible = True
33.3825 	EXP 	window1: recordFrameIntervals = False
33.5500 	EXP 	window1: recordFrameIntervals = True
35.2173 	WARNING 	Couldn't measure a consistent frame rate.
  - Is your graphics card set to sync to vertical blank?
  - Are you running other processes on your computer?

35.6720 	EXP 	Created text_top = TextStim(__class__=<class 'psychopy.visual.text.TextStim'>, alignHoriz=method-wrapper(...), alignText='center', alignVert=method-wrapper(...), anchorHoriz='center', anchorVert='center', antialias=True, autoLog=True, bold=False, color='white', colorSpace='named', contrast=1.0, depth=-2.0, flipHoriz=False, flipVert=False, font='Arial', fontFiles=[], height=0.05, italic=False, languageStyle='LTR', name='text_top', opacity=1.0, ori=0, pos=array([0. , 0.3]), rgb=array([255., 255., 255.]), text=str(...), units='height', win=Window(...), wrapWidth=1)
35.6777 	EXP 	Created text_bottom = TextStim(__class__=<class 'psychopy.visual.text.TextStim'>, alignHoriz=method-wrapper(...), alignText='center', alignVert=method-wrapper(...), anchorHoriz='center', anchorVert='center', antialias=True, autoLog=True, bold=False, color='white', colorSpace='named', contrast=1.0, depth=-3.0, flipHoriz=False, flipVert=False, font='Arial', fontFiles=[], height=0.05, italic=False, languageStyle='LTR', name='text_bottom', opacity=1.0, ori=0, pos=array([ 0. , -0.3]), rgb=array([255., 255., 255.]), text='Press Space when you’re finished', units='height', win=Window(...), wrapWidth=1)
35.6878 	EXP 	Created ccimage = ImageStim(__class__=<class 'psychopy.visual.image.ImageStim'>, autoLog=True, color=array([1., 1., 1.]), colorSpace='rgb', contrast=1.0, depth=-4.0, flipHoriz=False, flipVert=False, image='bankcard.png', interpolate=True, mask=None, maskParams=None, name='ccimage', opacity=1.0, ori=0.0, pos=array([0., 0.]), size=array([0.428 , 0.2699]), texRes=512, units='height', win=Window(...))
35.7091 	EXP 	Created start_exp_text = TextStim(__class__=<class 'psychopy.visual.text.TextStim'>, alignHoriz=method-wrapper(...), alignText='center', alignVert=method-wrapper(...), anchorHoriz='center', anchorVert='center', antialias=True, autoLog=True, bold=False, color='white', colorSpace='named', contrast=1.0, depth=-1.0, flipHoriz=False, flipVert=False, font='Arial', fontFiles=[], height=0.1, italic=False, languageStyle='LTR', name='start_exp_text', opacity=1.0, ori=0, pos=array([0., 0.]), rgb=array([255., 255., 255.]), text=str(...), units='height', win=Window(...), wrapWidth=1)
36.1116 	EXP 	Created instructions_imageR1 = ImageStim(__class__=<class 'psychopy.visual.image.ImageStim'>, autoLog=True, color=array([1., 1., 1.]), colorSpace='rgb', contrast=1.0, depth=-1.0, flipHoriz=False, flipVert=False, image='sin', interpolate=True, mask=None, maskParams=None, name='instructions_imageR1', opacity=1.0, ori=0.0, pos=array([0., 0.]), size=array([1.125, 0.75 ]), texRes=512, units='height', win=Window(...))
36.5425 	WARNING 	t of last frame was 1325.36ms (=1/0)
36.5425 	EXP 	text_top: autoDraw = True
36.5425 	EXP 	text_bottom: autoDraw = True
36.5425 	EXP 	ccimage: autoDraw = True
36.5670 	WARNING 	t of last frame was 24.54ms (=1/40)
38.1008 	DATA 	Keypress: up
38.1154 	EXP 	ccimage: size = [0.42800000000000005, 0.27043979999999995]
38.2846 	DATA 	Keypress: up
38.2985 	EXP 	ccimage: size = [0.42800000000000005, 0.27313879999999996]
38.3992 	DATA 	Keypress: up
38.4153 	EXP 	ccimage: size = [0.42800000000000005, 0.27583779999999997]
38.5499 	DATA 	Keypress: up
38.5652 	EXP 	ccimage: size = [0.42800000000000005, 0.2785368]
38.7167 	DATA 	Keypress: up
38.7318 	EXP 	ccimage: size = [0.42800000000000005, 0.2812358]
38.8665 	DATA 	Keypress: up
38.8819 	EXP 	ccimage: size = [0.42800000000000005, 0.2839348]
39.0006 	DATA 	Keypress: up
39.0319 	EXP 	ccimage: size = [0.42800000000000005, 0.2866338]
39.1488 	DATA 	Keypress: up
39.1653 	EXP 	ccimage: size = [0.42800000000000005, 0.2893328]
39.2990 	DATA 	Keypress: up
39.3153 	EXP 	ccimage: size = [0.42800000000000005, 0.2920318]
39.4342 	DATA 	Keypress: up
39.4652 	EXP 	ccimage: size = [0.42800000000000005, 0.2947308]
39.5822 	DATA 	Keypress: up
39.5984 	EXP 	ccimage: size = [0.42800000000000005, 0.2974298]
39.7166 	DATA 	Keypress: up
39.7318 	EXP 	ccimage: size = [0.42800000000000005, 0.3001288]
39.8497 	DATA 	Keypress: up
39.8651 	EXP 	ccimage: size = [0.42800000000000005, 0.3028278]
39.9999 	DATA 	Keypress: up
40.0152 	EXP 	ccimage: size = [0.42800000000000005, 0.3055268]
40.0998 	DATA 	Keypress: up
40.1152 	EXP 	ccimage: size = [0.42800000000000005, 0.3082258]
40.2327 	DATA 	Keypress: up
40.2486 	EXP 	ccimage: size = [0.42800000000000005, 0.3109248]
40.3665 	DATA 	Keypress: up
40.3820 	EXP 	ccimage: size = [0.42800000000000005, 0.31362379999999995]
40.4664 	DATA 	Keypress: up
40.4818 	EXP 	ccimage: size = [0.42800000000000005, 0.31632279999999996]
40.5493 	DATA 	Keypress: up
40.5651 	EXP 	ccimage: size = [0.42800000000000005, 0.31902179999999997]
40.6665 	DATA 	Keypress: up
40.6819 	EXP 	ccimage: size = [0.42800000000000005, 0.3217208]
40.8343 	DATA 	Keypress: up
40.8653 	EXP 	ccimage: size = [0.42800000000000005, 0.3244198]
41.1696 	DATA 	Keypress: space
41.1817 	EXP 	ccimage: size = [0.42800000000000005, 0.3244198]
41.1817 	EXP 	text_top: autoDraw = False
41.1817 	EXP 	text_bottom: autoDraw = False
41.1817 	EXP 	ccimage: autoDraw = False
41.1817 	EXP 	start_exp_text: autoDraw = True
48.1030 	DATA 	Keypress: space
48.1150 	WARNING 	t of last frame was 33.27ms (=1/30)
48.1150 	EXP 	start_exp_text: autoDraw = False
48.1150 	EXP 	instructions_imageR1: image = 'Designs/design1_run1.png'
48.1150 	EXP 	instructions_imageR1: autoDraw = True
50.2515 	DATA 	Keypress: space
50.2653 	EXP 	instructions_imageR1: autoDraw = False
50.2665 	INFO 	saved data to '/Users/sophia/Documents/PycharmProjects/Global_Local_Study/data/SR_global_local_2020_Oct_21_1308.csv'
50.2670 	INFO 	saved data to /Users/sophia/Documents/PycharmProjects/Global_Local_Study/data/SR_global_local_2020_Oct_21_1308.psydat
50.5421 	EXP 	window1: mouseVisible = True
50.5423 	DEBUG 	Saving data for global_local ExperimentHandler
